[19:18:32] This is prokka 1.14.6
[19:18:32] Written by Torsten Seemann <torsten.seemann@gmail.com>
[19:18:32] Homepage is https://github.com/tseemann/prokka
[19:18:32] Local time is Sun Jan  5 19:18:32 2025
[19:18:32] You are miguelbalexandre
[19:18:32] Operating system is linux
[19:18:32] You have BioPerl 1.7.8
[19:18:32] System has 16 cores.
[19:18:32] Will use maximum of 8 cores.
[19:18:32] Annotating as >>> Bacteria <<<
[19:18:32] Generating locus_tag from '/mnt/c/Users/migue/Downloads/Dados_Prokka/GCF_003095635.fasta' contents.
[19:18:32] Setting --locustag EGMFGGDM from MD5 e06f00d637fe5b8cd41c0e5d25e44fa9
[19:18:32] Creating new output folder: /mnt/c/Users/migue/OneDrive/Ambiente de Trabalho/Prokka_GCF_003095635
[19:18:32] Running: mkdir -p \/mnt\/c\/Users\/migue\/OneDrive\/Ambiente\ de\ Trabalho\/Prokka_GCF_003095635
[19:18:32] Using filename prefix: Prokka_GCF_003095635.XXX
[19:18:32] Setting HMMER_NCPU=1
[19:18:32] Writing log to: /mnt/c/Users/migue/OneDrive/Ambiente de Trabalho/Prokka_GCF_003095635/Prokka_GCF_003095635.log
[19:18:32] Command: /home/miguelbalexandre/miniconda3/envs/prokka_env/bin/prokka --outdir /mnt/c/Users/migue/OneDrive/Ambiente de Trabalho/Prokka_GCF_003095635 --prefix Prokka_GCF_003095635 /mnt/c/Users/migue/Downloads/Dados_Prokka/GCF_003095635.fasta
[19:18:32] Appending to PATH: /home/miguelbalexandre/miniconda3/envs/prokka_env/bin
[19:18:32] Looking for 'aragorn' - found /home/miguelbalexandre/miniconda3/envs/prokka_env/bin/aragorn
[19:18:32] Determined aragorn version is 001002 from 'ARAGORN v1.2.41 Dean Laslett'
[19:18:32] Looking for 'barrnap' - found /home/miguelbalexandre/miniconda3/envs/prokka_env/bin/barrnap
[19:18:32] Determined barrnap version is 000009 from 'barrnap 0.9'
[19:18:32] Looking for 'blastp' - found /home/miguelbalexandre/miniconda3/envs/prokka_env/bin/blastp
[19:18:32] Determined blastp version is 002016 from 'blastp: 2.16.0+'
[19:18:32] Looking for 'cmpress' - found /home/miguelbalexandre/miniconda3/envs/prokka_env/bin/cmpress
[19:18:32] Determined cmpress version is 001001 from '# INFERNAL 1.1.5 (Sep 2023)'
[19:18:32] Looking for 'cmscan' - found /home/miguelbalexandre/miniconda3/envs/prokka_env/bin/cmscan
[19:18:32] Determined cmscan version is 001001 from '# INFERNAL 1.1.5 (Sep 2023)'
[19:18:32] Looking for 'egrep' - found /usr/bin/egrep
[19:18:32] Looking for 'find' - found /usr/bin/find
[19:18:32] Looking for 'grep' - found /usr/bin/grep
[19:18:32] Looking for 'hmmpress' - found /home/miguelbalexandre/miniconda3/envs/prokka_env/bin/hmmpress
[19:18:32] Determined hmmpress version is 003004 from '# HMMER 3.4 (Aug 2023); http://hmmer.org/'
[19:18:32] Looking for 'hmmscan' - found /home/miguelbalexandre/miniconda3/envs/prokka_env/bin/hmmscan
[19:18:32] Determined hmmscan version is 003004 from '# HMMER 3.4 (Aug 2023); http://hmmer.org/'
[19:18:32] Looking for 'java' - found /home/miguelbalexandre/miniconda3/envs/prokka_env/bin/java
[19:18:32] Looking for 'makeblastdb' - found /home/miguelbalexandre/miniconda3/envs/prokka_env/bin/makeblastdb
[19:18:32] Determined makeblastdb version is 002016 from 'makeblastdb: 2.16.0+'
[19:18:32] Looking for 'minced' - found /home/miguelbalexandre/miniconda3/envs/prokka_env/bin/minced
[19:18:32] Determined minced version is 004002 from 'minced 0.4.2'
[19:18:32] Looking for 'parallel' - found /home/miguelbalexandre/miniconda3/envs/prokka_env/bin/parallel
[19:18:32] Determined parallel version is 20241122 from 'GNU parallel 20241122'
[19:18:32] Looking for 'prodigal' - found /home/miguelbalexandre/miniconda3/envs/prokka_env/bin/prodigal
[19:18:32] Determined prodigal version is 002006 from 'Prodigal V2.6.3: February, 2016'
[19:18:32] Looking for 'prokka-genbank_to_fasta_db' - found /home/miguelbalexandre/miniconda3/envs/prokka_env/bin/prokka-genbank_to_fasta_db
[19:18:32] Looking for 'sed' - found /usr/bin/sed
[19:18:32] Looking for 'tbl2asn' - found /home/miguelbalexandre/miniconda3/envs/prokka_env/bin/tbl2asn
[19:18:32] Determined tbl2asn version is 025007 from 'tbl2asn 25.7   arguments:'
[19:18:32] Using genetic code table 11.
[19:18:32] Loading and checking input file: /mnt/c/Users/migue/Downloads/Dados_Prokka/GCF_003095635.fasta
[19:18:33] Wrote 1 contigs totalling 4971313 bp.
[19:18:33] Predicting tRNAs and tmRNAs
[19:18:33] Running: aragorn -l -gc11  -w \/mnt\/c\/Users\/migue\/OneDrive\/Ambiente\ de\ Trabalho\/Prokka_GCF_003095635\/Prokka_GCF_003095635\.fna
[19:18:35] 1 tRNA-Leu c[124088,124172] 35 (caa)
[19:18:35] 2 tRNA-Gly c[240150,240225] 34 (gcc)
[19:18:35] 3 tRNA-Gly c[240261,240336] 34 (gcc)
[19:18:35] 4 tRNA-Gly c[240494,240569] 34 (gcc)
[19:18:35] 5 tRNA-Phe [270158,270233] 34 (gaa)
[19:18:35] 6 tRNA-Glu c[459431,459506] 35 (ttc)
[19:18:35] 7 tRNA-Thr c[492658,492733] 34 (ggt)
[19:18:35] 8 tRNA-Gly c[492740,492814] 34 (tcc)
[19:18:35] 9 tRNA-Tyr c[492931,493015] 35 (gta)
[19:18:35] 10 tRNA-Thr c[493024,493099] 34 (tgt)
[19:18:35] 11 tRNA-Glu c[499873,499948] 35 (ttc)
[19:18:35] 12 tRNA-Ala c[634609,634684] 34 (tgc)
[19:18:35] 13 tRNA-Ile c[634727,634803] 35 (gat)
[19:18:35] 14 tRNA-Pro c[713617,713693] 35 (tgg)
[19:18:35] 15 tRNA-Leu c[713736,713822] 35 (cag)
[19:18:35] 16 tRNA-His c[713843,713918] 34 (gtg)
[19:18:35] 17 tRNA-Arg c[713977,714053] 35 (ccg)
[19:18:35] 18 tRNA-Trp c[748577,748652] 34 (cca)
[19:18:35] 19 tRNA-Asp c[748661,748737] 35 (gtc)
[19:18:35] 20 tRNA-Glu c[752098,752173] 35 (ttc)
[19:18:35] 21 tRNA-SeC c[946317,946411] 35 (tca)
[19:18:35] 22 tRNA-Pro [1077384,1077460] 35 (cgg)
[19:18:35] 23 tRNA-Ile [1364970,1365046] 35 (gat)
[19:18:35] 24 tRNA-Ala [1365089,1365164] 34 (tgc)
[19:18:35] 25 tRNA-Thr [1368474,1368549] 34 (ggt)
[19:18:35] 26 tRNA-Leu [1462354,1462440] 35 (gag)
[19:18:35] 27 tRNA-Met [1466221,1466297] 35 (cat)
[19:18:35] 28 tRNA-Met c[1563341,1563416] 34 (cat)
[19:18:35] 29 tRNA-Phe c[1766308,1766383] 34 (gaa)
[19:18:35] 30 tRNA-Gly [1881108,1881181] 33 (ccc)
[19:18:35] 31 tRNA-Met c[1960058,1960134] 35 (cat)
[19:18:35] 32 tRNA-Met c[1960168,1960244] 35 (cat)
[19:18:35] 33 tRNA-Met c[1960278,1960354] 35 (cat)
[19:18:35] 34 tRNA-Ser [2092609,2092701] 35 (gct)
[19:18:35] 35 tRNA-Arg [2092705,2092781] 35 (acg)
[19:18:35] 36 tRNA-Arg c[2092725,2092796] 34 (tcg)
[19:18:35] 37 tRNA-Arg [2092980,2093056] 35 (acg)
[19:18:35] 38 tRNA-Arg [2093119,2093195] 35 (acg)
[19:18:35] 39 tRNA-Arg [2093259,2093335] 35 (acg)
[19:18:35] 40 tmRNA c[2122826,2123188] 90,125 ANDENYALAA**
[19:18:35] 41 tRNA-Glu [2150693,2150768] 35 (ttc)
[19:18:35] 42 tRNA-Lys c[2351204,2351279] 34 (ttt)
[19:18:35] 43 tRNA-Val c[2351284,2351359] 34 (tac)
[19:18:35] 44 tRNA-Val c[2351406,2351481] 34 (tac)
[19:18:35] 45 tRNA-Val c[2351526,2351601] 34 (tac)
[19:18:35] 46 tRNA-Ala [2354300,2354375] 34 (ggc)
[19:18:35] 47 tRNA-Ala [2354415,2354490] 34 (ggc)
[19:18:35] 48 tRNA-Arg c[2397781,2397855] 34 (cct)
[19:18:35] 49 tRNA-Pro c[2565168,2565244] 35 (ggg)
[19:18:35] 50 tRNA-Asn c[2805422,2805497] 34 (gtt)
[19:18:35] 51 tRNA-Asn c[2807831,2807906] 34 (gtt)
[19:18:35] 52 tRNA-Asn [2809655,2809730] 34 (gtt)
[19:18:35] 53 tRNA-Asn c[2849547,2849622] 34 (gtt)
[19:18:35] 54 tRNA-Ser [2850614,2850703] 35 (cga)
[19:18:35] 55 tRNA-Gly [2902131,2902206] 34 (gcc)
[19:18:35] 56 tRNA-Cys [2902261,2902334] 33 (gca)
[19:18:35] 57 tRNA-Leu [2902347,2902433] 35 (taa)
[19:18:35] 58 tRNA-Val c[3135795,3135871] 35 (gac)
[19:18:35] 59 tRNA-Val c[3135876,3135952] 35 (gac)
[19:18:35] 60 tRNA-Tyr [3570360,3570444] 35 (gta)
[19:18:35] 61 tRNA-Tyr [3570479,3570563] 35 (gta)
[19:18:35] 62 tRNA-Ser [3753724,3753811] 35 (gga)
[19:18:35] 63 tRNA-Ser [3808910,3808997] 35 (tga)
[19:18:35] 64 tRNA-Ser [3907656,3907743] 35 (gga)
[19:18:35] 65 tRNA-Lys c[4110025,4110100] 34 (ttt)
[19:18:35] 66 tRNA-Lys c[4110134,4110209] 34 (ttt)
[19:18:35] 67 tRNA-Lys c[4110258,4110333] 34 (ttt)
[19:18:35] 68 tRNA-Val c[4110337,4110412] 34 (tac)
[19:18:35] 69 tRNA-Lys c[4110464,4110539] 34 (ttt)
[19:18:35] 70 tRNA-Val c[4110542,4110617] 34 (tac)
[19:18:35] 71 tRNA-Lys c[4110753,4110828] 34 (ttt)
[19:18:35] 72 tRNA-Met [4197132,4197208] 35 (cat)
[19:18:35] 73 tRNA-Leu [4197218,4197302] 35 (tag)
[19:18:35] 74 tRNA-Gln [4197326,4197400] 33 (ttg)
[19:18:35] 75 tRNA-Gln [4197435,4197509] 33 (ttg)
[19:18:35] 76 tRNA-Met [4197525,4197601] 35 (cat)
[19:18:35] 77 tRNA-Gln [4197650,4197724] 33 (ctg)
[19:18:35] 78 tRNA-Gln [4197762,4197836] 33 (ctg)
[19:18:35] 79 tRNA-Arg c[4301525,4301601] 35 (tct)
[19:18:35] 80 tRNA-Ser c[4509127,4509207] 38 (gga)
[19:18:35] 81 tRNA-Thr c[4580888,4580963] 34 (cgt)
[19:18:35] 82 tRNA-Gly c[4678068,4678142] 36 (gcc)
[19:18:35] 83 tRNA-Asp c[4698862,4698938] 35 (gtc)
[19:18:35] 84 tRNA-Asp c[4707087,4707163] 35 (gtc)
[19:18:35] 85 tRNA-Ala c[4710515,4710590] 34 (tgc)
[19:18:35] 86 tRNA-Ile c[4710633,4710709] 35 (gat)
[19:18:35] 87 tRNA-Leu [4965888,4965974] 35 (cag)
[19:18:35] 88 tRNA-Leu [4966003,4966089] 35 (cag)
[19:18:35] 89 tRNA-Leu [4966123,4966208] 36 (cag)
[19:18:35] Found 89 tRNAs
[19:18:35] Predicting Ribosomal RNAs
[19:18:35] Running Barrnap with 8 threads
[19:18:36] 1 NZ_CP029164.1 456128 5S ribosomal RNA
[19:18:36] 2 NZ_CP029164.1 456342 23S ribosomal RNA
[19:18:36] 3 NZ_CP029164.1 459593 16S ribosomal RNA
[19:18:36] 4 NZ_CP029164.1 496570 5S ribosomal RNA
[19:18:36] 5 NZ_CP029164.1 496784 23S ribosomal RNA
[19:18:36] 6 NZ_CP029164.1 500035 16S ribosomal RNA
[19:18:36] 7 NZ_CP029164.1 631316 5S ribosomal RNA
[19:18:36] 8 NZ_CP029164.1 631530 23S ribosomal RNA
[19:18:36] 9 NZ_CP029164.1 634873 16S ribosomal RNA
[19:18:36] 10 NZ_CP029164.1 748795 5S ribosomal RNA
[19:18:36] 11 NZ_CP029164.1 749009 23S ribosomal RNA
[19:18:36] 12 NZ_CP029164.1 752260 16S ribosomal RNA
[19:18:36] 13 NZ_CP029164.1 1363363 16S ribosomal RNA
[19:18:36] 14 NZ_CP029164.1 1365341 23S ribosomal RNA
[19:18:36] 15 NZ_CP029164.1 1368346 5S ribosomal RNA
[19:18:36] 16 NZ_CP029164.1 1368591 5S ribosomal RNA
[19:18:36] 17 NZ_CP029164.1 2149069 16S ribosomal RNA
[19:18:36] 18 NZ_CP029164.1 2150955 23S ribosomal RNA
[19:18:36] 19 NZ_CP029164.1 2153960 5S ribosomal RNA
[19:18:36] 20 NZ_CP029164.1 4707220 5S ribosomal RNA
[19:18:36] 21 NZ_CP029164.1 4707429 23S ribosomal RNA
[19:18:36] 22 NZ_CP029164.1 4710779 16S ribosomal RNA
[19:18:36] Found 22 rRNAs
[19:18:36] Skipping ncRNA search, enable with --rfam if desired.
[19:18:36] Total of 110 tRNA + rRNA features
[19:18:36] Searching for CRISPR repeats
[19:18:36] CRISPR1 NZ_CP029164.1 2002885 with 9 spacers
[19:18:36] CRISPR2 NZ_CP029164.1 2029103 with 18 spacers
[19:18:36] Found 2 CRISPRs
[19:18:36] Predicting coding sequences
[19:18:36] Contigs total 4971313 bp, so using single mode
[19:18:36] Running: prodigal -i \/mnt\/c\/Users\/migue\/OneDrive\/Ambiente\ de\ Trabalho\/Prokka_GCF_003095635\/Prokka_GCF_003095635\.fna -c -m -g 11 -p single -f sco -q
[19:18:42] Excluding CDS which overlaps existing RNA (rRNA) at NZ_CP029164.1:459692..459946 on - strand
[19:18:42] Excluding CDS which overlaps existing RNA (rRNA) at NZ_CP029164.1:500134..500388 on - strand
[19:18:42] Excluding CDS which overlaps existing RNA (rRNA) at NZ_CP029164.1:634972..635226 on - strand
[19:18:43] Excluding CDS which overlaps existing RNA (rRNA) at NZ_CP029164.1:752359..752613 on - strand
[19:18:43] Excluding CDS which overlaps existing RNA (rRNA) at NZ_CP029164.1:1364547..1364801 on + strand
[19:18:43] Excluding CDS which overlaps existing RNA (tRNA) at NZ_CP029164.1:1368354..1368626 on - strand
[19:18:44] Excluding CDS which overlaps existing RNA (rRNA) at NZ_CP029164.1:2150253..2150507 on + strand
[19:18:44] Excluding CDS which overlaps existing RNA (tRNA) at NZ_CP029164.1:3135875..3136057 on + strand
[19:18:45] Excluding CDS which overlaps existing RNA (tRNA) at NZ_CP029164.1:3907670..3908212 on + strand
[19:18:46] Excluding CDS which overlaps existing RNA (tRNA) at NZ_CP029164.1:4677829..4678638 on + strand
[19:18:46] Excluding CDS which overlaps existing RNA (rRNA) at NZ_CP029164.1:4710878..4711132 on - strand
[19:18:46] Found 4603 CDS
[19:18:46] Connecting features back to sequences
[19:18:46] Not using genus-specific database. Try --usegenus to enable it.
[19:18:46] Annotating CDS, please be patient.
[19:18:46] Will use 8 CPUs for similarity searching.
[19:18:49] There are still 4603 unannotated CDS left (started with 4603)
[19:18:49] Will use blast to search against /home/miguelbalexandre/miniconda3/envs/prokka_env/db/kingdom/Bacteria/IS with 8 CPUs
[19:18:49] Running: cat \/mnt\/c\/Users\/migue\/OneDrive\/Ambiente\ de\ Trabalho\/Prokka_GCF_003095635\/Prokka_GCF_003095635\.IS\.tmp\.4510\.faa | parallel --gnu --plain -j 8 --block 92189 --recstart '>' --pipe blastp -query - -db /home/miguelbalexandre/miniconda3/envs/prokka_env/db/kingdom/Bacteria/IS -evalue 1e-30 -qcov_hsp_perc 90 -num_threads 1 -num_descriptions 1 -num_alignments 1 -seg no > \/mnt\/c\/Users\/migue\/OneDrive\/Ambiente\ de\ Trabalho\/Prokka_GCF_003095635\/Prokka_GCF_003095635\.IS\.tmp\.4510\.blast 2> /dev/null
[19:19:03] Deleting unwanted file: /mnt/c/Users/migue/OneDrive/Ambiente de Trabalho/Prokka_GCF_003095635/Prokka_GCF_003095635.IS.tmp.4510.faa
[19:19:03] Deleting unwanted file: /mnt/c/Users/migue/OneDrive/Ambiente de Trabalho/Prokka_GCF_003095635/Prokka_GCF_003095635.IS.tmp.4510.blast
[19:19:06] There are still 4519 unannotated CDS left (started with 4603)
[19:19:06] Will use blast to search against /home/miguelbalexandre/miniconda3/envs/prokka_env/db/kingdom/Bacteria/AMR with 8 CPUs
[19:19:06] Running: cat \/mnt\/c\/Users\/migue\/OneDrive\/Ambiente\ de\ Trabalho\/Prokka_GCF_003095635\/Prokka_GCF_003095635\.AMR\.tmp\.4510\.faa | parallel --gnu --plain -j 8 --block 91011 --recstart '>' --pipe blastp -query - -db /home/miguelbalexandre/miniconda3/envs/prokka_env/db/kingdom/Bacteria/AMR -evalue 1e-300 -qcov_hsp_perc 90 -num_threads 1 -num_descriptions 1 -num_alignments 1 -seg no > \/mnt\/c\/Users\/migue\/OneDrive\/Ambiente\ de\ Trabalho\/Prokka_GCF_003095635\/Prokka_GCF_003095635\.AMR\.tmp\.4510\.blast 2> /dev/null
[19:19:14] Deleting unwanted file: /mnt/c/Users/migue/OneDrive/Ambiente de Trabalho/Prokka_GCF_003095635/Prokka_GCF_003095635.AMR.tmp.4510.faa
[19:19:14] Deleting unwanted file: /mnt/c/Users/migue/OneDrive/Ambiente de Trabalho/Prokka_GCF_003095635/Prokka_GCF_003095635.AMR.tmp.4510.blast
[19:19:17] There are still 4519 unannotated CDS left (started with 4603)
[19:19:17] Will use blast to search against /home/miguelbalexandre/miniconda3/envs/prokka_env/db/kingdom/Bacteria/sprot with 8 CPUs
[19:19:17] Running: cat \/mnt\/c\/Users\/migue\/OneDrive\/Ambiente\ de\ Trabalho\/Prokka_GCF_003095635\/Prokka_GCF_003095635\.sprot\.tmp\.4510\.faa | parallel --gnu --plain -j 8 --block 91011 --recstart '>' --pipe blastp -query - -db /home/miguelbalexandre/miniconda3/envs/prokka_env/db/kingdom/Bacteria/sprot -evalue 1e-09 -qcov_hsp_perc 80 -num_threads 1 -num_descriptions 1 -num_alignments 1 -seg no > \/mnt\/c\/Users\/migue\/OneDrive\/Ambiente\ de\ Trabalho\/Prokka_GCF_003095635\/Prokka_GCF_003095635\.sprot\.tmp\.4510\.blast 2> /dev/null
[19:20:08] Modify product: Probable siderophore transport system ATP-binding protein YusV => putative siderophore transport system ATP-binding protein YusV
[19:20:08] Modify product: Probable siderophore transport system permease protein YfiZ => putative siderophore transport system permease protein YfiZ
[19:20:08] Modify product: Probable quinol monooxygenase YgiN => putative quinol monooxygenase YgiN
[19:20:08] Modify product: Probable deoxycholate-binding periplasmic protein YgiS => putative deoxycholate-binding periplasmic protein YgiS
[19:20:08] Modify product: Uncharacterized oxidoreductase YghA => putative oxidoreductase YghA
[19:20:08] Modify product: Probable Ni/Fe-hydrogenase 2 b-type cytochrome subunit => putative Ni/Fe-hydrogenase 2 b-type cytochrome subunit
[19:20:08] Modify product: Uncharacterized protein YtfJ => putative protein YtfJ
[19:20:08] Modify product: Uncharacterized FAD-linked oxidoreductase Rv2280 => putative FAD-linked oxidoreductase
[19:20:08] Modify product: Uncharacterized HTH-type transcriptional regulator YahB => putative HTH-type transcriptional regulator YahB
[19:20:08] Modify product: Probable Fe(2+)-trafficking protein => putative Fe(2+)-trafficking protein
[19:20:08] Modify product: Uncharacterized protein HI_0341 => putative protein
[19:20:08] Modify product: Solute-binding protein Bamb_6123 => Solute-binding protein
[19:20:08] Modify product: UPF0235 protein YggU => hypothetical protein
[19:20:08] Modify product: Uncharacterized protein YggR => putative protein YggR
[19:20:08] Modify product: UPF0301 protein YqgE => hypothetical protein
[19:20:08] Modify product: UPF0149 protein HI_0817 => hypothetical protein
[19:20:08] Modify product: UPF0267 protein YqfB => hypothetical protein
[19:20:08] Modify product: UPF0073 inner membrane protein YqfA => hypothetical protein
[19:20:08] Modify product: Uncharacterized protein YqfG => putative protein YqfG
[19:20:08] Modify product: Uncharacterized lipoprotein YgdR => putative lipoprotein YgdR
[19:20:08] Modify product: UPF0053 inner membrane protein YgdQ => hypothetical protein
[19:20:08] Modify product: Uncharacterized lipoprotein YgdR => putative lipoprotein YgdR
[19:20:08] Modify product: UPF0382 inner membrane protein YgdD => hypothetical protein
[19:20:08] Modify product: Uncharacterized HTH-type transcriptional regulator YdjF => putative HTH-type transcriptional regulator YdjF
[19:20:08] Modify product: Uncharacterized protein YqcC => putative protein YqcC
[19:20:08] Modify product: Uncharacterized protein PA3435 => putative protein
[19:20:08] Modify product: Probable glucarate transporter => putative glucarate transporter
[19:20:08] Modify product: Uncharacterized protein YgcP => putative protein YgcP
[19:20:08] Modify product: Probable UbiX-like flavin prenyltransferase => putative UbiX-like flavin prenyltransferase
[19:20:08] Modify product: Probable transporter SCO4007 => putative transporter
[19:20:08] Modify product: Uncharacterized protein YgaM => putative protein YgaM
[19:20:08] Modify product: Probable HTH-type transcriptional regulator YgaV => putative HTH-type transcriptional regulator YgaV
[19:20:08] Modify product: UPF0125 protein RatB => hypothetical protein
[19:20:08] Modify product: UPF0053 inner membrane protein YfjD => hypothetical protein
[19:20:08] Modify product: Uncharacterized tRNA/rRNA methyltransferase YfiF => putative tRNA/rRNA methyltransferase YfiF
[19:20:08] Modify product: Probable protein kinase UbiB => putative protein kinase UbiB
[19:20:08] Modify product: Probable 2-dehydro-3-deoxygalactonokinase DgoK1 => putative 2-dehydro-3-deoxygalactonokinase DgoK1
[19:20:08] Modify product: Uncharacterized HTH-type transcriptional regulator YahB => putative HTH-type transcriptional regulator YahB
[19:20:08] Modify product: Uncharacterized HTH-type transcriptional regulator YbbH => putative HTH-type transcriptional regulator YbbH
[19:20:08] Modify product: Probable transport protein YifK => putative transport protein YifK
[19:20:08] Modify product: Probable ECA polymerase => putative ECA polymerase
[19:20:08] Modify product: UPF0438 protein YifE => hypothetical protein
[19:20:08] Modify product: Probable transport protein HsrA => putative transport protein HsrA
[19:20:08] Modify product: Probable outer membrane usher protein ElfC => putative outer membrane usher protein ElfC
[19:20:08] Modify product: Probable minor fimbrial subunit LpfD => putative minor fimbrial subunit LpfD
[19:20:08] Modify product: Probable glucosamine-6-phosphate deaminase 2 => putative glucosamine-6-phosphate deaminase 2
[19:20:08] Modify product: Probable 2-dehydro-3-deoxygalactonokinase DgoK1 => putative 2-dehydro-3-deoxygalactonokinase DgoK1
[19:20:08] Modify product: Uncharacterized symporter YidK => putative symporter YidK
[19:20:08] Modify product: Uncharacterized inner membrane transporter YicL => putative inner membrane transporter YicL
[19:20:08] Modify product: UPF0758 protein CT0611 => hypothetical protein
[19:20:08] Modify product: UPF0401 protein YkfF => hypothetical protein
[19:20:08] Modify product: Probable RNA polymerase sigma factor FecI => putative RNA polymerase sigma factor FecI
[19:20:08] Modify product: Uncharacterized HTH-type transcriptional regulator YbbH => putative HTH-type transcriptional regulator YbbH
[19:20:08] Modify product: Uncharacterized protein HI_1427 => putative protein
[19:20:08] Modify product: Probable fructose-bisphosphate aldolase => putative fructose-bisphosphate aldolase
[19:20:08] Modify product: Uncharacterized protein YphB => putative protein YphB
[19:20:08] Modify product: Probable 3-phenylpropionic acid transporter => putative 3-phenylpropionic acid transporter
[19:20:08] Modify product: Uncharacterized protein Rv2307c => putative protein
[19:20:08] Modify product: UPF0070 protein HI_0370 => hypothetical protein
[19:20:08] Modify product: Uncharacterized protein YfgJ => putative protein YfgJ
[19:20:08] Modify product: Uncharacterized protein YfgD => putative protein YfgD
[19:20:08] Modify product: Uncharacterized protein Rv2575 => putative protein
[19:20:08] Modify product: Uncharacterized protein YfeY => putative protein YfeY
[19:20:08] Modify product: Probable cyclic di-GMP phosphodiesterase PdeA => putative cyclic di-GMP phosphodiesterase PdeA
[19:20:08] Modify product: Probable multidrug resistance protein EmrK => putative multidrug resistance protein EmrK
[19:20:08] Modify product: Probable multidrug resistance protein EmrY => putative multidrug resistance protein EmrY
[19:20:08] Modify product: UPF0381 protein YiiS => hypothetical protein
[19:20:08] Modify product: Uncharacterized fimbrial-like protein YfcV => putative fimbrial-like protein YfcV
[19:20:08] Modify product: Probable fimbrial chaperone YfcS => putative fimbrial chaperone YfcS
[19:20:08] Modify product: Uncharacterized fimbrial-like protein YfcR => putative fimbrial-like protein YfcR
[19:20:08] Modify product: Uncharacterized fimbrial-like protein YfcQ => putative fimbrial-like protein YfcQ
[19:20:08] Modify product: Uncharacterized fimbrial-like protein YfcP => putative fimbrial-like protein YfcP
[19:20:09] Modify product: Uncharacterized protein YfcO => putative protein YfcO
[19:20:09] Modify product: Probable membrane transporter protein YfcA => putative membrane transporter protein YfcA
[19:20:09] Modify product: Uncharacterized MFS-type transporter YfcJ => putative MFS-type transporter YfcJ
[19:20:09] Modify product: Epimerase family protein SA0724 => Epimerase family protein
[19:20:09] Modify product: Uncharacterized Nudix hydrolase YfcD => putative Nudix hydrolase YfcD
[19:20:09] Modify product: UPF0208 membrane protein YfbV => hypothetical protein
[19:20:09] Modify product: UPF0304 protein YfbU => hypothetical protein
[19:20:09] Modify product: Probable 4-amino-4-deoxy-L-arabinose-phosphoundecaprenol flippase subunit ArnF => putative 4-amino-4-deoxy-L-arabinose-phosphoundecaprenol flippase subunit ArnF
[19:20:09] Modify product: Probable 4-amino-4-deoxy-L-arabinose-phosphoundecaprenol flippase subunit ArnE => putative 4-amino-4-deoxy-L-arabinose-phosphoundecaprenol flippase subunit ArnE
[19:20:09] Modify product: Probable 4-deoxy-4-formamido-L-arabinose-phosphoundecaprenol deformylase ArnD => putative 4-deoxy-4-formamido-L-arabinose-phosphoundecaprenol deformylase ArnD
[19:20:09] Modify product: Probable HTH-type transcriptional regulator LgoR => putative HTH-type transcriptional regulator LgoR
[19:20:09] Modify product: Uncharacterized protein YjiK => putative protein YjiK
[19:20:09] Modify product: Probable RNA 2'-phosphotransferase => putative RNA 2'-phosphotransferase
[19:20:09] Modify product: Probable major fimbrial subunit LpfA => putative major fimbrial subunit LpfA
[19:20:09] Modify product: Probable N-acetylneuraminic acid outer membrane channel protein NanC => putative N-acetylneuraminic acid outer membrane channel protein NanC
[19:20:09] Modify product: Probable 9-O-acetyl-N-acetylneuraminic acid deacetylase => putative 9-O-acetyl-N-acetylneuraminic acid deacetylase
[19:20:09] Modify product: Uncharacterized protein YjhP => putative protein YjhP
[19:20:09] Modify product: Probable 2-dehydro-3-deoxy-D-pentonate aldolase YjhH => putative 2-dehydro-3-deoxy-D-pentonate aldolase YjhH
[19:20:09] Modify product: UPF0758 protein CT0611 => hypothetical protein
[19:20:09] Modify product: UPF0401 protein YkfF => hypothetical protein
[19:20:09] Modify product: Probable RNA polymerase sigma factor FecI => putative RNA polymerase sigma factor FecI
[19:20:09] Modify product: Uncharacterized protein YthA => putative protein YthA
[19:20:09] Modify product: Uncharacterized oxidoreductase YjhC => putative oxidoreductase YjhC
[19:20:09] Modify product: UPF0307 protein YjgA => hypothetical protein
[19:20:09] Modify product: UPF0053 inner membrane protein YtfL => hypothetical protein
[19:20:09] Modify product: Uncharacterized protein YtfJ => putative protein YtfJ
[19:20:09] Modify product: Probable L-ascorbate-6-phosphate lactonase UlaG => putative L-ascorbate-6-phosphate lactonase UlaG
[19:20:09] Modify product: UPF0719 inner membrane protein YjfL => hypothetical protein
[19:20:09] Modify product: UPF0716 protein FxsA => hypothetical protein
[19:20:09] Modify product: Probable cadaverine/lysine antiporter => putative cadaverine/lysine antiporter
[19:20:09] Modify product: Uncharacterized protein YjdJ => putative protein YjdJ
[19:20:09] Modify product: Probable transcriptional regulator PhnF => putative transcriptional regulator PhnF
[19:20:09] Modify product: Uncharacterized ferredoxin-like protein YdhX => putative ferredoxin-like protein YdhX
[19:20:09] Modify product: Probable cyclic di-GMP phosphodiesterase PdeC => putative cyclic di-GMP phosphodiesterase PdeC
[19:20:09] Modify product: Uncharacterized protein YjbR => putative protein YjbR
[19:20:09] Modify product: Prophage tail fiber assembly protein homolog TfaE => Prophage tail fiber assembly protein TfaE
[19:20:09] Modify product: UPF0337 protein YjbJ => hypothetical protein
[19:20:09] Modify product: Uncharacterized lipoprotein GfcB => putative lipoprotein GfcB
[19:20:09] Modify product: Uncharacterized protein HI_0431 => putative protein
[19:20:09] Modify product: Probable L-galactonate transporter => putative L-galactonate transporter
[19:20:09] Modify product: Probable cystine transporter YijE => putative cystine transporter YijE
[19:20:09] Modify product: UPF0381 protein YiiS => hypothetical protein
[19:20:09] Modify product: UPF0761 membrane protein YihY => hypothetical protein
[19:20:09] Modify product: Uncharacterized protein YphB => putative protein YphB
[19:20:09] Modify product: Uncharacterized zinc-type alcohol dehydrogenase-like protein YjmD => putative zinc-type alcohol dehydrogenase-like protein YjmD
[19:20:09] Modify product: Uncharacterized protein YshB => putative protein YshB
[19:20:09] Modify product: Probable GTP-binding protein EngB => putative GTP-binding protein EngB
[19:20:09] Modify product: Probable acyltransferase YihG => putative acyltransferase YihG
[19:20:09] Modify product: Uncharacterized protein YhfX => putative protein YhfX
[19:20:09] Modify product: Uncharacterized protein YhfS => putative protein YhfS
[19:20:09] Modify product: Uncharacterized protein YhfG => putative protein YhfG
[19:20:09] Modify product: Probable protein adenylyltransferase Fic => putative protein adenylyltransferase Fic
[19:20:09] Modify product: UPF0270 protein PA3463 => hypothetical protein
[19:20:09] Modify product: Uncharacterized ABC transporter ATP-binding protein YheS => putative ABC transporter ATP-binding protein YheS
[19:20:09] Modify product: Protein SlyX homolog => Protein SlyX 
[19:20:09] Modify product: Probable bifunctional chitinase/lysozyme => putative bifunctional chitinase/lysozyme
[19:20:09] Modify product: Uncharacterized membrane protein YhdT => putative membrane protein YhdT
[19:20:09] Modify product: Probable acrylyl-CoA reductase AcuI => putative acrylyl-CoA reductase AcuI
[19:20:09] Modify product: Uncharacterized protein YhcO => putative protein YhcO
[19:20:09] Modify product: Uncharacterized protein YhcH => putative protein YhcH
[19:20:09] Modify product: Uncharacterized protein YrbL => putative protein YrbL
[19:20:09] Modify product: Uncharacterized inner membrane transporter YhbE => putative inner membrane transporter YhbE
[19:20:09] Modify product: Uncharacterized protease YhbU => putative protease YhbU
[19:20:09] Modify product: UPF0213 protein BH0048 => hypothetical protein
[19:20:09] Modify product: Probable galactarate transporter => putative galactarate transporter
[19:20:09] Modify product: Probable serine transporter => putative serine transporter
[19:20:09] Modify product: UPF0597 protein YhaM => hypothetical protein
[19:20:09] Modify product: Uncharacterized protein YqjD => putative protein YqjD
[19:20:09] Modify product: Probable glycerol-3-phosphate acyltransferase => putative glycerol-3-phosphate acyltransferase
[19:20:09] Modify product: UPF0126 inner membrane protein YicG => hypothetical protein
[19:20:09] Modify product: UPF0701 protein YicC => hypothetical protein
[19:20:09] Modify product: UPF0758 protein SP_1088 => hypothetical protein
[19:20:09] Modify product: Uncharacterized protein HI_0755 => putative protein
[19:20:09] Modify product: Uncharacterized protein YibN => putative protein YibN
[19:20:09] Modify product: Uncharacterized protein YibL => putative protein YibL
[19:20:09] Modify product: Uncharacterized GST-like protein YibF => putative GST-like protein YibF
[19:20:09] Modify product: Uncharacterized protein YhcH => putative protein YhcH
[19:20:09] Modify product: Probable lipoprotein YiaD => putative lipoprotein YiaD
[19:20:09] Modify product: Uncharacterized MFS-type transporter YhjX => putative MFS-type transporter YhjX
[19:20:09] Modify product: Probable cyclic di-GMP phosphodiesterase PdeK => putative cyclic di-GMP phosphodiesterase PdeK
[19:20:09] Modify product: Uncharacterized protein HI_0933 => putative protein
[19:20:09] Modify product: Uncharacterized MFS-type transporter YhhS => putative MFS-type transporter YhhS
[19:20:09] Modify product: Uncharacterized protein YhhA => putative protein YhhA
[19:20:09] Modify product: Uncharacterized oxidoreductase YhhX => putative oxidoreductase YhhX
[19:20:09] Modify product: UPF0056 inner membrane protein YhgN => hypothetical protein
[19:20:09] Modify product: Probable outer membrane usher protein ElfC => putative outer membrane usher protein ElfC
[19:20:09] Modify product: Probable major fimbrial subunit LpfA => putative major fimbrial subunit LpfA
[19:20:09] Modify product: Uncharacterized fimbrial-like protein YcbV => putative fimbrial-like protein YcbV
[19:20:09] Modify product: Uncharacterized fimbrial chaperone YcbF => putative fimbrial chaperone YcbF
[19:20:09] Modify product: Probable [Fe-S]-dependent transcriptional repressor FeoC => putative [Fe-S]-dependent transcriptional repressor FeoC
[19:20:09] Modify product: Putative membrane protein IgaA homolog => Putative membrane protein IgaA 
[19:20:09] Modify product: Uncharacterized HTH-type transcriptional regulator RhmR => putative HTH-type transcriptional regulator RhmR
[19:20:09] Modify product: Probable autotransporter YfaL => putative autotransporter YfaL
[19:20:09] Modify product: UPF0352 protein YejL => hypothetical protein
[19:20:09] Modify product: Uncharacterized protein YejG => putative protein YejG
[19:20:09] Modify product: Uncharacterized ABC transporter ATP-binding protein YejF => putative ABC transporter ATP-binding protein YejF
[19:20:09] Modify product: Probable cyclic di-GMP phosphodiesterase PdeN => putative cyclic di-GMP phosphodiesterase PdeN
[19:20:09] Modify product: UPF0153 protein YeiW => hypothetical protein
[19:20:09] Modify product: UPF0324 inner membrane protein YeiH => hypothetical protein
[19:20:09] Modify product: UPF0299 membrane protein YohJ => hypothetical protein
[19:20:09] Modify product: Uncharacterized oxidoreductase YohF => putative oxidoreductase YohF
[19:20:09] Modify product: UPF0387 membrane protein YohO => hypothetical protein
[19:20:09] Modify product: Uncharacterized lipoprotein YehR => putative lipoprotein YehR
[19:20:09] Modify product: Uncharacterized protein YehL => putative protein YehL
[19:20:09] Modify product: Uncharacterized fimbrial-like protein YehD => putative fimbrial-like protein YehD
[19:20:09] Modify product: Probable fimbrial chaperone YehC => putative fimbrial chaperone YehC
[19:20:10] Modify product: 23S rRNA 5-hydroxycytidine C2501 synthase => 23S rRNA 5-hydroxycytidine synthase
[19:20:10] Modify product: UPF0339 protein YegP => hypothetical protein
[19:20:10] Modify product: Probable diguanylate cyclase DgcE => putative diguanylate cyclase DgcE
[19:20:10] Modify product: UPF0053 inner membrane protein YoaE => hypothetical protein
[19:20:10] Modify product: UPF0394 inner membrane protein YeeE => hypothetical protein
[19:20:10] Modify product: UPF0265 protein YeeX => hypothetical protein
[19:20:10] Modify product: UPF0758 protein CT0611 => hypothetical protein
[19:20:10] Modify product: Uncharacterized protein HI_1163 => putative protein
[19:20:10] Modify product: Probable ATP-dependent transporter SufC => putative ATP-dependent transporter SufC
[19:20:10] Modify product: Probable L,D-transpeptidase YnhG => putative L,D-transpeptidase YnhG
[19:20:10] Modify product: Uncharacterized ferredoxin-like protein YdhY => putative ferredoxin-like protein YdhY
[19:20:10] Modify product: Uncharacterized oxidoreductase YdhV => putative oxidoreductase YdhV
[19:20:10] Modify product: Uncharacterized protein YdhW => putative protein YdhW
[19:20:10] Modify product: Uncharacterized ferredoxin-like protein YdhX => putative ferredoxin-like protein YdhX
[19:20:10] Modify product: Uncharacterized protein YdhT => putative protein YdhT
[19:20:10] Modify product: Uncharacterized HTH-type transcriptional regulator YahB => putative HTH-type transcriptional regulator YahB
[19:20:10] Modify product: Uncharacterized protein YnhF => putative protein YnhF
[19:20:10] Modify product: Uncharacterized oxidoreductase YdgJ => putative oxidoreductase YdgJ
[19:20:10] Modify product: Probable dimethyl sulfoxide reductase chain YnfF => putative dimethyl sulfoxide reductase chain YnfF
[19:20:10] Modify product: Uncharacterized protein YnfD => putative protein YnfD
[19:20:10] Modify product: UPF0482 protein YnfB => hypothetical protein
[19:20:10] Modify product: UPF0060 membrane protein YnfA => hypothetical protein
[19:20:10] Modify product: Uncharacterized protein YdfR => putative protein YdfR
[19:20:10] Modify product: Uncharacterized protein YdfO => putative protein YdfO
[19:20:10] Modify product: Prophage tail fiber assembly protein homolog TfaE => Prophage tail fiber assembly protein TfaE
[19:20:10] Modify product: Probable amino-acid metabolite efflux pump => putative amino-acid metabolite efflux pump
[19:20:10] Modify product: UPF0056 inner membrane protein MarC => hypothetical protein
[19:20:10] Modify product: Probable glutamate/gamma-aminobutyrate antiporter => putative glutamate/gamma-aminobutyrate antiporter
[19:20:10] Modify product: Uncharacterized HTH-type transcriptional regulator YddM => putative HTH-type transcriptional regulator YddM
[19:20:10] Modify product: Probable nitrate reductase molybdenum cofactor assembly chaperone NarW => putative nitrate reductase molybdenum cofactor assembly chaperone NarW
[19:20:10] Modify product: Uncharacterized isomerase YddE => putative isomerase YddE
[19:20:10] Modify product: Uncharacterized protein YncE => putative protein YncE
[19:20:10] Modify product: Uncharacterized protein YdcY => putative protein YdcY
[19:20:10] Modify product: Probable mRNA interferase toxin HicA => putative mRNA interferase toxin HicA
[19:20:10] Modify product: 23S rRNA 5-hydroxycytidine C2501 synthase => 23S rRNA 5-hydroxycytidine synthase
[19:20:10] Modify product: Probable L,D-transpeptidase ErfK/SrfK => putative L,D-transpeptidase ErfK/SrfK
[19:20:10] Modify product: Probable L,D-transpeptidase ErfK/SrfK => putative L,D-transpeptidase ErfK/SrfK
[19:20:10] Modify product: Probable FMN/FAD exporter YeeO => putative FMN/FAD exporter YeeO
[19:20:10] Modify product: Probable transcriptional regulatory protein YeeN => putative transcriptional regulatory protein YeeN
[19:20:10] Modify product: Putative multidrug export ATP-binding/permease protein SAV1866 => Putative multidrug export ATP-binding/permease protein
[19:20:10] Modify product: Uncharacterized protein YedJ => putative protein YedJ
[19:20:10] Modify product: Uncharacterized inner membrane transporter YedA => putative inner membrane transporter YedA
[19:20:10] Modify product: Probable diguanylate cyclase DgcQ => putative diguanylate cyclase DgcQ
[19:20:10] Modify product: Probable diguanylate cyclase DgcQ => putative diguanylate cyclase DgcQ
[19:20:10] Modify product: UPF0098 protein YbcL => hypothetical protein
[19:20:10] Modify product: UPF0394 inner membrane protein YedE => hypothetical protein
[19:20:10] Modify product: Probable transcriptional regulatory protein YebC => putative transcriptional regulatory protein YebC
[19:20:10] Modify product: Uncharacterized protein YebV => putative protein YebV
[19:20:10] Modify product: Probable manganese efflux pump MntP => putative manganese efflux pump MntP
[19:20:10] Modify product: UPF0266 membrane protein YobD => hypothetical protein
[19:20:10] Modify product: UPF0053 inner membrane protein YoaE => hypothetical protein
[19:20:10] Modify product: Probable cyclic di-GMP phosphodiesterase PdeD => putative cyclic di-GMP phosphodiesterase PdeD
[19:20:10] Modify product: Probable ATP-dependent DNA helicase YoaA => putative ATP-dependent DNA helicase YoaA
[19:20:10] Modify product: Uncharacterized protein YeaR => putative protein YeaR
[19:20:10] Modify product: Probable diguanylate cyclase DgcJ => putative diguanylate cyclase DgcJ
[19:20:10] Modify product: Probable diguanylate cyclase CdgI => putative diguanylate cyclase CdgI
[19:20:10] Modify product: Stress response UPF0229 protein YhbH => hypothetical protein
[19:20:10] Modify product: Probable ketoamine kinase lp_1983 => putative ketoamine kinase
[19:20:10] Modify product: Uncharacterized protein YniD => putative protein YniD
[19:20:10] Modify product: Uncharacterized protein YdiE => putative protein YdiE
[19:20:10] Modify product: Uncharacterized metal-dependent hydrolase YjjV => putative metal-dependent hydrolase YjjV
[19:20:10] Modify product: UPF0442 protein YjjB => hypothetical protein
[19:20:10] Modify product: Uncharacterized protein Rv3292 => putative protein
[19:20:10] Modify product: Uncharacterized protein YnbD => putative protein YnbD
[19:20:10] Modify product: Uncharacterized protein YnbC => putative protein YnbC
[19:20:10] Modify product: Probable DNA endonuclease SmrA => putative DNA endonuclease SmrA
[19:20:10] Modify product: Uncharacterized protein YcjY => putative protein YcjY
[19:20:10] Modify product: UPF0283 membrane protein YcjF => hypothetical protein
[19:20:10] Modify product: Uncharacterized protein YcjX => putative protein YcjX
[19:20:10] Modify product: Probable efflux pump outer membrane protein TtgC => putative efflux pump outer membrane protein TtgC
[19:20:10] Modify product: UPF0509 protein YciZ => hypothetical protein
[19:20:10] Modify product: Uncharacterized protein YciH => putative protein YciH
[19:20:10] Modify product: Probable protease SohB => putative protease SohB
[19:20:10] Modify product: Uncharacterized oxidoreductase YciK => putative oxidoreductase YciK
[19:20:10] Modify product: Uncharacterized protein YciO => putative protein YciO
[19:20:10] Modify product: UPF0259 membrane protein YciC => hypothetical protein
[19:20:10] Modify product: Probable intracellular septation protein A => putative intracellular septation protein A
[19:20:10] Modify product: Uncharacterized acyl-CoA thioester hydrolase HI_0827 => putative acyl-CoA thioester hydrolase
[19:20:10] Modify product: UPF0263 protein YciU => hypothetical protein
[19:20:10] Modify product: UPF0056 inner membrane protein MarC => hypothetical protein
[19:20:10] Modify product: Uncharacterized NTE family protein Rv1063c => putative NTE family protein
[19:20:10] Modify product: UPF0225 protein YchJ => hypothetical protein
[19:20:10] Modify product: Probable ABC transporter permease protein HI_1471 => putative ABC transporter permease protein
[19:20:10] Modify product: Uncharacterized ABC transporter ATP-binding protein HI_1470 => putative ABC transporter ATP-binding protein
[19:20:10] Modify product: Uncharacterized protein YcgM => putative protein YcgM
[19:20:10] Modify product: Probable autotransporter ROD_p1121 => putative autotransporter
[19:20:10] Modify product: UPF0757 protein YmgG => hypothetical protein
[19:20:10] Modify product: Uncharacterized protein YmgD => putative protein YmgD
[19:20:10] Modify product: Probable cyclic di-GMP phosphodiesterase PdeG => putative cyclic di-GMP phosphodiesterase PdeG
[19:20:10] Modify product: Uncharacterized protein YmgC => putative protein YmgC
[19:20:10] Modify product: Probable two-component-system connector protein AriR => putative two-component-system connector protein AriR
[19:20:10] Modify product: Probable two-component-system connector protein YcgZ => putative two-component-system connector protein YcgZ
[19:20:10] Modify product: Uncharacterized protein YdfO => putative protein YdfO
[19:20:10] Modify product: Probable L,D-transpeptidase YcfS => putative L,D-transpeptidase YcfS
[19:20:10] Modify product: UPF0227 protein YcfP => hypothetical protein
[19:20:10] Modify product: Uncharacterized metal-dependent hydrolase YcfH => putative metal-dependent hydrolase YcfH
[19:20:10] Modify product: UPF0502 protein YceH => hypothetical protein
[19:20:10] Modify product: Uncharacterized lipoprotein YceB => putative lipoprotein YceB
[19:20:10] Modify product: Uncharacterized protein YceO => putative protein YceO
[19:20:10] Modify product: Cytochrome b561 homolog 2 => Cytochrome b561 
[19:20:10] Modify product: UPF0176 protein YceA => hypothetical protein
[19:20:10] Modify product: Uncharacterized protein YmdA => putative protein YmdA
[19:20:10] Modify product: Probable phosphatase YcdX => putative phosphatase YcdX
[19:20:10] Modify product: Probable malonic semialdehyde reductase RutE => putative malonic semialdehyde reductase RutE
[19:20:10] Modify product: Uncharacterized protein YccJ => putative protein YccJ
[19:20:10] Modify product: Uncharacterized lipoprotein GfcB => putative lipoprotein GfcB
[19:20:10] Modify product: Probable Ni/Fe-hydrogenase 1 B-type cytochrome subunit => putative Ni/Fe-hydrogenase 1 B-type cytochrome subunit
[19:20:10] Modify product: Uncharacterized protein YccU => putative protein YccU
[19:20:10] Modify product: UPF0319 protein HI_1681 => hypothetical protein
[19:20:10] Modify product: Uncharacterized protein YcbX => putative protein YcbX
[19:20:10] Modify product: Probable L,D-transpeptidase YcbB => putative L,D-transpeptidase YcbB
[19:20:10] Modify product: UPF0434 protein YcaR => hypothetical protein
[19:20:10] Modify product: Uncharacterized MFS-type transporter YcaD => putative MFS-type transporter YcaD
[19:20:10] Modify product: Probable hydrolase YcaC => putative hydrolase YcaC
[19:20:10] Modify product: Probable ABC transporter ATP-binding/permease protein HI_0664 => putative ABC transporter ATP-binding/permease protein
[19:20:10] Modify product: UPF0145 protein YbjQ => hypothetical protein
[19:20:10] Modify product: Uncharacterized lipoprotein YbjP => putative lipoprotein YbjP
[19:20:10] Modify product: Uncharacterized protein YbjN => putative protein YbjN
[19:20:10] Modify product: Probable cyclic di-GMP phosphodiesterase PdeI => putative cyclic di-GMP phosphodiesterase PdeI
[19:20:10] Modify product: Probable cyclic di-GMP phosphodiesterase PdeI => putative cyclic di-GMP phosphodiesterase PdeI
[19:20:10] Modify product: Uncharacterized protein YbiU => putative protein YbiU
[19:20:10] Modify product: Uncharacterized ABC transporter ATP-binding protein YbiT => putative ABC transporter ATP-binding protein YbiT
[19:20:10] Modify product: Probable L,D-transpeptidase YbiS => putative L,D-transpeptidase YbiS
[19:20:10] Modify product: Uncharacterized protein McbA => putative protein McbA
[19:20:10] Modify product: PKHD-type hydroxylase Sbal_3634 => PKHD-type hydroxylase
[19:20:10] Modify product: Uncharacterized protein YbiI => putative protein YbiI
[19:20:10] Modify product: Uncharacterized protein YbiB => putative protein YbiB
[19:20:10] Modify product: UPF0194 membrane protein YbhG => hypothetical protein
[19:20:10] Modify product: Probable multidrug ABC transporter ATP-binding protein YbhF => putative multidrug ABC transporter ATP-binding protein YbhF
[19:20:10] Modify product: Probable multidrug ABC transporter permease YbhS => putative multidrug ABC transporter permease YbhS
[19:20:10] Modify product: Probable multidrug ABC transporter permease YbhR => putative multidrug ABC transporter permease YbhR
[19:20:10] Modify product: UPF0401 protein YkfF => hypothetical protein
[19:20:10] Modify product: Uncharacterized methyltransferase YcgJ => putative methyltransferase YcgJ
[19:20:10] Modify product: Uncharacterized protein YaeQ => putative protein YaeQ
[19:20:10] Modify product: UPF0253 protein YaeP => hypothetical protein
[19:20:10] Modify product: UPF0126 inner membrane protein YadS => hypothetical protein
[19:20:10] Modify product: Uncharacterized fimbrial-like protein YadN => putative fimbrial-like protein YadN
[19:20:10] Modify product: Probable fimbrial chaperone YadV => putative fimbrial chaperone YadV
[19:20:10] Modify product: Uncharacterized fimbrial-like protein YadM => putative fimbrial-like protein YadM
[19:20:10] Modify product: Uncharacterized fimbrial-like protein YadL => putative fimbrial-like protein YadL
[19:20:10] Modify product: Uncharacterized fimbrial-like protein YadK => putative fimbrial-like protein YadK
[19:20:10] Modify product: Uncharacterized fimbrial-like protein YadC => putative fimbrial-like protein YadC
[19:20:10] Modify product: Uncharacterized ABC transporter ATP-binding protein YadG => putative ABC transporter ATP-binding protein YadG
[19:20:10] Modify product: UPF0231 protein YacL => hypothetical protein
[19:20:11] Modify product: Probable peptidoglycan glycosyltransferase FtsW => putative peptidoglycan glycosyltransferase FtsW
[19:20:11] Modify product: Probable inner membrane protein Smp => putative inner membrane protein Smp
[19:20:11] Modify product: Uncharacterized protein YjjI => putative protein YjjI
[19:20:11] Modify product: UPF0098 protein YbhB => hypothetical protein
[19:20:11] Modify product: Prophage tail fiber assembly protein homolog TfaE => Prophage tail fiber assembly protein TfaE
[19:20:11] Modify product: Uncharacterized protein YlcG => putative protein YlcG
[19:20:11] Modify product: Uncharacterized fimbrial-like protein YbgD => putative fimbrial-like protein YbgD
[19:20:11] Modify product: GTP cyclohydrolase 1 type 2 homolog => GTP cyclohydrolase 1 type 2 
[19:20:11] Modify product: Uncharacterized protein YbfE => putative protein YbfE
[19:20:11] Modify product: Uncharacterized lipoprotein ChiQ => putative lipoprotein ChiQ
[19:20:11] Modify product: UPF0250 protein YbeD => hypothetical protein
[19:20:11] Modify product: Uncharacterized HTH-type transcriptional regulator YbdO => putative HTH-type transcriptional regulator YbdO
[19:20:11] Modify product: Uncharacterized HTH-type transcriptional regulator YbdO => putative HTH-type transcriptional regulator YbdO
[19:20:11] Modify product: Uncharacterized protein YbdM => putative protein YbdM
[19:20:11] Modify product: Bifunctional protein FolD => Bifunctional protein FolD protein
[19:20:11] Modify product: Uncharacterized protein YbcJ => putative protein YbcJ
[19:20:11] Modify product: Probable iron export permease protein FetB => putative iron export permease protein FetB
[19:20:11] Modify product: Probable iron export ATP-binding protein FetA => putative iron export ATP-binding protein FetA
[19:20:11] Modify product: Uncharacterized HTH-type transcriptional regulator YbaQ => putative HTH-type transcriptional regulator YbaQ
[19:20:11] Modify product: Probable cyclic di-GMP phosphodiesterase PdeB => putative cyclic di-GMP phosphodiesterase PdeB
[19:20:11] Modify product: Uncharacterized protein YbaA => putative protein YbaA
[19:20:11] Modify product: Uncharacterized lipoprotein YbaY => putative lipoprotein YbaY
[19:20:11] Modify product: Probable multidrug resistance ABC transporter ATP-binding/permease protein YheI => putative multidrug resistance ABC transporter ATP-binding/permease protein YheI
[19:20:11] Modify product: Uncharacterized protein HI_1008 => putative protein
[19:20:11] Modify product: UPF0234 protein YajQ => hypothetical protein
[19:20:11] Modify product: Uncharacterized lipoprotein YajI => putative lipoprotein YajI
[19:20:11] Modify product: Uncharacterized protein YaiA => putative protein YaiA
[19:20:11] Modify product: UPF0178 protein YaiI => hypothetical protein
[19:20:11] Modify product: Probable diguanylate cyclase DgcC => putative diguanylate cyclase DgcC
[19:20:11] Modify product: Uncharacterized transporter YycB => putative transporter YycB
[19:20:11] Modify product: Uncharacterized HTH-type transcriptional regulator YahB => putative HTH-type transcriptional regulator YahB
[19:20:11] Modify product: Probable pyridine nucleotide-disulfide oxidoreductase RclA => putative pyridine nucleotide-disulfide oxidoreductase RclA
[19:20:11] Modify product: Uncharacterized oxidoreductase YtbE => putative oxidoreductase YtbE
[19:20:11] Modify product: Uncharacterized membrane protein YkgR => putative membrane protein YkgR
[19:20:11] Modify product: Probable fimbrial chaperone EcpB => putative fimbrial chaperone EcpB
[19:20:11] Modify product: Probable outer membrane usher protein EcpC => putative outer membrane usher protein EcpC
[19:20:11] Modify product: Probable fimbrial chaperone EcpE => putative fimbrial chaperone EcpE
[19:20:11] Modify product: UPF0255 protein VV1_0328 => hypothetical protein
[19:20:11] Modify product: Uncharacterized N-acetyltransferase YafP => putative N-acetyltransferase YafP
[19:20:11] Cleaned 361 /product names
[19:20:11] Deleting unwanted file: /mnt/c/Users/migue/OneDrive/Ambiente de Trabalho/Prokka_GCF_003095635/Prokka_GCF_003095635.sprot.tmp.4510.faa
[19:20:11] Deleting unwanted file: /mnt/c/Users/migue/OneDrive/Ambiente de Trabalho/Prokka_GCF_003095635/Prokka_GCF_003095635.sprot.tmp.4510.blast
[19:20:12] There are still 1004 unannotated CDS left (started with 4603)
[19:20:12] Will use hmmer3 to search against /home/miguelbalexandre/miniconda3/envs/prokka_env/db/hmm/HAMAP.hmm with 8 CPUs
[19:20:12] Running: cat \/mnt\/c\/Users\/migue\/OneDrive\/Ambiente\ de\ Trabalho\/Prokka_GCF_003095635\/Prokka_GCF_003095635\.HAMAP\.hmm\.tmp\.4510\.faa | parallel --gnu --plain -j 8 --block 16379 --recstart '>' --pipe hmmscan --noali --notextw --acc -E 1e-09 --cpu 1 /home/miguelbalexandre/miniconda3/envs/prokka_env/db/hmm/HAMAP.hmm /dev/stdin > \/mnt\/c\/Users\/migue\/OneDrive\/Ambiente\ de\ Trabalho\/Prokka_GCF_003095635\/Prokka_GCF_003095635\.HAMAP\.hmm\.tmp\.4510\.hmmer3 2> /dev/null
[19:20:19] Modify product: Uncharacterized Nudix hydrolase NudL => putative Nudix hydrolase NudL
[19:20:19] Cleaned 1 /product names
[19:20:19] Deleting unwanted file: /mnt/c/Users/migue/OneDrive/Ambiente de Trabalho/Prokka_GCF_003095635/Prokka_GCF_003095635.HAMAP.hmm.tmp.4510.faa
[19:20:19] Deleting unwanted file: /mnt/c/Users/migue/OneDrive/Ambiente de Trabalho/Prokka_GCF_003095635/Prokka_GCF_003095635.HAMAP.hmm.tmp.4510.hmmer3
[19:20:19] Labelling remaining 923 proteins as 'hypothetical protein'
[19:20:19] Possible /pseudo 'ISKra4 family transposase ISCep1' at NZ_CP029164.1 position 54560
[19:20:19] Possible /pseudo 'Formate dehydrogenase H' at NZ_CP029164.1 position 333272
[19:20:19] Possible /pseudo 'Mannosylglucosyl-3-phosphoglycerate phosphatase' at NZ_CP029164.1 position 543399
[19:20:19] Possible /pseudo 'Formate dehydrogenase-O major subunit' at NZ_CP029164.1 position 589382
[19:20:19] Possible /pseudo 'IS3 family transposase IS629' at NZ_CP029164.1 position 878366
[19:20:19] Possible /pseudo 'IS3 family transposase ISSen1' at NZ_CP029164.1 position 1077961
[19:20:19] Possible /pseudo 'Small toxic polypeptide LdrD' at NZ_CP029164.1 position 1087788
[19:20:19] Possible /pseudo 'Small toxic polypeptide LdrD' at NZ_CP029164.1 position 1088271
[19:20:19] Possible /pseudo 'Small toxic polypeptide LdrD' at NZ_CP029164.1 position 1088754
[19:20:19] Possible /pseudo 'RNA 3'-terminal phosphate cyclase' at NZ_CP029164.1 position 1239006
[19:20:19] Possible /pseudo 'IS3 family transposase ISSen1' at NZ_CP029164.1 position 1253040
[19:20:19] Possible /pseudo 'Protein ClpV1' at NZ_CP029164.1 position 1951450
[19:20:19] Possible /pseudo 'Membrane-bound lytic murein transglycosylase A' at NZ_CP029164.1 position 1961754
[19:20:19] Possible /pseudo 'IS4 family transposase IS4' at NZ_CP029164.1 position 2142913
[19:20:19] Possible /pseudo 'Undecaprenyl-phosphate 4-deoxy-4-formamido-L-arabinose transferase' at NZ_CP029164.1 position 2489743
[19:20:19] Possible /pseudo 'Colicin I receptor' at NZ_CP029164.1 position 2606068
[19:20:19] Possible /pseudo 'putative L,D-transpeptidase ErfK/SrfK' at NZ_CP029164.1 position 2804926
[19:20:19] Possible /pseudo 'putative diguanylate cyclase DgcQ' at NZ_CP029164.1 position 2866183
[19:20:19] Possible /pseudo 'IS5 family transposase ISPrst2' at NZ_CP029164.1 position 2883924
[19:20:19] Possible /pseudo 'RNA polymerase sigma factor FliA' at NZ_CP029164.1 position 2893006
[19:20:19] Possible /pseudo 'Formate dehydrogenase, nitrate-inducible, major subunit' at NZ_CP029164.1 position 3350958
[19:20:19] Possible /pseudo 'IS200/IS605 family transposase IS200C' at NZ_CP029164.1 position 3647225
[19:20:19] Possible /pseudo 'IS3 family transposase ISEc52' at NZ_CP029164.1 position 3732472
[19:20:19] Possible /pseudo 'IS3 family transposase ISSen1' at NZ_CP029164.1 position 3754316
[19:20:19] Possible /pseudo 'putative cyclic di-GMP phosphodiesterase PdeI' at NZ_CP029164.1 position 3960868
[19:20:19] Possible /pseudo 'Catecholate siderophore receptor Fiu' at NZ_CP029164.1 position 3993636
[19:20:19] Possible /pseudo 'ISAs1 family transposase ISEc1' at NZ_CP029164.1 position 4154407
[19:20:19] Possible /pseudo 'Ferrienterobactin receptor' at NZ_CP029164.1 position 4274740
[19:20:19] Possible /pseudo 'Toxic protein HokE' at NZ_CP029164.1 position 4276714
[19:20:19] Possible /pseudo 'Bacteriophage adsorption protein A' at NZ_CP029164.1 position 4295996
[19:20:19] Found 3146 unique /gene codes.
[19:20:19] Fixed 4 duplicate /gene - ldrD_1 ldrD_2 ldrD_3 ldrD_4
[19:20:19] Fixed 2 duplicate /gene - fabG_1 fabG_2
[19:20:19] Fixed 2 duplicate /gene - nadC_1 nadC_2
[19:20:19] Fixed 2 duplicate /gene - ompA_1 ompA_2
[19:20:19] Fixed 2 duplicate /gene - hsdS_1 hsdS_2
[19:20:19] Fixed 2 duplicate /gene - pspB_1 pspB_2
[19:20:19] Fixed 2 duplicate /gene - fimD_1 fimD_2
[19:20:19] Fixed 4 duplicate /gene - rhaR_1 rhaR_2 rhaR_3 rhaR_4
[19:20:19] Fixed 2 duplicate /gene - bglH_1 bglH_2
[19:20:19] Fixed 2 duplicate /gene - fixA_1 fixA_2
[19:20:19] Fixed 2 duplicate /gene - emrA_1 emrA_2
[19:20:19] Fixed 2 duplicate /gene - aaeA_1 aaeA_2
[19:20:19] Fixed 2 duplicate /gene - thyA_1 thyA_2
[19:20:19] Fixed 2 duplicate /gene - artM_1 artM_2
[19:20:19] Fixed 4 duplicate /gene - hyfA_1 hyfA_2 hyfA_3 hyfA_4
[19:20:19] Fixed 2 duplicate /gene - lsrB_1 lsrB_2
[19:20:19] Fixed 3 duplicate /gene - fixX_1 fixX_2 fixX_3
[19:20:19] Fixed 2 duplicate /gene - yhbX_1 yhbX_2
[19:20:19] Fixed 3 duplicate /gene - ompX_1 ompX_2 ompX_3
[19:20:19] Fixed 2 duplicate /gene - rbsA_1 rbsA_2
[19:20:19] Fixed 2 duplicate /gene - btuF_1 btuF_2
[19:20:19] Fixed 2 duplicate /gene - fecB_1 fecB_2
[19:20:19] Fixed 2 duplicate /gene - caiA_1 caiA_2
[19:20:19] Fixed 2 duplicate /gene - fruK_1 fruK_2
[19:20:19] Fixed 2 duplicate /gene - nanR_1 nanR_2
[19:20:19] Fixed 2 duplicate /gene - hdfR_1 hdfR_2
[19:20:19] Fixed 2 duplicate /gene - gatC_1 gatC_2
[19:20:19] Fixed 2 duplicate /gene - fbaA_1 fbaA_2
[19:20:19] Fixed 2 duplicate /gene - acpP_1 acpP_2
[19:20:19] Fixed 2 duplicate /gene - pgrR_1 pgrR_2
[19:20:19] Fixed 3 duplicate /gene - ulaC_1 ulaC_2 ulaC_3
[19:20:19] Fixed 2 duplicate /gene - ygdR_1 ygdR_2
[19:20:19] Fixed 3 duplicate /gene - era_1 era_2 era_3
[19:20:19] Fixed 3 duplicate /gene - deoR_1 deoR_2 deoR_3
[19:20:19] Fixed 2 duplicate /gene - nfrA_1 nfrA_2
[19:20:19] Fixed 2 duplicate /gene - ssuC_1 ssuC_2
[19:20:19] Fixed 2 duplicate /gene - murR_1 murR_2
[19:20:19] Fixed 2 duplicate /gene - ygiW_1 ygiW_2
[19:20:19] Fixed 2 duplicate /gene - gfcB_1 gfcB_2
[19:20:19] Fixed 3 duplicate /gene - glnQ_1 glnQ_2 glnQ_3
[19:20:19] Fixed 2 duplicate /gene - proQ_1 proQ_2
[19:20:19] Fixed 2 duplicate /gene - ybdO_1 ybdO_2
[19:20:19] Fixed 2 duplicate /gene - malX_1 malX_2
[19:20:19] Fixed 2 duplicate /gene - rcsB_1 rcsB_2
[19:20:19] Fixed 3 duplicate /gene - lexA_1 lexA_2 lexA_3
[19:20:19] Fixed 2 duplicate /gene - nimR_1 nimR_2
[19:20:19] Fixed 2 duplicate /gene - tsx_1 tsx_2
[19:20:19] Fixed 2 duplicate /gene - fucP_1 fucP_2
[19:20:19] Fixed 2 duplicate /gene - pitA_1 pitA_2
[19:20:19] Fixed 2 duplicate /gene - fimF_1 fimF_2
[19:20:19] Fixed 2 duplicate /gene - php_1 php_2
[19:20:19] Fixed 2 duplicate /gene - fdnG_1 fdnG_2
[19:20:19] Fixed 4 duplicate /gene - arnC_1 arnC_2 arnC_3 arnC_4
[19:20:19] Fixed 2 duplicate /gene - nagB_1 nagB_2
[19:20:19] Fixed 2 duplicate /gene - fecE_1 fecE_2
[19:20:19] Fixed 2 duplicate /gene - mggB_1 mggB_2
[19:20:19] Fixed 3 duplicate /gene - manZ_1 manZ_2 manZ_3
[19:20:19] Fixed 2 duplicate /gene - mglA_1 mglA_2
[19:20:19] Fixed 2 duplicate /gene - bcr_1 bcr_2
[19:20:19] Fixed 2 duplicate /gene - proA_1 proA_2
[19:20:19] Fixed 2 duplicate /gene - fimC_1 fimC_2
[19:20:19] Fixed 2 duplicate /gene - yadA_1 yadA_2
[19:20:19] Fixed 2 duplicate /gene - ydfO_1 ydfO_2
[19:20:19] Fixed 2 duplicate /gene - arcA_1 arcA_2
[19:20:19] Fixed 2 duplicate /gene - manX_1 manX_2
[19:20:19] Fixed 3 duplicate /gene - intS_1 intS_2 intS_3
[19:20:19] Fixed 2 duplicate /gene - bioD1_1 bioD1_2
[19:20:19] Fixed 2 duplicate /gene - dmsB_1 dmsB_2
[19:20:19] Fixed 2 duplicate /gene - ampG_1 ampG_2
[19:20:19] Fixed 4 duplicate /gene - btuD_1 btuD_2 btuD_3 btuD_4
[19:20:19] Fixed 3 duplicate /gene - potA_1 potA_2 potA_3
[19:20:19] Fixed 2 duplicate /gene - rpe_1 rpe_2
[19:20:19] Fixed 2 duplicate /gene - yhaJ_1 yhaJ_2
[19:20:19] Fixed 2 duplicate /gene - lsrD_1 lsrD_2
[19:20:19] Fixed 3 duplicate /gene - tfaE_1 tfaE_2 tfaE_3
[19:20:19] Fixed 2 duplicate /gene - fliA_1 fliA_2
[19:20:19] Fixed 3 duplicate /gene - ptsG_1 ptsG_2 ptsG_3
[19:20:19] Fixed 2 duplicate /gene - fepC_1 fepC_2
[19:20:19] Fixed 2 duplicate /gene - cutD_1 cutD_2
[19:20:19] Fixed 2 duplicate /gene - dctM_1 dctM_2
[19:20:19] Fixed 2 duplicate /gene - dmsC_1 dmsC_2
[19:20:19] Fixed 2 duplicate /gene - lutA_1 lutA_2
[19:20:19] Fixed 2 duplicate /gene - yhcH_1 yhcH_2
[19:20:19] Fixed 3 duplicate /gene - symE_1 symE_2 symE_3
[19:20:19] Fixed 3 duplicate /gene - norR_1 norR_2 norR_3
[19:20:19] Fixed 2 duplicate /gene - ccmH_1 ccmH_2
[19:20:19] Fixed 2 duplicate /gene - fryA_1 fryA_2
[19:20:19] Fixed 2 duplicate /gene - fdhF_1 fdhF_2
[19:20:19] Fixed 2 duplicate /gene - exuT_1 exuT_2
[19:20:19] Fixed 4 duplicate /gene - arcC1_1 arcC1_2 arcC1_3 arcC1_4
[19:20:19] Fixed 2 duplicate /gene - dgoK1_1 dgoK1_2
[19:20:19] Fixed 2 duplicate /gene - sgrR_1 sgrR_2
[19:20:19] Fixed 2 duplicate /gene - yrdA_1 yrdA_2
[19:20:19] Fixed 2 duplicate /gene - mak_1 mak_2
[19:20:19] Fixed 2 duplicate /gene - ulaE_1 ulaE_2
[19:20:19] Fixed 2 duplicate /gene - focC_1 focC_2
[19:20:19] Fixed 2 duplicate /gene - yjcS_1 yjcS_2
[19:20:19] Fixed 2 duplicate /gene - ybbH_1 ybbH_2
[19:20:19] Fixed 2 duplicate /gene - sorB_1 sorB_2
[19:20:19] Fixed 2 duplicate /gene - frwD_1 frwD_2
[19:20:19] Fixed 2 duplicate /gene - hmuU_1 hmuU_2
[19:20:19] Fixed 2 duplicate /gene - fecD_1 fecD_2
[19:20:19] Fixed 5 duplicate /gene - dmlR_1 dmlR_2 dmlR_3 dmlR_4 dmlR_5
[19:20:19] Fixed 2 duplicate /gene - lptB_1 lptB_2
[19:20:19] Fixed 2 duplicate /gene - mipA_1 mipA_2
[19:20:19] Fixed 2 duplicate /gene - mdh_1 mdh_2
[19:20:19] Fixed 2 duplicate /gene - prs_1 prs_2
[19:20:19] Fixed 2 duplicate /gene - rtcA_1 rtcA_2
[19:20:19] Fixed 4 duplicate /gene - cbtA_1 cbtA_2 cbtA_3 cbtA_4
[19:20:19] Fixed 2 duplicate /gene - sacA_1 sacA_2
[19:20:19] Fixed 2 duplicate /gene - xdhA_1 xdhA_2
[19:20:19] Fixed 3 duplicate /gene - kduD_1 kduD_2 kduD_3
[19:20:19] Fixed 2 duplicate /gene - ftsA_1 ftsA_2
[19:20:19] Fixed 2 duplicate /gene - acrB_1 acrB_2
[19:20:19] Fixed 2 duplicate /gene - cntO_1 cntO_2
[19:20:19] Fixed 2 duplicate /gene - mtlA_1 mtlA_2
[19:20:19] Fixed 2 duplicate /gene - narL_1 narL_2
[19:20:19] Fixed 2 duplicate /gene - ulaB_1 ulaB_2
[19:20:19] Fixed 2 duplicate /gene - gatB_1 gatB_2
[19:20:19] Fixed 3 duplicate /gene - fruA_1 fruA_2 fruA_3
[19:20:19] Fixed 3 duplicate /gene - rbsK_1 rbsK_2 rbsK_3
[19:20:19] Fixed 2 duplicate /gene - coaA_1 coaA_2
[19:20:19] Fixed 2 duplicate /gene - oleD_1 oleD_2
[19:20:19] Fixed 2 duplicate /gene - argR_1 argR_2
[19:20:19] Fixed 2 duplicate /gene - fecC_1 fecC_2
[19:20:19] Fixed 2 duplicate /gene - rhtC_1 rhtC_2
[19:20:19] Fixed 2 duplicate /gene - trmH_1 trmH_2
[19:20:19] Fixed 2 duplicate /gene - leuC_1 leuC_2
[19:20:19] Fixed 2 duplicate /gene - yiaW_1 yiaW_2
[19:20:19] Fixed 2 duplicate /gene - fdnH_1 fdnH_2
[19:20:19] Fixed 2 duplicate /gene - btuB_1 btuB_2
[19:20:19] Fixed 3 duplicate /gene - cirA_1 cirA_2 cirA_3
[19:20:19] Fixed 2 duplicate /gene - cutC_1 cutC_2
[19:20:19] Fixed 2 duplicate /gene - osmY_1 osmY_2
[19:20:19] Fixed 2 duplicate /gene - lon_1 lon_2
[19:20:19] Fixed 3 duplicate /gene - der_1 der_2 der_3
[19:20:19] Fixed 2 duplicate /gene - mlc_1 mlc_2
[19:20:19] Fixed 2 duplicate /gene - aspT_1 aspT_2
[19:20:19] Fixed 2 duplicate /gene - gadX_1 gadX_2
[19:20:19] Fixed 2 duplicate /gene - gnsA_1 gnsA_2
[19:20:19] Fixed 2 duplicate /gene - yvgN_1 yvgN_2
[19:20:19] Fixed 2 duplicate /gene - aaeB_1 aaeB_2
[19:20:19] Fixed 2 duplicate /gene - gntK_1 gntK_2
[19:20:19] Fixed 2 duplicate /gene - ydeO_1 ydeO_2
[19:20:19] Fixed 2 duplicate /gene - nanE_1 nanE_2
[19:20:19] Fixed 4 duplicate /gene - cbeA_1 cbeA_2 cbeA_3 cbeA_4
[19:20:19] Fixed 3 duplicate /gene - lldR_1 lldR_2 lldR_3
[19:20:19] Fixed 2 duplicate /gene - idnT_1 idnT_2
[19:20:19] Fixed 2 duplicate /gene - lpfA_1 lpfA_2
[19:20:19] Fixed 2 duplicate /gene - gltC_1 gltC_2
[19:20:19] Fixed 2 duplicate /gene - melR_1 melR_2
[19:20:19] Fixed 2 duplicate /gene - rrrD_1 rrrD_2
[19:20:19] Fixed 2 duplicate /gene - fixB_1 fixB_2
[19:20:19] Fixed 2 duplicate /gene - emrB_1 emrB_2
[19:20:19] Fixed 2 duplicate /gene - yphB_1 yphB_2
[19:20:19] Fixed 2 duplicate /gene - caiT_1 caiT_2
[19:20:19] Fixed 2 duplicate /gene - intA_1 intA_2
[19:20:19] Fixed 2 duplicate /gene - arcC2_1 arcC2_2
[19:20:19] Fixed 2 duplicate /gene - rspA_1 rspA_2
[19:20:19] Fixed 2 duplicate /gene - gspK_1 gspK_2
[19:20:19] Fixed 5 duplicate /gene - rhaS_1 rhaS_2 rhaS_3 rhaS_4 rhaS_5
[19:20:19] Fixed 2 duplicate /gene - ytfJ_1 ytfJ_2
[19:20:19] Fixed 2 duplicate /gene - ubiJ_1 ubiJ_2
[19:20:19] Fixed 3 duplicate /gene - hcaR_1 hcaR_2 hcaR_3
[19:20:19] Fixed 3 duplicate /gene - yicJ_1 yicJ_2 yicJ_3
[19:20:19] Fixed 3 duplicate /gene - bhsA_1 bhsA_2 bhsA_3
[19:20:19] Fixed 2 duplicate /gene - bioF_1 bioF_2
[19:20:19] Fixed 2 duplicate /gene - lolD_1 lolD_2
[19:20:19] Fixed 2 duplicate /gene - clpV1_1 clpV1_2
[19:20:19] Fixed 2 duplicate /gene - fimH_1 fimH_2
[19:20:19] Fixed 2 duplicate /gene - fecA_1 fecA_2
[19:20:19] Fixed 2 duplicate /gene - kbaY_1 kbaY_2
[19:20:19] Fixed 2 duplicate /gene - fiu_1 fiu_2
[19:20:19] Fixed 4 duplicate /gene - xerC_1 xerC_2 xerC_3 xerC_4
[19:20:19] Fixed 2 duplicate /gene - agaC_1 agaC_2
[19:20:19] Fixed 2 duplicate /gene - nhaK_1 nhaK_2
[19:20:19] Fixed 2 duplicate /gene - topA_1 topA_2
[19:20:19] Fixed 2 duplicate /gene - dcuD_1 dcuD_2
[19:20:19] Fixed 2 duplicate /gene - dnaK_1 dnaK_2
[19:20:19] Fixed 2 duplicate /gene - ydhX_1 ydhX_2
[19:20:19] Fixed 2 duplicate /gene - mprA_1 mprA_2
[19:20:19] Fixed 3 duplicate /gene - crfC_1 crfC_2 crfC_3
[19:20:19] Fixed 3 duplicate /gene - ygcS_1 ygcS_2 ygcS_3
[19:20:19] Fixed 2 duplicate /gene - ftnA_1 ftnA_2
[19:20:19] Fixed 3 duplicate /gene - higB-2_1 higB-2_2 higB-2_3
[19:20:19] Fixed 2 duplicate /gene - abaF_1 abaF_2
[19:20:19] Fixed 2 duplicate /gene - prfA_1 prfA_2
[19:20:19] Fixed 2 duplicate /gene - fepA_1 fepA_2
[19:20:19] Fixed 2 duplicate /gene - kdgK_1 kdgK_2
[19:20:19] Fixed 3 duplicate /gene - por_1 por_2 por_3
[19:20:19] Fixed 2 duplicate /gene - fdoG_1 fdoG_2
[19:20:19] Fixed 2 duplicate /gene - lapB_1 lapB_2
[19:20:19] Fixed 2 duplicate /gene - bglF_1 bglF_2
[19:20:19] Fixed 2 duplicate /gene - deoB_1 deoB_2
[19:20:19] Fixed 3 duplicate /gene - ydcV_1 ydcV_2 ydcV_3
[19:20:19] Fixed 2 duplicate /gene - rob_1 rob_2
[19:20:19] Fixed 2 duplicate /gene - erfK_1 erfK_2
[19:20:19] Fixed 2 duplicate /gene - dgoA_1 dgoA_2
[19:20:19] Fixed 2 duplicate /gene - yggP_1 yggP_2
[19:20:19] Fixed 2 duplicate /gene - cysE_1 cysE_2
[19:20:19] Fixed 3 duplicate /gene - tdh_1 tdh_2 tdh_3
[19:20:19] Fixed 2 duplicate /gene - glmU_1 glmU_2
[19:20:19] Fixed 2 duplicate /gene - epsE_1 epsE_2
[19:20:19] Fixed 2 duplicate /gene - ydgA_1 ydgA_2
[19:20:19] Fixed 2 duplicate /gene - fecR_1 fecR_2
[19:20:19] Fixed 2 duplicate /gene - clpP_1 clpP_2
[19:20:19] Fixed 3 duplicate /gene - hokE_1 hokE_2 hokE_3
[19:20:19] Fixed 2 duplicate /gene - COQ5_1 COQ5_2
[19:20:19] Fixed 2 duplicate /gene - sapB_1 sapB_2
[19:20:19] Fixed 3 duplicate /gene - fimA_1 fimA_2 fimA_3
[19:20:19] Fixed 2 duplicate /gene - mepS_1 mepS_2
[19:20:19] Fixed 2 duplicate /gene - fryB_1 fryB_2
[19:20:19] Fixed 2 duplicate /gene - dinI_1 dinI_2
[19:20:19] Fixed 2 duplicate /gene - fimG_1 fimG_2
[19:20:19] Fixed 2 duplicate /gene - psuK_1 psuK_2
[19:20:19] Fixed 2 duplicate /gene - acrR_1 acrR_2
[19:20:19] Fixed 2 duplicate /gene - cdiA_1 cdiA_2
[19:20:19] Fixed 4 duplicate /gene - fdrA_1 fdrA_2 fdrA_3 fdrA_4
[19:20:19] Fixed 2 duplicate /gene - hflC_1 hflC_2
[19:20:19] Fixed 2 duplicate /gene - codB_1 codB_2
[19:20:19] Fixed 2 duplicate /gene - elfC_1 elfC_2
[19:20:19] Fixed 2 duplicate /gene - ttdT_1 ttdT_2
[19:20:19] Fixed 2 duplicate /gene - lptG_1 lptG_2
[19:20:19] Fixed 2 duplicate /gene - pncC_1 pncC_2
[19:20:19] Fixed 2 duplicate /gene - hemR_1 hemR_2
[19:20:19] Fixed 2 duplicate /gene - malY_1 malY_2
[19:20:19] Fixed 2 duplicate /gene - fecI_1 fecI_2
[19:20:19] Fixed 5 duplicate /gene - srlR_1 srlR_2 srlR_3 srlR_4 srlR_5
[19:20:19] Fixed 2 duplicate /gene - rlhA_1 rlhA_2
[19:20:19] Fixed 2 duplicate /gene - betI_1 betI_2
[19:20:19] Fixed 4 duplicate /gene - gntR_1 gntR_2 gntR_3 gntR_4
[19:20:19] Fixed 2 duplicate /gene - ugpB_1 ugpB_2
[19:20:19] Fixed 2 duplicate /gene - opgE_1 opgE_2
[19:20:19] Fixed 2 duplicate /gene - epsF_1 epsF_2
[19:20:19] Fixed 3 duplicate /gene - rbsC_1 rbsC_2 rbsC_3
[19:20:19] Fixed 2 duplicate /gene - yhhT_1 yhhT_2
[19:20:19] Fixed 2 duplicate /gene - acs_1 acs_2
[19:20:19] Fixed 2 duplicate /gene - ulaA_1 ulaA_2
[19:20:19] Fixed 2 duplicate /gene - dadA_1 dadA_2
[19:20:19] Fixed 2 duplicate /gene - flhA_1 flhA_2
[19:20:19] Fixed 2 duplicate /gene - chuR_1 chuR_2
[19:20:19] Fixed 2 duplicate /gene - papC_1 papC_2
[19:20:19] Fixed 2 duplicate /gene - kdgR_1 kdgR_2
[19:20:19] Fixed 2 duplicate /gene - gspA_1 gspA_2
[19:20:19] Fixed 2 duplicate /gene - glpG_1 glpG_2
[19:20:19] Fixed 2 duplicate /gene - ydiF_1 ydiF_2
[19:20:19] Fixed 2 duplicate /gene - sbmC_1 sbmC_2
[19:20:19] Fixed 2 duplicate /gene - rtcB_1 rtcB_2
[19:20:19] Fixed 2 duplicate /gene - tktA_1 tktA_2
[19:20:19] Fixed 2 duplicate /gene - slp_1 slp_2
[19:20:19] Fixed 2 duplicate /gene - pal_1 pal_2
[19:20:19] Fixed 2 duplicate /gene - fucA_1 fucA_2
[19:20:19] Fixed 4 duplicate /gene - yahB_1 yahB_2 yahB_3 yahB_4
[19:20:19] Fixed 2 duplicate /gene - tmk_1 tmk_2
[19:20:19] Fixed 2 duplicate /gene - malP_1 malP_2
[19:20:19] Fixed 2 duplicate /gene - pdeI_1 pdeI_2
[19:20:19] Fixed 2 duplicate /gene - kefC_1 kefC_2
[19:20:19] Fixed 2 duplicate /gene - oxyR_1 oxyR_2
[19:20:19] Fixed 2 duplicate /gene - rusA_1 rusA_2
[19:20:19] Fixed 5 duplicate /gene - klcA_1 klcA_2 klcA_3 klcA_4 klcA_5
[19:20:19] Fixed 2 duplicate /gene - cusC_1 cusC_2
[19:20:19] Fixed 2 duplicate /gene - purR_1 purR_2
[19:20:19] Fixed 2 duplicate /gene - argE_1 argE_2
[19:20:19] Fixed 2 duplicate /gene - ccmF_1 ccmF_2
[19:20:19] Fixed 2 duplicate /gene - rutB_1 rutB_2
[19:20:19] Fixed 3 duplicate /gene - cynR_1 cynR_2 cynR_3
[19:20:19] Fixed 2 duplicate /gene - mltA_1 mltA_2
[19:20:19] Fixed 2 duplicate /gene - lsrK_1 lsrK_2
[19:20:19] Fixed 2 duplicate /gene - dgcQ_1 dgcQ_2
[19:20:19] Fixed 2 duplicate /gene - srmB_1 srmB_2
[19:20:19] Fixed 270 colliding /gene names.
[19:20:19] Adding /locus_tag identifiers
[19:20:19] Assigned 4714 locus_tags to CDS and RNA features.
[19:20:19] Writing outputs to /mnt/c/Users/migue/OneDrive/Ambiente de Trabalho/Prokka_GCF_003095635/
[19:20:28] Generating annotation statistics file
[19:20:28] Generating Genbank and Sequin files
[19:20:28] Running: tbl2asn -V b -a r10k -l paired-ends -M n -N 1 -y 'Annotated using prokka 1.14.6 from https://github.com/tseemann/prokka' -Z \/mnt\/c\/Users\/migue\/OneDrive\/Ambiente\ de\ Trabalho\/Prokka_GCF_003095635\/Prokka_GCF_003095635\.err -i \/mnt\/c\/Users\/migue\/OneDrive\/Ambiente\ de\ Trabalho\/Prokka_GCF_003095635\/Prokka_GCF_003095635\.fsa 2> /dev/null
[19:20:37] Deleting unwanted file: /mnt/c/Users/migue/OneDrive/Ambiente de Trabalho/Prokka_GCF_003095635/errorsummary.val
[19:20:37] Deleting unwanted file: /mnt/c/Users/migue/OneDrive/Ambiente de Trabalho/Prokka_GCF_003095635/Prokka_GCF_003095635.dr
[19:20:37] Deleting unwanted file: /mnt/c/Users/migue/OneDrive/Ambiente de Trabalho/Prokka_GCF_003095635/Prokka_GCF_003095635.fixedproducts
[19:20:37] Deleting unwanted file: /mnt/c/Users/migue/OneDrive/Ambiente de Trabalho/Prokka_GCF_003095635/Prokka_GCF_003095635.ecn
[19:20:37] Deleting unwanted file: /mnt/c/Users/migue/OneDrive/Ambiente de Trabalho/Prokka_GCF_003095635/Prokka_GCF_003095635.val
[19:20:37] Repairing broken .GBK output that tbl2asn produces...
[19:20:37] Running: sed 's/COORDINATES: profile/COORDINATES:profile/' < \/mnt\/c\/Users\/migue\/OneDrive\/Ambiente\ de\ Trabalho\/Prokka_GCF_003095635\/Prokka_GCF_003095635\.gbf > \/mnt\/c\/Users\/migue\/OneDrive\/Ambiente\ de\ Trabalho\/Prokka_GCF_003095635\/Prokka_GCF_003095635\.gbk
[19:20:38] Deleting unwanted file: /mnt/c/Users/migue/OneDrive/Ambiente de Trabalho/Prokka_GCF_003095635/Prokka_GCF_003095635.gbf
[19:20:38] Output files:
[19:20:38] /mnt/c/Users/migue/OneDrive/Ambiente de Trabalho/Prokka_GCF_003095635/Prokka_GCF_003095635.err
[19:20:38] /mnt/c/Users/migue/OneDrive/Ambiente de Trabalho/Prokka_GCF_003095635/Prokka_GCF_003095635.faa
[19:20:38] /mnt/c/Users/migue/OneDrive/Ambiente de Trabalho/Prokka_GCF_003095635/Prokka_GCF_003095635.ffn
[19:20:38] /mnt/c/Users/migue/OneDrive/Ambiente de Trabalho/Prokka_GCF_003095635/Prokka_GCF_003095635.fna
[19:20:38] /mnt/c/Users/migue/OneDrive/Ambiente de Trabalho/Prokka_GCF_003095635/Prokka_GCF_003095635.fsa
[19:20:38] /mnt/c/Users/migue/OneDrive/Ambiente de Trabalho/Prokka_GCF_003095635/Prokka_GCF_003095635.gbk
[19:20:38] /mnt/c/Users/migue/OneDrive/Ambiente de Trabalho/Prokka_GCF_003095635/Prokka_GCF_003095635.gff
[19:20:38] /mnt/c/Users/migue/OneDrive/Ambiente de Trabalho/Prokka_GCF_003095635/Prokka_GCF_003095635.log
[19:20:38] /mnt/c/Users/migue/OneDrive/Ambiente de Trabalho/Prokka_GCF_003095635/Prokka_GCF_003095635.sqn
[19:20:38] /mnt/c/Users/migue/OneDrive/Ambiente de Trabalho/Prokka_GCF_003095635/Prokka_GCF_003095635.tbl
[19:20:38] /mnt/c/Users/migue/OneDrive/Ambiente de Trabalho/Prokka_GCF_003095635/Prokka_GCF_003095635.tsv
[19:20:38] /mnt/c/Users/migue/OneDrive/Ambiente de Trabalho/Prokka_GCF_003095635/Prokka_GCF_003095635.txt
[19:20:38] Annotation finished successfully.
[19:20:38] Walltime used: 2.10 minutes
[19:20:38] If you use this result please cite the Prokka paper:
[19:20:38] Seemann T (2014) Prokka: rapid prokaryotic genome annotation. Bioinformatics. 30(14):2068-9.
[19:20:38] Type 'prokka --citation' for more details.
[19:20:38] Thank you, come again.
