[17:41:09] This is prokka 1.14.6
[17:41:09] Written by Torsten Seemann <torsten.seemann@gmail.com>
[17:41:09] Homepage is https://github.com/tseemann/prokka
[17:41:09] Local time is Sun Jan  5 17:41:09 2025
[17:41:09] You are miguelbalexandre
[17:41:09] Operating system is linux
[17:41:09] You have BioPerl 1.7.8
[17:41:09] System has 16 cores.
[17:41:09] Will use maximum of 8 cores.
[17:41:09] Annotating as >>> Bacteria <<<
[17:41:09] Generating locus_tag from '/mnt/c/Users/migue/Downloads/Dados_Prokka/GCF_008462425.fasta' contents.
[17:41:09] Setting --locustag GPEBMMHM from MD5 09eb6616e2a8d15a45672f5bd6300d59
[17:41:09] Creating new output folder: /mnt/c/Users/migue/OneDrive/Ambiente de Trabalho/Prokka_GCF_008462425
[17:41:09] Running: mkdir -p \/mnt\/c\/Users\/migue\/OneDrive\/Ambiente\ de\ Trabalho\/Prokka_GCF_008462425
[17:41:09] Using filename prefix: Prokka_GCF_008462425.XXX
[17:41:09] Setting HMMER_NCPU=1
[17:41:09] Writing log to: /mnt/c/Users/migue/OneDrive/Ambiente de Trabalho/Prokka_GCF_008462425/Prokka_GCF_008462425.log
[17:41:09] Command: /home/miguelbalexandre/miniconda3/envs/prokka_env/bin/prokka --outdir /mnt/c/Users/migue/OneDrive/Ambiente de Trabalho/Prokka_GCF_008462425 --prefix Prokka_GCF_008462425 /mnt/c/Users/migue/Downloads/Dados_Prokka/GCF_008462425.fasta
[17:41:09] Appending to PATH: /home/miguelbalexandre/miniconda3/envs/prokka_env/bin
[17:41:09] Looking for 'aragorn' - found /home/miguelbalexandre/miniconda3/envs/prokka_env/bin/aragorn
[17:41:09] Determined aragorn version is 001002 from 'ARAGORN v1.2.41 Dean Laslett'
[17:41:09] Looking for 'barrnap' - found /home/miguelbalexandre/miniconda3/envs/prokka_env/bin/barrnap
[17:41:10] Determined barrnap version is 000009 from 'barrnap 0.9'
[17:41:10] Looking for 'blastp' - found /home/miguelbalexandre/miniconda3/envs/prokka_env/bin/blastp
[17:41:10] Determined blastp version is 002016 from 'blastp: 2.16.0+'
[17:41:10] Looking for 'cmpress' - found /home/miguelbalexandre/miniconda3/envs/prokka_env/bin/cmpress
[17:41:10] Determined cmpress version is 001001 from '# INFERNAL 1.1.5 (Sep 2023)'
[17:41:10] Looking for 'cmscan' - found /home/miguelbalexandre/miniconda3/envs/prokka_env/bin/cmscan
[17:41:10] Determined cmscan version is 001001 from '# INFERNAL 1.1.5 (Sep 2023)'
[17:41:10] Looking for 'egrep' - found /usr/bin/egrep
[17:41:10] Looking for 'find' - found /usr/bin/find
[17:41:10] Looking for 'grep' - found /usr/bin/grep
[17:41:10] Looking for 'hmmpress' - found /home/miguelbalexandre/miniconda3/envs/prokka_env/bin/hmmpress
[17:41:10] Determined hmmpress version is 003004 from '# HMMER 3.4 (Aug 2023); http://hmmer.org/'
[17:41:10] Looking for 'hmmscan' - found /home/miguelbalexandre/miniconda3/envs/prokka_env/bin/hmmscan
[17:41:10] Determined hmmscan version is 003004 from '# HMMER 3.4 (Aug 2023); http://hmmer.org/'
[17:41:10] Looking for 'java' - found /home/miguelbalexandre/miniconda3/envs/prokka_env/bin/java
[17:41:10] Looking for 'makeblastdb' - found /home/miguelbalexandre/miniconda3/envs/prokka_env/bin/makeblastdb
[17:41:10] Determined makeblastdb version is 002016 from 'makeblastdb: 2.16.0+'
[17:41:10] Looking for 'minced' - found /home/miguelbalexandre/miniconda3/envs/prokka_env/bin/minced
[17:41:10] Determined minced version is 004002 from 'minced 0.4.2'
[17:41:10] Looking for 'parallel' - found /home/miguelbalexandre/miniconda3/envs/prokka_env/bin/parallel
[17:41:10] Determined parallel version is 20241122 from 'GNU parallel 20241122'
[17:41:10] Looking for 'prodigal' - found /home/miguelbalexandre/miniconda3/envs/prokka_env/bin/prodigal
[17:41:10] Determined prodigal version is 002006 from 'Prodigal V2.6.3: February, 2016'
[17:41:10] Looking for 'prokka-genbank_to_fasta_db' - found /home/miguelbalexandre/miniconda3/envs/prokka_env/bin/prokka-genbank_to_fasta_db
[17:41:10] Looking for 'sed' - found /usr/bin/sed
[17:41:10] Looking for 'tbl2asn' - found /home/miguelbalexandre/miniconda3/envs/prokka_env/bin/tbl2asn
[17:41:10] Determined tbl2asn version is 025007 from 'tbl2asn 25.7   arguments:'
[17:41:10] Using genetic code table 11.
[17:41:10] Loading and checking input file: /mnt/c/Users/migue/Downloads/Dados_Prokka/GCF_008462425.fasta
[17:41:10] Wrote 1 contigs totalling 5444610 bp.
[17:41:10] Predicting tRNAs and tmRNAs
[17:41:10] Running: aragorn -l -gc11  -w \/mnt\/c\/Users\/migue\/OneDrive\/Ambiente\ de\ Trabalho\/Prokka_GCF_008462425\/Prokka_GCF_008462425\.fna
[17:41:12] 1 tRNA-Val c[217522,217598] 35 (gac)
[17:41:12] 2 tRNA-Val c[217603,217679] 35 (gac)
[17:41:12] 3 tRNA-Met [323090,323165] 34 (cat)
[17:41:12] 4 tRNA-Arg [323173,323249] 35 (tcg)
[17:41:12] 5 tRNA-Arg [323263,323339] 35 (tct)
[17:41:12] 6 tRNA-Arg c[688721,688797] 35 (tct)
[17:41:12] 7 tRNA-Met c[688898,688973] 34 (cat)
[17:41:12] 8 tRNA-Arg c[735434,735510] 35 (tct)
[17:41:12] 9 tRNA-Met c[735591,735666] 34 (cat)
[17:41:12] 10 tRNA-Tyr [777027,777111] 35 (gta)
[17:41:12] 11 tRNA-Tyr [777321,777405] 35 (gta)
[17:41:12] 12 tRNA-Ser [1048133,1048220] 35 (gga)
[17:41:12] 13 tRNA-Ser [1145143,1145230] 35 (tga)
[17:41:12] 14 tRNA-Arg c[1176301,1176377] 35 (tct)
[17:41:12] 15 tRNA-Arg c[1176391,1176467] 35 (tcg)
[17:41:12] 16 tRNA-Met c[1176475,1176550] 34 (cat)
[17:41:12] 17 tRNA-Ser [1298919,1299006] 35 (gga)
[17:41:12] 18 tRNA-Lys c[1559913,1559988] 34 (ttt)
[17:41:12] 19 tRNA-Lys c[1560135,1560210] 34 (ttt)
[17:41:12] 20 tRNA-Val c[1560214,1560289] 34 (tac)
[17:41:12] 21 tRNA-Lys c[1560341,1560416] 34 (ttt)
[17:41:12] 22 tRNA-Val c[1560419,1560494] 34 (tac)
[17:41:12] 23 tRNA-Lys c[1560530,1560605] 34 (ttt)
[17:41:12] 24 tRNA-Met [1649631,1649707] 35 (cat)
[17:41:12] 25 tRNA-Leu [1649718,1649802] 35 (tag)
[17:41:12] 26 tRNA-Gln [1649826,1649900] 33 (ttg)
[17:41:12] 27 tRNA-Gln [1649935,1650009] 33 (ttg)
[17:41:12] 28 tRNA-Met [1650025,1650101] 35 (cat)
[17:41:12] 29 tRNA-Gln [1650150,1650224] 33 (ctg)
[17:41:12] 30 tRNA-Gln [1650262,1650336] 33 (ctg)
[17:41:12] 31 tRNA-Arg c[1769669,1769745] 35 (tct)
[17:41:12] 32 tRNA-Ser c[2024509,2024589] 38 (gga)
[17:41:12] 33 tRNA-Thr c[2127853,2127928] 34 (cgt)
[17:41:12] 34 tRNA-Asp c[2189900,2189976] 35 (gtc)
[17:41:12] 35 tRNA-Asp c[2198124,2198200] 35 (gtc)
[17:41:12] 36 tRNA-Ala c[2201547,2201622] 34 (tgc)
[17:41:12] 37 tRNA-Ile c[2201665,2201741] 35 (gat)
[17:41:12] 38 tRNA-Leu [2464375,2464461] 35 (cag)
[17:41:12] 39 tRNA-Leu c[2571574,2571658] 35 (caa)
[17:41:12] 40 tRNA-Gly c[2672238,2672313] 34 (gcc)
[17:41:12] 41 tRNA-Gly c[2672349,2672424] 34 (gcc)
[17:41:12] 42 tRNA-Gly c[2672461,2672536] 34 (gcc)
[17:41:12] 43 tRNA-Phe [2701544,2701619] 34 (gaa)
[17:41:12] 44 tRNA-Glu c[2872059,2872134] 35 (ttc)
[17:41:12] 45 tRNA-Thr c[2905868,2905943] 34 (ggt)
[17:41:12] 46 tRNA-Gly c[2905950,2906024] 34 (tcc)
[17:41:12] 47 tRNA-Tyr c[2906141,2906225] 35 (gta)
[17:41:12] 48 tRNA-Thr c[2906234,2906309] 34 (tgt)
[17:41:12] 49 tRNA-Glu c[2913083,2913158] 35 (ttc)
[17:41:12] 50 tRNA-Ala c[3057250,3057325] 34 (tgc)
[17:41:12] 51 tRNA-Ile c[3057368,3057444] 35 (gat)
[17:41:12] 52 tRNA-Pro c[3114277,3114353] 35 (tgg)
[17:41:12] 53 tRNA-Leu c[3114396,3114482] 35 (cag)
[17:41:12] 54 tRNA-Pro c[3114505,3114579] 35 (tgg)
[17:41:12] 55 tRNA-Leu c[3114622,3114708] 35 (cag)
[17:41:12] 56 tRNA-His c[3114729,3114804] 34 (gtg)
[17:41:12] 57 tRNA-Arg c[3114863,3114939] 35 (ccg)
[17:41:12] 58 tRNA-Trp c[3150244,3150319] 34 (cca)
[17:41:12] 59 tRNA-Asp c[3150328,3150404] 35 (gtc)
[17:41:12] 60 tRNA-Glu c[3153766,3153841] 35 (ttc)
[17:41:12] 61 tRNA-SeC c[3309857,3309951] 35 (tca)
[17:41:12] 62 tRNA-Pro [3440181,3440257] 35 (cgg)
[17:41:12] 63 tRNA-Ile [3728531,3728607] 35 (gat)
[17:41:12] 64 tRNA-Ala [3728650,3728725] 34 (tgc)
[17:41:12] 65 tRNA-Thr [3732035,3732110] 34 (ggt)
[17:41:12] 66 tRNA-Leu [3826039,3826125] 35 (gag)
[17:41:12] 67 tRNA-Met [3829908,3829984] 35 (cat)
[17:41:12] 68 tRNA-Met [3942001,3942076] 34 (cat)
[17:41:12] 69 tRNA-Phe c[4038579,4038654] 34 (gaa)
[17:41:12] 70 tRNA-Gly [4153254,4153327] 33 (ccc)
[17:41:12] 71 tRNA-Met c[4220558,4220634] 35 (cat)
[17:41:12] 72 tRNA-Met c[4220668,4220744] 35 (cat)
[17:41:12] 73 tRNA-Met c[4220778,4220854] 35 (cat)
[17:41:12] 74 tRNA-Ser [4348268,4348360] 35 (gct)
[17:41:12] 75 tRNA-Arg [4348364,4348440] 35 (acg)
[17:41:12] 76 tRNA-Arg [4348505,4348581] 35 (acg)
[17:41:12] 77 tRNA-Arg [4348644,4348720] 35 (acg)
[17:41:12] 78 tRNA-Arg [4348823,4348899] 35 (acg)
[17:41:12] 79 tRNA-Met [4382819,4382894] 34 (cat)
[17:41:12] 80 tmRNA c[4413542,4413904] 90,125 ANNENYALAA**
[17:41:12] 81 tRNA-Glu [4439857,4439932] 35 (ttc)
[17:41:12] 82 tRNA-Lys c[4639647,4639722] 34 (ttt)
[17:41:12] 83 tRNA-Val c[4639727,4639802] 34 (tac)
[17:41:12] 84 tRNA-Val c[4639849,4639924] 34 (tac)
[17:41:12] 85 tRNA-Val c[4639969,4640044] 34 (tac)
[17:41:12] 86 tRNA-Ala [4644491,4644566] 34 (ggc)
[17:41:12] 87 tRNA-Ala [4644606,4644681] 34 (ggc)
[17:41:12] 88 tRNA-Arg c[4697772,4697846] 34 (cct)
[17:41:12] 89 tRNA-Pro c[4870052,4870128] 35 (ggg)
[17:41:12] 90 tRNA-Met [4965959,4966034] 34 (cat)
[17:41:12] 91 tRNA-Arg [4966044,4966120] 35 (tcg)
[17:41:12] 92 tRNA-Arg [4966134,4966210] 35 (tct)
[17:41:12] 93 tRNA-Met [5172356,5172431] 34 (cat)
[17:41:12] 94 tRNA-Arg [5172433,5172509] 35 (tcg)
[17:41:12] 95 tRNA-Arg [5172523,5172599] 35 (tct)
[17:41:12] 96 tRNA-Asn c[5229190,5229265] 34 (gtt)
[17:41:12] 97 tRNA-Asn c[5231598,5231673] 34 (gtt)
[17:41:12] 98 tRNA-Asn [5233422,5233497] 34 (gtt)
[17:41:12] 99 tRNA-Asn c[5247802,5247877] 34 (gtt)
[17:41:12] 100 tRNA-Ser [5248869,5248958] 35 (cga)
[17:41:12] 101 tRNA-Met [5262988,5263063] 34 (cat)
[17:41:12] 102 tRNA-Arg [5263071,5263147] 35 (tcg)
[17:41:12] 103 tRNA-Arg [5263161,5263237] 35 (tct)
[17:41:12] 104 tRNA-Gly [5346440,5346515] 34 (gcc)
[17:41:12] 105 tRNA-Cys [5346569,5346642] 33 (gca)
[17:41:12] 106 tRNA-Leu [5346655,5346741] 35 (taa)
[17:41:12] 107 tRNA-Arg [5423114,5423190] 35 (tcg)
[17:41:12] 108 tRNA-Arg [5423204,5423280] 35 (tct)
[17:41:12] Found 108 tRNAs
[17:41:12] Predicting Ribosomal RNAs
[17:41:12] Running Barrnap with 8 threads
[17:41:15] 1 NZ_CP043539.1 2198258 5S ribosomal RNA
[17:41:15] 2 NZ_CP043539.1 2198466 23S ribosomal RNA
[17:41:15] 3 NZ_CP043539.1 2201811 16S ribosomal RNA
[17:41:15] 4 NZ_CP043539.1 2868756 5S ribosomal RNA
[17:41:15] 5 NZ_CP043539.1 2868964 23S ribosomal RNA
[17:41:15] 6 NZ_CP043539.1 2872221 16S ribosomal RNA
[17:41:15] 7 NZ_CP043539.1 2909780 5S ribosomal RNA
[17:41:15] 8 NZ_CP043539.1 2909988 23S ribosomal RNA
[17:41:15] 9 NZ_CP043539.1 2913245 16S ribosomal RNA
[17:41:15] 10 NZ_CP043539.1 3053957 5S ribosomal RNA
[17:41:15] 11 NZ_CP043539.1 3054165 23S ribosomal RNA
[17:41:15] 12 NZ_CP043539.1 3057514 16S ribosomal RNA
[17:41:15] 13 NZ_CP043539.1 3150462 5S ribosomal RNA
[17:41:15] 14 NZ_CP043539.1 3150670 23S ribosomal RNA
[17:41:15] 15 NZ_CP043539.1 3153928 16S ribosomal RNA
[17:41:15] 16 NZ_CP043539.1 3726925 16S ribosomal RNA
[17:41:15] 17 NZ_CP043539.1 3728911 23S ribosomal RNA
[17:41:15] 18 NZ_CP043539.1 3731907 5S ribosomal RNA
[17:41:15] 19 NZ_CP043539.1 3732152 5S ribosomal RNA
[17:41:15] 20 NZ_CP043539.1 4438233 16S ribosomal RNA
[17:41:15] 21 NZ_CP043539.1 4440128 23S ribosomal RNA
[17:41:15] 22 NZ_CP043539.1 4443125 5S ribosomal RNA
[17:41:15] Found 22 rRNAs
[17:41:15] Skipping ncRNA search, enable with --rfam if desired.
[17:41:15] Total of 129 tRNA + rRNA features
[17:41:15] Searching for CRISPR repeats
[17:41:15] CRISPR1 NZ_CP043539.1 4292198 with 4 spacers
[17:41:15] Found 1 CRISPRs
[17:41:15] Predicting coding sequences
[17:41:15] Contigs total 5444610 bp, so using single mode
[17:41:15] Running: prodigal -i \/mnt\/c\/Users\/migue\/OneDrive\/Ambiente\ de\ Trabalho\/Prokka_GCF_008462425\/Prokka_GCF_008462425\.fna -c -m -g 11 -p single -f sco -q
[17:41:21] Excluding CDS which overlaps existing RNA (tRNA) at NZ_CP043539.1:777018..777584 on - strand
[17:41:22] Excluding CDS which overlaps existing RNA (rRNA) at NZ_CP043539.1:2201910..2202164 on - strand
[17:41:23] Excluding CDS which overlaps existing RNA (rRNA) at NZ_CP043539.1:2872320..2872574 on - strand
[17:41:23] Excluding CDS which overlaps existing RNA (rRNA) at NZ_CP043539.1:2913344..2913598 on - strand
[17:41:23] Excluding CDS which overlaps existing RNA (rRNA) at NZ_CP043539.1:3057613..3057867 on - strand
[17:41:23] Excluding CDS which overlaps existing RNA (rRNA) at NZ_CP043539.1:3154027..3154281 on - strand
[17:41:23] Excluding CDS which overlaps existing RNA (rRNA) at NZ_CP043539.1:3728108..3728362 on + strand
[17:41:23] Excluding CDS which overlaps existing RNA (tRNA) at NZ_CP043539.1:3731915..3732187 on - strand
[17:41:24] Excluding CDS which overlaps existing RNA (tRNA) at NZ_CP043539.1:4348071..4348718 on - strand
[17:41:24] Excluding CDS which overlaps existing RNA (rRNA) at NZ_CP043539.1:4439417..4439671 on + strand
[17:41:25] Excluding CDS which overlaps existing RNA (tRNA) at NZ_CP043539.1:5346688..5346939 on - strand
[17:41:25] Excluding CDS which overlaps existing RNA (tRNA) at NZ_CP043539.1:5423210..5423560 on - strand
[17:41:25] Found 5250 CDS
[17:41:25] Connecting features back to sequences
[17:41:25] Not using genus-specific database. Try --usegenus to enable it.
[17:41:25] Annotating CDS, please be patient.
[17:41:25] Will use 8 CPUs for similarity searching.
[17:41:29] There are still 5250 unannotated CDS left (started with 5250)
[17:41:29] Will use blast to search against /home/miguelbalexandre/miniconda3/envs/prokka_env/db/kingdom/Bacteria/IS with 8 CPUs
[17:41:29] Running: cat \/mnt\/c\/Users\/migue\/OneDrive\/Ambiente\ de\ Trabalho\/Prokka_GCF_008462425\/Prokka_GCF_008462425\.IS\.tmp\.11965\.faa | parallel --gnu --plain -j 8 --block 101211 --recstart '>' --pipe blastp -query - -db /home/miguelbalexandre/miniconda3/envs/prokka_env/db/kingdom/Bacteria/IS -evalue 1e-30 -qcov_hsp_perc 90 -num_threads 1 -num_descriptions 1 -num_alignments 1 -seg no > \/mnt\/c\/Users\/migue\/OneDrive\/Ambiente\ de\ Trabalho\/Prokka_GCF_008462425\/Prokka_GCF_008462425\.IS\.tmp\.11965\.blast 2> /dev/null
[17:41:39] Deleting unwanted file: /mnt/c/Users/migue/OneDrive/Ambiente de Trabalho/Prokka_GCF_008462425/Prokka_GCF_008462425.IS.tmp.11965.faa
[17:41:39] Deleting unwanted file: /mnt/c/Users/migue/OneDrive/Ambiente de Trabalho/Prokka_GCF_008462425/Prokka_GCF_008462425.IS.tmp.11965.blast
[17:41:43] There are still 5176 unannotated CDS left (started with 5250)
[17:41:43] Will use blast to search against /home/miguelbalexandre/miniconda3/envs/prokka_env/db/kingdom/Bacteria/AMR with 8 CPUs
[17:41:43] Running: cat \/mnt\/c\/Users\/migue\/OneDrive\/Ambiente\ de\ Trabalho\/Prokka_GCF_008462425\/Prokka_GCF_008462425\.AMR\.tmp\.11965\.faa | parallel --gnu --plain -j 8 --block 99950 --recstart '>' --pipe blastp -query - -db /home/miguelbalexandre/miniconda3/envs/prokka_env/db/kingdom/Bacteria/AMR -evalue 1e-300 -qcov_hsp_perc 90 -num_threads 1 -num_descriptions 1 -num_alignments 1 -seg no > \/mnt\/c\/Users\/migue\/OneDrive\/Ambiente\ de\ Trabalho\/Prokka_GCF_008462425\/Prokka_GCF_008462425\.AMR\.tmp\.11965\.blast 2> /dev/null
[17:41:51] Deleting unwanted file: /mnt/c/Users/migue/OneDrive/Ambiente de Trabalho/Prokka_GCF_008462425/Prokka_GCF_008462425.AMR.tmp.11965.faa
[17:41:51] Deleting unwanted file: /mnt/c/Users/migue/OneDrive/Ambiente de Trabalho/Prokka_GCF_008462425/Prokka_GCF_008462425.AMR.tmp.11965.blast
[17:41:55] There are still 5176 unannotated CDS left (started with 5250)
[17:41:55] Will use blast to search against /home/miguelbalexandre/miniconda3/envs/prokka_env/db/kingdom/Bacteria/sprot with 8 CPUs
[17:41:55] Running: cat \/mnt\/c\/Users\/migue\/OneDrive\/Ambiente\ de\ Trabalho\/Prokka_GCF_008462425\/Prokka_GCF_008462425\.sprot\.tmp\.11965\.faa | parallel --gnu --plain -j 8 --block 99950 --recstart '>' --pipe blastp -query - -db /home/miguelbalexandre/miniconda3/envs/prokka_env/db/kingdom/Bacteria/sprot -evalue 1e-09 -qcov_hsp_perc 80 -num_threads 1 -num_descriptions 1 -num_alignments 1 -seg no > \/mnt\/c\/Users\/migue\/OneDrive\/Ambiente\ de\ Trabalho\/Prokka_GCF_008462425\/Prokka_GCF_008462425\.sprot\.tmp\.11965\.blast 2> /dev/null
[17:42:34] Modify product: Uncharacterized fimbrial-like protein YehD => putative fimbrial-like protein YehD
[17:42:34] Modify product: Probable fimbrial chaperone YehC => putative fimbrial chaperone YehC
[17:42:34] Modify product: Uncharacterized protein YjjI => putative protein YjjI
[17:42:34] Modify product: Uncharacterized protein YjjI => putative protein YjjI
[17:42:34] Modify product: Uncharacterized metal-dependent hydrolase YjjV => putative metal-dependent hydrolase YjjV
[17:42:34] Modify product: UPF0442 protein YjjB => hypothetical protein
[17:42:34] Modify product: Probable HTH-type transcriptional regulator LgoR => putative HTH-type transcriptional regulator LgoR
[17:42:34] Modify product: Probable L-galactonate transporter => putative L-galactonate transporter
[17:42:34] Modify product: Probable type I restriction enzyme BthVORF4518P M protein => putative type I restriction enzymeP M protein
[17:42:34] Modify product: Uncharacterized protein YjiK => putative protein YjiK
[17:42:34] Modify product: Probable major fimbrial subunit LpfA => putative major fimbrial subunit LpfA
[17:42:34] Modify product: Probable N-acetylneuraminic acid outer membrane channel protein NanC => putative N-acetylneuraminic acid outer membrane channel protein NanC
[17:42:34] Modify product: Probable 9-O-acetyl-N-acetylneuraminic acid deacetylase => putative 9-O-acetyl-N-acetylneuraminic acid deacetylase
[17:42:34] Modify product: Uncharacterized protein YjgL => putative protein YjgL
[17:42:34] Modify product: UPF0307 protein YjgA => hypothetical protein
[17:42:34] Modify product: UPF0053 inner membrane protein YtfL => hypothetical protein
[17:42:34] Modify product: Uncharacterized protein YtfJ => putative protein YtfJ
[17:42:34] Modify product: Probable L-ascorbate-6-phosphate lactonase UlaG => putative L-ascorbate-6-phosphate lactonase UlaG
[17:42:34] Modify product: UPF0719 inner membrane protein YjfL => hypothetical protein
[17:42:34] Modify product: UPF0716 protein FxsA => hypothetical protein
[17:42:34] Modify product: Probable cadaverine/lysine antiporter => putative cadaverine/lysine antiporter
[17:42:34] Modify product: Uncharacterized protein YjdJ => putative protein YjdJ
[17:42:34] Modify product: Uncharacterized HTH-type transcriptional regulator YahB => putative HTH-type transcriptional regulator YahB
[17:42:34] Modify product: Uncharacterized HTH-type transcriptional regulator YahB => putative HTH-type transcriptional regulator YahB
[17:42:34] Modify product: Probable pyridine nucleotide-disulfide oxidoreductase RclA => putative pyridine nucleotide-disulfide oxidoreductase RclA
[17:42:34] Modify product: Uncharacterized oxidoreductase YtbE => putative oxidoreductase YtbE
[17:42:34] Modify product: Uncharacterized protein YcjY => putative protein YcjY
[17:42:34] Modify product: Probable fimbrial chaperone EcpB => putative fimbrial chaperone EcpB
[17:42:34] Modify product: Probable outer membrane usher protein EcpC => putative outer membrane usher protein EcpC
[17:42:34] Modify product: Probable outer membrane usher protein EcpC => putative outer membrane usher protein EcpC
[17:42:34] Modify product: Probable fimbrial chaperone EcpE => putative fimbrial chaperone EcpE
[17:42:34] Modify product: Uncharacterized protein PA2218 => putative protein
[17:42:34] Modify product: Uncharacterized oxidoreductase SA2266 => putative oxidoreductase
[17:42:34] Modify product: Prophage tail fiber assembly protein homolog TfaE => Prophage tail fiber assembly protein TfaE
[17:42:34] Modify product: UPF0255 protein VV1_0328 => hypothetical protein
[17:42:34] Modify product: Uncharacterized N-acetyltransferase YafP => putative N-acetyltransferase YafP
[17:42:34] Modify product: Uncharacterized methyltransferase YcgJ => putative methyltransferase YcgJ
[17:42:34] Modify product: Uncharacterized protein YaeQ => putative protein YaeQ
[17:42:34] Modify product: UPF0253 protein YaeP => hypothetical protein
[17:42:34] Modify product: UPF0126 inner membrane protein YadS => hypothetical protein
[17:42:34] Modify product: Uncharacterized fimbrial-like protein YadN => putative fimbrial-like protein YadN
[17:42:34] Modify product: Probable fimbrial chaperone YadV => putative fimbrial chaperone YadV
[17:42:34] Modify product: Uncharacterized fimbrial-like protein YadM => putative fimbrial-like protein YadM
[17:42:34] Modify product: Uncharacterized fimbrial-like protein YadL => putative fimbrial-like protein YadL
[17:42:34] Modify product: Uncharacterized fimbrial-like protein YadK => putative fimbrial-like protein YadK
[17:42:34] Modify product: Uncharacterized ABC transporter ATP-binding protein YadG => putative ABC transporter ATP-binding protein YadG
[17:42:34] Modify product: UPF0231 protein YacL => hypothetical protein
[17:42:34] Modify product: Probable peptidoglycan glycosyltransferase FtsW => putative peptidoglycan glycosyltransferase FtsW
[17:42:34] Modify product: UPF0502 protein YceH => hypothetical protein
[17:42:34] Modify product: Uncharacterized lipoprotein YceB => putative lipoprotein YceB
[17:42:34] Modify product: Uncharacterized protein YceO => putative protein YceO
[17:42:34] Modify product: Cytochrome b561 homolog 2 => Cytochrome b561 
[17:42:34] Modify product: UPF0176 protein YceA => hypothetical protein
[17:42:34] Modify product: Uncharacterized protein YmdA => putative protein YmdA
[17:42:34] Modify product: Probable phosphatase YcdX => putative phosphatase YcdX
[17:42:34] Modify product: Uncharacterized ABC transporter ATP-binding protein YknY => putative ABC transporter ATP-binding protein YknY
[17:42:34] Modify product: Probable fimbrial chaperone YadV => putative fimbrial chaperone YadV
[17:42:34] Modify product: Probable outer membrane usher protein ElfC => putative outer membrane usher protein ElfC
[17:42:34] Modify product: Probable fimbrial chaperone YadV => putative fimbrial chaperone YadV
[17:42:34] Modify product: Probable cyclic di-GMP phosphodiesterase PdeN => putative cyclic di-GMP phosphodiesterase PdeN
[17:42:34] Modify product: Probable diguanylate cyclase DgcT => putative diguanylate cyclase DgcT
[17:42:34] Modify product: Probable malonic semialdehyde reductase RutE => putative malonic semialdehyde reductase RutE
[17:42:34] Modify product: Uncharacterized protein YccJ => putative protein YccJ
[17:42:34] Modify product: Uncharacterized lipoprotein GfcB => putative lipoprotein GfcB
[17:42:34] Modify product: Probable Ni/Fe-hydrogenase 1 B-type cytochrome subunit => putative Ni/Fe-hydrogenase 1 B-type cytochrome subunit
[17:42:34] Modify product: Uncharacterized protein YdfB => putative protein YdfB
[17:42:34] Modify product: Uncharacterized protein YccU => putative protein YccU
[17:42:34] Modify product: UPF0319 protein HI_1681 => hypothetical protein
[17:42:34] Modify product: Uncharacterized protein YcbX => putative protein YcbX
[17:42:34] Modify product: Uncharacterized fimbrial chaperone YcbF => putative fimbrial chaperone YcbF
[17:42:34] Modify product: Uncharacterized fimbrial-like protein YcbV => putative fimbrial-like protein YcbV
[17:42:34] Modify product: Uncharacterized fimbrial-like protein YcbU => putative fimbrial-like protein YcbU
[17:42:34] Modify product: Uncharacterized fimbrial-like protein ElfG => putative fimbrial-like protein ElfG
[17:42:34] Modify product: Probable outer membrane usher protein ElfC => putative outer membrane usher protein ElfC
[17:42:34] Modify product: Probable outer membrane usher protein ElfC => putative outer membrane usher protein ElfC
[17:42:34] Modify product: Probable fimbrial chaperone protein ElfD => putative fimbrial chaperone protein ElfD
[17:42:34] Modify product: Probable L,D-transpeptidase YcbB => putative L,D-transpeptidase YcbB
[17:42:34] Modify product: UPF0434 protein YcaR => hypothetical protein
[17:42:34] Modify product: Probable formate transporter 1 => putative formate transporter 1
[17:42:34] Modify product: Uncharacterized MFS-type transporter YcaD => putative MFS-type transporter YcaD
[17:42:34] Modify product: Probable hydrolase YcaC => putative hydrolase YcaC
[17:42:34] Modify product: Probable ABC transporter ATP-binding/permease protein HI_0664 => putative ABC transporter ATP-binding/permease protein
[17:42:34] Modify product: UPF0758 protein CT0611 => hypothetical protein
[17:42:35] Modify product: Probable transcriptional regulatory protein YebC => putative transcriptional regulatory protein YebC
[17:42:35] Modify product: Uncharacterized protein YebV => putative protein YebV
[17:42:35] Modify product: Probable manganese efflux pump MntP => putative manganese efflux pump MntP
[17:42:35] Modify product: UPF0266 membrane protein YobD => hypothetical protein
[17:42:35] Modify product: UPF0053 inner membrane protein YoaE => hypothetical protein
[17:42:35] Modify product: Probable cyclic di-GMP phosphodiesterase PdeD => putative cyclic di-GMP phosphodiesterase PdeD
[17:42:35] Modify product: Probable ATP-dependent DNA helicase YoaA => putative ATP-dependent DNA helicase YoaA
[17:42:35] Modify product: Uncharacterized protein YeaR => putative protein YeaR
[17:42:35] Modify product: Probable diguanylate cyclase DgcJ => putative diguanylate cyclase DgcJ
[17:42:35] Modify product: Probable diguanylate cyclase CdgI => putative diguanylate cyclase CdgI
[17:42:35] Modify product: Stress response UPF0229 protein YhbH => hypothetical protein
[17:42:35] Modify product: Uncharacterized zinc-type alcohol dehydrogenase-like protein YdjJ => putative zinc-type alcohol dehydrogenase-like protein YdjJ
[17:42:35] Modify product: Uncharacterized protein YdjI => putative protein YdjI
[17:42:35] Modify product: Uncharacterized sugar kinase YdjH => putative sugar kinase YdjH
[17:42:35] Modify product: Uncharacterized HTH-type transcriptional regulator YdjF => putative HTH-type transcriptional regulator YdjF
[17:42:35] Modify product: Probable ketoamine kinase lp_1983 => putative ketoamine kinase
[17:42:35] Modify product: Uncharacterized protein YniD => putative protein YniD
[17:42:35] Modify product: Uncharacterized protein YdiE => putative protein YdiE
[17:42:35] Modify product: Uncharacterized protein HI_1163 => putative protein
[17:42:35] Modify product: Probable ATP-dependent transporter SufC => putative ATP-dependent transporter SufC
[17:42:35] Modify product: Probable L,D-transpeptidase YnhG => putative L,D-transpeptidase YnhG
[17:42:35] Modify product: Uncharacterized ferredoxin-like protein YdhY => putative ferredoxin-like protein YdhY
[17:42:35] Modify product: Uncharacterized oxidoreductase YdhV => putative oxidoreductase YdhV
[17:42:35] Modify product: Uncharacterized protein YdhW => putative protein YdhW
[17:42:35] Modify product: Uncharacterized ferredoxin-like protein YdhX => putative ferredoxin-like protein YdhX
[17:42:35] Modify product: Uncharacterized protein YdhT => putative protein YdhT
[17:42:35] Modify product: Probable autotransporter ROD_p1121 => putative autotransporter
[17:42:35] Modify product: Uncharacterized HTH-type transcriptional regulator YahB => putative HTH-type transcriptional regulator YahB
[17:42:35] Modify product: Uncharacterized protein YnhF => putative protein YnhF
[17:42:35] Modify product: Uncharacterized oxidoreductase YdgJ => putative oxidoreductase YdgJ
[17:42:35] Modify product: Probable dimethyl sulfoxide reductase chain YnfF => putative dimethyl sulfoxide reductase chain YnfF
[17:42:35] Modify product: Uncharacterized protein YnfD => putative protein YnfD
[17:42:35] Modify product: UPF0482 protein YnfB => hypothetical protein
[17:42:35] Modify product: UPF0060 membrane protein YnfA => hypothetical protein
[17:42:35] Modify product: UPF0259 membrane protein YciC => hypothetical protein
[17:42:35] Modify product: Probable intracellular septation protein A => putative intracellular septation protein A
[17:42:35] Modify product: Uncharacterized acyl-CoA thioester hydrolase HI_0827 => putative acyl-CoA thioester hydrolase
[17:42:35] Modify product: UPF0263 protein YciU => hypothetical protein
[17:42:35] Modify product: UPF0056 inner membrane protein MarC => hypothetical protein
[17:42:35] Modify product: Uncharacterized NTE family protein Rv1063c => putative NTE family protein
[17:42:35] Modify product: UPF0225 protein YchJ => hypothetical protein
[17:42:35] Modify product: Probable ABC transporter permease protein HI_1471 => putative ABC transporter permease protein
[17:42:35] Modify product: Uncharacterized ABC transporter ATP-binding protein HI_1470 => putative ABC transporter ATP-binding protein
[17:42:35] Modify product: Uncharacterized protein YcgM => putative protein YcgM
[17:42:35] Modify product: Probable autotransporter ROD_p1121 => putative autotransporter
[17:42:35] Modify product: Prophage tail fiber assembly protein homolog TfaE => Prophage tail fiber assembly protein TfaE
[17:42:35] Modify product: Uncharacterized protein YdfO => putative protein YdfO
[17:42:35] Modify product: Uncharacterized protein YlcG => putative protein YlcG
[17:42:35] Modify product: Probable L,D-transpeptidase YcfS => putative L,D-transpeptidase YcfS
[17:42:35] Modify product: UPF0227 protein YcfP => hypothetical protein
[17:42:35] Modify product: Uncharacterized metal-dependent hydrolase YcfH => putative metal-dependent hydrolase YcfH
[17:42:35] Modify product: UPF0145 protein YbjQ => hypothetical protein
[17:42:35] Modify product: Uncharacterized lipoprotein YbjP => putative lipoprotein YbjP
[17:42:35] Modify product: Uncharacterized protein YbjN => putative protein YbjN
[17:42:35] Modify product: Probable cyclic di-GMP phosphodiesterase PdeI => putative cyclic di-GMP phosphodiesterase PdeI
[17:42:35] Modify product: Uncharacterized protein YbiU => putative protein YbiU
[17:42:35] Modify product: Uncharacterized ABC transporter ATP-binding protein YbiT => putative ABC transporter ATP-binding protein YbiT
[17:42:35] Modify product: Probable L,D-transpeptidase YbiS => putative L,D-transpeptidase YbiS
[17:42:35] Modify product: Uncharacterized protein McbA => putative protein McbA
[17:42:35] Modify product: PKHD-type hydroxylase Sbal_3634 => PKHD-type hydroxylase
[17:42:35] Modify product: Uncharacterized protein YbiI => putative protein YbiI
[17:42:35] Modify product: Uncharacterized protein YbiB => putative protein YbiB
[17:42:35] Modify product: UPF0194 membrane protein YbhG => hypothetical protein
[17:42:35] Modify product: Probable multidrug ABC transporter ATP-binding protein YbhF => putative multidrug ABC transporter ATP-binding protein YbhF
[17:42:35] Modify product: Probable multidrug ABC transporter permease YbhS => putative multidrug ABC transporter permease YbhS
[17:42:35] Modify product: Probable multidrug ABC transporter permease YbhR => putative multidrug ABC transporter permease YbhR
[17:42:35] Modify product: UPF0098 protein YbhB => hypothetical protein
[17:42:35] Modify product: Uncharacterized fimbrial-like protein YbgD => putative fimbrial-like protein YbgD
[17:42:35] Modify product: GTP cyclohydrolase 1 type 2 homolog => GTP cyclohydrolase 1 type 2 
[17:42:35] Modify product: Uncharacterized protein YbfE => putative protein YbfE
[17:42:35] Modify product: Uncharacterized lipoprotein ChiQ => putative lipoprotein ChiQ
[17:42:35] Modify product: UPF0250 protein YbeD => hypothetical protein
[17:42:35] Modify product: Uncharacterized HTH-type transcriptional regulator YbdO => putative HTH-type transcriptional regulator YbdO
[17:42:35] Modify product: Probable zinc-binding alcohol dehydrogenase Rv1895 => putative zinc-binding alcohol dehydrogenase
[17:42:35] Modify product: Uncharacterized protein YciO => putative protein YciO
[17:42:35] Modify product: Uncharacterized oxidoreductase YciK => putative oxidoreductase YciK
[17:42:35] Modify product: Probable protease SohB => putative protease SohB
[17:42:35] Modify product: Uncharacterized protein YciH => putative protein YciH
[17:42:35] Modify product: UPF0509 protein YciZ => hypothetical protein
[17:42:35] Modify product: Uncharacterized protein YcjX => putative protein YcjX
[17:42:35] Modify product: UPF0283 membrane protein YcjF => hypothetical protein
[17:42:35] Modify product: Uncharacterized protein YcjY => putative protein YcjY
[17:42:35] Modify product: Uncharacterized protein YcjY => putative protein YcjY
[17:42:35] Modify product: Uncharacterized protein YcjY => putative protein YcjY
[17:42:35] Modify product: Probable DNA endonuclease SmrA => putative DNA endonuclease SmrA
[17:42:35] Modify product: Uncharacterized protein YnbC => putative protein YnbC
[17:42:35] Modify product: Uncharacterized protein YnbD => putative protein YnbD
[17:42:35] Modify product: Uncharacterized protein Rv3292 => putative protein
[17:42:35] Modify product: 23S rRNA 5-hydroxycytidine C2501 synthase => 23S rRNA 5-hydroxycytidine synthase
[17:42:35] Modify product: Probable mRNA interferase toxin HicA => putative mRNA interferase toxin HicA
[17:42:35] Modify product: Uncharacterized protein YdcY => putative protein YdcY
[17:42:35] Modify product: Uncharacterized protein YncE => putative protein YncE
[17:42:35] Modify product: Uncharacterized isomerase YddE => putative isomerase YddE
[17:42:35] Modify product: Probable nitrate reductase molybdenum cofactor assembly chaperone NarW => putative nitrate reductase molybdenum cofactor assembly chaperone NarW
[17:42:35] Modify product: Uncharacterized HTH-type transcriptional regulator YddM => putative HTH-type transcriptional regulator YddM
[17:42:35] Modify product: Probable D,D-dipeptide transport ATP-binding protein DdpF => putative D,D-dipeptide transport ATP-binding protein DdpF
[17:42:35] Modify product: Probable D,D-dipeptide transport ATP-binding protein DdpD => putative D,D-dipeptide transport ATP-binding protein DdpD
[17:42:35] Modify product: Probable D,D-dipeptide transport system permease protein DdpC => putative D,D-dipeptide transport system permease protein DdpC
[17:42:35] Modify product: Probable D,D-dipeptide transport system permease protein DdpB => putative D,D-dipeptide transport system permease protein DdpB
[17:42:35] Modify product: Probable D,D-dipeptide-binding periplasmic protein DdpA => putative D,D-dipeptide-binding periplasmic protein DdpA
[17:42:35] Modify product: Probable glutamate/gamma-aminobutyrate antiporter => putative glutamate/gamma-aminobutyrate antiporter
[17:42:35] Modify product: UPF0056 inner membrane protein MarC => hypothetical protein
[17:42:35] Modify product: Probable amino-acid metabolite efflux pump => putative amino-acid metabolite efflux pump
[17:42:35] Modify product: Uncharacterized HTH-type transcriptional regulator YbdO => putative HTH-type transcriptional regulator YbdO
[17:42:35] Modify product: Uncharacterized protein YbdM => putative protein YbdM
[17:42:35] Modify product: Uncharacterized fimbrial-like protein SfmF => putative fimbrial-like protein SfmF
[17:42:35] Modify product: Uncharacterized fimbrial-like protein SfmH => putative fimbrial-like protein SfmH
[17:42:35] Modify product: Probable fimbrial chaperone SfmC => putative fimbrial chaperone SfmC
[17:42:35] Modify product: Uncharacterized fimbrial-like protein SfmA => putative fimbrial-like protein SfmA
[17:42:35] Modify product: Bifunctional protein FolD => Bifunctional protein FolD protein
[17:42:35] Modify product: Uncharacterized protein YbcJ => putative protein YbcJ
[17:42:35] Modify product: Probable iron export permease protein FetB => putative iron export permease protein FetB
[17:42:35] Modify product: Probable iron export ATP-binding protein FetA => putative iron export ATP-binding protein FetA
[17:42:35] Modify product: Uncharacterized HTH-type transcriptional regulator YbaQ => putative HTH-type transcriptional regulator YbaQ
[17:42:35] Modify product: Probable cyclic di-GMP phosphodiesterase PdeB => putative cyclic di-GMP phosphodiesterase PdeB
[17:42:35] Modify product: Uncharacterized protein YbaA => putative protein YbaA
[17:42:35] Modify product: Uncharacterized lipoprotein YbaY => putative lipoprotein YbaY
[17:42:35] Modify product: Probable multidrug resistance ABC transporter ATP-binding/permease protein YheI => putative multidrug resistance ABC transporter ATP-binding/permease protein YheI
[17:42:35] Modify product: Uncharacterized protein HI_1008 => putative protein
[17:42:35] Modify product: UPF0234 protein YajQ => hypothetical protein
[17:42:35] Modify product: Uncharacterized lipoprotein YajI => putative lipoprotein YajI
[17:42:35] Modify product: Uncharacterized protein YaiA => putative protein YaiA
[17:42:35] Modify product: UPF0178 protein YaiI => hypothetical protein
[17:42:35] Modify product: Probable diguanylate cyclase DgcC => putative diguanylate cyclase DgcC
[17:42:35] Modify product: Uncharacterized protein HI_0131 => putative protein
[17:42:35] Modify product: Uncharacterized transporter YycB => putative transporter YycB
[17:42:35] Modify product: Probable protein kinase UbiB => putative protein kinase UbiB
[17:42:35] Modify product: Probable transport protein YifK => putative transport protein YifK
[17:42:35] Modify product: Probable ECA polymerase => putative ECA polymerase
[17:42:35] Modify product: UPF0438 protein YifE => hypothetical protein
[17:42:35] Modify product: Probable transport protein HsrA => putative transport protein HsrA
[17:42:35] Modify product: Probable major fimbrial subunit LpfA => putative major fimbrial subunit LpfA
[17:42:35] Modify product: Probable fimbrial chaperone YraI => putative fimbrial chaperone YraI
[17:42:35] Modify product: Probable outer membrane usher protein ElfC => putative outer membrane usher protein ElfC
[17:42:35] Modify product: Uncharacterized fimbrial-like protein ElfG => putative fimbrial-like protein ElfG
[17:42:35] Modify product: Uncharacterized fimbrial-like protein ElfG => putative fimbrial-like protein ElfG
[17:42:35] Modify product: Uncharacterized symporter YidK => putative symporter YidK
[17:42:36] Modify product: Uncharacterized inner membrane transporter YicL => putative inner membrane transporter YicL
[17:42:36] Modify product: Uncharacterized protein YjiK => putative protein YjiK
[17:42:36] Modify product: Probable ATP synthase YscN => putative ATP synthase YscN
[17:42:36] Modify product: UPF0126 inner membrane protein YicG => hypothetical protein
[17:42:36] Modify product: UPF0701 protein YicC => hypothetical protein
[17:42:36] Modify product: UPF0758 protein SP_1088 => hypothetical protein
[17:42:36] Modify product: Uncharacterized protein YibN => putative protein YibN
[17:42:36] Modify product: Uncharacterized protein YibL => putative protein YibL
[17:42:36] Modify product: Uncharacterized GST-like protein YibF => putative GST-like protein YibF
[17:42:36] Modify product: UPF0149 protein HI_0817 => hypothetical protein
[17:42:36] Modify product: UPF0267 protein YqfB => hypothetical protein
[17:42:36] Modify product: UPF0073 inner membrane protein YqfA => hypothetical protein
[17:42:36] Modify product: Uncharacterized protein YqfG => putative protein YqfG
[17:42:36] Modify product: Probable ATP synthase SpaL => putative ATP synthase SpaL
[17:42:36] Modify product: Uncharacterized lipoprotein YgdR => putative lipoprotein YgdR
[17:42:36] Modify product: UPF0053 inner membrane protein YgdQ => hypothetical protein
[17:42:36] Modify product: Uncharacterized lipoprotein YgdR => putative lipoprotein YgdR
[17:42:36] Modify product: UPF0382 inner membrane protein YgdD => hypothetical protein
[17:42:36] Modify product: Uncharacterized HTH-type transcriptional regulator YdjF => putative HTH-type transcriptional regulator YdjF
[17:42:36] Modify product: Uncharacterized protein YqcC => putative protein YqcC
[17:42:36] Modify product: Uncharacterized protein PA3435 => putative protein
[17:42:36] Modify product: Probable glucarate transporter => putative glucarate transporter
[17:42:36] Modify product: Uncharacterized protein YgcP => putative protein YgcP
[17:42:36] Modify product: Probable UbiX-like flavin prenyltransferase => putative UbiX-like flavin prenyltransferase
[17:42:36] Modify product: Probable transporter SCO4007 => putative transporter
[17:42:36] Modify product: Uncharacterized protein YgaM => putative protein YgaM
[17:42:36] Modify product: Probable HTH-type transcriptional regulator YgaV => putative HTH-type transcriptional regulator YgaV
[17:42:36] Modify product: Probable autotransporter ROD_p1121 => putative autotransporter
[17:42:36] Modify product: UPF0125 protein RatB => hypothetical protein
[17:42:36] Modify product: UPF0053 inner membrane protein YfjD => hypothetical protein
[17:42:36] Modify product: Uncharacterized tRNA/rRNA methyltransferase YfiF => putative tRNA/rRNA methyltransferase YfiF
[17:42:36] Modify product: Uncharacterized protein YphB => putative protein YphB
[17:42:36] Modify product: Probable 3-phenylpropionic acid transporter => putative 3-phenylpropionic acid transporter
[17:42:36] Modify product: Uncharacterized protein Rv2307c => putative protein
[17:42:36] Modify product: UPF0070 protein HI_0370 => hypothetical protein
[17:42:36] Modify product: Uncharacterized protein YfgJ => putative protein YfgJ
[17:42:36] Modify product: Uncharacterized protein YfgD => putative protein YfgD
[17:42:36] Modify product: Probable formate transporter 2 => putative formate transporter 2
[17:42:36] Modify product: Uncharacterized protein Rv2575 => putative protein
[17:42:36] Modify product: Uncharacterized protein YfeY => putative protein YfeY
[17:42:36] Modify product: Probable cyclic di-GMP phosphodiesterase PdeA => putative cyclic di-GMP phosphodiesterase PdeA
[17:42:36] Modify product: Probable multidrug resistance protein EmrK => putative multidrug resistance protein EmrK
[17:42:36] Modify product: Probable multidrug resistance protein EmrY => putative multidrug resistance protein EmrY
[17:42:36] Modify product: UPF0381 protein YiiS => hypothetical protein
[17:42:36] Modify product: Uncharacterized fimbrial-like protein YfcV => putative fimbrial-like protein YfcV
[17:42:36] Modify product: Probable fimbrial chaperone YfcS => putative fimbrial chaperone YfcS
[17:42:36] Modify product: Uncharacterized fimbrial-like protein YfcR => putative fimbrial-like protein YfcR
[17:42:36] Modify product: Uncharacterized fimbrial-like protein YfcQ => putative fimbrial-like protein YfcQ
[17:42:36] Modify product: Uncharacterized fimbrial-like protein YfcQ => putative fimbrial-like protein YfcQ
[17:42:36] Modify product: Uncharacterized fimbrial-like protein YfcP => putative fimbrial-like protein YfcP
[17:42:36] Modify product: Uncharacterized protein YfcO => putative protein YfcO
[17:42:36] Modify product: Probable membrane transporter protein YfcA => putative membrane transporter protein YfcA
[17:42:36] Modify product: Uncharacterized MFS-type transporter YfcJ => putative MFS-type transporter YfcJ
[17:42:36] Modify product: Epimerase family protein SA0724 => Epimerase family protein
[17:42:36] Modify product: Uncharacterized Nudix hydrolase YfcD => putative Nudix hydrolase YfcD
[17:42:36] Modify product: Uncharacterized membrane protein YhdT => putative membrane protein YhdT
[17:42:36] Modify product: Probable acrylyl-CoA reductase AcuI => putative acrylyl-CoA reductase AcuI
[17:42:36] Modify product: Uncharacterized protein YhcO => putative protein YhcO
[17:42:36] Modify product: Uncharacterized protein YhcH => putative protein YhcH
[17:42:36] Modify product: Uncharacterized protein YrbL => putative protein YrbL
[17:42:36] Modify product: Uncharacterized inner membrane transporter YhbE => putative inner membrane transporter YhbE
[17:42:36] Modify product: Uncharacterized protease YhbU => putative protease YhbU
[17:42:36] Modify product: UPF0213 protein BH0048 => hypothetical protein
[17:42:36] Modify product: Uncharacterized fimbrial-like protein YraK => putative fimbrial-like protein YraK
[17:42:36] Modify product: Probable Ni/Fe-hydrogenase 2 b-type cytochrome subunit => putative Ni/Fe-hydrogenase 2 b-type cytochrome subunit
[17:42:36] Modify product: Uncharacterized oxidoreductase YghA => putative oxidoreductase YghA
[17:42:36] Modify product: Probable deoxycholate-binding periplasmic protein YgiS => putative deoxycholate-binding periplasmic protein YgiS
[17:42:36] Modify product: Probable quinol monooxygenase YgiN => putative quinol monooxygenase YgiN
[17:42:36] Modify product: Probable siderophore transport system permease protein YfiZ => putative siderophore transport system permease protein YfiZ
[17:42:36] Modify product: Probable siderophore transport system ATP-binding protein YusV => putative siderophore transport system ATP-binding protein YusV
[17:42:36] Modify product: Probable glycerol-3-phosphate acyltransferase => putative glycerol-3-phosphate acyltransferase
[17:42:36] Modify product: Uncharacterized protein YqjD => putative protein YqjD
[17:42:36] Modify product: UPF0597 protein YhaM => hypothetical protein
[17:42:36] Modify product: Probable galactarate transporter => putative galactarate transporter
[17:42:36] Modify product: Probable glucosamine-6-phosphate deaminase 2 => putative glucosamine-6-phosphate deaminase 2
[17:42:36] Modify product: Uncharacterized fimbrial-like protein YraH => putative fimbrial-like protein YraH
[17:42:36] Modify product: Probable fimbrial chaperone YraI => putative fimbrial chaperone YraI
[17:42:36] Modify product: Uncharacterized fimbrial-like protein YraK => putative fimbrial-like protein YraK
[17:42:36] Modify product: Probable Fe(2+)-trafficking protein => putative Fe(2+)-trafficking protein
[17:42:36] Modify product: Uncharacterized protein HI_0341 => putative protein
[17:42:36] Modify product: UPF0235 protein YggU => hypothetical protein
[17:42:36] Modify product: Uncharacterized protein YggR => putative protein YggR
[17:42:36] Modify product: UPF0301 protein YqgE => hypothetical protein
[17:42:36] Modify product: Probable transcriptional regulator PhnF => putative transcriptional regulator PhnF
[17:42:36] Modify product: Probable fructose-bisphosphate aldolase => putative fructose-bisphosphate aldolase
[17:42:36] Modify product: Uncharacterized ferredoxin-like protein YdhX => putative ferredoxin-like protein YdhX
[17:42:36] Modify product: Probable cyclic di-GMP phosphodiesterase PdeC => putative cyclic di-GMP phosphodiesterase PdeC
[17:42:36] Modify product: Uncharacterized protein YjbR => putative protein YjbR
[17:42:36] Modify product: UPF0337 protein YjbJ => hypothetical protein
[17:42:36] Modify product: Uncharacterized lipoprotein GfcB => putative lipoprotein GfcB
[17:42:36] Modify product: Uncharacterized protein HI_0431 => putative protein
[17:42:36] Modify product: Probable cystine transporter YijE => putative cystine transporter YijE
[17:42:36] Modify product: UPF0381 protein YiiS => hypothetical protein
[17:42:36] Modify product: UPF0761 membrane protein YihY => hypothetical protein
[17:42:36] Modify product: Uncharacterized protein YihR => putative protein YihR
[17:42:36] Modify product: Uncharacterized protein YshB => putative protein YshB
[17:42:36] Modify product: Probable GTP-binding protein EngB => putative GTP-binding protein EngB
[17:42:36] Modify product: Probable acyltransferase YihG => putative acyltransferase YihG
[17:42:36] Modify product: UPF0208 membrane protein YfbV => hypothetical protein
[17:42:36] Modify product: UPF0304 protein YfbU => hypothetical protein
[17:42:37] Modify product: Probable 4-amino-4-deoxy-L-arabinose-phosphoundecaprenol flippase subunit ArnF => putative 4-amino-4-deoxy-L-arabinose-phosphoundecaprenol flippase subunit ArnF
[17:42:37] Modify product: Probable 4-amino-4-deoxy-L-arabinose-phosphoundecaprenol flippase subunit ArnE => putative 4-amino-4-deoxy-L-arabinose-phosphoundecaprenol flippase subunit ArnE
[17:42:37] Modify product: Probable 4-deoxy-4-formamido-L-arabinose-phosphoundecaprenol deformylase ArnD => putative 4-deoxy-4-formamido-L-arabinose-phosphoundecaprenol deformylase ArnD
[17:42:37] Modify product: Uncharacterized HTH-type transcriptional regulator RhmR => putative HTH-type transcriptional regulator RhmR
[17:42:37] Modify product: Probable autotransporter YfaL => putative autotransporter YfaL
[17:42:37] Modify product: Probable autotransporter ROD_p1121 => putative autotransporter
[17:42:37] Modify product: UPF0352 protein YejL => hypothetical protein
[17:42:37] Modify product: Uncharacterized protein YejG => putative protein YejG
[17:42:37] Modify product: Uncharacterized ABC transporter ATP-binding protein YejF => putative ABC transporter ATP-binding protein YejF
[17:42:37] Modify product: Probable cyclic di-GMP phosphodiesterase PdeN => putative cyclic di-GMP phosphodiesterase PdeN
[17:42:37] Modify product: UPF0153 protein YeiW => hypothetical protein
[17:42:37] Modify product: UPF0324 inner membrane protein YeiH => hypothetical protein
[17:42:37] Modify product: UPF0299 membrane protein YohJ => hypothetical protein
[17:42:37] Modify product: Uncharacterized oxidoreductase YohF => putative oxidoreductase YohF
[17:42:37] Modify product: UPF0387 membrane protein YohO => hypothetical protein
[17:42:37] Modify product: Uncharacterized protein YlcG => putative protein YlcG
[17:42:37] Modify product: Uncharacterized lipoprotein YehR => putative lipoprotein YehR
[17:42:37] Modify product: Uncharacterized protein YehL => putative protein YehL
[17:42:37] Modify product: Uncharacterized fimbrial-like protein YehD => putative fimbrial-like protein YehD
[17:42:37] Modify product: Probable fimbrial chaperone YehC => putative fimbrial chaperone YehC
[17:42:37] Modify product: 23S rRNA 5-hydroxycytidine C2501 synthase => 23S rRNA 5-hydroxycytidine synthase
[17:42:37] Modify product: UPF0339 protein YegP => hypothetical protein
[17:42:37] Modify product: Probable diguanylate cyclase DgcE => putative diguanylate cyclase DgcE
[17:42:37] Modify product: Probable diguanylate cyclase DgcE => putative diguanylate cyclase DgcE
[17:42:37] Modify product: UPF0053 inner membrane protein YoaE => hypothetical protein
[17:42:37] Modify product: UPF0394 inner membrane protein YeeE => hypothetical protein
[17:42:37] Modify product: Uncharacterized HTH-type transcriptional regulator CBU_1416 => putative HTH-type transcriptional regulator
[17:42:37] Modify product: UPF0265 protein YeeX => hypothetical protein
[17:42:37] Modify product: Probable L,D-transpeptidase ErfK/SrfK => putative L,D-transpeptidase ErfK/SrfK
[17:42:37] Modify product: Probable FMN/FAD exporter YeeO => putative FMN/FAD exporter YeeO
[17:42:37] Modify product: Probable transcriptional regulatory protein YeeN => putative transcriptional regulatory protein YeeN
[17:42:37] Modify product: Cytochrome b561 homolog 1 => Cytochrome b561 
[17:42:37] Modify product: Uncharacterized protein YedJ => putative protein YedJ
[17:42:37] Modify product: Uncharacterized inner membrane transporter YedA => putative inner membrane transporter YedA
[17:42:37] Modify product: Probable diguanylate cyclase DgcQ => putative diguanylate cyclase DgcQ
[17:42:37] Modify product: Uncharacterized N-acetyltransferase YsnE => putative N-acetyltransferase YsnE
[17:42:37] Modify product: UPF0394 inner membrane protein YedE => hypothetical protein
[17:42:37] Modify product: Prophage tail fiber assembly protein homolog TfaE => Prophage tail fiber assembly protein TfaE
[17:42:37] Modify product: Probable lipoprotein YiaD => putative lipoprotein YiaD
[17:42:37] Modify product: Uncharacterized MFS-type transporter YhjX => putative MFS-type transporter YhjX
[17:42:37] Modify product: Probable major fimbrial subunit LpfA => putative major fimbrial subunit LpfA
[17:42:37] Modify product: Probable fimbrial chaperone LpfB => putative fimbrial chaperone LpfB
[17:42:37] Modify product: Probable outer membrane usher protein LpfC => putative outer membrane usher protein LpfC
[17:42:37] Modify product: Probable outer membrane usher protein LpfC' => putative outer membrane usher protein LpfC'
[17:42:37] Modify product: Probable minor fimbrial subunit LpfD => putative minor fimbrial subunit LpfD
[17:42:37] Modify product: Probable fimbrial subunit LpfE => putative fimbrial subunit LpfE
[17:42:37] Modify product: Probable cyclic di-GMP phosphodiesterase PdeK => putative cyclic di-GMP phosphodiesterase PdeK
[17:42:37] Modify product: Uncharacterized protein HI_0933 => putative protein
[17:42:37] Modify product: Uncharacterized MFS-type transporter YhhS => putative MFS-type transporter YhhS
[17:42:37] Modify product: Uncharacterized protein YhhA => putative protein YhhA
[17:42:37] Modify product: Uncharacterized oxidoreductase YhhX => putative oxidoreductase YhhX
[17:42:37] Modify product: UPF0056 inner membrane protein YhgN => hypothetical protein
[17:42:37] Modify product: Probable [Fe-S]-dependent transcriptional repressor FeoC => putative [Fe-S]-dependent transcriptional repressor FeoC
[17:42:37] Modify product: Putative membrane protein IgaA homolog => Putative membrane protein IgaA 
[17:42:37] Modify product: Probable fructoselysine utilization operon transcriptional repressor => putative fructoselysine utilization operon transcriptional repressor
[17:42:37] Modify product: Probable fructoselysine/psicoselysine transporter FrlA => putative fructoselysine/psicoselysine transporter FrlA
[17:42:37] Modify product: Uncharacterized protein YhfG => putative protein YhfG
[17:42:37] Modify product: Probable protein adenylyltransferase Fic => putative protein adenylyltransferase Fic
[17:42:37] Modify product: UPF0270 protein PA3463 => hypothetical protein
[17:42:37] Modify product: Uncharacterized ABC transporter ATP-binding protein YheS => putative ABC transporter ATP-binding protein YheS
[17:42:37] Modify product: Protein SlyX homolog => Protein SlyX 
[17:42:37] Cleaned 381 /product names
[17:42:37] Deleting unwanted file: /mnt/c/Users/migue/OneDrive/Ambiente de Trabalho/Prokka_GCF_008462425/Prokka_GCF_008462425.sprot.tmp.11965.faa
[17:42:37] Deleting unwanted file: /mnt/c/Users/migue/OneDrive/Ambiente de Trabalho/Prokka_GCF_008462425/Prokka_GCF_008462425.sprot.tmp.11965.blast
[17:42:39] There are still 1639 unannotated CDS left (started with 5250)
[17:42:39] Will use hmmer3 to search against /home/miguelbalexandre/miniconda3/envs/prokka_env/db/hmm/HAMAP.hmm with 8 CPUs
[17:42:39] Running: cat \/mnt\/c\/Users\/migue\/OneDrive\/Ambiente\ de\ Trabalho\/Prokka_GCF_008462425\/Prokka_GCF_008462425\.HAMAP\.hmm\.tmp\.11965\.faa | parallel --gnu --plain -j 8 --block 25356 --recstart '>' --pipe hmmscan --noali --notextw --acc -E 1e-09 --cpu 1 /home/miguelbalexandre/miniconda3/envs/prokka_env/db/hmm/HAMAP.hmm /dev/stdin > \/mnt\/c\/Users\/migue\/OneDrive\/Ambiente\ de\ Trabalho\/Prokka_GCF_008462425\/Prokka_GCF_008462425\.HAMAP\.hmm\.tmp\.11965\.hmmer3 2> /dev/null
[17:42:48] Modify product: Uncharacterized Nudix hydrolase NudL => putative Nudix hydrolase NudL
[17:42:48] Cleaned 1 /product names
[17:42:48] Deleting unwanted file: /mnt/c/Users/migue/OneDrive/Ambiente de Trabalho/Prokka_GCF_008462425/Prokka_GCF_008462425.HAMAP.hmm.tmp.11965.faa
[17:42:48] Deleting unwanted file: /mnt/c/Users/migue/OneDrive/Ambiente de Trabalho/Prokka_GCF_008462425/Prokka_GCF_008462425.HAMAP.hmm.tmp.11965.hmmer3
[17:42:48] Labelling remaining 1555 proteins as 'hypothetical protein'
[17:42:49] Possible /pseudo 'IS3 family transposase IS629' at NZ_CP043539.1 position 187550
[17:42:49] Possible /pseudo 'Beta-glucuronidase' at NZ_CP043539.1 position 268840
[17:42:49] Possible /pseudo 'Membrane-associated protein UidC' at NZ_CP043539.1 position 272398
[17:42:49] Possible /pseudo 'Glucosylglycerate phosphorylase' at NZ_CP043539.1 position 430259
[17:42:49] Possible /pseudo 'putative protein YcjY' at NZ_CP043539.1 position 451777
[17:42:49] Possible /pseudo 'putative protein YcjY' at NZ_CP043539.1 position 452145
[17:42:49] Possible /pseudo 'p-aminobenzoyl-glutamate transport protein' at NZ_CP043539.1 position 460993
[17:42:49] Possible /pseudo 'Outer membrane porin N' at NZ_CP043539.1 position 473452
[17:42:49] Possible /pseudo 'ISAs1 family transposase ISEc1' at NZ_CP043539.1 position 551275
[17:42:49] Possible /pseudo 'Arylamine N-acetyltransferase' at NZ_CP043539.1 position 553383
[17:42:49] Possible /pseudo 'Formate dehydrogenase, nitrate-inducible, major subunit' at NZ_CP043539.1 position 568847
[17:42:49] Possible /pseudo 'Oxygen sensor protein DosP' at NZ_CP043539.1 position 584935
[17:42:49] Possible /pseudo 'Small toxic polypeptide LdrA' at NZ_CP043539.1 position 794538
[17:42:49] Possible /pseudo 'IS3 family transposase IS629' at NZ_CP043539.1 position 827561
[17:42:49] Possible /pseudo 'IS3 family transposase IS2' at NZ_CP043539.1 position 918455
[17:42:49] Possible /pseudo 'Trimethylamine-N-oxide reductase 1' at NZ_CP043539.1 position 1118014
[17:42:49] Possible /pseudo 'putative outer membrane usher protein ElfC' at NZ_CP043539.1 position 1226677
[17:42:49] Possible /pseudo 'General stress protein 16U' at NZ_CP043539.1 position 1322683
[17:42:49] Possible /pseudo 'Isoaspartyl peptidase' at NZ_CP043539.1 position 1434335
[17:42:49] Possible /pseudo 'Outer membrane usher protein PapC' at NZ_CP043539.1 position 1597657
[17:42:49] Possible /pseudo 'Chitoporin' at NZ_CP043539.1 position 1638089
[17:42:49] Possible /pseudo 'Toxic protein HokE' at NZ_CP043539.1 position 1736437
[17:42:49] Possible /pseudo 'Allantoinase' at NZ_CP043539.1 position 1794391
[17:42:49] Possible /pseudo 'Taurine import ATP-binding protein TauB' at NZ_CP043539.1 position 1979104
[17:42:49] Possible /pseudo 'putative HTH-type transcriptional regulator YahB' at NZ_CP043539.1 position 2041373
[17:42:49] Possible /pseudo 'putative outer membrane usher protein EcpC' at NZ_CP043539.1 position 2087053
[17:42:49] Possible /pseudo 'putative protein YjjI' at NZ_CP043539.1 position 2455297
[17:42:49] Possible /pseudo 'Chaperone protein FimC' at NZ_CP043539.1 position 2529486
[17:42:49] Possible /pseudo 'ISKra4 family transposase ISCep1' at NZ_CP043539.1 position 2532426
[17:42:49] Possible /pseudo 'Formate dehydrogenase H' at NZ_CP043539.1 position 2767038
[17:42:49] Possible /pseudo 'Protein RhsC' at NZ_CP043539.1 position 2959941
[17:42:49] Possible /pseudo 'L-rhamnose-proton symporter' at NZ_CP043539.1 position 2990468
[17:42:49] Possible /pseudo 'Formate dehydrogenase-O major subunit' at NZ_CP043539.1 position 3006888
[17:42:49] Possible /pseudo 'Putative 2,3-dihydroxypropane-1-sulfonate exporter' at NZ_CP043539.1 position 3029146
[17:42:49] Possible /pseudo 'putative fimbrial-like protein ElfG' at NZ_CP043539.1 position 3191193
[17:42:49] Possible /pseudo 'Adenine permease AdeQ' at NZ_CP043539.1 position 3260767
[17:42:49] Possible /pseudo 'IS3 family transposase ISEc31' at NZ_CP043539.1 position 3308031
[17:42:49] Possible /pseudo 'Cellulose biosynthesis protein BcsQ' at NZ_CP043539.1 position 3452781
[17:42:49] Possible /pseudo 'Fructoselysine 6-kinase' at NZ_CP043539.1 position 3667282
[17:42:49] Possible /pseudo 'Multidrug export protein AcrF' at NZ_CP043539.1 position 3738817
[17:42:49] Possible /pseudo 'L-serine dehydratase TdcG' at NZ_CP043539.1 position 3985428
[17:42:49] Possible /pseudo 'Energy-coupling factor transporter ATP-binding protein EcfA1' at NZ_CP043539.1 position 4076697
[17:42:49] Possible /pseudo 'Glucarate dehydratase-related protein' at NZ_CP043539.1 position 4247738
[17:42:49] Possible /pseudo 'Inner membrane metabolite transport protein YgcS' at NZ_CP043539.1 position 4273775
[17:42:49] Possible /pseudo 'Acetyl-CoA:oxalate CoA-transferase' at NZ_CP043539.1 position 4672467
[17:42:49] Possible /pseudo 'putative diguanylate cyclase DgcE' at NZ_CP043539.1 position 5084519
[17:42:49] Possible /pseudo 'IS3 family transposase IS629' at NZ_CP043539.1 position 5356540
[17:42:49] Found 3128 unique /gene codes.
[17:42:49] Fixed 2 duplicate /gene - fdnH_1 fdnH_2
[17:42:49] Fixed 2 duplicate /gene - fimC_1 fimC_2
[17:42:49] Fixed 3 duplicate /gene - fabF_1 fabF_2 fabF_3
[17:42:49] Fixed 2 duplicate /gene - btuR_1 btuR_2
[17:42:49] Fixed 3 duplicate /gene - dmsB_1 dmsB_2 dmsB_3
[17:42:49] Fixed 3 duplicate /gene - bhsA_1 bhsA_2 bhsA_3
[17:42:49] Fixed 2 duplicate /gene - adeQ_1 adeQ_2
[17:42:49] Fixed 2 duplicate /gene - rhlE_1 rhlE_2
[17:42:49] Fixed 2 duplicate /gene - tam_1 tam_2
[17:42:49] Fixed 3 duplicate /gene - potA_1 potA_2 potA_3
[17:42:49] Fixed 2 duplicate /gene - pal_1 pal_2
[17:42:49] Fixed 3 duplicate /gene - lpfA_1 lpfA_2 lpfA_3
[17:42:49] Fixed 2 duplicate /gene - fruA_1 fruA_2
[17:42:49] Fixed 2 duplicate /gene - mepS_1 mepS_2
[17:42:49] Fixed 2 duplicate /gene - yhhT_1 yhhT_2
[17:42:49] Fixed 2 duplicate /gene - ftnA_1 ftnA_2
[17:42:49] Fixed 4 duplicate /gene - pphA_1 pphA_2 pphA_3 pphA_4
[17:42:49] Fixed 2 duplicate /gene - pdeN_1 pdeN_2
[17:42:49] Fixed 4 duplicate /gene - rhsD_1 rhsD_2 rhsD_3 rhsD_4
[17:42:49] Fixed 2 duplicate /gene - ylcG_1 ylcG_2
[17:42:49] Fixed 2 duplicate /gene - pncC_1 pncC_2
[17:42:49] Fixed 3 duplicate /gene - espF(U)_1 espF(U)_2 espF(U)_3
[17:42:49] Fixed 2 duplicate /gene - yfcQ_1 yfcQ_2
[17:42:49] Fixed 2 duplicate /gene - chiP_1 chiP_2
[17:42:49] Fixed 2 duplicate /gene - lolA_1 lolA_2
[17:42:49] Fixed 3 duplicate /gene - gadW_1 gadW_2 gadW_3
[17:42:49] Fixed 2 duplicate /gene - ydhX_1 ydhX_2
[17:42:49] Fixed 2 duplicate /gene - bcr_1 bcr_2
[17:42:49] Fixed 2 duplicate /gene - abgT_1 abgT_2
[17:42:49] Fixed 2 duplicate /gene - yicJ_1 yicJ_2
[17:42:49] Fixed 2 duplicate /gene - yiaW_1 yiaW_2
[17:42:49] Fixed 2 duplicate /gene - arcC2_1 arcC2_2
[17:42:49] Fixed 2 duplicate /gene - nagK_1 nagK_2
[17:42:49] Fixed 2 duplicate /gene - nadC_1 nadC_2
[17:42:49] Fixed 2 duplicate /gene - caiT_1 caiT_2
[17:42:49] Fixed 2 duplicate /gene - ndhI_1 ndhI_2
[17:42:49] Fixed 3 duplicate /gene - acrB_1 acrB_2 acrB_3
[17:42:49] Fixed 2 duplicate /gene - recQ_1 recQ_2
[17:42:49] Fixed 2 duplicate /gene - kdgK_1 kdgK_2
[17:42:49] Fixed 5 duplicate /gene - dmlR_1 dmlR_2 dmlR_3 dmlR_4 dmlR_5
[17:42:49] Fixed 3 duplicate /gene - kduD_1 kduD_2 kduD_3
[17:42:49] Fixed 2 duplicate /gene - yciE_1 yciE_2
[17:42:49] Fixed 2 duplicate /gene - mglA_1 mglA_2
[17:42:49] Fixed 2 duplicate /gene - dnaK_1 dnaK_2
[17:42:49] Fixed 4 duplicate /gene - intS_1 intS_2 intS_3 intS_4
[17:42:49] Fixed 2 duplicate /gene - nlpD_1 nlpD_2
[17:42:49] Fixed 3 duplicate /gene - cutC_1 cutC_2 cutC_3
[17:42:49] Fixed 2 duplicate /gene - dgcE_1 dgcE_2
[17:42:49] Fixed 2 duplicate /gene - aaeB_1 aaeB_2
[17:42:49] Fixed 2 duplicate /gene - fbaA_1 fbaA_2
[17:42:49] Fixed 2 duplicate /gene - yehC_1 yehC_2
[17:42:49] Fixed 2 duplicate /gene - ydjZ_1 ydjZ_2
[17:42:49] Fixed 2 duplicate /gene - manX_1 manX_2
[17:42:49] Fixed 2 duplicate /gene - uhpA_1 uhpA_2
[17:42:49] Fixed 5 duplicate /gene - rhaR_1 rhaR_2 rhaR_3 rhaR_4 rhaR_5
[17:42:49] Fixed 2 duplicate /gene - ydjE_1 ydjE_2
[17:42:49] Fixed 2 duplicate /gene - yfdE_1 yfdE_2
[17:42:49] Fixed 2 duplicate /gene - alx_1 alx_2
[17:42:49] Fixed 2 duplicate /gene - rlhA_1 rlhA_2
[17:42:49] Fixed 2 duplicate /gene - leuC_1 leuC_2
[17:42:49] Fixed 2 duplicate /gene - ompC_1 ompC_2
[17:42:49] Fixed 2 duplicate /gene - mlc_1 mlc_2
[17:42:49] Fixed 2 duplicate /gene - rep_1 rep_2
[17:42:49] Fixed 3 duplicate /gene - yahB_1 yahB_2 yahB_3
[17:42:49] Fixed 2 duplicate /gene - fimD_1 fimD_2
[17:42:49] Fixed 2 duplicate /gene - nanM_1 nanM_2
[17:42:49] Fixed 2 duplicate /gene - dmsC_1 dmsC_2
[17:42:49] Fixed 2 duplicate /gene - melR_1 melR_2
[17:42:49] Fixed 2 duplicate /gene - fixA_1 fixA_2
[17:42:49] Fixed 2 duplicate /gene - prfB_1 prfB_2
[17:42:49] Fixed 2 duplicate /gene - lptB_1 lptB_2
[17:42:49] Fixed 2 duplicate /gene - fruK_1 fruK_2
[17:42:49] Fixed 2 duplicate /gene - yhaJ_1 yhaJ_2
[17:42:49] Fixed 2 duplicate /gene - ulaA_1 ulaA_2
[17:42:49] Fixed 2 duplicate /gene - ssb_1 ssb_2
[17:42:49] Fixed 2 duplicate /gene - algC_1 algC_2
[17:42:49] Fixed 3 duplicate /gene - gltC_1 gltC_2 gltC_3
[17:42:49] Fixed 4 duplicate /gene - pgrR_1 pgrR_2 pgrR_3 pgrR_4
[17:42:49] Fixed 2 duplicate /gene - glmS_1 glmS_2
[17:42:49] Fixed 2 duplicate /gene - era_1 era_2
[17:42:49] Fixed 3 duplicate /gene - tdh_1 tdh_2 tdh_3
[17:42:49] Fixed 2 duplicate /gene - yihP_1 yihP_2
[17:42:49] Fixed 2 duplicate /gene - lldR_1 lldR_2
[17:42:49] Fixed 2 duplicate /gene - kefC_1 kefC_2
[17:42:49] Fixed 2 duplicate /gene - kbaY_1 kbaY_2
[17:42:49] Fixed 2 duplicate /gene - hcaR_1 hcaR_2
[17:42:49] Fixed 2 duplicate /gene - lsrK_1 lsrK_2
[17:42:49] Fixed 3 duplicate /gene - manZ_1 manZ_2 manZ_3
[17:42:49] Fixed 2 duplicate /gene - chuR_1 chuR_2
[17:42:49] Fixed 2 duplicate /gene - proA_1 proA_2
[17:42:49] Fixed 2 duplicate /gene - fumA_1 fumA_2
[17:42:49] Fixed 2 duplicate /gene - ydgA_1 ydgA_2
[17:42:49] Fixed 4 duplicate /gene - rhsC_1 rhsC_2 rhsC_3 rhsC_4
[17:42:49] Fixed 3 duplicate /gene - yadV_1 yadV_2 yadV_3
[17:42:49] Fixed 2 duplicate /gene - por_1 por_2
[17:42:49] Fixed 8 duplicate /gene - rusA_1 rusA_2 rusA_3 rusA_4 rusA_5 rusA_6 rusA_7 rusA_8
[17:42:49] Fixed 2 duplicate /gene - prs_1 prs_2
[17:42:49] Fixed 2 duplicate /gene - yggP_1 yggP_2
[17:42:49] Fixed 2 duplicate /gene - eptA_1 eptA_2
[17:42:49] Fixed 3 duplicate /gene - cysE_1 cysE_2 cysE_3
[17:42:49] Fixed 2 duplicate /gene - ydjF_1 ydjF_2
[17:42:49] Fixed 2 duplicate /gene - rsxB_1 rsxB_2
[17:42:49] Fixed 2 duplicate /gene - trmH_1 trmH_2
[17:42:49] Fixed 2 duplicate /gene - dcuD_1 dcuD_2
[17:42:49] Fixed 3 duplicate /gene - fixX_1 fixX_2 fixX_3
[17:42:49] Fixed 2 duplicate /gene - srmB_1 srmB_2
[17:42:49] Fixed 2 duplicate /gene - acpP_1 acpP_2
[17:42:49] Fixed 2 duplicate /gene - manC1_1 manC1_2
[17:42:49] Fixed 2 duplicate /gene - gcvT_1 gcvT_2
[17:42:49] Fixed 2 duplicate /gene - tauB_1 tauB_2
[17:42:49] Fixed 2 duplicate /gene - gadX_1 gadX_2
[17:42:49] Fixed 2 duplicate /gene - yjiK_1 yjiK_2
[17:42:49] Fixed 2 duplicate /gene - rbsA_1 rbsA_2
[17:42:49] Fixed 2 duplicate /gene - ylpA_1 ylpA_2
[17:42:49] Fixed 2 duplicate /gene - yraI_1 yraI_2
[17:42:49] Fixed 2 duplicate /gene - ygdR_1 ygdR_2
[17:42:49] Fixed 2 duplicate /gene - sctC_1 sctC_2
[17:42:49] Fixed 2 duplicate /gene - uidC_1 uidC_2
[17:42:49] Fixed 2 duplicate /gene - acs_1 acs_2
[17:42:49] Fixed 4 duplicate /gene - yceD_1 yceD_2 yceD_3 yceD_4
[17:42:49] Fixed 2 duplicate /gene - cntO_1 cntO_2
[17:42:49] Fixed 2 duplicate /gene - betI_1 betI_2
[17:42:49] Fixed 2 duplicate /gene - fimG_1 fimG_2
[17:42:49] Fixed 2 duplicate /gene - acpS_1 acpS_2
[17:42:49] Fixed 3 duplicate /gene - lexA_1 lexA_2 lexA_3
[17:42:49] Fixed 2 duplicate /gene - dadA_1 dadA_2
[17:42:49] Fixed 2 duplicate /gene - fryA_1 fryA_2
[17:42:49] Fixed 2 duplicate /gene - ndhB_1 ndhB_2
[17:42:49] Fixed 2 duplicate /gene - agaC_1 agaC_2
[17:42:49] Fixed 2 duplicate /gene - yciF_1 yciF_2
[17:42:49] Fixed 2 duplicate /gene - yehD_1 yehD_2
[17:42:49] Fixed 2 duplicate /gene - sapB_1 sapB_2
[17:42:49] Fixed 2 duplicate /gene - murR_1 murR_2
[17:42:49] Fixed 2 duplicate /gene - yehB_1 yehB_2
[17:42:49] Fixed 2 duplicate /gene - sbmC_1 sbmC_2
[17:42:49] Fixed 2 duplicate /gene - kgtP_1 kgtP_2
[17:42:49] Fixed 2 duplicate /gene - yvgN_1 yvgN_2
[17:42:49] Fixed 2 duplicate /gene - gmd_1 gmd_2
[17:42:49] Fixed 2 duplicate /gene - ybcO_1 ybcO_2
[17:42:49] Fixed 2 duplicate /gene - nanR_1 nanR_2
[17:42:49] Fixed 3 duplicate /gene - fabG_1 fabG_2 fabG_3
[17:42:49] Fixed 4 duplicate /gene - rbsC_1 rbsC_2 rbsC_3 rbsC_4
[17:42:49] Fixed 3 duplicate /gene - dnaC_1 dnaC_2 dnaC_3
[17:42:49] Fixed 2 duplicate /gene - gcvA_1 gcvA_2
[17:42:49] Fixed 2 duplicate /gene - xdhA_1 xdhA_2
[17:42:49] Fixed 2 duplicate /gene - cusC_1 cusC_2
[17:42:49] Fixed 2 duplicate /gene - pdhR_1 pdhR_2
[17:42:49] Fixed 2 duplicate /gene - tsaR_1 tsaR_2
[17:42:49] Fixed 5 duplicate /gene - dnaT_1 dnaT_2 dnaT_3 dnaT_4 dnaT_5
[17:42:49] Fixed 2 duplicate /gene - acrF_1 acrF_2
[17:42:49] Fixed 2 duplicate /gene - allB_1 allB_2
[17:42:49] Fixed 2 duplicate /gene - gfcB_1 gfcB_2
[17:42:49] Fixed 3 duplicate /gene - hokE_1 hokE_2 hokE_3
[17:42:49] Fixed 3 duplicate /gene - nohA_1 nohA_2 nohA_3
[17:42:49] Fixed 2 duplicate /gene - mipA_1 mipA_2
[17:42:49] Fixed 2 duplicate /gene - slp_1 slp_2
[17:42:49] Fixed 2 duplicate /gene - uidA_1 uidA_2
[17:42:49] Fixed 2 duplicate /gene - ldrA_1 ldrA_2
[17:42:49] Fixed 2 duplicate /gene - ttdT_1 ttdT_2
[17:42:49] Fixed 2 duplicate /gene - ykgM_1 ykgM_2
[17:42:49] Fixed 5 duplicate /gene - rhaS_1 rhaS_2 rhaS_3 rhaS_4 rhaS_5
[17:42:49] Fixed 2 duplicate /gene - gatB_1 gatB_2
[17:42:49] Fixed 2 duplicate /gene - iaaA_1 iaaA_2
[17:42:49] Fixed 2 duplicate /gene - uhpB_1 uhpB_2
[17:42:49] Fixed 2 duplicate /gene - crfC_1 crfC_2
[17:42:49] Fixed 2 duplicate /gene - flhA_1 flhA_2
[17:42:49] Fixed 2 duplicate /gene - xylB_1 xylB_2
[17:42:49] Fixed 2 duplicate /gene - aaeA_1 aaeA_2
[17:42:49] Fixed 2 duplicate /gene - osmY_1 osmY_2
[17:42:49] Fixed 10 duplicate /gene - rrrD_1 rrrD_2 rrrD_3 rrrD_4 rrrD_5 rrrD_6 rrrD_7 rrrD_8 rrrD_9 rrrD_10
[17:42:49] Fixed 4 duplicate /gene - xerC_1 xerC_2 xerC_3 xerC_4
[17:42:49] Fixed 2 duplicate /gene - fdnG_1 fdnG_2
[17:42:49] Fixed 3 duplicate /gene - ydcV_1 ydcV_2 ydcV_3
[17:42:49] Fixed 2 duplicate /gene - rhaT_1 rhaT_2
[17:42:49] Fixed 3 duplicate /gene - elfG_1 elfG_2 elfG_3
[17:42:49] Fixed 2 duplicate /gene - ybdO_1 ybdO_2
[17:42:49] Fixed 2 duplicate /gene - bioD1_1 bioD1_2
[17:42:49] Fixed 2 duplicate /gene - sgrR_1 sgrR_2
[17:42:49] Fixed 2 duplicate /gene - ompR_1 ompR_2
[17:42:49] Fixed 2 duplicate /gene - gudX_1 gudX_2
[17:42:49] Fixed 2 duplicate /gene - dmsA_1 dmsA_2
[17:42:49] Fixed 2 duplicate /gene - bcsQ_1 bcsQ_2
[17:42:49] Fixed 2 duplicate /gene - cbeA_1 cbeA_2
[17:42:49] Fixed 2 duplicate /gene - lsrB_1 lsrB_2
[17:42:49] Fixed 2 duplicate /gene - mshA_1 mshA_2
[17:42:49] Fixed 2 duplicate /gene - lsrD_1 lsrD_2
[17:42:49] Fixed 2 duplicate /gene - araG_1 araG_2
[17:42:49] Fixed 2 duplicate /gene - psuK_1 psuK_2
[17:42:49] Fixed 2 duplicate /gene - lolD_1 lolD_2
[17:42:49] Fixed 3 duplicate /gene - tfaE_1 tfaE_2 tfaE_3
[17:42:49] Fixed 2 duplicate /gene - ydeO_1 ydeO_2
[17:42:49] Fixed 2 duplicate /gene - rapA_1 rapA_2
[17:42:49] Fixed 2 duplicate /gene - klcA_1 klcA_2
[17:42:49] Fixed 2 duplicate /gene - yrdA_1 yrdA_2
[17:42:49] Fixed 2 duplicate /gene - rcsC_1 rcsC_2
[17:42:49] Fixed 3 duplicate /gene - glnQ_1 glnQ_2 glnQ_3
[17:42:49] Fixed 2 duplicate /gene - fdoG_1 fdoG_2
[17:42:49] Fixed 2 duplicate /gene - cynR_1 cynR_2
[17:42:49] Fixed 2 duplicate /gene - intQ_1 intQ_2
[17:42:49] Fixed 2 duplicate /gene - purR_1 purR_2
[17:42:49] Fixed 2 duplicate /gene - rbsB_1 rbsB_2
[17:42:49] Fixed 3 duplicate /gene - norR_1 norR_2 norR_3
[17:42:49] Fixed 2 duplicate /gene - rhmT_1 rhmT_2
[17:42:49] Fixed 2 duplicate /gene - hycG_1 hycG_2
[17:42:49] Fixed 3 duplicate /gene - hdfR_1 hdfR_2 hdfR_3
[17:42:49] Fixed 2 duplicate /gene - hcpA_1 hcpA_2
[17:42:49] Fixed 2 duplicate /gene - coaA_1 coaA_2
[17:42:49] Fixed 2 duplicate /gene - gstB_1 gstB_2
[17:42:49] Fixed 2 duplicate /gene - caiA_1 caiA_2
[17:42:49] Fixed 2 duplicate /gene - gmm_1 gmm_2
[17:42:49] Fixed 3 duplicate /gene - cbtA_1 cbtA_2 cbtA_3
[17:42:49] Fixed 2 duplicate /gene - dnaB_1 dnaB_2
[17:42:49] Fixed 2 duplicate /gene - malP_1 malP_2
[17:42:49] Fixed 2 duplicate /gene - oxyR_1 oxyR_2
[17:42:49] Fixed 2 duplicate /gene - spaP_1 spaP_2
[17:42:49] Fixed 3 duplicate /gene - papC_1 papC_2 papC_3
[17:42:49] Fixed 2 duplicate /gene - nuoL_1 nuoL_2
[17:42:49] Fixed 2 duplicate /gene - mngR_1 mngR_2
[17:42:49] Fixed 2 duplicate /gene - fcl_1 fcl_2
[17:42:49] Fixed 2 duplicate /gene - sorB_1 sorB_2
[17:42:49] Fixed 2 duplicate /gene - narL_1 narL_2
[17:42:49] Fixed 2 duplicate /gene - artM_1 artM_2
[17:42:49] Fixed 4 duplicate /gene - dinI_1 dinI_2 dinI_3 dinI_4
[17:42:49] Fixed 2 duplicate /gene - lon_1 lon_2
[17:42:49] Fixed 2 duplicate /gene - nepI_1 nepI_2
[17:42:49] Fixed 2 duplicate /gene - ubiJ_1 ubiJ_2
[17:42:49] Fixed 2 duplicate /gene - frlD_1 frlD_2
[17:42:49] Fixed 2 duplicate /gene - ccmF_1 ccmF_2
[17:42:49] Fixed 2 duplicate /gene - fdhF_1 fdhF_2
[17:42:49] Fixed 2 duplicate /gene - uhpC_1 uhpC_2
[17:42:49] Fixed 2 duplicate /gene - gspA_1 gspA_2
[17:42:49] Fixed 2 duplicate /gene - fimH_1 fimH_2
[17:42:49] Fixed 2 duplicate /gene - gatC_1 gatC_2
[17:42:49] Fixed 2 duplicate /gene - topA_1 topA_2
[17:42:49] Fixed 2 duplicate /gene - fryB_1 fryB_2
[17:42:49] Fixed 2 duplicate /gene - manP_1 manP_2
[17:42:49] Fixed 2 duplicate /gene - btuB_1 btuB_2
[17:42:49] Fixed 4 duplicate /gene - srlR_1 srlR_2 srlR_3 srlR_4
[17:42:49] Fixed 2 duplicate /gene - ecfA1_1 ecfA1_2
[17:42:49] Fixed 3 duplicate /gene - btuD_1 btuD_2 btuD_3
[17:42:49] Fixed 2 duplicate /gene - arnC_1 arnC_2
[17:42:49] Fixed 2 duplicate /gene - yraK_1 yraK_2
[17:42:49] Fixed 4 duplicate /gene - elfC_1 elfC_2 elfC_3 elfC_4
[17:42:49] Fixed 2 duplicate /gene - pspB_1 pspB_2
[17:42:49] Fixed 2 duplicate /gene - ulaB_1 ulaB_2
[17:42:49] Fixed 2 duplicate /gene - ycjM_1 ycjM_2
[17:42:49] Fixed 2 duplicate /gene - fixB_1 fixB_2
[17:42:49] Fixed 3 duplicate /gene - ygiW_1 ygiW_2 ygiW_3
[17:42:49] Fixed 2 duplicate /gene - fimA_1 fimA_2
[17:42:49] Fixed 2 duplicate /gene - ugpC_1 ugpC_2
[17:42:49] Fixed 2 duplicate /gene - dgkA_1 dgkA_2
[17:42:49] Fixed 5 duplicate /gene - hyfA_1 hyfA_2 hyfA_3 hyfA_4 hyfA_5
[17:42:49] Fixed 2 duplicate /gene - tdcG_1 tdcG_2
[17:42:49] Fixed 2 duplicate /gene - pitA_1 pitA_2
[17:42:49] Fixed 3 duplicate /gene - cirA_1 cirA_2 cirA_3
[17:42:49] Fixed 2 duplicate /gene - aspT_1 aspT_2
[17:42:49] Fixed 2 duplicate /gene - yjjI_1 yjjI_2
[17:42:49] Fixed 2 duplicate /gene - rob_1 rob_2
[17:42:49] Fixed 2 duplicate /gene - ssuC_1 ssuC_2
[17:42:49] Fixed 2 duplicate /gene - fdrA_1 fdrA_2
[17:42:49] Fixed 2 duplicate /gene - xerD_1 xerD_2
[17:42:49] Fixed 2 duplicate /gene - argE_1 argE_2
[17:42:49] Fixed 2 duplicate /gene - rcsB_1 rcsB_2
[17:42:49] Fixed 2 duplicate /gene - ptsH_1 ptsH_2
[17:42:49] Fixed 3 duplicate /gene - ygcS_1 ygcS_2 ygcS_3
[17:42:49] Fixed 2 duplicate /gene - dosP_1 dosP_2
[17:42:49] Fixed 2 duplicate /gene - torA_1 torA_2
[17:42:49] Fixed 2 duplicate /gene - mtlA_1 mtlA_2
[17:42:49] Fixed 2 duplicate /gene - ftsA_1 ftsA_2
[17:42:49] Fixed 3 duplicate /gene - clpP_1 clpP_2 clpP_3
[17:42:49] Fixed 3 duplicate /gene - intA_1 intA_2 intA_3
[17:42:49] Fixed 2 duplicate /gene - dctA_1 dctA_2
[17:42:49] Fixed 2 duplicate /gene - cytR_1 cytR_2
[17:42:49] Fixed 2 duplicate /gene - rhtC_1 rhtC_2
[17:42:49] Fixed 2 duplicate /gene - nhoA_1 nhoA_2
[17:42:49] Fixed 2 duplicate /gene - ccmH_1 ccmH_2
[17:42:49] Fixed 2 duplicate /gene - acrR_1 acrR_2
[17:42:49] Fixed 2 duplicate /gene - ecpC_1 ecpC_2
[17:42:49] Fixed 13 duplicate /gene - ompX_1 ompX_2 ompX_3 ompX_4 ompX_5 ompX_6 ompX_7 ompX_8 ompX_9 ompX_10 ompX_11 ompX_12 ompX_13
[17:42:49] Fixed 2 duplicate /gene - fimF_1 fimF_2
[17:42:49] Fixed 3 duplicate /gene - ompN_1 ompN_2 ompN_3
[17:42:49] Fixed 4 duplicate /gene - ycjY_1 ycjY_2 ycjY_3 ycjY_4
[17:42:49] Fixed 2 duplicate /gene - mdh_1 mdh_2
[17:42:49] Fixed 283 colliding /gene names.
[17:42:49] Adding /locus_tag identifiers
[17:42:49] Assigned 5380 locus_tags to CDS and RNA features.
[17:42:49] Writing outputs to /mnt/c/Users/migue/OneDrive/Ambiente de Trabalho/Prokka_GCF_008462425/
[17:42:58] Generating annotation statistics file
[17:42:58] Generating Genbank and Sequin files
[17:42:58] Running: tbl2asn -V b -a r10k -l paired-ends -M n -N 1 -y 'Annotated using prokka 1.14.6 from https://github.com/tseemann/prokka' -Z \/mnt\/c\/Users\/migue\/OneDrive\/Ambiente\ de\ Trabalho\/Prokka_GCF_008462425\/Prokka_GCF_008462425\.err -i \/mnt\/c\/Users\/migue\/OneDrive\/Ambiente\ de\ Trabalho\/Prokka_GCF_008462425\/Prokka_GCF_008462425\.fsa 2> /dev/null
[17:43:05] Deleting unwanted file: /mnt/c/Users/migue/OneDrive/Ambiente de Trabalho/Prokka_GCF_008462425/errorsummary.val
[17:43:05] Deleting unwanted file: /mnt/c/Users/migue/OneDrive/Ambiente de Trabalho/Prokka_GCF_008462425/Prokka_GCF_008462425.dr
[17:43:05] Deleting unwanted file: /mnt/c/Users/migue/OneDrive/Ambiente de Trabalho/Prokka_GCF_008462425/Prokka_GCF_008462425.fixedproducts
[17:43:05] Deleting unwanted file: /mnt/c/Users/migue/OneDrive/Ambiente de Trabalho/Prokka_GCF_008462425/Prokka_GCF_008462425.ecn
[17:43:05] Deleting unwanted file: /mnt/c/Users/migue/OneDrive/Ambiente de Trabalho/Prokka_GCF_008462425/Prokka_GCF_008462425.val
[17:43:05] Repairing broken .GBK output that tbl2asn produces...
[17:43:05] Running: sed 's/COORDINATES: profile/COORDINATES:profile/' < \/mnt\/c\/Users\/migue\/OneDrive\/Ambiente\ de\ Trabalho\/Prokka_GCF_008462425\/Prokka_GCF_008462425\.gbf > \/mnt\/c\/Users\/migue\/OneDrive\/Ambiente\ de\ Trabalho\/Prokka_GCF_008462425\/Prokka_GCF_008462425\.gbk
[17:43:06] Deleting unwanted file: /mnt/c/Users/migue/OneDrive/Ambiente de Trabalho/Prokka_GCF_008462425/Prokka_GCF_008462425.gbf
[17:43:06] Output files:
[17:43:06] /mnt/c/Users/migue/OneDrive/Ambiente de Trabalho/Prokka_GCF_008462425/Prokka_GCF_008462425.err
[17:43:06] /mnt/c/Users/migue/OneDrive/Ambiente de Trabalho/Prokka_GCF_008462425/Prokka_GCF_008462425.faa
[17:43:06] /mnt/c/Users/migue/OneDrive/Ambiente de Trabalho/Prokka_GCF_008462425/Prokka_GCF_008462425.ffn
[17:43:06] /mnt/c/Users/migue/OneDrive/Ambiente de Trabalho/Prokka_GCF_008462425/Prokka_GCF_008462425.fna
[17:43:06] /mnt/c/Users/migue/OneDrive/Ambiente de Trabalho/Prokka_GCF_008462425/Prokka_GCF_008462425.fsa
[17:43:06] /mnt/c/Users/migue/OneDrive/Ambiente de Trabalho/Prokka_GCF_008462425/Prokka_GCF_008462425.gbk
[17:43:06] /mnt/c/Users/migue/OneDrive/Ambiente de Trabalho/Prokka_GCF_008462425/Prokka_GCF_008462425.gff
[17:43:06] /mnt/c/Users/migue/OneDrive/Ambiente de Trabalho/Prokka_GCF_008462425/Prokka_GCF_008462425.log
[17:43:06] /mnt/c/Users/migue/OneDrive/Ambiente de Trabalho/Prokka_GCF_008462425/Prokka_GCF_008462425.sqn
[17:43:06] /mnt/c/Users/migue/OneDrive/Ambiente de Trabalho/Prokka_GCF_008462425/Prokka_GCF_008462425.tbl
[17:43:06] /mnt/c/Users/migue/OneDrive/Ambiente de Trabalho/Prokka_GCF_008462425/Prokka_GCF_008462425.tsv
[17:43:06] /mnt/c/Users/migue/OneDrive/Ambiente de Trabalho/Prokka_GCF_008462425/Prokka_GCF_008462425.txt
[17:43:06] Annotation finished successfully.
[17:43:06] Walltime used: 1.95 minutes
[17:43:06] If you use this result please cite the Prokka paper:
[17:43:06] Seemann T (2014) Prokka: rapid prokaryotic genome annotation. Bioinformatics. 30(14):2068-9.
[17:43:06] Type 'prokka --citation' for more details.
[17:43:06] Share and enjoy!
