[19:33:20] This is prokka 1.14.6
[19:33:20] Written by Torsten Seemann <torsten.seemann@gmail.com>
[19:33:20] Homepage is https://github.com/tseemann/prokka
[19:33:20] Local time is Sun Jan  5 19:33:20 2025
[19:33:20] You are miguelbalexandre
[19:33:20] Operating system is linux
[19:33:20] You have BioPerl 1.7.8
[19:33:20] System has 16 cores.
[19:33:20] Will use maximum of 8 cores.
[19:33:20] Annotating as >>> Bacteria <<<
[19:33:20] Generating locus_tag from '/mnt/c/Users/migue/Downloads/Dados_Prokka/GCF_001442495.fasta' contents.
[19:33:21] Setting --locustag NJFBNFKM from MD5 73fb7f46c9298b907d879be9f2d5cf88
[19:33:21] Creating new output folder: /mnt/c/Users/migue/OneDrive/Ambiente de Trabalho/Prokka_GCF_001442495
[19:33:21] Running: mkdir -p \/mnt\/c\/Users\/migue\/OneDrive\/Ambiente\ de\ Trabalho\/Prokka_GCF_001442495
[19:33:21] Using filename prefix: Prokka_GCF_001442495.XXX
[19:33:21] Setting HMMER_NCPU=1
[19:33:21] Writing log to: /mnt/c/Users/migue/OneDrive/Ambiente de Trabalho/Prokka_GCF_001442495/Prokka_GCF_001442495.log
[19:33:21] Command: /home/miguelbalexandre/miniconda3/envs/prokka_env/bin/prokka --outdir /mnt/c/Users/migue/OneDrive/Ambiente de Trabalho/Prokka_GCF_001442495 --prefix Prokka_GCF_001442495 /mnt/c/Users/migue/Downloads/Dados_Prokka/GCF_001442495.fasta
[19:33:21] Appending to PATH: /home/miguelbalexandre/miniconda3/envs/prokka_env/bin
[19:33:21] Looking for 'aragorn' - found /home/miguelbalexandre/miniconda3/envs/prokka_env/bin/aragorn
[19:33:21] Determined aragorn version is 001002 from 'ARAGORN v1.2.41 Dean Laslett'
[19:33:21] Looking for 'barrnap' - found /home/miguelbalexandre/miniconda3/envs/prokka_env/bin/barrnap
[19:33:21] Determined barrnap version is 000009 from 'barrnap 0.9'
[19:33:21] Looking for 'blastp' - found /home/miguelbalexandre/miniconda3/envs/prokka_env/bin/blastp
[19:33:21] Determined blastp version is 002016 from 'blastp: 2.16.0+'
[19:33:21] Looking for 'cmpress' - found /home/miguelbalexandre/miniconda3/envs/prokka_env/bin/cmpress
[19:33:21] Determined cmpress version is 001001 from '# INFERNAL 1.1.5 (Sep 2023)'
[19:33:21] Looking for 'cmscan' - found /home/miguelbalexandre/miniconda3/envs/prokka_env/bin/cmscan
[19:33:21] Determined cmscan version is 001001 from '# INFERNAL 1.1.5 (Sep 2023)'
[19:33:21] Looking for 'egrep' - found /usr/bin/egrep
[19:33:21] Looking for 'find' - found /usr/bin/find
[19:33:21] Looking for 'grep' - found /usr/bin/grep
[19:33:21] Looking for 'hmmpress' - found /home/miguelbalexandre/miniconda3/envs/prokka_env/bin/hmmpress
[19:33:21] Determined hmmpress version is 003004 from '# HMMER 3.4 (Aug 2023); http://hmmer.org/'
[19:33:21] Looking for 'hmmscan' - found /home/miguelbalexandre/miniconda3/envs/prokka_env/bin/hmmscan
[19:33:21] Determined hmmscan version is 003004 from '# HMMER 3.4 (Aug 2023); http://hmmer.org/'
[19:33:21] Looking for 'java' - found /home/miguelbalexandre/miniconda3/envs/prokka_env/bin/java
[19:33:21] Looking for 'makeblastdb' - found /home/miguelbalexandre/miniconda3/envs/prokka_env/bin/makeblastdb
[19:33:21] Determined makeblastdb version is 002016 from 'makeblastdb: 2.16.0+'
[19:33:21] Looking for 'minced' - found /home/miguelbalexandre/miniconda3/envs/prokka_env/bin/minced
[19:33:21] Determined minced version is 004002 from 'minced 0.4.2'
[19:33:21] Looking for 'parallel' - found /home/miguelbalexandre/miniconda3/envs/prokka_env/bin/parallel
[19:33:21] Determined parallel version is 20241122 from 'GNU parallel 20241122'
[19:33:21] Looking for 'prodigal' - found /home/miguelbalexandre/miniconda3/envs/prokka_env/bin/prodigal
[19:33:21] Determined prodigal version is 002006 from 'Prodigal V2.6.3: February, 2016'
[19:33:21] Looking for 'prokka-genbank_to_fasta_db' - found /home/miguelbalexandre/miniconda3/envs/prokka_env/bin/prokka-genbank_to_fasta_db
[19:33:21] Looking for 'sed' - found /usr/bin/sed
[19:33:21] Looking for 'tbl2asn' - found /home/miguelbalexandre/miniconda3/envs/prokka_env/bin/tbl2asn
[19:33:21] Determined tbl2asn version is 025007 from 'tbl2asn 25.7   arguments:'
[19:33:21] Using genetic code table 11.
[19:33:21] Loading and checking input file: /mnt/c/Users/migue/Downloads/Dados_Prokka/GCF_001442495.fasta
[19:33:21] Wrote 1 contigs totalling 4863501 bp.
[19:33:21] Predicting tRNAs and tmRNAs
[19:33:21] Running: aragorn -l -gc11  -w \/mnt\/c\/Users\/migue\/OneDrive\/Ambiente\ de\ Trabalho\/Prokka_GCF_001442495\/Prokka_GCF_001442495\.fna
[19:33:23] 1 tRNA-Arg [60705,60781] 35 (tct)
[19:33:23] 2 tRNA-Gln c[177938,178012] 33 (ctg)
[19:33:23] 3 tRNA-Gln c[178050,178124] 33 (ctg)
[19:33:23] 4 tRNA-Met c[178173,178249] 35 (cat)
[19:33:23] 5 tRNA-Gln c[178265,178339] 33 (ttg)
[19:33:23] 6 tRNA-Gln c[178374,178448] 33 (ttg)
[19:33:23] 7 tRNA-Leu c[178472,178556] 35 (tag)
[19:33:23] 8 tRNA-Met c[178565,178641] 35 (cat)
[19:33:23] 9 tRNA-Lys [260975,261050] 34 (ttt)
[19:33:23] 10 tRNA-Val [261186,261261] 34 (tac)
[19:33:23] 11 tRNA-Lys [261264,261339] 34 (ttt)
[19:33:23] 12 tRNA-Val [261489,261564] 34 (tac)
[19:33:23] 13 tRNA-Lys [261568,261643] 34 (ttt)
[19:33:23] 14 tRNA-Lys [261790,261865] 34 (ttt)
[19:33:23] 15 tRNA-Lys [261899,261974] 34 (ttt)
[19:33:23] 16 tRNA-Ser c[451303,451390] 35 (gga)
[19:33:23] 17 tRNA-Ser c[557334,557421] 35 (tga)
[19:33:23] 18 tRNA-Ser c[665827,665914] 35 (gga)
[19:33:23] 19 tRNA-Tyr c[851284,851368] 35 (gta)
[19:33:23] 20 tRNA-Gly c[1180359,1180433] 34 (tcc)
[19:33:23] 21 tRNA-Thr c[1180437,1180512] 34 (tgt)
[19:33:23] 22 tRNA-Lys c[1180515,1180591] 35 (ttt)
[19:33:23] 23 tRNA-Met c[1180593,1180668] 34 (cat)
[19:33:23] 24 tRNA-Val [1289847,1289923] 35 (gac)
[19:33:23] 25 tRNA-Val [1289928,1290004] 35 (gac)
[19:33:23] 26 tRNA-Leu c[1536677,1536763] 35 (taa)
[19:33:23] 27 tRNA-Cys c[1536776,1536849] 33 (gca)
[19:33:23] 28 tRNA-Gly c[1536904,1536979] 34 (gcc)
[19:33:23] 29 tRNA-Ser c[1590686,1590775] 35 (cga)
[19:33:23] 30 tRNA-Asn [1591767,1591842] 34 (gtt)
[19:33:23] 31 tRNA-Asn c[1658871,1658946] 34 (gtt)
[19:33:23] 32 tRNA-Asn [1660695,1660770] 34 (gtt)
[19:33:23] 33 tRNA-Asn [1663103,1663178] 34 (gtt)
[19:33:23] 34 tRNA-Pro [1895290,1895366] 35 (ggg)
[19:33:23] 35 tRNA-Arg [2075201,2075275] 34 (cct)
[19:33:23] 36 tRNA-Ala c[2118567,2118642] 34 (ggc)
[19:33:23] 37 tRNA-Ala c[2118682,2118757] 34 (ggc)
[19:33:23] 38 tRNA-Val [2121457,2121532] 34 (tac)
[19:33:23] 39 tRNA-Val [2121577,2121652] 34 (tac)
[19:33:23] 40 tRNA-Val [2121699,2121774] 34 (tac)
[19:33:23] 41 tRNA-Lys [2121779,2121854] 34 (ttt)
[19:33:23] 42 tRNA-Glu c[2321522,2321597] 35 (ttc)
[19:33:23] 43 tmRNA [2347634,2347996] 90,125 ANDENYALAA**
[19:33:23] 44 tRNA-Arg c[2397035,2397111] 35 (acg)
[19:33:23] 45 tRNA-Arg c[2397310,2397386] 35 (acg)
[19:33:23] 46 tRNA-Arg c[2397450,2397526] 35 (acg)
[19:33:23] 47 tRNA-Arg [2397709,2397780] 34 (tcg)
[19:33:23] 48 tRNA-Arg c[2397724,2397800] 35 (acg)
[19:33:23] 49 tRNA-Ser c[2397804,2397896] 35 (gct)
[19:33:23] 50 tRNA-Met [2525226,2525302] 35 (cat)
[19:33:23] 51 tRNA-Met [2525336,2525412] 35 (cat)
[19:33:23] 52 tRNA-Met [2525446,2525522] 35 (cat)
[19:33:23] 53 tRNA-Gly c[2588864,2588937] 33 (ccc)
[19:33:23] 54 tRNA-Phe [2702949,2703024] 34 (gaa)
[19:33:23] 55 tRNA-Met [2856549,2856624] 34 (cat)
[19:33:23] 56 tRNA-Met c[2965055,2965131] 35 (cat)
[19:33:23] 57 tRNA-Leu c[2968914,2969000] 35 (gag)
[19:33:23] 58 tRNA-Thr c[3063115,3063190] 34 (ggt)
[19:33:23] 59 tRNA-Ala c[3066501,3066576] 34 (tgc)
[19:33:23] 60 tRNA-Ile c[3066619,3066695] 35 (gat)
[19:33:23] 61 tRNA-Pro c[3378271,3378347] 35 (cgg)
[19:33:23] 62 tRNA-SeC [3506927,3507021] 35 (tca)
[19:33:23] 63 tRNA-Glu [3620186,3620261] 35 (ttc)
[19:33:23] 64 tRNA-Asp [3623624,3623700] 35 (gtc)
[19:33:23] 65 tRNA-Trp [3623709,3623784] 34 (cca)
[19:33:23] 66 tRNA-Arg [3659070,3659146] 35 (ccg)
[19:33:23] 67 tRNA-His [3659205,3659280] 34 (gtg)
[19:33:23] 68 tRNA-Leu [3659301,3659387] 35 (cag)
[19:33:23] 69 tRNA-Pro [3659430,3659506] 35 (tgg)
[19:33:23] 70 tRNA-Ile [3711974,3712050] 35 (gat)
[19:33:23] 71 tRNA-Ala [3712093,3712168] 34 (tgc)
[19:33:23] 72 tRNA-Glu [3851672,3851747] 35 (ttc)
[19:33:23] 73 tRNA-Thr [3858521,3858596] 34 (tgt)
[19:33:23] 74 tRNA-Tyr [3858605,3858689] 35 (gta)
[19:33:23] 75 tRNA-Gly [3858806,3858880] 34 (tcc)
[19:33:23] 76 tRNA-Thr [3858887,3858962] 34 (ggt)
[19:33:23] 77 tRNA-Glu [3892886,3892961] 35 (ttc)
[19:33:23] 78 tRNA-Phe c[4097909,4097984] 34 (gaa)
[19:33:23] 79 tRNA-Gly [4127702,4127777] 34 (gcc)
[19:33:23] 80 tRNA-Gly [4127935,4128010] 34 (gcc)
[19:33:23] 81 tRNA-Gly [4128046,4128121] 34 (gcc)
[19:33:23] 82 tRNA-Leu [4233085,4233169] 35 (caa)
[19:33:23] 83 tRNA-Leu c[4332252,4332338] 35 (cag)
[19:33:23] 84 tRNA-Leu c[4332373,4332459] 35 (cag)
[19:33:23] 85 tRNA-Leu c[4332488,4332574] 35 (cag)
[19:33:23] 86 tRNA-Ile [4596012,4596088] 35 (gat)
[19:33:23] 87 tRNA-Ala [4596131,4596206] 34 (tgc)
[19:33:23] 88 tRNA-Asp [4599559,4599635] 35 (gtc)
[19:33:23] 89 tRNA-Asp [4607782,4607858] 35 (gtc)
[19:33:23] 90 tRNA-Thr [4640450,4640525] 34 (cgt)
[19:33:23] 91 tRNA-Ser [4712852,4712932] 38 (gga)
[19:33:23] Found 91 tRNAs
[19:33:23] Predicting Ribosomal RNAs
[19:33:23] Running Barrnap with 8 threads
[19:33:25] 1 NZ_CP013112.1 2318217 5S ribosomal RNA
[19:33:25] 2 NZ_CP013112.1 2318426 23S ribosomal RNA
[19:33:25] 3 NZ_CP013112.1 2321770 16S ribosomal RNA
[19:33:25] 4 NZ_CP013112.1 3062963 5S ribosomal RNA
[19:33:25] 5 NZ_CP013112.1 3063208 5S ribosomal RNA
[19:33:25] 6 NZ_CP013112.1 3063416 23S ribosomal RNA
[19:33:25] 7 NZ_CP013112.1 3066765 16S ribosomal RNA
[19:33:25] 8 NZ_CP013112.1 3618562 16S ribosomal RNA
[19:33:25] 9 NZ_CP013112.1 3620457 23S ribosomal RNA
[19:33:25] 10 NZ_CP013112.1 3623456 5S ribosomal RNA
[19:33:25] 11 NZ_CP013112.1 3710367 16S ribosomal RNA
[19:33:25] 12 NZ_CP013112.1 3712354 23S ribosomal RNA
[19:33:25] 13 NZ_CP013112.1 3715353 5S ribosomal RNA
[19:33:25] 14 NZ_CP013112.1 3850048 16S ribosomal RNA
[19:33:25] 15 NZ_CP013112.1 3851943 23S ribosomal RNA
[19:33:25] 16 NZ_CP013112.1 3854942 5S ribosomal RNA
[19:33:25] 17 NZ_CP013112.1 3891262 16S ribosomal RNA
[19:33:25] 18 NZ_CP013112.1 3893157 23S ribosomal RNA
[19:33:25] 19 NZ_CP013112.1 3896156 5S ribosomal RNA
[19:33:25] 20 NZ_CP013112.1 4594405 16S ribosomal RNA
[19:33:25] 21 NZ_CP013112.1 4596392 23S ribosomal RNA
[19:33:25] 22 NZ_CP013112.1 4599391 5S ribosomal RNA
[19:33:25] Found 22 rRNAs
[19:33:25] Skipping ncRNA search, enable with --rfam if desired.
[19:33:25] Total of 112 tRNA + rRNA features
[19:33:25] Searching for CRISPR repeats
[19:33:25] CRISPR1 NZ_CP013112.1 2458768 with 10 spacers
[19:33:25] CRISPR2 NZ_CP013112.1 2481730 with 9 spacers
[19:33:25] Found 2 CRISPRs
[19:33:25] Predicting coding sequences
[19:33:25] Contigs total 4863501 bp, so using single mode
[19:33:25] Running: prodigal -i \/mnt\/c\/Users\/migue\/OneDrive\/Ambiente\ de\ Trabalho\/Prokka_GCF_001442495\/Prokka_GCF_001442495\.fna -c -m -g 11 -p single -f sco -q
[19:33:34] Excluding CDS which overlaps existing RNA (rRNA) at NZ_CP013112.1:2321869..2322123 on - strand
[19:33:35] Excluding CDS which overlaps existing RNA (repeat_region) at NZ_CP013112.1:2481726..2482190 on + strand
[19:33:35] Excluding CDS which overlaps existing RNA (tRNA) at NZ_CP013112.1:3063038..3063310 on + strand
[19:33:35] Excluding CDS which overlaps existing RNA (rRNA) at NZ_CP013112.1:3066864..3067118 on - strand
[19:33:35] Excluding CDS which overlaps existing RNA (tRNA) at NZ_CP013112.1:3377851..3378396 on + strand
[19:33:36] Excluding CDS which overlaps existing RNA (rRNA) at NZ_CP013112.1:3619746..3620000 on + strand
[19:33:36] Excluding CDS which overlaps existing RNA (rRNA) at NZ_CP013112.1:3711551..3711805 on + strand
[19:33:36] Excluding CDS which overlaps existing RNA (rRNA) at NZ_CP013112.1:3851232..3851486 on + strand
[19:33:36] Excluding CDS which overlaps existing RNA (rRNA) at NZ_CP013112.1:3892446..3892700 on + strand
[19:33:36] Excluding CDS which overlaps existing RNA (rRNA) at NZ_CP013112.1:4595589..4595843 on + strand
[19:33:36] Found 4534 CDS
[19:33:36] Connecting features back to sequences
[19:33:36] Not using genus-specific database. Try --usegenus to enable it.
[19:33:36] Annotating CDS, please be patient.
[19:33:36] Will use 8 CPUs for similarity searching.
[19:33:39] There are still 4534 unannotated CDS left (started with 4534)
[19:33:39] Will use blast to search against /home/miguelbalexandre/miniconda3/envs/prokka_env/db/kingdom/Bacteria/IS with 8 CPUs
[19:33:39] Running: cat \/mnt\/c\/Users\/migue\/OneDrive\/Ambiente\ de\ Trabalho\/Prokka_GCF_001442495\/Prokka_GCF_001442495\.IS\.tmp\.13045\.faa | parallel --gnu --plain -j 8 --block 90498 --recstart '>' --pipe blastp -query - -db /home/miguelbalexandre/miniconda3/envs/prokka_env/db/kingdom/Bacteria/IS -evalue 1e-30 -qcov_hsp_perc 90 -num_threads 1 -num_descriptions 1 -num_alignments 1 -seg no > \/mnt\/c\/Users\/migue\/OneDrive\/Ambiente\ de\ Trabalho\/Prokka_GCF_001442495\/Prokka_GCF_001442495\.IS\.tmp\.13045\.blast 2> /dev/null
[19:33:51] Deleting unwanted file: /mnt/c/Users/migue/OneDrive/Ambiente de Trabalho/Prokka_GCF_001442495/Prokka_GCF_001442495.IS.tmp.13045.faa
[19:33:51] Deleting unwanted file: /mnt/c/Users/migue/OneDrive/Ambiente de Trabalho/Prokka_GCF_001442495/Prokka_GCF_001442495.IS.tmp.13045.blast
[19:33:54] There are still 4449 unannotated CDS left (started with 4534)
[19:33:54] Will use blast to search against /home/miguelbalexandre/miniconda3/envs/prokka_env/db/kingdom/Bacteria/AMR with 8 CPUs
[19:33:54] Running: cat \/mnt\/c\/Users\/migue\/OneDrive\/Ambiente\ de\ Trabalho\/Prokka_GCF_001442495\/Prokka_GCF_001442495\.AMR\.tmp\.13045\.faa | parallel --gnu --plain -j 8 --block 89255 --recstart '>' --pipe blastp -query - -db /home/miguelbalexandre/miniconda3/envs/prokka_env/db/kingdom/Bacteria/AMR -evalue 1e-300 -qcov_hsp_perc 90 -num_threads 1 -num_descriptions 1 -num_alignments 1 -seg no > \/mnt\/c\/Users\/migue\/OneDrive\/Ambiente\ de\ Trabalho\/Prokka_GCF_001442495\/Prokka_GCF_001442495\.AMR\.tmp\.13045\.blast 2> /dev/null
[19:34:02] Deleting unwanted file: /mnt/c/Users/migue/OneDrive/Ambiente de Trabalho/Prokka_GCF_001442495/Prokka_GCF_001442495.AMR.tmp.13045.faa
[19:34:02] Deleting unwanted file: /mnt/c/Users/migue/OneDrive/Ambiente de Trabalho/Prokka_GCF_001442495/Prokka_GCF_001442495.AMR.tmp.13045.blast
[19:34:05] There are still 4449 unannotated CDS left (started with 4534)
[19:34:05] Will use blast to search against /home/miguelbalexandre/miniconda3/envs/prokka_env/db/kingdom/Bacteria/sprot with 8 CPUs
[19:34:05] Running: cat \/mnt\/c\/Users\/migue\/OneDrive\/Ambiente\ de\ Trabalho\/Prokka_GCF_001442495\/Prokka_GCF_001442495\.sprot\.tmp\.13045\.faa | parallel --gnu --plain -j 8 --block 89255 --recstart '>' --pipe blastp -query - -db /home/miguelbalexandre/miniconda3/envs/prokka_env/db/kingdom/Bacteria/sprot -evalue 1e-09 -qcov_hsp_perc 80 -num_threads 1 -num_descriptions 1 -num_alignments 1 -seg no > \/mnt\/c\/Users\/migue\/OneDrive\/Ambiente\ de\ Trabalho\/Prokka_GCF_001442495\/Prokka_GCF_001442495\.sprot\.tmp\.13045\.blast 2> /dev/null
[19:34:52] Modify product: Uncharacterized oxidoreductase YdgJ => putative oxidoreductase YdgJ
[19:34:52] Modify product: Uncharacterized protein YnhF => putative protein YnhF
[19:34:52] Modify product: Uncharacterized HTH-type transcriptional regulator YahB => putative HTH-type transcriptional regulator YahB
[19:34:52] Modify product: Probable autotransporter ROD_p1121 => putative autotransporter
[19:34:52] Modify product: Uncharacterized protein YdhT => putative protein YdhT
[19:34:52] Modify product: Uncharacterized ferredoxin-like protein YdhX => putative ferredoxin-like protein YdhX
[19:34:52] Modify product: Uncharacterized protein YdhW => putative protein YdhW
[19:34:52] Modify product: Uncharacterized oxidoreductase YdhV => putative oxidoreductase YdhV
[19:34:52] Modify product: Uncharacterized ferredoxin-like protein YdhY => putative ferredoxin-like protein YdhY
[19:34:52] Modify product: Probable L,D-transpeptidase YnhG => putative L,D-transpeptidase YnhG
[19:34:52] Modify product: Probable ATP-dependent transporter SufC => putative ATP-dependent transporter SufC
[19:34:52] Modify product: Uncharacterized protein HI_1163 => putative protein
[19:34:52] Modify product: Uncharacterized protein YdiE => putative protein YdiE
[19:34:52] Modify product: Uncharacterized protein YniD => putative protein YniD
[19:34:52] Modify product: Probable ketoamine kinase lp_1983 => putative ketoamine kinase
[19:34:52] Modify product: Stress response UPF0229 protein YhbH => hypothetical protein
[19:34:52] Modify product: Probable diguanylate cyclase CdgI => putative diguanylate cyclase CdgI
[19:34:52] Modify product: Probable diguanylate cyclase DgcJ => putative diguanylate cyclase DgcJ
[19:34:52] Modify product: Uncharacterized protein YeaR => putative protein YeaR
[19:34:52] Modify product: Probable ATP-dependent DNA helicase YoaA => putative ATP-dependent DNA helicase YoaA
[19:34:52] Modify product: Probable cyclic di-GMP phosphodiesterase PdeD => putative cyclic di-GMP phosphodiesterase PdeD
[19:34:52] Modify product: UPF0053 inner membrane protein YoaE => hypothetical protein
[19:34:52] Modify product: UPF0266 membrane protein YobD => hypothetical protein
[19:34:52] Modify product: Probable manganese efflux pump MntP => putative manganese efflux pump MntP
[19:34:52] Modify product: Uncharacterized protein YebV => putative protein YebV
[19:34:52] Modify product: Probable transcriptional regulatory protein YebC => putative transcriptional regulatory protein YebC
[19:34:52] Modify product: UPF0394 inner membrane protein YedE => hypothetical protein
[19:34:52] Modify product: UPF0098 protein YbcL => hypothetical protein
[19:34:53] Modify product: Probable diguanylate cyclase DgcQ => putative diguanylate cyclase DgcQ
[19:34:53] Modify product: Uncharacterized inner membrane transporter YedA => putative inner membrane transporter YedA
[19:34:53] Modify product: Uncharacterized protein YedJ => putative protein YedJ
[19:34:53] Modify product: Putative multidrug export ATP-binding/permease protein SAV1866 => Putative multidrug export ATP-binding/permease protein
[19:34:53] Modify product: Probable transcriptional regulatory protein YeeN => putative transcriptional regulatory protein YeeN
[19:34:53] Modify product: Probable FMN/FAD exporter YeeO => putative FMN/FAD exporter YeeO
[19:34:53] Modify product: Probable L,D-transpeptidase ErfK/SrfK => putative L,D-transpeptidase ErfK/SrfK
[19:34:53] Modify product: UPF0401 protein YkfF => hypothetical protein
[19:34:53] Modify product: UPF0265 protein YeeX => hypothetical protein
[19:34:53] Modify product: UPF0394 inner membrane protein YeeE => hypothetical protein
[19:34:53] Modify product: UPF0053 inner membrane protein YoaE => hypothetical protein
[19:34:53] Modify product: Probable diguanylate cyclase DgcE => putative diguanylate cyclase DgcE
[19:34:53] Modify product: UPF0339 protein YegP => hypothetical protein
[19:34:53] Modify product: 23S rRNA 5-hydroxycytidine C2501 synthase => 23S rRNA 5-hydroxycytidine synthase
[19:34:53] Modify product: Uncharacterized fimbrial-like protein YehA => putative fimbrial-like protein YehA
[19:34:53] Modify product: Probable fimbrial chaperone YehC => putative fimbrial chaperone YehC
[19:34:53] Modify product: Uncharacterized fimbrial-like protein YehD => putative fimbrial-like protein YehD
[19:34:53] Modify product: Uncharacterized protein YehL => putative protein YehL
[19:34:53] Modify product: Uncharacterized lipoprotein YehR => putative lipoprotein YehR
[19:34:53] Modify product: UPF0387 membrane protein YohO => hypothetical protein
[19:34:53] Modify product: Uncharacterized protein YfeY => putative protein YfeY
[19:34:53] Modify product: Uncharacterized protein Rv2575 => putative protein
[19:34:53] Modify product: Probable formate transporter 2 => putative formate transporter 2
[19:34:53] Modify product: Uncharacterized protein YfgD => putative protein YfgD
[19:34:53] Modify product: Uncharacterized protein YfgJ => putative protein YfgJ
[19:34:53] Modify product: UPF0070 protein HI_0370 => hypothetical protein
[19:34:53] Modify product: Uncharacterized protein Rv2307c => putative protein
[19:34:53] Modify product: Probable 3-phenylpropionic acid transporter => putative 3-phenylpropionic acid transporter
[19:34:53] Modify product: Uncharacterized protein YphB => putative protein YphB
[19:34:53] Modify product: Uncharacterized tRNA/rRNA methyltransferase YfiF => putative tRNA/rRNA methyltransferase YfiF
[19:34:53] Modify product: UPF0053 inner membrane protein YfjD => hypothetical protein
[19:34:53] Modify product: UPF0125 protein RatB => hypothetical protein
[19:34:53] Modify product: Probable HTH-type transcriptional regulator YgaV => putative HTH-type transcriptional regulator YgaV
[19:34:53] Modify product: Uncharacterized protein YgaM => putative protein YgaM
[19:34:53] Modify product: Probable transporter SCO4007 => putative transporter
[19:34:53] Modify product: Probable diguanylate cyclase DgcT => putative diguanylate cyclase DgcT
[19:34:53] Modify product: UPF0758 protein CT0611 => hypothetical protein
[19:34:53] Modify product: Probable phosphatase YcdX => putative phosphatase YcdX
[19:34:53] Modify product: Uncharacterized protein YmdA => putative protein YmdA
[19:34:53] Modify product: UPF0176 protein YceA => hypothetical protein
[19:34:53] Modify product: Cytochrome b561 homolog 2 => Cytochrome b561 
[19:34:53] Modify product: Uncharacterized protein YceO => putative protein YceO
[19:34:53] Modify product: Uncharacterized lipoprotein YceB => putative lipoprotein YceB
[19:34:53] Modify product: UPF0502 protein YceH => hypothetical protein
[19:34:53] Modify product: Uncharacterized metal-dependent hydrolase YcfH => putative metal-dependent hydrolase YcfH
[19:34:53] Modify product: UPF0227 protein YcfP => hypothetical protein
[19:34:53] Modify product: Probable L,D-transpeptidase YcfS => putative L,D-transpeptidase YcfS
[19:34:53] Modify product: Uncharacterized protein YdfO => putative protein YdfO
[19:34:53] Modify product: Probable two-component-system connector protein YcgZ => putative two-component-system connector protein YcgZ
[19:34:53] Modify product: Probable two-component-system connector protein AriR => putative two-component-system connector protein AriR
[19:34:53] Modify product: Uncharacterized protein YmgC => putative protein YmgC
[19:34:53] Modify product: Probable cyclic di-GMP phosphodiesterase PdeG => putative cyclic di-GMP phosphodiesterase PdeG
[19:34:53] Modify product: Uncharacterized protein YmgD => putative protein YmgD
[19:34:53] Modify product: UPF0757 protein YmgG => hypothetical protein
[19:34:53] Modify product: Probable autotransporter ROD_p1121 => putative autotransporter
[19:34:53] Modify product: Uncharacterized protein YcgM => putative protein YcgM
[19:34:53] Modify product: UPF0225 protein YchJ => hypothetical protein
[19:34:53] Modify product: Uncharacterized NTE family protein Rv1063c => putative NTE family protein
[19:34:53] Modify product: UPF0056 inner membrane protein MarC => hypothetical protein
[19:34:53] Modify product: UPF0263 protein YciU => hypothetical protein
[19:34:53] Modify product: Uncharacterized acyl-CoA thioester hydrolase HI_0827 => putative acyl-CoA thioester hydrolase
[19:34:53] Modify product: Probable intracellular septation protein A => putative intracellular septation protein A
[19:34:53] Modify product: UPF0259 membrane protein YciC => hypothetical protein
[19:34:53] Modify product: Uncharacterized protein YciO => putative protein YciO
[19:34:53] Modify product: Uncharacterized oxidoreductase YciK => putative oxidoreductase YciK
[19:34:53] Modify product: Probable protease SohB => putative protease SohB
[19:34:53] Modify product: Uncharacterized protein YciH => putative protein YciH
[19:34:53] Modify product: UPF0509 protein YciZ => hypothetical protein
[19:34:53] Modify product: Uncharacterized protein HI_1162 => putative protein
[19:34:53] Modify product: Uncharacterized protein YcjX => putative protein YcjX
[19:34:53] Modify product: UPF0283 membrane protein YcjF => hypothetical protein
[19:34:53] Modify product: Uncharacterized protein YcjY => putative protein YcjY
[19:34:53] Modify product: Probable DNA endonuclease SmrA => putative DNA endonuclease SmrA
[19:34:53] Modify product: Uncharacterized protein YnbC => putative protein YnbC
[19:34:53] Modify product: Uncharacterized protein YnbD => putative protein YnbD
[19:34:53] Modify product: Uncharacterized protein Rv3292 => putative protein
[19:34:53] Modify product: 23S rRNA 5-hydroxycytidine C2501 synthase => 23S rRNA 5-hydroxycytidine synthase
[19:34:53] Modify product: Uncharacterized protein YdcY => putative protein YdcY
[19:34:53] Modify product: Uncharacterized protein YncE => putative protein YncE
[19:34:53] Modify product: Uncharacterized isomerase YddE => putative isomerase YddE
[19:34:53] Modify product: Probable nitrate reductase molybdenum cofactor assembly chaperone NarW => putative nitrate reductase molybdenum cofactor assembly chaperone NarW
[19:34:53] Modify product: Uncharacterized HTH-type transcriptional regulator YddM => putative HTH-type transcriptional regulator YddM
[19:34:53] Modify product: Probable D,D-dipeptide transport ATP-binding protein DdpF => putative D,D-dipeptide transport ATP-binding protein DdpF
[19:34:53] Modify product: Probable D,D-dipeptide transport ATP-binding protein DdpD => putative D,D-dipeptide transport ATP-binding protein DdpD
[19:34:53] Modify product: Probable D,D-dipeptide transport system permease protein DdpC => putative D,D-dipeptide transport system permease protein DdpC
[19:34:53] Modify product: Probable D,D-dipeptide transport system permease protein DdpB => putative D,D-dipeptide transport system permease protein DdpB
[19:34:53] Modify product: Probable D,D-dipeptide-binding periplasmic protein DdpA => putative D,D-dipeptide-binding periplasmic protein DdpA
[19:34:53] Modify product: Probable glutamate/gamma-aminobutyrate antiporter => putative glutamate/gamma-aminobutyrate antiporter
[19:34:53] Modify product: UPF0056 inner membrane protein MarC => hypothetical protein
[19:34:53] Modify product: Probable amino-acid metabolite efflux pump => putative amino-acid metabolite efflux pump
[19:34:53] Modify product: UPF0060 membrane protein YnfA => hypothetical protein
[19:34:53] Modify product: UPF0482 protein YnfB => hypothetical protein
[19:34:53] Modify product: Uncharacterized protein YnfD => putative protein YnfD
[19:34:53] Modify product: Probable dimethyl sulfoxide reductase chain YnfF => putative dimethyl sulfoxide reductase chain YnfF
[19:34:53] Modify product: Uncharacterized oxidoreductase YohF => putative oxidoreductase YohF
[19:34:53] Modify product: UPF0299 membrane protein YohJ => hypothetical protein
[19:34:53] Modify product: UPF0324 inner membrane protein YeiH => hypothetical protein
[19:34:53] Modify product: UPF0153 protein YeiW => hypothetical protein
[19:34:53] Modify product: Probable cyclic di-GMP phosphodiesterase PdeN => putative cyclic di-GMP phosphodiesterase PdeN
[19:34:53] Modify product: Uncharacterized ABC transporter ATP-binding protein YejF => putative ABC transporter ATP-binding protein YejF
[19:34:53] Modify product: Uncharacterized protein YejG => putative protein YejG
[19:34:53] Modify product: UPF0352 protein YejL => hypothetical protein
[19:34:53] Modify product: Probable autotransporter ROD_p1121 => putative autotransporter
[19:34:53] Modify product: Probable autotransporter YfaL => putative autotransporter YfaL
[19:34:53] Modify product: Uncharacterized HTH-type transcriptional regulator RhmR => putative HTH-type transcriptional regulator RhmR
[19:34:53] Modify product: Probable 4-deoxy-4-formamido-L-arabinose-phosphoundecaprenol deformylase ArnD => putative 4-deoxy-4-formamido-L-arabinose-phosphoundecaprenol deformylase ArnD
[19:34:53] Modify product: Probable 4-amino-4-deoxy-L-arabinose-phosphoundecaprenol flippase subunit ArnE => putative 4-amino-4-deoxy-L-arabinose-phosphoundecaprenol flippase subunit ArnE
[19:34:53] Modify product: Probable 4-amino-4-deoxy-L-arabinose-phosphoundecaprenol flippase subunit ArnF => putative 4-amino-4-deoxy-L-arabinose-phosphoundecaprenol flippase subunit ArnF
[19:34:53] Modify product: UPF0304 protein YfbU => hypothetical protein
[19:34:53] Modify product: UPF0208 membrane protein YfbV => hypothetical protein
[19:34:53] Modify product: Uncharacterized Nudix hydrolase YfcD => putative Nudix hydrolase YfcD
[19:34:53] Modify product: Epimerase family protein SA0724 => Epimerase family protein
[19:34:53] Modify product: Uncharacterized MFS-type transporter YfcJ => putative MFS-type transporter YfcJ
[19:34:53] Modify product: Probable membrane transporter protein YfcA => putative membrane transporter protein YfcA
[19:34:53] Modify product: Uncharacterized protein YfcO => putative protein YfcO
[19:34:53] Modify product: Uncharacterized fimbrial-like protein YfcP => putative fimbrial-like protein YfcP
[19:34:53] Modify product: Uncharacterized fimbrial-like protein YfcQ => putative fimbrial-like protein YfcQ
[19:34:53] Modify product: Uncharacterized fimbrial-like protein YfcR => putative fimbrial-like protein YfcR
[19:34:53] Modify product: Probable fimbrial chaperone YfcS => putative fimbrial chaperone YfcS
[19:34:53] Modify product: Uncharacterized fimbrial-like protein YfcV => putative fimbrial-like protein YfcV
[19:34:53] Modify product: UPF0381 protein YiiS => hypothetical protein
[19:34:53] Modify product: Probable multidrug resistance protein EmrY => putative multidrug resistance protein EmrY
[19:34:53] Modify product: Probable multidrug resistance protein EmrK => putative multidrug resistance protein EmrK
[19:34:53] Modify product: Probable cyclic di-GMP phosphodiesterase PdeA => putative cyclic di-GMP phosphodiesterase PdeA
[19:34:53] Modify product: Uncharacterized protein YdfO => putative protein YdfO
[19:34:53] Modify product: Probable diguanylate cyclase CdgI => putative diguanylate cyclase CdgI
[19:34:53] Modify product: UPF0098 protein YbhB => hypothetical protein
[19:34:53] Modify product: Probable multidrug ABC transporter permease YbhR => putative multidrug ABC transporter permease YbhR
[19:34:53] Modify product: Probable multidrug ABC transporter permease YbhS => putative multidrug ABC transporter permease YbhS
[19:34:53] Modify product: Probable multidrug ABC transporter ATP-binding protein YbhF => putative multidrug ABC transporter ATP-binding protein YbhF
[19:34:53] Modify product: UPF0194 membrane protein YbhG => hypothetical protein
[19:34:53] Modify product: Uncharacterized protein YbiB => putative protein YbiB
[19:34:53] Modify product: Uncharacterized protein YbiI => putative protein YbiI
[19:34:53] Modify product: PKHD-type hydroxylase Sbal_3634 => PKHD-type hydroxylase
[19:34:53] Modify product: Uncharacterized protein McbA => putative protein McbA
[19:34:53] Modify product: Probable L,D-transpeptidase YbiS => putative L,D-transpeptidase YbiS
[19:34:53] Modify product: Uncharacterized ABC transporter ATP-binding protein YbiT => putative ABC transporter ATP-binding protein YbiT
[19:34:53] Modify product: Uncharacterized protein YbiU => putative protein YbiU
[19:34:54] Modify product: Probable cyclic di-GMP phosphodiesterase PdeI => putative cyclic di-GMP phosphodiesterase PdeI
[19:34:54] Modify product: Uncharacterized protein YbiI => putative protein YbiI
[19:34:54] Modify product: Uncharacterized protein YbjN => putative protein YbjN
[19:34:54] Modify product: Uncharacterized lipoprotein YbjP => putative lipoprotein YbjP
[19:34:54] Modify product: UPF0145 protein YbjQ => hypothetical protein
[19:34:54] Modify product: Probable hydrolase YcaC => putative hydrolase YcaC
[19:34:54] Modify product: Uncharacterized MFS-type transporter YcaD => putative MFS-type transporter YcaD
[19:34:54] Modify product: Probable formate transporter 1 => putative formate transporter 1
[19:34:54] Modify product: UPF0434 protein YcaR => hypothetical protein
[19:34:54] Modify product: Probable L,D-transpeptidase YcbB => putative L,D-transpeptidase YcbB
[19:34:54] Modify product: Probable fimbrial chaperone protein ElfD => putative fimbrial chaperone protein ElfD
[19:34:54] Modify product: Probable outer membrane usher protein ElfC => putative outer membrane usher protein ElfC
[19:34:54] Modify product: Uncharacterized fimbrial-like protein ElfG => putative fimbrial-like protein ElfG
[19:34:54] Modify product: Uncharacterized fimbrial-like protein YcbU => putative fimbrial-like protein YcbU
[19:34:54] Modify product: Uncharacterized fimbrial-like protein YcbV => putative fimbrial-like protein YcbV
[19:34:54] Modify product: Uncharacterized fimbrial chaperone YcbF => putative fimbrial chaperone YcbF
[19:34:54] Modify product: Uncharacterized protein YcbX => putative protein YcbX
[19:34:54] Modify product: UPF0319 protein HI_1681 => hypothetical protein
[19:34:54] Modify product: Uncharacterized protein YccU => putative protein YccU
[19:34:54] Modify product: Probable Ni/Fe-hydrogenase 1 B-type cytochrome subunit => putative Ni/Fe-hydrogenase 1 B-type cytochrome subunit
[19:34:54] Modify product: Uncharacterized lipoprotein GfcB => putative lipoprotein GfcB
[19:34:54] Modify product: Uncharacterized protein YccJ => putative protein YccJ
[19:34:54] Modify product: Probable malonic semialdehyde reductase RutE => putative malonic semialdehyde reductase RutE
[19:34:54] Modify product: Uncharacterized HTH-type transcriptional regulator YbaQ => putative HTH-type transcriptional regulator YbaQ
[19:34:54] Modify product: Probable iron export ATP-binding protein FetA => putative iron export ATP-binding protein FetA
[19:34:54] Modify product: Probable iron export permease protein FetB => putative iron export permease protein FetB
[19:34:54] Modify product: Uncharacterized protein YbcJ => putative protein YbcJ
[19:34:54] Modify product: Bifunctional protein FolD => Bifunctional protein FolD protein
[19:34:54] Modify product: Uncharacterized fimbrial-like protein SfmA => putative fimbrial-like protein SfmA
[19:34:54] Modify product: Probable fimbrial chaperone SfmC => putative fimbrial chaperone SfmC
[19:34:54] Modify product: Uncharacterized fimbrial-like protein SfmH => putative fimbrial-like protein SfmH
[19:34:54] Modify product: Uncharacterized fimbrial-like protein SfmF => putative fimbrial-like protein SfmF
[19:34:54] Modify product: Probable deoxyribonuclease RhsB => putative deoxyribonuclease RhsB
[19:34:54] Modify product: Uncharacterized protein YbdM => putative protein YbdM
[19:34:54] Modify product: Uncharacterized HTH-type transcriptional regulator YbdO => putative HTH-type transcriptional regulator YbdO
[19:34:54] Modify product: Uncharacterized HTH-type transcriptional regulator YbdO => putative HTH-type transcriptional regulator YbdO
[19:34:54] Modify product: Probable zinc-binding alcohol dehydrogenase Rv1895 => putative zinc-binding alcohol dehydrogenase
[19:34:54] Modify product: Uncharacterized HTH-type transcriptional regulator YbdO => putative HTH-type transcriptional regulator YbdO
[19:34:54] Modify product: UPF0250 protein YbeD => hypothetical protein
[19:34:54] Modify product: Uncharacterized lipoprotein ChiQ => putative lipoprotein ChiQ
[19:34:54] Modify product: Uncharacterized protein YbfE => putative protein YbfE
[19:34:54] Modify product: GTP cyclohydrolase 1 type 2 homolog => GTP cyclohydrolase 1 type 2 
[19:34:54] Modify product: Uncharacterized fimbrial-like protein YbgD => putative fimbrial-like protein YbgD
[19:34:54] Modify product: Uncharacterized protein YlcG => putative protein YlcG
[19:34:54] Modify product: Uncharacterized protein YgcP => putative protein YgcP
[19:34:54] Modify product: Uncharacterized protein YqcG => putative protein YqcG
[19:34:54] Modify product: Probable glucarate transporter => putative glucarate transporter
[19:34:54] Modify product: Uncharacterized protein PA3435 => putative protein
[19:34:54] Modify product: Uncharacterized protein YqcC => putative protein YqcC
[19:34:54] Modify product: Uncharacterized HTH-type transcriptional regulator YdjF => putative HTH-type transcriptional regulator YdjF
[19:34:54] Modify product: UPF0382 inner membrane protein YgdD => hypothetical protein
[19:34:54] Modify product: Uncharacterized lipoprotein YgdR => putative lipoprotein YgdR
[19:34:54] Modify product: UPF0053 inner membrane protein YgdQ => hypothetical protein
[19:34:54] Modify product: Uncharacterized lipoprotein YgdR => putative lipoprotein YgdR
[19:34:54] Modify product: Uncharacterized response regulatory protein YgeK => putative response regulatory protein YgeK
[19:34:54] Modify product: Probable ATP synthase SpaL => putative ATP synthase SpaL
[19:34:54] Modify product: Probable ATP synthase SpaL => putative ATP synthase SpaL
[19:34:54] Modify product: Uncharacterized protein YqfG => putative protein YqfG
[19:34:54] Modify product: UPF0073 inner membrane protein YqfA => hypothetical protein
[19:34:54] Modify product: UPF0267 protein YqfB => hypothetical protein
[19:34:54] Modify product: Uncharacterized oxidoreductase YgfF => putative oxidoreductase YgfF
[19:34:54] Modify product: Uncharacterized oxidoreductase YgfF => putative oxidoreductase YgfF
[19:34:54] Modify product: UPF0149 protein HI_0817 => hypothetical protein
[19:34:54] Modify product: UPF0301 protein YqgE => hypothetical protein
[19:34:54] Modify product: Uncharacterized protein YggR => putative protein YggR
[19:34:54] Modify product: UPF0235 protein YggU => hypothetical protein
[19:34:54] Modify product: Uncharacterized protein HI_0341 => putative protein
[19:34:54] Modify product: Probable Fe(2+)-trafficking protein => putative Fe(2+)-trafficking protein
[19:34:54] Modify product: UPF0758 protein CT0611 => hypothetical protein
[19:34:54] Modify product: Uncharacterized FAD-linked oxidoreductase Rv2280 => putative FAD-linked oxidoreductase
[19:34:54] Modify product: Uncharacterized protein YtfJ => putative protein YtfJ
[19:34:54] Modify product: Probable Ni/Fe-hydrogenase 2 b-type cytochrome subunit => putative Ni/Fe-hydrogenase 2 b-type cytochrome subunit
[19:34:54] Modify product: Uncharacterized oxidoreductase YghA => putative oxidoreductase YghA
[19:34:54] Modify product: Probable deoxycholate-binding periplasmic protein YgiS => putative deoxycholate-binding periplasmic protein YgiS
[19:34:54] Modify product: Probable quinol monooxygenase YgiN => putative quinol monooxygenase YgiN
[19:34:54] Modify product: Uncharacterized fimbrial-like protein YbgD => putative fimbrial-like protein YbgD
[19:34:54] Modify product: Probable glycerol-3-phosphate acyltransferase => putative glycerol-3-phosphate acyltransferase
[19:34:54] Modify product: Uncharacterized protein YqjD => putative protein YqjD
[19:34:54] Modify product: UPF0597 protein YhaM => hypothetical protein
[19:34:54] Modify product: Probable serine transporter => putative serine transporter
[19:34:54] Modify product: Probable galactarate transporter => putative galactarate transporter
[19:34:54] Modify product: Uncharacterized fimbrial-like protein YraK => putative fimbrial-like protein YraK
[19:34:54] Modify product: UPF0213 protein BH0048 => hypothetical protein
[19:34:54] Modify product: Uncharacterized protease YhbU => putative protease YhbU
[19:34:54] Modify product: Uncharacterized inner membrane transporter YhbE => putative inner membrane transporter YhbE
[19:34:54] Modify product: Uncharacterized protein YrbL => putative protein YrbL
[19:34:54] Modify product: Uncharacterized protein YhcH => putative protein YhcH
[19:34:54] Modify product: Probable cyclic di-GMP phosphodiesterase PdeK => putative cyclic di-GMP phosphodiesterase PdeK
[19:34:54] Modify product: Uncharacterized MFS-type transporter YhjX => putative MFS-type transporter YhjX
[19:34:54] Modify product: Probable lipoprotein YiaD => putative lipoprotein YiaD
[19:34:54] Modify product: Uncharacterized protein YhcH => putative protein YhcH
[19:34:54] Modify product: Uncharacterized GST-like protein YibF => putative GST-like protein YibF
[19:34:54] Modify product: Uncharacterized protein YibL => putative protein YibL
[19:34:54] Modify product: Uncharacterized protein YibN => putative protein YibN
[19:34:54] Modify product: Uncharacterized glycosyltransferase EpsJ => putative glycosyltransferase EpsJ
[19:34:54] Modify product: UPF0758 protein SP_1088 => hypothetical protein
[19:34:54] Modify product: UPF0701 protein YicC => hypothetical protein
[19:34:54] Modify product: UPF0126 inner membrane protein YicG => hypothetical protein
[19:34:54] Modify product: Uncharacterized inner membrane transporter YicL => putative inner membrane transporter YicL
[19:34:54] Modify product: Uncharacterized symporter YidK => putative symporter YidK
[19:34:54] Modify product: Probable 2-dehydro-3-deoxygalactonokinase DgoK1 => putative 2-dehydro-3-deoxygalactonokinase DgoK1
[19:34:54] Modify product: UPF0167 protein CbrC => hypothetical protein
[19:34:54] Modify product: Probable glucosamine-6-phosphate deaminase 2 => putative glucosamine-6-phosphate deaminase 2
[19:34:54] Modify product: Uncharacterized fimbrial-like protein ElfG => putative fimbrial-like protein ElfG
[19:34:54] Modify product: Probable outer membrane usher protein ElfC => putative outer membrane usher protein ElfC
[19:34:54] Modify product: Probable transport protein HsrA => putative transport protein HsrA
[19:34:54] Modify product: UPF0438 protein YifE => hypothetical protein
[19:34:55] Modify product: Probable ECA polymerase => putative ECA polymerase
[19:34:55] Modify product: Probable transport protein YifK => putative transport protein YifK
[19:34:55] Modify product: Probable protein kinase UbiB => putative protein kinase UbiB
[19:34:55] Modify product: Probable acyltransferase YihG => putative acyltransferase YihG
[19:34:55] Modify product: Probable GTP-binding protein EngB => putative GTP-binding protein EngB
[19:34:55] Modify product: Uncharacterized protein YshB => putative protein YshB
[19:34:55] Modify product: Uncharacterized protein YihR => putative protein YihR
[19:34:55] Modify product: UPF0761 membrane protein YihY => hypothetical protein
[19:34:55] Modify product: UPF0381 protein YiiS => hypothetical protein
[19:34:55] Modify product: Probable cystine transporter YijE => putative cystine transporter YijE
[19:34:55] Modify product: Probable L-galactonate transporter => putative L-galactonate transporter
[19:34:55] Modify product: Uncharacterized protein HI_0431 => putative protein
[19:34:55] Modify product: Uncharacterized lipoprotein GfcB => putative lipoprotein GfcB
[19:34:55] Modify product: Uncharacterized protein YhcO => putative protein YhcO
[19:34:55] Modify product: Probable acrylyl-CoA reductase AcuI => putative acrylyl-CoA reductase AcuI
[19:34:55] Modify product: Uncharacterized membrane protein YhdT => putative membrane protein YhdT
[19:34:55] Modify product: Probable bifunctional chitinase/lysozyme => putative bifunctional chitinase/lysozyme
[19:34:55] Modify product: Uncharacterized ABC transporter ATP-binding protein YheS => putative ABC transporter ATP-binding protein YheS
[19:34:55] Modify product: UPF0270 protein PA3463 => hypothetical protein
[19:34:55] Modify product: Probable protein adenylyltransferase Fic => putative protein adenylyltransferase Fic
[19:34:55] Modify product: Uncharacterized protein YhfG => putative protein YhfG
[19:34:55] Modify product: Probable fructoselysine/psicoselysine transporter FrlA => putative fructoselysine/psicoselysine transporter FrlA
[19:34:55] Modify product: Probable fructoselysine utilization operon transcriptional repressor => putative fructoselysine utilization operon transcriptional repressor
[19:34:55] Modify product: Uncharacterized protein YhfS => putative protein YhfS
[19:34:55] Modify product: Uncharacterized protein YhfX => putative protein YhfX
[19:34:55] Modify product: Putative membrane protein IgaA homolog => Putative membrane protein IgaA 
[19:34:55] Modify product: Probable [Fe-S]-dependent transcriptional repressor FeoC => putative [Fe-S]-dependent transcriptional repressor FeoC
[19:34:55] Modify product: UPF0056 inner membrane protein YhgN => hypothetical protein
[19:34:55] Modify product: Uncharacterized oxidoreductase YhhX => putative oxidoreductase YhhX
[19:34:55] Modify product: Uncharacterized protein YhhA => putative protein YhhA
[19:34:55] Modify product: Uncharacterized MFS-type transporter YhhS => putative MFS-type transporter YhhS
[19:34:55] Modify product: Probable copper-binding protein PcoE => putative copper-binding protein PcoE
[19:34:55] Modify product: Uncharacterized protein HI_0933 => putative protein
[19:34:55] Modify product: UPF0337 protein YjbJ => hypothetical protein
[19:34:55] Modify product: Uncharacterized HTH-type transcriptional regulator CBU_1416 => putative HTH-type transcriptional regulator
[19:34:55] Modify product: Prophage tail fiber assembly protein homolog TfaE => Prophage tail fiber assembly protein TfaE
[19:34:55] Modify product: Uncharacterized protein YjbR => putative protein YjbR
[19:34:55] Modify product: Probable cyclic di-GMP phosphodiesterase PdeC => putative cyclic di-GMP phosphodiesterase PdeC
[19:34:55] Modify product: Probable cyclic di-GMP phosphodiesterase PdeC => putative cyclic di-GMP phosphodiesterase PdeC
[19:34:55] Modify product: Uncharacterized ferredoxin-like protein YdhX => putative ferredoxin-like protein YdhX
[19:34:55] Modify product: Probable transcriptional regulator PhnF => putative transcriptional regulator PhnF
[19:34:55] Modify product: Uncharacterized protein YjdJ => putative protein YjdJ
[19:34:55] Modify product: Probable cadaverine/lysine antiporter => putative cadaverine/lysine antiporter
[19:34:55] Modify product: UPF0716 protein FxsA => hypothetical protein
[19:34:55] Modify product: UPF0719 inner membrane protein YjfL => hypothetical protein
[19:34:55] Modify product: Probable L-ascorbate-6-phosphate lactonase UlaG => putative L-ascorbate-6-phosphate lactonase UlaG
[19:34:55] Modify product: Solute-binding protein Bamb_6123 => Solute-binding protein
[19:34:55] Modify product: Uncharacterized protein YtfJ => putative protein YtfJ
[19:34:55] Modify product: UPF0053 inner membrane protein YtfL => hypothetical protein
[19:34:55] Modify product: UPF0307 protein YjgA => hypothetical protein
[19:34:55] Modify product: Probable RNA polymerase sigma factor FecI => putative RNA polymerase sigma factor FecI
[19:34:55] Modify product: Probable 9-O-acetyl-N-acetylneuraminic acid deacetylase => putative 9-O-acetyl-N-acetylneuraminic acid deacetylase
[19:34:55] Modify product: Probable N-acetylneuraminic acid outer membrane channel protein NanC => putative N-acetylneuraminic acid outer membrane channel protein NanC
[19:34:55] Modify product: Probable major fimbrial subunit LpfA => putative major fimbrial subunit LpfA
[19:34:55] Modify product: Probable RNA 2'-phosphotransferase => putative RNA 2'-phosphotransferase
[19:34:55] Modify product: Uncharacterized protein YjiK => putative protein YjiK
[19:34:55] Modify product: Probable L-galactonate transporter => putative L-galactonate transporter
[19:34:55] Modify product: Probable HTH-type transcriptional regulator LgoR => putative HTH-type transcriptional regulator LgoR
[19:34:55] Modify product: UPF0442 protein YjjB => hypothetical protein
[19:34:55] Modify product: Uncharacterized metal-dependent hydrolase YjjV => putative metal-dependent hydrolase YjjV
[19:34:55] Modify product: Uncharacterized protein YjjI => putative protein YjjI
[19:34:55] Modify product: Probable inner membrane protein Smp => putative inner membrane protein Smp
[19:34:55] Modify product: Probable peptidoglycan glycosyltransferase FtsW => putative peptidoglycan glycosyltransferase FtsW
[19:34:55] Modify product: UPF0231 protein YacL => hypothetical protein
[19:34:55] Modify product: Uncharacterized ABC transporter ATP-binding protein YadG => putative ABC transporter ATP-binding protein YadG
[19:34:55] Modify product: Uncharacterized fimbrial-like protein YadC => putative fimbrial-like protein YadC
[19:34:55] Modify product: Uncharacterized fimbrial-like protein YadK => putative fimbrial-like protein YadK
[19:34:55] Modify product: Uncharacterized fimbrial-like protein YadL => putative fimbrial-like protein YadL
[19:34:55] Modify product: Uncharacterized fimbrial-like protein YadM => putative fimbrial-like protein YadM
[19:34:55] Modify product: Probable fimbrial chaperone YadV => putative fimbrial chaperone YadV
[19:34:55] Modify product: Uncharacterized fimbrial-like protein YadN => putative fimbrial-like protein YadN
[19:34:55] Modify product: UPF0126 inner membrane protein YadS => hypothetical protein
[19:34:55] Modify product: UPF0253 protein YaeP => hypothetical protein
[19:34:55] Modify product: Uncharacterized protein YaeQ => putative protein YaeQ
[19:34:55] Modify product: Uncharacterized methyltransferase YcgJ => putative methyltransferase YcgJ
[19:34:55] Modify product: Uncharacterized N-acetyltransferase YafP => putative N-acetyltransferase YafP
[19:34:55] Modify product: UPF0255 protein VV1_0328 => hypothetical protein
[19:34:55] Modify product: Uncharacterized HTH-type transcriptional regulator CBU_1416 => putative HTH-type transcriptional regulator
[19:34:55] Modify product: Probable fimbrial chaperone EcpE => putative fimbrial chaperone EcpE
[19:34:55] Modify product: Probable outer membrane usher protein EcpC => putative outer membrane usher protein EcpC
[19:34:55] Modify product: Probable fimbrial chaperone EcpB => putative fimbrial chaperone EcpB
[19:34:55] Modify product: Uncharacterized membrane protein YkgR => putative membrane protein YkgR
[19:34:55] Modify product: Probable pyridine nucleotide-disulfide oxidoreductase RclA => putative pyridine nucleotide-disulfide oxidoreductase RclA
[19:34:55] Modify product: Uncharacterized HTH-type transcriptional regulator YahB => putative HTH-type transcriptional regulator YahB
[19:34:55] Modify product: Uncharacterized transporter YycB => putative transporter YycB
[19:34:55] Modify product: Probable diguanylate cyclase DgcC => putative diguanylate cyclase DgcC
[19:34:55] Modify product: UPF0178 protein YaiI => hypothetical protein
[19:34:55] Modify product: Uncharacterized protein YaiA => putative protein YaiA
[19:34:55] Modify product: Uncharacterized lipoprotein YajI => putative lipoprotein YajI
[19:34:56] Modify product: UPF0234 protein YajQ => hypothetical protein
[19:34:56] Modify product: Uncharacterized protein HI_1008 => putative protein
[19:34:56] Modify product: Probable multidrug resistance ABC transporter ATP-binding/permease protein YheI => putative multidrug resistance ABC transporter ATP-binding/permease protein YheI
[19:34:56] Modify product: Uncharacterized lipoprotein YbaY => putative lipoprotein YbaY
[19:34:56] Modify product: Uncharacterized protein YbaA => putative protein YbaA
[19:34:56] Modify product: Probable cyclic di-GMP phosphodiesterase PdeB => putative cyclic di-GMP phosphodiesterase PdeB
[19:34:56] Cleaned 368 /product names
[19:34:56] Deleting unwanted file: /mnt/c/Users/migue/OneDrive/Ambiente de Trabalho/Prokka_GCF_001442495/Prokka_GCF_001442495.sprot.tmp.13045.faa
[19:34:56] Deleting unwanted file: /mnt/c/Users/migue/OneDrive/Ambiente de Trabalho/Prokka_GCF_001442495/Prokka_GCF_001442495.sprot.tmp.13045.blast
[19:34:56] There are still 952 unannotated CDS left (started with 4534)
[19:34:56] Will use hmmer3 to search against /home/miguelbalexandre/miniconda3/envs/prokka_env/db/hmm/HAMAP.hmm with 8 CPUs
[19:34:56] Running: cat \/mnt\/c\/Users\/migue\/OneDrive\/Ambiente\ de\ Trabalho\/Prokka_GCF_001442495\/Prokka_GCF_001442495\.HAMAP\.hmm\.tmp\.13045\.faa | parallel --gnu --plain -j 8 --block 15159 --recstart '>' --pipe hmmscan --noali --notextw --acc -E 1e-09 --cpu 1 /home/miguelbalexandre/miniconda3/envs/prokka_env/db/hmm/HAMAP.hmm /dev/stdin > \/mnt\/c\/Users\/migue\/OneDrive\/Ambiente\ de\ Trabalho\/Prokka_GCF_001442495\/Prokka_GCF_001442495\.HAMAP\.hmm\.tmp\.13045\.hmmer3 2> /dev/null
[19:35:02] Modify product: Uncharacterized Nudix hydrolase NudL => putative Nudix hydrolase NudL
[19:35:03] Cleaned 1 /product names
[19:35:03] Deleting unwanted file: /mnt/c/Users/migue/OneDrive/Ambiente de Trabalho/Prokka_GCF_001442495/Prokka_GCF_001442495.HAMAP.hmm.tmp.13045.faa
[19:35:03] Deleting unwanted file: /mnt/c/Users/migue/OneDrive/Ambiente de Trabalho/Prokka_GCF_001442495/Prokka_GCF_001442495.HAMAP.hmm.tmp.13045.hmmer3
[19:35:03] Labelling remaining 872 proteins as 'hypothetical protein'
[19:35:03] Possible /pseudo 'Chaperone protein HscC' at NZ_CP013112.1 position 161637
[19:35:03] Possible /pseudo 'ISAs1 family transposase ISEc1' at NZ_CP013112.1 position 216896
[19:35:03] Possible /pseudo 'IS3 family transposase IS629' at NZ_CP013112.1 position 645317
[19:35:03] Possible /pseudo 'Hemolysin E, chromosomal' at NZ_CP013112.1 position 794492
[19:35:03] Possible /pseudo 'Formate dehydrogenase, nitrate-inducible, major subunit' at NZ_CP013112.1 position 1078154
[19:35:03] Possible /pseudo 'IS3 family transposase ISEc17' at NZ_CP013112.1 position 1603903
[19:35:03] Possible /pseudo 'IS3 family transposase ISEc17' at NZ_CP013112.1 position 1606970
[19:35:03] Possible /pseudo 'IS3 family transposase ISEc17' at NZ_CP013112.1 position 1668958
[19:35:03] Possible /pseudo 'Chain length determinant protein' at NZ_CP013112.1 position 1706521
[19:35:03] Possible /pseudo 'IS1 family transposase IS1A' at NZ_CP013112.1 position 1959050
[19:35:03] Possible /pseudo 'Sucrose permease' at NZ_CP013112.1 position 2076668
[19:35:03] Possible /pseudo 'Aminopeptidase YpdF' at NZ_CP013112.1 position 2108356
[19:35:03] Possible /pseudo 'PTS system N-acetylmuramic acid-specific EIIBC component' at NZ_CP013112.1 position 2146105
[19:35:03] Possible /pseudo 'Ethanolamine utilization protein EutD' at NZ_CP013112.1 position 2165512
[19:35:03] Possible /pseudo 'Hydrogenase-4 component B' at NZ_CP013112.1 position 2195449
[19:35:03] Possible /pseudo 'putative ATP synthase SpaL' at NZ_CP013112.1 position 2584965
[19:35:03] Possible /pseudo 'putative oxidoreductase YgfF' at NZ_CP013112.1 position 2635359
[19:35:03] Possible /pseudo 'Energy-coupling factor transporter ATP-binding protein EcfA1' at NZ_CP013112.1 position 2666432
[19:35:03] Possible /pseudo 'IS3 family transposase IS1351' at NZ_CP013112.1 position 2719620
[19:35:03] Possible /pseudo 'Inner membrane protein YqiK' at NZ_CP013112.1 position 2834568
[19:35:03] Possible /pseudo 'Putative transferase YhbX' at NZ_CP013112.1 position 2967931
[19:35:03] Possible /pseudo 'Small toxic polypeptide LdrD' at NZ_CP013112.1 position 3368666
[19:35:03] Possible /pseudo 'Small toxic polypeptide LdrD' at NZ_CP013112.1 position 3369149
[19:35:03] Possible /pseudo 'Glyoxylate/hydroxypyruvate reductase B' at NZ_CP013112.1 position 3387154
[19:35:03] Possible /pseudo 'DNA ligase B' at NZ_CP013112.1 position 3491003
[19:35:03] Possible /pseudo 'D-galactonate transporter' at NZ_CP013112.1 position 3542390
[19:35:03] Possible /pseudo '3'-5' ssDNA/RNA exonuclease TatD' at NZ_CP013112.1 position 3699076
[19:35:03] Possible /pseudo 'Putative 2,3-dihydroxypropane-1-sulfonate exporter' at NZ_CP013112.1 position 3740468
[19:35:03] Possible /pseudo 'Formate dehydrogenase-O major subunit' at NZ_CP013112.1 position 3759898
[19:35:03] Possible /pseudo 'Formate dehydrogenase H' at NZ_CP013112.1 position 4033447
[19:35:03] Possible /pseudo 'Melibiose carrier protein' at NZ_CP013112.1 position 4079265
[19:35:03] Possible /pseudo 'ISKra4 family transposase ISCep1' at NZ_CP013112.1 position 4270994
[19:35:03] Possible /pseudo 'Penicillin G acylase' at NZ_CP013112.1 position 4301734
[19:35:03] Possible /pseudo 'Sensor protein CreC' at NZ_CP013112.1 position 4362550
[19:35:03] Possible /pseudo 'IS1 family transposase IS1X2' at NZ_CP013112.1 position 4519778
[19:35:03] Possible /pseudo 'IS1 family transposase IS1A' at NZ_CP013112.1 position 4660485
[19:35:03] Found 3186 unique /gene codes.
[19:35:03] Fixed 3 duplicate /gene - fimA_1 fimA_2 fimA_3
[19:35:03] Fixed 2 duplicate /gene - pal_1 pal_2
[19:35:03] Fixed 2 duplicate /gene - acrR_1 acrR_2
[19:35:03] Fixed 2 duplicate /gene - osmY_1 osmY_2
[19:35:03] Fixed 2 duplicate /gene - gadW_1 gadW_2
[19:35:03] Fixed 3 duplicate /gene - arnC_1 arnC_2 arnC_3
[19:35:03] Fixed 2 duplicate /gene - betB_1 betB_2
[19:35:03] Fixed 2 duplicate /gene - lon_1 lon_2
[19:35:03] Fixed 2 duplicate /gene - srmB_1 srmB_2
[19:35:03] Fixed 2 duplicate /gene - ypdF_1 ypdF_2
[19:35:03] Fixed 2 duplicate /gene - aaeB_1 aaeB_2
[19:35:03] Fixed 2 duplicate /gene - pspB_1 pspB_2
[19:35:03] Fixed 2 duplicate /gene - sgrR_1 sgrR_2
[19:35:03] Fixed 3 duplicate /gene - ndhB_1 ndhB_2 ndhB_3
[19:35:03] Fixed 2 duplicate /gene - ttdT_1 ttdT_2
[19:35:03] Fixed 2 duplicate /gene - ydeO_1 ydeO_2
[19:35:03] Fixed 4 duplicate /gene - rusA_1 rusA_2 rusA_3 rusA_4
[19:35:03] Fixed 2 duplicate /gene - fdnG_1 fdnG_2
[19:35:03] Fixed 2 duplicate /gene - glgA_1 glgA_2
[19:35:03] Fixed 2 duplicate /gene - fimH_1 fimH_2
[19:35:03] Fixed 2 duplicate /gene - hchA_1 hchA_2
[19:35:03] Fixed 3 duplicate /gene - ybdO_1 ybdO_2 ybdO_3
[19:35:03] Fixed 2 duplicate /gene - tsaR_1 tsaR_2
[19:35:03] Fixed 2 duplicate /gene - wzzB_1 wzzB_2
[19:35:03] Fixed 5 duplicate /gene - rhaR_1 rhaR_2 rhaR_3 rhaR_4 rhaR_5
[19:35:03] Fixed 2 duplicate /gene - wecB_1 wecB_2
[19:35:03] Fixed 2 duplicate /gene - mepM_1 mepM_2
[19:35:03] Fixed 2 duplicate /gene - hdfR_1 hdfR_2
[19:35:03] Fixed 3 duplicate /gene - mngR_1 mngR_2 mngR_3
[19:35:03] Fixed 2 duplicate /gene - cdgI_1 cdgI_2
[19:35:03] Fixed 3 duplicate /gene - manZ_1 manZ_2 manZ_3
[19:35:03] Fixed 2 duplicate /gene - bglA_1 bglA_2
[19:35:03] Fixed 2 duplicate /gene - menE_1 menE_2
[19:35:03] Fixed 2 duplicate /gene - rspA_1 rspA_2
[19:35:03] Fixed 2 duplicate /gene - chuR_1 chuR_2
[19:35:03] Fixed 2 duplicate /gene - hyfB_1 hyfB_2
[19:35:03] Fixed 2 duplicate /gene - gfcB_1 gfcB_2
[19:35:03] Fixed 2 duplicate /gene - rob_1 rob_2
[19:35:03] Fixed 3 duplicate /gene - klcA_1 klcA_2 klcA_3
[19:35:03] Fixed 2 duplicate /gene - murR_1 murR_2
[19:35:03] Fixed 2 duplicate /gene - spaS_1 spaS_2
[19:35:03] Fixed 2 duplicate /gene - lolD_1 lolD_2
[19:35:03] Fixed 2 duplicate /gene - mipA_1 mipA_2
[19:35:03] Fixed 2 duplicate /gene - kduD_1 kduD_2
[19:35:03] Fixed 2 duplicate /gene - fryB_1 fryB_2
[19:35:03] Fixed 3 duplicate /gene - bglH_1 bglH_2 bglH_3
[19:35:03] Fixed 2 duplicate /gene - pdeC_1 pdeC_2
[19:35:03] Fixed 2 duplicate /gene - ccmF_1 ccmF_2
[19:35:03] Fixed 2 duplicate /gene - elfG_1 elfG_2
[19:35:03] Fixed 2 duplicate /gene - fabG_1 fabG_2
[19:35:03] Fixed 2 duplicate /gene - melB_1 melB_2
[19:35:03] Fixed 2 duplicate /gene - creC_1 creC_2
[19:35:03] Fixed 2 duplicate /gene - lgoT_1 lgoT_2
[19:35:03] Fixed 2 duplicate /gene - bioD1_1 bioD1_2
[19:35:03] Fixed 2 duplicate /gene - glpK_1 glpK_2
[19:35:03] Fixed 2 duplicate /gene - xdhA_1 xdhA_2
[19:35:03] Fixed 2 duplicate /gene - pdeL_1 pdeL_2
[19:35:03] Fixed 2 duplicate /gene - sapB_1 sapB_2
[19:35:03] Fixed 2 duplicate /gene - php_1 php_2
[19:35:03] Fixed 2 duplicate /gene - tmk_1 tmk_2
[19:35:03] Fixed 2 duplicate /gene - trmH_1 trmH_2
[19:35:03] Fixed 2 duplicate /gene - ecfA1_1 ecfA1_2
[19:35:03] Fixed 2 duplicate /gene - yggP_1 yggP_2
[19:35:03] Fixed 2 duplicate /gene - ydfO_1 ydfO_2
[19:35:03] Fixed 2 duplicate /gene - ubiJ_1 ubiJ_2
[19:35:03] Fixed 2 duplicate /gene - rbsC_1 rbsC_2
[19:35:03] Fixed 2 duplicate /gene - mlc_1 mlc_2
[19:35:03] Fixed 2 duplicate /gene - mdh_1 mdh_2
[19:35:03] Fixed 2 duplicate /gene - melR_1 melR_2
[19:35:03] Fixed 2 duplicate /gene - pitA_1 pitA_2
[19:35:03] Fixed 3 duplicate /gene - era_1 era_2 era_3
[19:35:03] Fixed 2 duplicate /gene - cysE_1 cysE_2
[19:35:03] Fixed 2 duplicate /gene - fimD_1 fimD_2
[19:35:03] Fixed 3 duplicate /gene - papD_1 papD_2 papD_3
[19:35:03] Fixed 2 duplicate /gene - fimG_1 fimG_2
[19:35:03] Fixed 2 duplicate /gene - gadX_1 gadX_2
[19:35:03] Fixed 2 duplicate /gene - ftnA_1 ftnA_2
[19:35:03] Fixed 2 duplicate /gene - cusS_1 cusS_2
[19:35:03] Fixed 2 duplicate /gene - pdhR_1 pdhR_2
[19:35:03] Fixed 2 duplicate /gene - fdnH_1 fdnH_2
[19:35:03] Fixed 5 duplicate /gene - srlR_1 srlR_2 srlR_3 srlR_4 srlR_5
[19:35:03] Fixed 2 duplicate /gene - por_1 por_2
[19:35:03] Fixed 2 duplicate /gene - ligB_1 ligB_2
[19:35:03] Fixed 2 duplicate /gene - yrdA_1 yrdA_2
[19:35:03] Fixed 2 duplicate /gene - glpG_1 glpG_2
[19:35:03] Fixed 2 duplicate /gene - chbA_1 chbA_2
[19:35:03] Fixed 2 duplicate /gene - rhlE_1 rhlE_2
[19:35:03] Fixed 2 duplicate /gene - cusA_1 cusA_2
[19:35:03] Fixed 2 duplicate /gene - kefC_1 kefC_2
[19:35:03] Fixed 2 duplicate /gene - icd_1 icd_2
[19:35:03] Fixed 2 duplicate /gene - acs_1 acs_2
[19:35:03] Fixed 2 duplicate /gene - sorB_1 sorB_2
[19:35:03] Fixed 2 duplicate /gene - cbeA_1 cbeA_2
[19:35:03] Fixed 2 duplicate /gene - ulaE_1 ulaE_2
[19:35:03] Fixed 2 duplicate /gene - topA_1 topA_2
[19:35:03] Fixed 2 duplicate /gene - nlpD_1 nlpD_2
[19:35:03] Fixed 2 duplicate /gene - ybiI_1 ybiI_2
[19:35:03] Fixed 2 duplicate /gene - acrB_1 acrB_2
[19:35:03] Fixed 2 duplicate /gene - agaC_1 agaC_2
[19:35:03] Fixed 2 duplicate /gene - pncC_1 pncC_2
[19:35:03] Fixed 2 duplicate /gene - gltC_1 gltC_2
[19:35:03] Fixed 2 duplicate /gene - hcpA_1 hcpA_2
[19:35:03] Fixed 2 duplicate /gene - lptG_1 lptG_2
[19:35:03] Fixed 2 duplicate /gene - fdrA_1 fdrA_2
[19:35:03] Fixed 4 duplicate /gene - xerC_1 xerC_2 xerC_3 xerC_4
[19:35:03] Fixed 3 duplicate /gene - fixB_1 fixB_2 fixB_3
[19:35:03] Fixed 2 duplicate /gene - ytfJ_1 ytfJ_2
[19:35:03] Fixed 2 duplicate /gene - hycG_1 hycG_2
[19:35:03] Fixed 2 duplicate /gene - cscB_1 cscB_2
[19:35:03] Fixed 2 duplicate /gene - rhsD_1 rhsD_2
[19:35:03] Fixed 5 duplicate /gene - dmlR_1 dmlR_2 dmlR_3 dmlR_4 dmlR_5
[19:35:03] Fixed 2 duplicate /gene - argE_1 argE_2
[19:35:03] Fixed 3 duplicate /gene - glnQ_1 glnQ_2 glnQ_3
[19:35:03] Fixed 2 duplicate /gene - kdgK_1 kdgK_2
[19:35:03] Fixed 2 duplicate /gene - caiA_1 caiA_2
[19:35:03] Fixed 2 duplicate /gene - flhA_1 flhA_2
[19:35:03] Fixed 2 duplicate /gene - cusF_1 cusF_2
[19:35:03] Fixed 2 duplicate /gene - leuC_1 leuC_2
[19:35:03] Fixed 2 duplicate /gene - ygiW_1 ygiW_2
[19:35:03] Fixed 2 duplicate /gene - proA_1 proA_2
[19:35:03] Fixed 2 duplicate /gene - psuK_1 psuK_2
[19:35:03] Fixed 2 duplicate /gene - lutA_1 lutA_2
[19:35:03] Fixed 3 duplicate /gene - potA_1 potA_2 potA_3
[19:35:03] Fixed 5 duplicate /gene - intA_1 intA_2 intA_3 intA_4 intA_5
[19:35:03] Fixed 2 duplicate /gene - yqiK_1 yqiK_2
[19:35:03] Fixed 2 duplicate /gene - ampG_1 ampG_2
[19:35:03] Fixed 4 duplicate /gene - lexA_1 lexA_2 lexA_3 lexA_4
[19:35:03] Fixed 2 duplicate /gene - deoB_1 deoB_2
[19:35:03] Fixed 2 duplicate /gene - hscC_1 hscC_2
[19:35:03] Fixed 2 duplicate /gene - dgoT_1 dgoT_2
[19:35:03] Fixed 2 duplicate /gene - msbA_1 msbA_2
[19:35:03] Fixed 2 duplicate /gene - yehB_1 yehB_2
[19:35:03] Fixed 3 duplicate /gene - ydcV_1 ydcV_2 ydcV_3
[19:35:03] Fixed 2 duplicate /gene - silE_1 silE_2
[19:35:03] Fixed 2 duplicate /gene - ygfF_1 ygfF_2
[19:35:03] Fixed 3 duplicate /gene - btuD_1 btuD_2 btuD_3
[19:35:03] Fixed 2 duplicate /gene - yiaW_1 yiaW_2
[19:35:03] Fixed 2 duplicate /gene - gspA_1 gspA_2
[19:35:03] Fixed 2 duplicate /gene - mglA_1 mglA_2
[19:35:03] Fixed 4 duplicate /gene - papC_1 papC_2 papC_3 papC_4
[19:35:03] Fixed 2 duplicate /gene - aaeA_1 aaeA_2
[19:35:03] Fixed 2 duplicate /gene - ftsA_1 ftsA_2
[19:35:03] Fixed 2 duplicate /gene - cusR_1 cusR_2
[19:35:03] Fixed 2 duplicate /gene - narL_1 narL_2
[19:35:03] Fixed 2 duplicate /gene - acpP_1 acpP_2
[19:35:03] Fixed 2 duplicate /gene - fryA_1 fryA_2
[19:35:03] Fixed 2 duplicate /gene - gspK_1 gspK_2
[19:35:03] Fixed 2 duplicate /gene - nagB_1 nagB_2
[19:35:03] Fixed 2 duplicate /gene - copA_1 copA_2
[19:35:03] Fixed 2 duplicate /gene - dadA_1 dadA_2
[19:35:03] Fixed 2 duplicate /gene - ydiF_1 ydiF_2
[19:35:03] Fixed 2 duplicate /gene - lptB_1 lptB_2
[19:35:03] Fixed 2 duplicate /gene - nanR_1 nanR_2
[19:35:03] Fixed 2 duplicate /gene - purR_1 purR_2
[19:35:03] Fixed 4 duplicate /gene - ldrD_1 ldrD_2 ldrD_3 ldrD_4
[19:35:03] Fixed 2 duplicate /gene - yhcH_1 yhcH_2
[19:35:03] Fixed 2 duplicate /gene - hns_1 hns_2
[19:35:03] Fixed 2 duplicate /gene - fdhF_1 fdhF_2
[19:35:03] Fixed 2 duplicate /gene - yhbX_1 yhbX_2
[19:35:03] Fixed 2 duplicate /gene - ndhI_1 ndhI_2
[19:35:03] Fixed 3 duplicate /gene - rhsC_1 rhsC_2 rhsC_3
[19:35:03] Fixed 2 duplicate /gene - cutC_1 cutC_2
[19:35:03] Fixed 2 duplicate /gene - glmM_1 glmM_2
[19:35:03] Fixed 2 duplicate /gene - xerD_1 xerD_2
[19:35:03] Fixed 2 duplicate /gene - ydhX_1 ydhX_2
[19:35:03] Fixed 5 duplicate /gene - hyfA_1 hyfA_2 hyfA_3 hyfA_4 hyfA_5
[19:35:03] Fixed 2 duplicate /gene - arcC1_1 arcC1_2
[19:35:03] Fixed 2 duplicate /gene - ybgD_1 ybgD_2
[19:35:03] Fixed 2 duplicate /gene - tatD_1 tatD_2
[19:35:03] Fixed 3 duplicate /gene - flu_1 flu_2 flu_3
[19:35:03] Fixed 2 duplicate /gene - xylB_1 xylB_2
[19:35:03] Fixed 2 duplicate /gene - bhsA_1 bhsA_2
[19:35:03] Fixed 2 duplicate /gene - sbmC_1 sbmC_2
[19:35:03] Fixed 2 duplicate /gene - opgE_1 opgE_2
[19:35:03] Fixed 2 duplicate /gene - oxyR_1 oxyR_2
[19:35:03] Fixed 2 duplicate /gene - rlhA_1 rlhA_2
[19:35:03] Fixed 2 duplicate /gene - aspT_1 aspT_2
[19:35:03] Fixed 2 duplicate /gene - ygdR_1 ygdR_2
[19:35:03] Fixed 2 duplicate /gene - pac_1 pac_2
[19:35:03] Fixed 2 duplicate /gene - ccmH_1 ccmH_2
[19:35:03] Fixed 2 duplicate /gene - bglF_1 bglF_2
[19:35:03] Fixed 3 duplicate /gene - tdh_1 tdh_2 tdh_3
[19:35:03] Fixed 3 duplicate /gene - fixX_1 fixX_2 fixX_3
[19:35:03] Fixed 2 duplicate /gene - dnaK_1 dnaK_2
[19:35:03] Fixed 2 duplicate /gene - pgrR_1 pgrR_2
[19:35:03] Fixed 2 duplicate /gene - prs_1 prs_2
[19:35:03] Fixed 2 duplicate /gene - dmsB_1 dmsB_2
[19:35:03] Fixed 2 duplicate /gene - dmsC_1 dmsC_2
[19:35:03] Fixed 2 duplicate /gene - oleD_1 oleD_2
[19:35:03] Fixed 2 duplicate /gene - yahB_1 yahB_2
[19:35:03] Fixed 2 duplicate /gene - fruA_1 fruA_2
[19:35:03] Fixed 2 duplicate /gene - yhaJ_1 yhaJ_2
[19:35:03] Fixed 2 duplicate /gene - manX_1 manX_2
[19:35:03] Fixed 2 duplicate /gene - caiT_1 caiT_2
[19:35:03] Fixed 2 duplicate /gene - coaA_1 coaA_2
[19:35:03] Fixed 5 duplicate /gene - rhaS_1 rhaS_2 rhaS_3 rhaS_4 rhaS_5
[19:35:03] Fixed 2 duplicate /gene - rbsA_1 rbsA_2
[19:35:03] Fixed 2 duplicate /gene - yhhT_1 yhhT_2
[19:35:03] Fixed 2 duplicate /gene - azoR_1 azoR_2
[19:35:03] Fixed 2 duplicate /gene - murP_1 murP_2
[19:35:03] Fixed 2 duplicate /gene - ygcS_1 ygcS_2
[19:35:03] Fixed 2 duplicate /gene - fimF_1 fimF_2
[19:35:03] Fixed 2 duplicate /gene - fixA_1 fixA_2
[19:35:03] Fixed 2 duplicate /gene - blc_1 blc_2
[19:35:03] Fixed 2 duplicate /gene - ompN_1 ompN_2
[19:35:03] Fixed 2 duplicate /gene - fdoG_1 fdoG_2
[19:35:03] Fixed 2 duplicate /gene - lapB_1 lapB_2
[19:35:03] Fixed 2 duplicate /gene - ydjZ_1 ydjZ_2
[19:35:03] Fixed 2 duplicate /gene - artM_1 artM_2
[19:35:03] Fixed 2 duplicate /gene - ghrB_1 ghrB_2
[19:35:03] Fixed 2 duplicate /gene - cbtA_1 cbtA_2
[19:35:03] Fixed 2 duplicate /gene - yihP_1 yihP_2
[19:35:03] Fixed 3 duplicate /gene - cynR_1 cynR_2 cynR_3
[19:35:03] Fixed 2 duplicate /gene - dcuD_1 dcuD_2
[19:35:03] Fixed 3 duplicate /gene - hcaR_1 hcaR_2 hcaR_3
[19:35:03] Fixed 2 duplicate /gene - mepS_1 mepS_2
[19:35:03] Fixed 2 duplicate /gene - rhtC_1 rhtC_2
[19:35:03] Fixed 2 duplicate /gene - eutD_1 eutD_2
[19:35:03] Fixed 2 duplicate /gene - spaL_1 spaL_2
[19:35:03] Fixed 3 duplicate /gene - cusC_1 cusC_2 cusC_3
[19:35:03] Fixed 2 duplicate /gene - cusB_1 cusB_2
[19:35:03] Fixed 2 duplicate /gene - chbC_1 chbC_2
[19:35:03] Fixed 2 duplicate /gene - dam_1 dam_2
[19:35:03] Fixed 2 duplicate /gene - hlyE_1 hlyE_2
[19:35:03] Fixed 2 duplicate /gene - ompX_1 ompX_2
[19:35:03] Fixed 3 duplicate /gene - norR_1 norR_2 norR_3
[19:35:03] Fixed 2 duplicate /gene - gstB_1 gstB_2
[19:35:03] Fixed 2 duplicate /gene - ydgA_1 ydgA_2
[19:35:03] Fixed 2 duplicate /gene - ssuC_1 ssuC_2
[19:35:03] Fixed 2 duplicate /gene - bioF_1 bioF_2
[19:35:03] Fixed 2 duplicate /gene - ygaZ_1 ygaZ_2
[19:35:03] Fixed 2 duplicate /gene - lldR_1 lldR_2
[19:35:03] Fixed 2 duplicate /gene - manP_1 manP_2
[19:35:03] Fixed 2 duplicate /gene - elfC_1 elfC_2
[19:35:03] Fixed 2 duplicate /gene - malP_1 malP_2
[19:35:03] Fixed 235 colliding /gene names.
[19:35:03] Adding /locus_tag identifiers
[19:35:03] Assigned 4647 locus_tags to CDS and RNA features.
[19:35:03] Writing outputs to /mnt/c/Users/migue/OneDrive/Ambiente de Trabalho/Prokka_GCF_001442495/
[19:35:11] Generating annotation statistics file
[19:35:11] Generating Genbank and Sequin files
[19:35:11] Running: tbl2asn -V b -a r10k -l paired-ends -M n -N 1 -y 'Annotated using prokka 1.14.6 from https://github.com/tseemann/prokka' -Z \/mnt\/c\/Users\/migue\/OneDrive\/Ambiente\ de\ Trabalho\/Prokka_GCF_001442495\/Prokka_GCF_001442495\.err -i \/mnt\/c\/Users\/migue\/OneDrive\/Ambiente\ de\ Trabalho\/Prokka_GCF_001442495\/Prokka_GCF_001442495\.fsa 2> /dev/null
[19:35:20] Deleting unwanted file: /mnt/c/Users/migue/OneDrive/Ambiente de Trabalho/Prokka_GCF_001442495/errorsummary.val
[19:35:20] Deleting unwanted file: /mnt/c/Users/migue/OneDrive/Ambiente de Trabalho/Prokka_GCF_001442495/Prokka_GCF_001442495.dr
[19:35:20] Deleting unwanted file: /mnt/c/Users/migue/OneDrive/Ambiente de Trabalho/Prokka_GCF_001442495/Prokka_GCF_001442495.fixedproducts
[19:35:20] Deleting unwanted file: /mnt/c/Users/migue/OneDrive/Ambiente de Trabalho/Prokka_GCF_001442495/Prokka_GCF_001442495.ecn
[19:35:20] Deleting unwanted file: /mnt/c/Users/migue/OneDrive/Ambiente de Trabalho/Prokka_GCF_001442495/Prokka_GCF_001442495.val
[19:35:20] Repairing broken .GBK output that tbl2asn produces...
[19:35:20] Running: sed 's/COORDINATES: profile/COORDINATES:profile/' < \/mnt\/c\/Users\/migue\/OneDrive\/Ambiente\ de\ Trabalho\/Prokka_GCF_001442495\/Prokka_GCF_001442495\.gbf > \/mnt\/c\/Users\/migue\/OneDrive\/Ambiente\ de\ Trabalho\/Prokka_GCF_001442495\/Prokka_GCF_001442495\.gbk
[19:35:21] Deleting unwanted file: /mnt/c/Users/migue/OneDrive/Ambiente de Trabalho/Prokka_GCF_001442495/Prokka_GCF_001442495.gbf
[19:35:21] Output files:
[19:35:21] /mnt/c/Users/migue/OneDrive/Ambiente de Trabalho/Prokka_GCF_001442495/Prokka_GCF_001442495.err
[19:35:21] /mnt/c/Users/migue/OneDrive/Ambiente de Trabalho/Prokka_GCF_001442495/Prokka_GCF_001442495.faa
[19:35:21] /mnt/c/Users/migue/OneDrive/Ambiente de Trabalho/Prokka_GCF_001442495/Prokka_GCF_001442495.ffn
[19:35:21] /mnt/c/Users/migue/OneDrive/Ambiente de Trabalho/Prokka_GCF_001442495/Prokka_GCF_001442495.fna
[19:35:21] /mnt/c/Users/migue/OneDrive/Ambiente de Trabalho/Prokka_GCF_001442495/Prokka_GCF_001442495.fsa
[19:35:21] /mnt/c/Users/migue/OneDrive/Ambiente de Trabalho/Prokka_GCF_001442495/Prokka_GCF_001442495.gbk
[19:35:21] /mnt/c/Users/migue/OneDrive/Ambiente de Trabalho/Prokka_GCF_001442495/Prokka_GCF_001442495.gff
[19:35:21] /mnt/c/Users/migue/OneDrive/Ambiente de Trabalho/Prokka_GCF_001442495/Prokka_GCF_001442495.log
[19:35:21] /mnt/c/Users/migue/OneDrive/Ambiente de Trabalho/Prokka_GCF_001442495/Prokka_GCF_001442495.sqn
[19:35:21] /mnt/c/Users/migue/OneDrive/Ambiente de Trabalho/Prokka_GCF_001442495/Prokka_GCF_001442495.tbl
[19:35:21] /mnt/c/Users/migue/OneDrive/Ambiente de Trabalho/Prokka_GCF_001442495/Prokka_GCF_001442495.tsv
[19:35:21] /mnt/c/Users/migue/OneDrive/Ambiente de Trabalho/Prokka_GCF_001442495/Prokka_GCF_001442495.txt
[19:35:21] Annotation finished successfully.
[19:35:21] Walltime used: 2.02 minutes
[19:35:21] If you use this result please cite the Prokka paper:
[19:35:21] Seemann T (2014) Prokka: rapid prokaryotic genome annotation. Bioinformatics. 30(14):2068-9.
[19:35:21] Type 'prokka --citation' for more details.
[19:35:21] Share and enjoy!
