[20:02:04] This is prokka 1.14.6
[20:02:04] Written by Torsten Seemann <torsten.seemann@gmail.com>
[20:02:04] Homepage is https://github.com/tseemann/prokka
[20:02:04] Local time is Sun Jan  5 20:02:04 2025
[20:02:04] You are miguelbalexandre
[20:02:04] Operating system is linux
[20:02:04] You have BioPerl 1.7.8
[20:02:04] System has 16 cores.
[20:02:04] Will use maximum of 8 cores.
[20:02:04] Annotating as >>> Bacteria <<<
[20:02:04] Generating locus_tag from '/mnt/c/Users/migue/Downloads/Dados_Prokka/GCF_000013305.fasta' contents.
[20:02:04] Setting --locustag KENOBHBL from MD5 4e78b1b50f1f96231f6134bcf6e13857
[20:02:04] Creating new output folder: /mnt/c/Users/migue/OneDrive/Ambiente de Trabalho/Prokka_GCF_000013305
[20:02:04] Running: mkdir -p \/mnt\/c\/Users\/migue\/OneDrive\/Ambiente\ de\ Trabalho\/Prokka_GCF_000013305
[20:02:04] Using filename prefix: Prokka_GCF_000013305.XXX
[20:02:04] Setting HMMER_NCPU=1
[20:02:04] Writing log to: /mnt/c/Users/migue/OneDrive/Ambiente de Trabalho/Prokka_GCF_000013305/Prokka_GCF_000013305.log
[20:02:04] Command: /home/miguelbalexandre/miniconda3/envs/prokka_env/bin/prokka --outdir /mnt/c/Users/migue/OneDrive/Ambiente de Trabalho/Prokka_GCF_000013305 --prefix Prokka_GCF_000013305 /mnt/c/Users/migue/Downloads/Dados_Prokka/GCF_000013305.fasta
[20:02:04] Appending to PATH: /home/miguelbalexandre/miniconda3/envs/prokka_env/bin
[20:02:04] Looking for 'aragorn' - found /home/miguelbalexandre/miniconda3/envs/prokka_env/bin/aragorn
[20:02:04] Determined aragorn version is 001002 from 'ARAGORN v1.2.41 Dean Laslett'
[20:02:04] Looking for 'barrnap' - found /home/miguelbalexandre/miniconda3/envs/prokka_env/bin/barrnap
[20:02:04] Determined barrnap version is 000009 from 'barrnap 0.9'
[20:02:04] Looking for 'blastp' - found /home/miguelbalexandre/miniconda3/envs/prokka_env/bin/blastp
[20:02:04] Determined blastp version is 002016 from 'blastp: 2.16.0+'
[20:02:04] Looking for 'cmpress' - found /home/miguelbalexandre/miniconda3/envs/prokka_env/bin/cmpress
[20:02:04] Determined cmpress version is 001001 from '# INFERNAL 1.1.5 (Sep 2023)'
[20:02:04] Looking for 'cmscan' - found /home/miguelbalexandre/miniconda3/envs/prokka_env/bin/cmscan
[20:02:04] Determined cmscan version is 001001 from '# INFERNAL 1.1.5 (Sep 2023)'
[20:02:04] Looking for 'egrep' - found /usr/bin/egrep
[20:02:04] Looking for 'find' - found /usr/bin/find
[20:02:04] Looking for 'grep' - found /usr/bin/grep
[20:02:04] Looking for 'hmmpress' - found /home/miguelbalexandre/miniconda3/envs/prokka_env/bin/hmmpress
[20:02:04] Determined hmmpress version is 003004 from '# HMMER 3.4 (Aug 2023); http://hmmer.org/'
[20:02:04] Looking for 'hmmscan' - found /home/miguelbalexandre/miniconda3/envs/prokka_env/bin/hmmscan
[20:02:04] Determined hmmscan version is 003004 from '# HMMER 3.4 (Aug 2023); http://hmmer.org/'
[20:02:04] Looking for 'java' - found /home/miguelbalexandre/miniconda3/envs/prokka_env/bin/java
[20:02:04] Looking for 'makeblastdb' - found /home/miguelbalexandre/miniconda3/envs/prokka_env/bin/makeblastdb
[20:02:04] Determined makeblastdb version is 002016 from 'makeblastdb: 2.16.0+'
[20:02:04] Looking for 'minced' - found /home/miguelbalexandre/miniconda3/envs/prokka_env/bin/minced
[20:02:04] Determined minced version is 004002 from 'minced 0.4.2'
[20:02:04] Looking for 'parallel' - found /home/miguelbalexandre/miniconda3/envs/prokka_env/bin/parallel
[20:02:04] Determined parallel version is 20241122 from 'GNU parallel 20241122'
[20:02:04] Looking for 'prodigal' - found /home/miguelbalexandre/miniconda3/envs/prokka_env/bin/prodigal
[20:02:04] Determined prodigal version is 002006 from 'Prodigal V2.6.3: February, 2016'
[20:02:04] Looking for 'prokka-genbank_to_fasta_db' - found /home/miguelbalexandre/miniconda3/envs/prokka_env/bin/prokka-genbank_to_fasta_db
[20:02:04] Looking for 'sed' - found /usr/bin/sed
[20:02:04] Looking for 'tbl2asn' - found /home/miguelbalexandre/miniconda3/envs/prokka_env/bin/tbl2asn
[20:02:04] Determined tbl2asn version is 025007 from 'tbl2asn 25.7   arguments:'
[20:02:04] Using genetic code table 11.
[20:02:04] Loading and checking input file: /mnt/c/Users/migue/Downloads/Dados_Prokka/GCF_000013305.fasta
[20:02:05] Wrote 1 contigs totalling 4938920 bp.
[20:02:05] Predicting tRNAs and tmRNAs
[20:02:05] Running: aragorn -l -gc11  -w \/mnt\/c\/Users\/migue\/OneDrive\/Ambiente\ de\ Trabalho\/Prokka_GCF_000013305\/Prokka_GCF_000013305\.fna
[20:02:07] 1 tRNA-Glu [229558,229633] 35 (ttc)
[20:02:07] 2 tRNA-Asp [232996,233072] 35 (gtc)
[20:02:07] 3 tRNA-Asp [241221,241297] 35 (gtc)
[20:02:07] 4 tRNA-Thr [294319,294394] 34 (cgt)
[20:02:07] 5 tRNA-Arg [332397,332473] 35 (tct)
[20:02:07] 6 tRNA-Ser [426970,427050] 38 (gga)
[20:02:07] 7 tRNA-Arg [620974,621050] 35 (tct)
[20:02:07] 8 tRNA-Gln c[723221,723295] 33 (ctg)
[20:02:07] 9 tRNA-Gln c[723333,723407] 33 (ctg)
[20:02:07] 10 tRNA-Met c[723456,723532] 35 (cat)
[20:02:07] 11 tRNA-Lys [795927,796002] 34 (ttt)
[20:02:07] 12 tRNA-Val [796038,796113] 34 (tac)
[20:02:07] 13 tRNA-Lys [796116,796191] 34 (ttt)
[20:02:07] 14 tRNA-Val [796243,796318] 34 (tac)
[20:02:07] 15 tRNA-Lys [796322,796397] 34 (ttt)
[20:02:07] 16 tRNA-Lys [796446,796521] 34 (ttt)
[20:02:07] 17 tRNA-Lys [796555,796630] 34 (ttt)
[20:02:07] 18 tRNA-Ser c[939676,939763] 35 (gga)
[20:02:07] 19 tRNA-Ser c[1034999,1035086] 35 (tga)
[20:02:07] 20 tRNA-Ser c[1088445,1088532] 35 (gga)
[20:02:07] 21 tRNA-Tyr c[1310055,1310139] 35 (gta)
[20:02:07] 22 tRNA-Tyr c[1310173,1310257] 35 (gta)
[20:02:07] 23 tRNA-Val [1661394,1661470] 35 (gac)
[20:02:07] 24 tRNA-Val [1661475,1661551] 35 (gac)
[20:02:07] 25 tRNA-Leu c[1900668,1900754] 35 (taa)
[20:02:07] 26 tRNA-Cys c[1900767,1900840] 33 (gca)
[20:02:07] 27 tRNA-Gly c[1900894,1900969] 34 (gcc)
[20:02:07] 28 tRNA-Ser c[1970000,1970089] 35 (cga)
[20:02:07] 29 tRNA-Asn [1971081,1971156] 34 (gtt)
[20:02:07] 30 tRNA-Asn c[2010971,2011046] 34 (gtt)
[20:02:07] 31 tRNA-Asn c[2013380,2013455] 34 (gtt)
[20:02:07] 32 tRNA-Asn [2015204,2015279] 34 (gtt)
[20:02:07] 33 tRNA-Pro [2327058,2327134] 35 (ggg)
[20:02:07] 34 tRNA-Arg [2496761,2496835] 34 (cct)
[20:02:07] 35 tRNA-Ala c[2540120,2540195] 34 (ggc)
[20:02:07] 36 tRNA-Ala c[2540235,2540310] 34 (ggc)
[20:02:07] 37 tRNA-Val [2543009,2543084] 34 (tac)
[20:02:07] 38 tRNA-Val [2543129,2543204] 34 (tac)
[20:02:07] 39 tRNA-Val [2543251,2543326] 34 (tac)
[20:02:07] 40 tRNA-Lys [2543331,2543406] 34 (ttt)
[20:02:07] 41 tRNA-Glu c[2737320,2737395] 35 (ttc)
[20:02:07] 42 tmRNA [2763346,2763708] 90,125 ANDENYALAA**
[20:02:07] 43 tRNA-Arg c[2794935,2795011] 35 (acg)
[20:02:07] 44 tRNA-Arg c[2795075,2795151] 35 (acg)
[20:02:07] 45 tRNA-Arg c[2795214,2795290] 35 (acg)
[20:02:07] 46 tRNA-Arg c[2795355,2795431] 35 (acg)
[20:02:07] 47 tRNA-Ser c[2795435,2795527] 35 (gct)
[20:02:07] 48 tRNA-Met [2940684,2940760] 35 (cat)
[20:02:07] 49 tRNA-Met [2940794,2940870] 35 (cat)
[20:02:07] 50 tRNA-Met [2940904,2940980] 35 (cat)
[20:02:07] 51 tRNA-Gly c[3018048,3018121] 33 (ccc)
[20:02:07] 52 tRNA-Phe [3128084,3128159] 34 (gaa)
[20:02:07] 53 tRNA-Met [3327284,3327359] 34 (cat)
[20:02:07] 54 tRNA-Met c[3428663,3428739] 35 (cat)
[20:02:07] 55 tRNA-Leu c[3432519,3432605] 35 (gag)
[20:02:07] 56 tRNA-Thr c[3533303,3533378] 34 (ggt)
[20:02:07] 57 tRNA-Glu c[3536702,3536777] 35 (ttc)
[20:02:07] 58 tRNA-Pro c[3822847,3822923] 35 (cgg)
[20:02:07] 59 tRNA-SeC [3947789,3947883] 35 (tca)
[20:02:07] 60 tRNA-Glu [4127225,4127300] 35 (ttc)
[20:02:07] 61 tRNA-Asp [4130662,4130738] 35 (gtc)
[20:02:07] 62 tRNA-Trp [4130747,4130822] 34 (cca)
[20:02:07] 63 tRNA-Arg [4165293,4165369] 35 (ccg)
[20:02:07] 64 tRNA-His [4165428,4165503] 34 (gtg)
[20:02:07] 65 tRNA-Leu [4165524,4165610] 35 (cag)
[20:02:07] 66 tRNA-Pro [4165653,4165729] 35 (tgg)
[20:02:07] 67 tRNA-Ile [4243002,4243078] 35 (gat)
[20:02:07] 68 tRNA-Ala [4243121,4243196] 34 (tgc)
[20:02:07] 69 tRNA-Glu [4380495,4380570] 35 (ttc)
[20:02:07] 70 tRNA-Thr [4387346,4387421] 34 (tgt)
[20:02:07] 71 tRNA-Tyr [4387430,4387514] 35 (gta)
[20:02:07] 72 tRNA-Gly [4387631,4387705] 34 (tcc)
[20:02:07] 73 tRNA-Thr [4387712,4387787] 34 (ggt)
[20:02:07] 74 tRNA-Glu [4420666,4420741] 35 (ttc)
[20:02:07] 75 tRNA-Phe c[4593023,4593098] 34 (gaa)
[20:02:07] 76 tRNA-Gly [4621978,4622053] 34 (gcc)
[20:02:07] 77 tRNA-Gly [4622090,4622165] 34 (gcc)
[20:02:07] 78 tRNA-Gly [4622201,4622276] 34 (gcc)
[20:02:07] 79 tRNA-Leu [4735147,4735231] 35 (caa)
[20:02:07] 80 tRNA-Leu c[4904315,4904401] 35 (cag)
[20:02:07] 81 tRNA-Leu c[4904436,4904522] 35 (cag)
[20:02:07] 82 tRNA-Leu c[4904551,4904637] 35 (cag)
[20:02:07] Found 82 tRNAs
[20:02:07] Predicting Ribosomal RNAs
[20:02:07] Running Barrnap with 8 threads
[20:02:08] 1 NC_008253.1 227934 16S ribosomal RNA
[20:02:08] 2 NC_008253.1 229829 23S ribosomal RNA
[20:02:08] 3 NC_008253.1 232828 5S ribosomal RNA
[20:02:08] 4 NC_008253.1 2734015 5S ribosomal RNA
[20:02:08] 5 NC_008253.1 2734224 23S ribosomal RNA
[20:02:08] 6 NC_008253.1 2737482 16S ribosomal RNA
[20:02:08] 7 NC_008253.1 3533151 5S ribosomal RNA
[20:02:08] 8 NC_008253.1 3533396 5S ribosomal RNA
[20:02:08] 9 NC_008253.1 3533605 23S ribosomal RNA
[20:02:08] 10 NC_008253.1 3536864 16S ribosomal RNA
[20:02:08] 11 NC_008253.1 4125600 16S ribosomal RNA
[20:02:08] 12 NC_008253.1 4127496 23S ribosomal RNA
[20:02:08] 13 NC_008253.1 4130495 5S ribosomal RNA
[20:02:08] 14 NC_008253.1 4241395 16S ribosomal RNA
[20:02:08] 15 NC_008253.1 4243382 23S ribosomal RNA
[20:02:08] 16 NC_008253.1 4246381 5S ribosomal RNA
[20:02:08] 17 NC_008253.1 4378776 16S ribosomal RNA
[20:02:08] 18 NC_008253.1 4380766 23S ribosomal RNA
[20:02:08] 19 NC_008253.1 4383765 5S ribosomal RNA
[20:02:08] 20 NC_008253.1 4419042 16S ribosomal RNA
[20:02:08] 21 NC_008253.1 4420937 23S ribosomal RNA
[20:02:08] 22 NC_008253.1 4423936 5S ribosomal RNA
[20:02:08] Found 22 rRNAs
[20:02:08] Skipping ncRNA search, enable with --rfam if desired.
[20:02:08] Total of 103 tRNA + rRNA features
[20:02:08] Searching for CRISPR repeats
[20:02:09] Found 0 CRISPRs
[20:02:09] Predicting coding sequences
[20:02:09] Contigs total 4938920 bp, so using single mode
[20:02:09] Running: prodigal -i \/mnt\/c\/Users\/migue\/OneDrive\/Ambiente\ de\ Trabalho\/Prokka_GCF_000013305\/Prokka_GCF_000013305\.fna -c -m -g 11 -p single -f sco -q
[20:02:16] Excluding CDS which overlaps existing RNA (rRNA) at NC_008253.1:229118..229372 on + strand
[20:02:17] Excluding CDS which overlaps existing RNA (tRNA) at NC_008253.1:1309876..1310163 on + strand
[20:02:18] Excluding CDS which overlaps existing RNA (rRNA) at NC_008253.1:2737581..2737835 on - strand
[20:02:18] Excluding CDS which overlaps existing RNA (tRNA) at NC_008253.1:2795074..2795724 on + strand
[20:02:19] Excluding CDS which overlaps existing RNA (tRNA) at NC_008253.1:3533226..3533498 on + strand
[20:02:19] Excluding CDS which overlaps existing RNA (rRNA) at NC_008253.1:3536963..3537217 on - strand
[20:02:19] Excluding CDS which overlaps existing RNA (rRNA) at NC_008253.1:4242579..4242833 on + strand
[20:02:19] Excluding CDS which overlaps existing RNA (rRNA) at NC_008253.1:4382498..4382617 on + strand
[20:02:19] Excluding CDS which overlaps existing RNA (rRNA) at NC_008253.1:4420226..4420480 on + strand
[20:02:20] Found 4534 CDS
[20:02:20] Connecting features back to sequences
[20:02:20] Not using genus-specific database. Try --usegenus to enable it.
[20:02:20] Annotating CDS, please be patient.
[20:02:20] Will use 8 CPUs for similarity searching.
[20:02:22] There are still 4534 unannotated CDS left (started with 4534)
[20:02:22] Will use blast to search against /home/miguelbalexandre/miniconda3/envs/prokka_env/db/kingdom/Bacteria/IS with 8 CPUs
[20:02:22] Running: cat \/mnt\/c\/Users\/migue\/OneDrive\/Ambiente\ de\ Trabalho\/Prokka_GCF_000013305\/Prokka_GCF_000013305\.IS\.tmp\.28866\.faa | parallel --gnu --plain -j 8 --block 91787 --recstart '>' --pipe blastp -query - -db /home/miguelbalexandre/miniconda3/envs/prokka_env/db/kingdom/Bacteria/IS -evalue 1e-30 -qcov_hsp_perc 90 -num_threads 1 -num_descriptions 1 -num_alignments 1 -seg no > \/mnt\/c\/Users\/migue\/OneDrive\/Ambiente\ de\ Trabalho\/Prokka_GCF_000013305\/Prokka_GCF_000013305\.IS\.tmp\.28866\.blast 2> /dev/null
[20:02:34] Deleting unwanted file: /mnt/c/Users/migue/OneDrive/Ambiente de Trabalho/Prokka_GCF_000013305/Prokka_GCF_000013305.IS.tmp.28866.faa
[20:02:34] Deleting unwanted file: /mnt/c/Users/migue/OneDrive/Ambiente de Trabalho/Prokka_GCF_000013305/Prokka_GCF_000013305.IS.tmp.28866.blast
[20:02:37] There are still 4471 unannotated CDS left (started with 4534)
[20:02:37] Will use blast to search against /home/miguelbalexandre/miniconda3/envs/prokka_env/db/kingdom/Bacteria/AMR with 8 CPUs
[20:02:37] Running: cat \/mnt\/c\/Users\/migue\/OneDrive\/Ambiente\ de\ Trabalho\/Prokka_GCF_000013305\/Prokka_GCF_000013305\.AMR\.tmp\.28866\.faa | parallel --gnu --plain -j 8 --block 90905 --recstart '>' --pipe blastp -query - -db /home/miguelbalexandre/miniconda3/envs/prokka_env/db/kingdom/Bacteria/AMR -evalue 1e-300 -qcov_hsp_perc 90 -num_threads 1 -num_descriptions 1 -num_alignments 1 -seg no > \/mnt\/c\/Users\/migue\/OneDrive\/Ambiente\ de\ Trabalho\/Prokka_GCF_000013305\/Prokka_GCF_000013305\.AMR\.tmp\.28866\.blast 2> /dev/null
[20:02:47] Deleting unwanted file: /mnt/c/Users/migue/OneDrive/Ambiente de Trabalho/Prokka_GCF_000013305/Prokka_GCF_000013305.AMR.tmp.28866.faa
[20:02:47] Deleting unwanted file: /mnt/c/Users/migue/OneDrive/Ambiente de Trabalho/Prokka_GCF_000013305/Prokka_GCF_000013305.AMR.tmp.28866.blast
[20:02:50] There are still 4471 unannotated CDS left (started with 4534)
[20:02:50] Will use blast to search against /home/miguelbalexandre/miniconda3/envs/prokka_env/db/kingdom/Bacteria/sprot with 8 CPUs
[20:02:50] Running: cat \/mnt\/c\/Users\/migue\/OneDrive\/Ambiente\ de\ Trabalho\/Prokka_GCF_000013305\/Prokka_GCF_000013305\.sprot\.tmp\.28866\.faa | parallel --gnu --plain -j 8 --block 90905 --recstart '>' --pipe blastp -query - -db /home/miguelbalexandre/miniconda3/envs/prokka_env/db/kingdom/Bacteria/sprot -evalue 1e-09 -qcov_hsp_perc 80 -num_threads 1 -num_descriptions 1 -num_alignments 1 -seg no > \/mnt\/c\/Users\/migue\/OneDrive\/Ambiente\ de\ Trabalho\/Prokka_GCF_000013305\/Prokka_GCF_000013305\.sprot\.tmp\.28866\.blast 2> /dev/null
[20:03:37] Modify product: UPF0056 inner membrane protein MarC => hypothetical protein
[20:03:37] Modify product: Probable amino-acid metabolite efflux pump => putative amino-acid metabolite efflux pump
[20:03:37] Modify product: UPF0060 membrane protein YnfA => hypothetical protein
[20:03:37] Modify product: UPF0482 protein YnfB => hypothetical protein
[20:03:37] Modify product: Uncharacterized protein YnfD => putative protein YnfD
[20:03:37] Modify product: Uncharacterized oxidoreductase YdgJ => putative oxidoreductase YdgJ
[20:03:37] Modify product: Uncharacterized protein YnhF => putative protein YnhF
[20:03:37] Modify product: Uncharacterized HTH-type transcriptional regulator YahB => putative HTH-type transcriptional regulator YahB
[20:03:37] Modify product: Uncharacterized protein YdhT => putative protein YdhT
[20:03:37] Modify product: Uncharacterized ferredoxin-like protein YdhX => putative ferredoxin-like protein YdhX
[20:03:37] Modify product: Uncharacterized protein YdhW => putative protein YdhW
[20:03:37] Modify product: Uncharacterized oxidoreductase YdhV => putative oxidoreductase YdhV
[20:03:37] Modify product: Uncharacterized ferredoxin-like protein YdhY => putative ferredoxin-like protein YdhY
[20:03:37] Modify product: Probable L,D-transpeptidase YnhG => putative L,D-transpeptidase YnhG
[20:03:37] Modify product: Probable ATP-dependent transporter SufC => putative ATP-dependent transporter SufC
[20:03:37] Modify product: Uncharacterized protein HI_1163 => putative protein
[20:03:37] Modify product: Uncharacterized protein YdiE => putative protein YdiE
[20:03:37] Modify product: Uncharacterized protein YniD => putative protein YniD
[20:03:37] Modify product: Probable ketoamine kinase HMPREF0351_12196 => putative ketoamine kinase
[20:03:37] Modify product: Uncharacterized HTH-type transcriptional regulator YdjF => putative HTH-type transcriptional regulator YdjF
[20:03:37] Modify product: Uncharacterized sugar kinase YdjH => putative sugar kinase YdjH
[20:03:37] Modify product: Uncharacterized protein YdjI => putative protein YdjI
[20:03:37] Modify product: Uncharacterized zinc-type alcohol dehydrogenase-like protein YdjJ => putative zinc-type alcohol dehydrogenase-like protein YdjJ
[20:03:37] Modify product: Stress response UPF0229 protein YhbH => hypothetical protein
[20:03:37] Modify product: Probable diguanylate cyclase CdgI => putative diguanylate cyclase CdgI
[20:03:37] Modify product: Probable diguanylate cyclase DgcJ => putative diguanylate cyclase DgcJ
[20:03:37] Modify product: Uncharacterized protein YeaR => putative protein YeaR
[20:03:37] Modify product: Probable ATP-dependent DNA helicase YoaA => putative ATP-dependent DNA helicase YoaA
[20:03:37] Modify product: Probable cyclic di-GMP phosphodiesterase PdeD => putative cyclic di-GMP phosphodiesterase PdeD
[20:03:37] Modify product: UPF0053 inner membrane protein YoaE => hypothetical protein
[20:03:37] Modify product: UPF0266 membrane protein YobD => hypothetical protein
[20:03:37] Modify product: Probable manganese efflux pump MntP => putative manganese efflux pump MntP
[20:03:37] Modify product: Uncharacterized protein YebV => putative protein YebV
[20:03:37] Modify product: UPF0053 inner membrane protein YoaE => hypothetical protein
[20:03:37] Modify product: Probable diguanylate cyclase DgcE => putative diguanylate cyclase DgcE
[20:03:37] Modify product: UPF0339 protein YegP => hypothetical protein
[20:03:37] Modify product: 23S rRNA 5-hydroxycytidine C2501 synthase => 23S rRNA 5-hydroxycytidine synthase
[20:03:37] Modify product: Uncharacterized fimbrial-like protein YehA => putative fimbrial-like protein YehA
[20:03:37] Modify product: Probable fimbrial chaperone YehC => putative fimbrial chaperone YehC
[20:03:37] Modify product: Uncharacterized fimbrial-like protein YehD => putative fimbrial-like protein YehD
[20:03:37] Modify product: Uncharacterized protein YehL => putative protein YehL
[20:03:37] Modify product: Uncharacterized lipoprotein YehR => putative lipoprotein YehR
[20:03:37] Modify product: UPF0387 membrane protein YohO => hypothetical protein
[20:03:37] Modify product: Uncharacterized oxidoreductase YohF => putative oxidoreductase YohF
[20:03:37] Modify product: UPF0299 membrane protein YohJ => hypothetical protein
[20:03:37] Modify product: UPF0324 inner membrane protein YeiH => hypothetical protein
[20:03:37] Modify product: UPF0153 protein YeiW => hypothetical protein
[20:03:37] Modify product: Probable cyclic di-GMP phosphodiesterase PdeN => putative cyclic di-GMP phosphodiesterase PdeN
[20:03:37] Modify product: Uncharacterized ABC transporter ATP-binding protein YejF => putative ABC transporter ATP-binding protein YejF
[20:03:37] Modify product: Uncharacterized protein YejG => putative protein YejG
[20:03:37] Modify product: UPF0352 protein YejL => hypothetical protein
[20:03:37] Modify product: Probable autotransporter YfaL => putative autotransporter YfaL
[20:03:37] Modify product: Uncharacterized HTH-type transcriptional regulator RhmR => putative HTH-type transcriptional regulator RhmR
[20:03:37] Modify product: Probable 4-deoxy-4-formamido-L-arabinose-phosphoundecaprenol deformylase ArnD => putative 4-deoxy-4-formamido-L-arabinose-phosphoundecaprenol deformylase ArnD
[20:03:37] Modify product: Probable 4-amino-4-deoxy-L-arabinose-phosphoundecaprenol flippase subunit ArnE => putative 4-amino-4-deoxy-L-arabinose-phosphoundecaprenol flippase subunit ArnE
[20:03:37] Modify product: Probable 4-amino-4-deoxy-L-arabinose-phosphoundecaprenol flippase subunit ArnF => putative 4-amino-4-deoxy-L-arabinose-phosphoundecaprenol flippase subunit ArnF
[20:03:38] Modify product: UPF0304 protein YfbU => hypothetical protein
[20:03:38] Modify product: UPF0208 membrane protein YfbV => hypothetical protein
[20:03:38] Modify product: Probable ABC transporter ATP-binding/permease protein HI_0664 => putative ABC transporter ATP-binding/permease protein
[20:03:38] Modify product: Probable hydrolase YcaC => putative hydrolase YcaC
[20:03:38] Modify product: Uncharacterized MFS-type transporter YcaD => putative MFS-type transporter YcaD
[20:03:38] Modify product: UPF0434 protein YcaR => hypothetical protein
[20:03:38] Modify product: Probable L,D-transpeptidase YcbB => putative L,D-transpeptidase YcbB
[20:03:38] Modify product: Uncharacterized protein YcbX => putative protein YcbX
[20:03:38] Modify product: UPF0319 protein HI_1681 => hypothetical protein
[20:03:38] Modify product: Uncharacterized protein YccU => putative protein YccU
[20:03:38] Modify product: Probable Ni/Fe-hydrogenase 1 B-type cytochrome subunit => putative Ni/Fe-hydrogenase 1 B-type cytochrome subunit
[20:03:38] Modify product: Uncharacterized protein YccJ => putative protein YccJ
[20:03:38] Modify product: Probable malonic semialdehyde reductase RutE => putative malonic semialdehyde reductase RutE
[20:03:38] Modify product: Probable diguanylate cyclase DgcT => putative diguanylate cyclase DgcT
[20:03:38] Modify product: Probable phosphatase YcdX => putative phosphatase YcdX
[20:03:38] Modify product: Uncharacterized protein YmdA => putative protein YmdA
[20:03:38] Modify product: UPF0176 protein YceA => hypothetical protein
[20:03:38] Modify product: Cytochrome b561 homolog 2 => Cytochrome b561 
[20:03:38] Modify product: Uncharacterized protein YceO => putative protein YceO
[20:03:38] Modify product: Uncharacterized lipoprotein YceB => putative lipoprotein YceB
[20:03:38] Modify product: UPF0502 protein YceH => hypothetical protein
[20:03:38] Modify product: Uncharacterized metal-dependent hydrolase YcfH => putative metal-dependent hydrolase YcfH
[20:03:38] Modify product: UPF0227 protein YcfP => hypothetical protein
[20:03:38] Modify product: Probable L,D-transpeptidase YcfS => putative L,D-transpeptidase YcfS
[20:03:38] Modify product: Uncharacterized protein YlcG => putative protein YlcG
[20:03:38] Modify product: Probable peptidoglycan glycosyltransferase FtsW => putative peptidoglycan glycosyltransferase FtsW
[20:03:38] Modify product: UPF0231 protein YacL => hypothetical protein
[20:03:38] Modify product: Uncharacterized ABC transporter ATP-binding protein YadG => putative ABC transporter ATP-binding protein YadG
[20:03:38] Modify product: Uncharacterized fimbrial-like protein YadC => putative fimbrial-like protein YadC
[20:03:38] Modify product: Uncharacterized fimbrial-like protein YadC => putative fimbrial-like protein YadC
[20:03:38] Modify product: Uncharacterized fimbrial-like protein YadK => putative fimbrial-like protein YadK
[20:03:38] Modify product: Uncharacterized fimbrial-like protein YadL => putative fimbrial-like protein YadL
[20:03:38] Modify product: Uncharacterized fimbrial-like protein YadM => putative fimbrial-like protein YadM
[20:03:38] Modify product: Probable fimbrial chaperone YadV => putative fimbrial chaperone YadV
[20:03:38] Modify product: Uncharacterized fimbrial-like protein YadN => putative fimbrial-like protein YadN
[20:03:38] Modify product: UPF0126 inner membrane protein YadS => hypothetical protein
[20:03:38] Modify product: UPF0253 protein YaeP => hypothetical protein
[20:03:38] Modify product: Uncharacterized protein YaeQ => putative protein YaeQ
[20:03:38] Modify product: Uncharacterized methyltransferase YcgJ => putative methyltransferase YcgJ
[20:03:38] Modify product: Uncharacterized N-acetyltransferase YafP => putative N-acetyltransferase YafP
[20:03:38] Modify product: UPF0255 protein VV1_0328 => hypothetical protein
[20:03:38] Modify product: Uncharacterized periplasmic iron-binding protein HI_0362 => putative periplasmic iron-binding protein
[20:03:38] Modify product: Uncharacterized protein YdfO => putative protein YdfO
[20:03:38] Modify product: Probable two-component-system connector protein YcgZ => putative two-component-system connector protein YcgZ
[20:03:38] Modify product: Probable two-component-system connector protein AriR => putative two-component-system connector protein AriR
[20:03:38] Modify product: Uncharacterized protein YmgC => putative protein YmgC
[20:03:38] Modify product: Probable cyclic di-GMP phosphodiesterase PdeG => putative cyclic di-GMP phosphodiesterase PdeG
[20:03:38] Modify product: Uncharacterized protein YmgD => putative protein YmgD
[20:03:38] Modify product: UPF0757 protein YmgG => hypothetical protein
[20:03:38] Modify product: Probable autotransporter ROD_p1121 => putative autotransporter
[20:03:38] Modify product: Uncharacterized protein YcgM => putative protein YcgM
[20:03:38] Modify product: Uncharacterized ABC transporter ATP-binding protein HI_1470 => putative ABC transporter ATP-binding protein
[20:03:38] Modify product: Probable ABC transporter permease protein HI_1471 => putative ABC transporter permease protein
[20:03:38] Modify product: UPF0225 protein YchJ => hypothetical protein
[20:03:38] Modify product: Uncharacterized NTE family protein Rv1063c => putative NTE family protein
[20:03:38] Modify product: UPF0056 inner membrane protein MarC => hypothetical protein
[20:03:38] Modify product: UPF0263 protein YciU => hypothetical protein
[20:03:38] Modify product: Uncharacterized acyl-CoA thioester hydrolase HI_0827 => putative acyl-CoA thioester hydrolase
[20:03:38] Modify product: Probable intracellular septation protein A => putative intracellular septation protein A
[20:03:38] Modify product: UPF0259 membrane protein YciC => hypothetical protein
[20:03:38] Modify product: Uncharacterized protein YciO => putative protein YciO
[20:03:38] Modify product: Uncharacterized oxidoreductase YciK => putative oxidoreductase YciK
[20:03:38] Modify product: Probable protease SohB => putative protease SohB
[20:03:38] Modify product: Uncharacterized protein YciH => putative protein YciH
[20:03:38] Modify product: UPF0509 protein YciZ => hypothetical protein
[20:03:38] Modify product: Probable efflux pump outer membrane protein TtgC => putative efflux pump outer membrane protein TtgC
[20:03:38] Modify product: Uncharacterized protein YcjX => putative protein YcjX
[20:03:38] Modify product: UPF0283 membrane protein YcjF => hypothetical protein
[20:03:38] Modify product: Uncharacterized protein YcjY => putative protein YcjY
[20:03:38] Modify product: Probable DNA endonuclease SmrA => putative DNA endonuclease SmrA
[20:03:38] Modify product: Uncharacterized protein YnbC => putative protein YnbC
[20:03:38] Modify product: Uncharacterized protein YnbD => putative protein YnbD
[20:03:38] Modify product: Uncharacterized protein Rv3292 => putative protein
[20:03:38] Modify product: 23S rRNA 5-hydroxycytidine C2501 synthase => 23S rRNA 5-hydroxycytidine synthase
[20:03:38] Modify product: Uncharacterized protein YdcY => putative protein YdcY
[20:03:38] Modify product: Uncharacterized protein YncE => putative protein YncE
[20:03:38] Modify product: Uncharacterized isomerase YddE => putative isomerase YddE
[20:03:38] Modify product: Probable nitrate reductase molybdenum cofactor assembly chaperone NarW => putative nitrate reductase molybdenum cofactor assembly chaperone NarW
[20:03:38] Modify product: Uncharacterized HTH-type transcriptional regulator YddM => putative HTH-type transcriptional regulator YddM
[20:03:38] Modify product: Probable glutamate/gamma-aminobutyrate antiporter => putative glutamate/gamma-aminobutyrate antiporter
[20:03:38] Modify product: Probable transcriptional regulatory protein YebC => putative transcriptional regulatory protein YebC
[20:03:38] Modify product: UPF0394 inner membrane protein YedE => hypothetical protein
[20:03:38] Modify product: UPF0098 protein YbcL => hypothetical protein
[20:03:38] Modify product: Probable diguanylate cyclase DgcQ => putative diguanylate cyclase DgcQ
[20:03:38] Modify product: Uncharacterized inner membrane transporter YedA => putative inner membrane transporter YedA
[20:03:38] Modify product: Uncharacterized protein YedJ => putative protein YedJ
[20:03:38] Modify product: Putative multidrug export ATP-binding/permease protein SAV1866 => Putative multidrug export ATP-binding/permease protein
[20:03:38] Modify product: Probable transcriptional regulatory protein YeeN => putative transcriptional regulatory protein YeeN
[20:03:38] Modify product: Probable FMN/FAD exporter YeeO => putative FMN/FAD exporter YeeO
[20:03:38] Modify product: Probable acyl-CoA dehydrogenase fadE25 => putative acyl-CoA dehydrogenase fadE25
[20:03:38] Modify product: Probable L,D-transpeptidase ErfK/SrfK => putative L,D-transpeptidase ErfK/SrfK
[20:03:38] Modify product: Uncharacterized protein YbdM => putative protein YbdM
[20:03:38] Modify product: UPF0758 protein CT0611 => hypothetical protein
[20:03:38] Modify product: UPF0265 protein YeeX => hypothetical protein
[20:03:38] Modify product: Probable major fimbrial subunit LpfA => putative major fimbrial subunit LpfA
[20:03:38] Modify product: Multidrug efflux ATP-binding/permease protein Rv0194 => Multidrug efflux ATP-binding/permease protein
[20:03:38] Modify product: Uncharacterized protein HI_1427 => putative protein
[20:03:38] Modify product: Probable cadaverine/lysine antiporter => putative cadaverine/lysine antiporter
[20:03:38] Modify product: UPF0758 protein => hypothetical protein
[20:03:38] Modify product: Probable fimbrial chaperone EcpE => putative fimbrial chaperone EcpE
[20:03:38] Modify product: Probable outer membrane usher protein EcpC => putative outer membrane usher protein EcpC
[20:03:38] Modify product: Probable fimbrial chaperone EcpB => putative fimbrial chaperone EcpB
[20:03:38] Modify product: Uncharacterized membrane protein YkgR => putative membrane protein YkgR
[20:03:38] Modify product: Uncharacterized protein YcjY => putative protein YcjY
[20:03:38] Modify product: Uncharacterized oxidoreductase YtbE => putative oxidoreductase YtbE
[20:03:38] Modify product: Probable pyridine nucleotide-disulfide oxidoreductase RclA => putative pyridine nucleotide-disulfide oxidoreductase RclA
[20:03:38] Modify product: Uncharacterized HTH-type transcriptional regulator YahB => putative HTH-type transcriptional regulator YahB
[20:03:38] Modify product: Probable diguanylate cyclase DgcC => putative diguanylate cyclase DgcC
[20:03:38] Modify product: UPF0178 protein YaiI => hypothetical protein
[20:03:38] Modify product: Uncharacterized protein YaiA => putative protein YaiA
[20:03:38] Modify product: Uncharacterized lipoprotein YajI => putative lipoprotein YajI
[20:03:38] Modify product: UPF0234 protein YajQ => hypothetical protein
[20:03:38] Modify product: Uncharacterized protein HI_1008 => putative protein
[20:03:38] Modify product: Probable multidrug resistance ABC transporter ATP-binding/permease protein YheI => putative multidrug resistance ABC transporter ATP-binding/permease protein YheI
[20:03:38] Modify product: Uncharacterized lipoprotein YbaY => putative lipoprotein YbaY
[20:03:38] Modify product: Uncharacterized protein YbaA => putative protein YbaA
[20:03:38] Modify product: Probable cyclic di-GMP phosphodiesterase PdeB => putative cyclic di-GMP phosphodiesterase PdeB
[20:03:38] Modify product: Uncharacterized HTH-type transcriptional regulator YbaQ => putative HTH-type transcriptional regulator YbaQ
[20:03:38] Modify product: Probable iron export ATP-binding protein FetA => putative iron export ATP-binding protein FetA
[20:03:38] Modify product: Probable iron export permease protein FetB => putative iron export permease protein FetB
[20:03:39] Modify product: Uncharacterized protein YbcJ => putative protein YbcJ
[20:03:39] Modify product: Bifunctional protein FolD => Bifunctional protein FolD protein
[20:03:39] Modify product: Uncharacterized protein YbdM => putative protein YbdM
[20:03:39] Modify product: Uncharacterized HTH-type transcriptional regulator YbdO => putative HTH-type transcriptional regulator YbdO
[20:03:39] Modify product: UPF0250 protein YbeD => hypothetical protein
[20:03:39] Modify product: UPF0053 inner membrane protein YgdQ => hypothetical protein
[20:03:39] Modify product: Uncharacterized lipoprotein ChiQ => putative lipoprotein ChiQ
[20:03:39] Modify product: Uncharacterized protein YbfE => putative protein YbfE
[20:03:39] Modify product: GTP cyclohydrolase 1 type 2 homolog => GTP cyclohydrolase 1 type 2 
[20:03:39] Modify product: UPF0098 protein YbhB => hypothetical protein
[20:03:39] Modify product: Probable multidrug ABC transporter permease YbhR => putative multidrug ABC transporter permease YbhR
[20:03:39] Modify product: Probable multidrug ABC transporter permease YbhS => putative multidrug ABC transporter permease YbhS
[20:03:39] Modify product: Probable multidrug ABC transporter ATP-binding protein YbhF => putative multidrug ABC transporter ATP-binding protein YbhF
[20:03:39] Modify product: UPF0194 membrane protein YbhG => hypothetical protein
[20:03:39] Modify product: Uncharacterized protein YbiB => putative protein YbiB
[20:03:39] Modify product: Uncharacterized protein YbiI => putative protein YbiI
[20:03:39] Modify product: PKHD-type hydroxylase Sbal_3634 => PKHD-type hydroxylase
[20:03:39] Modify product: Uncharacterized protein McbA => putative protein McbA
[20:03:39] Modify product: Probable L,D-transpeptidase YbiS => putative L,D-transpeptidase YbiS
[20:03:39] Modify product: Uncharacterized ABC transporter ATP-binding protein YbiT => putative ABC transporter ATP-binding protein YbiT
[20:03:39] Modify product: Probable cyclic di-GMP phosphodiesterase PdeI => putative cyclic di-GMP phosphodiesterase PdeI
[20:03:39] Modify product: Uncharacterized protein YbjN => putative protein YbjN
[20:03:39] Modify product: Uncharacterized lipoprotein YbjP => putative lipoprotein YbjP
[20:03:39] Modify product: UPF0145 protein YbjQ => hypothetical protein
[20:03:39] Modify product: Uncharacterized Nudix hydrolase YfcD => putative Nudix hydrolase YfcD
[20:03:39] Modify product: Epimerase family protein SA0724 => Epimerase family protein
[20:03:39] Modify product: Uncharacterized MFS-type transporter YfcJ => putative MFS-type transporter YfcJ
[20:03:39] Modify product: Probable membrane transporter protein YfcA => putative membrane transporter protein YfcA
[20:03:39] Modify product: Uncharacterized protein YfcO => putative protein YfcO
[20:03:39] Modify product: Uncharacterized protein YfcO => putative protein YfcO
[20:03:39] Modify product: Uncharacterized fimbrial-like protein YfcP => putative fimbrial-like protein YfcP
[20:03:39] Modify product: Uncharacterized fimbrial-like protein YfcQ => putative fimbrial-like protein YfcQ
[20:03:39] Modify product: Uncharacterized fimbrial-like protein YfcR => putative fimbrial-like protein YfcR
[20:03:39] Modify product: Probable fimbrial chaperone YfcS => putative fimbrial chaperone YfcS
[20:03:39] Modify product: Uncharacterized fimbrial-like protein YfcV => putative fimbrial-like protein YfcV
[20:03:39] Modify product: UPF0381 protein YiiS => hypothetical protein
[20:03:39] Modify product: Probable multidrug resistance protein EmrY => putative multidrug resistance protein EmrY
[20:03:39] Modify product: Probable multidrug resistance protein EmrK => putative multidrug resistance protein EmrK
[20:03:39] Modify product: Probable cyclic di-GMP phosphodiesterase PdeA => putative cyclic di-GMP phosphodiesterase PdeA
[20:03:39] Modify product: Uncharacterized protein YfeY => putative protein YfeY
[20:03:39] Modify product: Uncharacterized protein Rv2575 => putative protein
[20:03:39] Modify product: Uncharacterized protein YfgD => putative protein YfgD
[20:03:39] Modify product: Uncharacterized protein YfgJ => putative protein YfgJ
[20:03:39] Modify product: UPF0070 protein HI_0370 => hypothetical protein
[20:03:39] Modify product: Uncharacterized protein Rv2307c => putative protein
[20:03:39] Modify product: Probable 3-phenylpropionic acid transporter => putative 3-phenylpropionic acid transporter
[20:03:39] Modify product: Uncharacterized protein YphB => putative protein YphB
[20:03:39] Modify product: Uncharacterized tRNA/rRNA methyltransferase YfiF => putative tRNA/rRNA methyltransferase YfiF
[20:03:39] Modify product: UPF0053 inner membrane protein YfjD => hypothetical protein
[20:03:39] Modify product: Probable HTH-type transcriptional regulator YgaV => putative HTH-type transcriptional regulator YgaV
[20:03:39] Modify product: Uncharacterized protein YgaM => putative protein YgaM
[20:03:39] Modify product: Probable transporter SCO4007 => putative transporter
[20:03:39] Modify product: Uncharacterized protein YgcP => putative protein YgcP
[20:03:39] Modify product: Probable glucarate transporter => putative glucarate transporter
[20:03:39] Modify product: Uncharacterized protein PA3435 => putative protein
[20:03:39] Modify product: Uncharacterized protein YqcC => putative protein YqcC
[20:03:39] Modify product: Uncharacterized HTH-type transcriptional regulator YdjF => putative HTH-type transcriptional regulator YdjF
[20:03:39] Modify product: UPF0382 inner membrane protein YgdD => hypothetical protein
[20:03:39] Modify product: Uncharacterized lipoprotein YgdR => putative lipoprotein YgdR
[20:03:39] Modify product: UPF0053 inner membrane protein YgdQ => hypothetical protein
[20:03:39] Modify product: Uncharacterized lipoprotein YgdR => putative lipoprotein YgdR
[20:03:39] Modify product: Uncharacterized protein YqfG => putative protein YqfG
[20:03:39] Modify product: UPF0073 inner membrane protein YqfA => hypothetical protein
[20:03:39] Modify product: UPF0267 protein YqfB => hypothetical protein
[20:03:39] Modify product: UPF0149 protein HI_0817 => hypothetical protein
[20:03:39] Modify product: UPF0301 protein YqgE => hypothetical protein
[20:03:39] Modify product: Uncharacterized protein YggR => putative protein YggR
[20:03:39] Modify product: UPF0235 protein YggU => hypothetical protein
[20:03:39] Modify product: Uncharacterized protein HI_0341 => putative protein
[20:03:39] Modify product: Probable Fe(2+)-trafficking protein => putative Fe(2+)-trafficking protein
[20:03:39] Modify product: UPF0401 protein YkfF => hypothetical protein
[20:03:39] Modify product: Uncharacterized FAD-linked oxidoreductase Rv2280 => putative FAD-linked oxidoreductase
[20:03:39] Modify product: Uncharacterized protein YtfJ => putative protein YtfJ
[20:03:39] Modify product: Probable Ni/Fe-hydrogenase 2 b-type cytochrome subunit => putative Ni/Fe-hydrogenase 2 b-type cytochrome subunit
[20:03:39] Modify product: Uncharacterized oxidoreductase YghA => putative oxidoreductase YghA
[20:03:39] Modify product: Uncharacterized oxidoreductase YjmC => putative oxidoreductase YjmC
[20:03:39] Modify product: Solute-binding protein Bpro_3107 => Solute-binding protein
[20:03:39] Modify product: Probable deoxycholate-binding periplasmic protein YgiS => putative deoxycholate-binding periplasmic protein YgiS
[20:03:39] Modify product: Probable quinol monooxygenase YgiN => putative quinol monooxygenase YgiN
[20:03:39] Modify product: Probable siderophore transport system permease protein YfiZ => putative siderophore transport system permease protein YfiZ
[20:03:39] Modify product: Probable siderophore transport system ATP-binding protein YusV => putative siderophore transport system ATP-binding protein YusV
[20:03:39] Modify product: Probable glycerol-3-phosphate acyltransferase => putative glycerol-3-phosphate acyltransferase
[20:03:39] Modify product: Uncharacterized protein YqjD => putative protein YqjD
[20:03:39] Modify product: UPF0597 protein YhaM => hypothetical protein
[20:03:39] Modify product: Probable serine transporter => putative serine transporter
[20:03:39] Modify product: Probable galactarate transporter => putative galactarate transporter
[20:03:39] Modify product: Uncharacterized protease YhbU => putative protease YhbU
[20:03:39] Modify product: Uncharacterized inner membrane transporter YhbE => putative inner membrane transporter YhbE
[20:03:39] Modify product: Uncharacterized protein YrbL => putative protein YrbL
[20:03:39] Modify product: Uncharacterized protein YhcH => putative protein YhcH
[20:03:39] Modify product: Uncharacterized protein YhcO => putative protein YhcO
[20:03:39] Modify product: Probable acrylyl-CoA reductase AcuI => putative acrylyl-CoA reductase AcuI
[20:03:39] Modify product: Uncharacterized membrane protein YhdT => putative membrane protein YhdT
[20:03:39] Modify product: Probable bifunctional chitinase/lysozyme => putative bifunctional chitinase/lysozyme
[20:03:39] Modify product: Uncharacterized ABC transporter ATP-binding protein YheS => putative ABC transporter ATP-binding protein YheS
[20:03:39] Modify product: UPF0270 protein PA3463 => hypothetical protein
[20:03:39] Modify product: Probable protein adenylyltransferase Fic => putative protein adenylyltransferase Fic
[20:03:39] Modify product: Uncharacterized protein YhfG => putative protein YhfG
[20:03:39] Modify product: Uncharacterized protein YhfS => putative protein YhfS
[20:03:39] Modify product: Uncharacterized protein YhfX => putative protein YhfX
[20:03:40] Modify product: Putative membrane protein IgaA homolog => Putative membrane protein IgaA 
[20:03:40] Modify product: Probable [Fe-S]-dependent transcriptional repressor FeoC => putative [Fe-S]-dependent transcriptional repressor FeoC
[20:03:40] Modify product: Uncharacterized tRNA/rRNA methyltransferase HI_0380 => putative tRNA/rRNA methyltransferase
[20:03:40] Modify product: Urea transporter DVU1160 => Urea transporter
[20:03:40] Modify product: Uncharacterized protein YbdM => putative protein YbdM
[20:03:40] Modify product: UPF0758 protein CT0611 => hypothetical protein
[20:03:40] Modify product: Uncharacterized inner membrane transporter YicL => putative inner membrane transporter YicL
[20:03:40] Modify product: Uncharacterized symporter YidK => putative symporter YidK
[20:03:40] Modify product: Probable 2-dehydro-3-deoxygalactonokinase DgoK1 => putative 2-dehydro-3-deoxygalactonokinase DgoK1
[20:03:40] Modify product: Probable glucosamine-6-phosphate deaminase 2 => putative glucosamine-6-phosphate deaminase 2
[20:03:40] Modify product: Probable transport protein HsrA => putative transport protein HsrA
[20:03:40] Modify product: UPF0438 protein YifE => hypothetical protein
[20:03:40] Modify product: Probable ECA polymerase => putative ECA polymerase
[20:03:40] Modify product: Probable transport protein YifK => putative transport protein YifK
[20:03:40] Modify product: Uncharacterized HTH-type transcriptional regulator YbbH => putative HTH-type transcriptional regulator YbbH
[20:03:40] Modify product: Uncharacterized HTH-type transcriptional regulator YahB => putative HTH-type transcriptional regulator YahB
[20:03:40] Modify product: Probable 2-dehydro-3-deoxygalactonokinase DgoK1 => putative 2-dehydro-3-deoxygalactonokinase DgoK1
[20:03:40] Modify product: Probable protein kinase UbiB => putative protein kinase UbiB
[20:03:40] Modify product: Probable acyltransferase YihG => putative acyltransferase YihG
[20:03:40] Modify product: Probable GTP-binding protein EngB => putative GTP-binding protein EngB
[20:03:40] Modify product: Uncharacterized protein YshB => putative protein YshB
[20:03:40] Modify product: Uncharacterized zinc-type alcohol dehydrogenase-like protein YjmD => putative zinc-type alcohol dehydrogenase-like protein YjmD
[20:03:40] Modify product: Uncharacterized protein YphB => putative protein YphB
[20:03:40] Modify product: UPF0761 membrane protein YihY => hypothetical protein
[20:03:40] Modify product: UPF0719 inner membrane protein YjfL => hypothetical protein
[20:03:40] Modify product: Probable L-ascorbate-6-phosphate lactonase UlaG => putative L-ascorbate-6-phosphate lactonase UlaG
[20:03:40] Modify product: Uncharacterized protein YtfJ => putative protein YtfJ
[20:03:40] Modify product: UPF0053 inner membrane protein YtfL => hypothetical protein
[20:03:40] Modify product: UPF0307 protein YjgA => hypothetical protein
[20:03:40] Modify product: Probable BsuMI modification methylase subunit YdiO => putative BsuMI modification methylase subunit YdiO
[20:03:40] Modify product: UPF0401 protein YkfF => hypothetical protein
[20:03:40] Modify product: Probable 9-O-acetyl-N-acetylneuraminic acid deacetylase => putative 9-O-acetyl-N-acetylneuraminic acid deacetylase
[20:03:40] Modify product: Probable N-acetylneuraminic acid outer membrane channel protein NanC => putative N-acetylneuraminic acid outer membrane channel protein NanC
[20:03:40] Modify product: Probable major fimbrial subunit LpfA => putative major fimbrial subunit LpfA
[20:03:40] Modify product: Probable RNA 2'-phosphotransferase => putative RNA 2'-phosphotransferase
[20:03:40] Modify product: Uncharacterized protein YjiK => putative protein YjiK
[20:03:40] Modify product: Probable type I restriction enzyme BthVORF4518P M protein => putative type I restriction enzymeP M protein
[20:03:40] Modify product: Probable HTH-type transcriptional regulator LgoR => putative HTH-type transcriptional regulator LgoR
[20:03:40] Modify product: UPF0442 protein YjjB => hypothetical protein
[20:03:40] Modify product: Uncharacterized metal-dependent hydrolase YjjV => putative metal-dependent hydrolase YjjV
[20:03:40] Modify product: Uncharacterized protein YjjI => putative protein YjjI
[20:03:40] Modify product: Probable inner membrane protein Smp => putative inner membrane protein Smp
[20:03:40] Modify product: Uncharacterized fimbrial chaperone YcbF => putative fimbrial chaperone YcbF
[20:03:40] Modify product: Uncharacterized fimbrial-like protein YcbV => putative fimbrial-like protein YcbV
[20:03:40] Modify product: Probable major fimbrial subunit LpfA => putative major fimbrial subunit LpfA
[20:03:40] Modify product: Probable outer membrane usher protein ElfC => putative outer membrane usher protein ElfC
[20:03:40] Modify product: UPF0056 inner membrane protein YhgN => hypothetical protein
[20:03:40] Modify product: Uncharacterized oxidoreductase YhhX => putative oxidoreductase YhhX
[20:03:40] Modify product: Uncharacterized protein YhhA => putative protein YhhA
[20:03:40] Modify product: Uncharacterized MFS-type transporter YhhS => putative MFS-type transporter YhhS
[20:03:40] Modify product: Uncharacterized protein HI_0933 => putative protein
[20:03:40] Modify product: Probable cyclic di-GMP phosphodiesterase PdeK => putative cyclic di-GMP phosphodiesterase PdeK
[20:03:40] Modify product: Uncharacterized MFS-type transporter YhjX => putative MFS-type transporter YhjX
[20:03:40] Modify product: Probable lipoprotein YiaD => putative lipoprotein YiaD
[20:03:40] Modify product: Uncharacterized protein HI_0227 => putative protein
[20:03:40] Modify product: Uncharacterized protein YiaX1 => putative protein YiaX1
[20:03:40] Modify product: Uncharacterized GST-like protein YibF => putative GST-like protein YibF
[20:03:40] Modify product: Uncharacterized protein YibL => putative protein YibL
[20:03:40] Modify product: Uncharacterized protein YibN => putative protein YibN
[20:03:40] Modify product: Uncharacterized protein HI_0755 => putative protein
[20:03:40] Modify product: UPF0758 protein SP_1088 => hypothetical protein
[20:03:40] Modify product: UPF0701 protein YicC => hypothetical protein
[20:03:40] Modify product: UPF0126 inner membrane protein YicG => hypothetical protein
[20:03:40] Modify product: Probable fructose-bisphosphate aldolase => putative fructose-bisphosphate aldolase
[20:03:40] Modify product: Probable fimbrial chaperone YadV => putative fimbrial chaperone YadV
[20:03:40] Modify product: Probable fimbrial chaperone LpfB => putative fimbrial chaperone LpfB
[20:03:40] Modify product: Probable outer membrane usher protein ElfC => putative outer membrane usher protein ElfC
[20:03:40] Modify product: UPF0381 protein YiiS => hypothetical protein
[20:03:40] Modify product: Probable cystine transporter YijE => putative cystine transporter YijE
[20:03:40] Modify product: Probable L-galactonate transporter => putative L-galactonate transporter
[20:03:40] Modify product: Uncharacterized protein HI_0431 => putative protein
[20:03:40] Modify product: Uncharacterized lipoprotein GfcB => putative lipoprotein GfcB
[20:03:40] Modify product: UPF0337 protein YjbJ => hypothetical protein
[20:03:40] Modify product: Uncharacterized protein YjbR => putative protein YjbR
[20:03:40] Modify product: Probable cyclic di-GMP phosphodiesterase PdeC => putative cyclic di-GMP phosphodiesterase PdeC
[20:03:40] Modify product: Uncharacterized ferredoxin-like protein YdhX => putative ferredoxin-like protein YdhX
[20:03:40] Modify product: Probable D,D-dipeptide transport system permease protein DdpC => putative D,D-dipeptide transport system permease protein DdpC
[20:03:40] Modify product: Probable D,D-dipeptide-binding periplasmic protein DdpA => putative D,D-dipeptide-binding periplasmic protein DdpA
[20:03:40] Modify product: Probable transcriptional regulator PhnF => putative transcriptional regulator PhnF
[20:03:40] Modify product: Uncharacterized protein YjdJ => putative protein YjdJ
[20:03:40] Modify product: Probable cadaverine/lysine antiporter => putative cadaverine/lysine antiporter
[20:03:40] Modify product: UPF0716 protein FxsA => hypothetical protein
[20:03:40] Cleaned 358 /product names
[20:03:40] Deleting unwanted file: /mnt/c/Users/migue/OneDrive/Ambiente de Trabalho/Prokka_GCF_000013305/Prokka_GCF_000013305.sprot.tmp.28866.faa
[20:03:40] Deleting unwanted file: /mnt/c/Users/migue/OneDrive/Ambiente de Trabalho/Prokka_GCF_000013305/Prokka_GCF_000013305.sprot.tmp.28866.blast
[20:03:41] There are still 942 unannotated CDS left (started with 4534)
[20:03:41] Will use hmmer3 to search against /home/miguelbalexandre/miniconda3/envs/prokka_env/db/hmm/HAMAP.hmm with 8 CPUs
[20:03:41] Running: cat \/mnt\/c\/Users\/migue\/OneDrive\/Ambiente\ de\ Trabalho\/Prokka_GCF_000013305\/Prokka_GCF_000013305\.HAMAP\.hmm\.tmp\.28866\.faa | parallel --gnu --plain -j 8 --block 16009 --recstart '>' --pipe hmmscan --noali --notextw --acc -E 1e-09 --cpu 1 /home/miguelbalexandre/miniconda3/envs/prokka_env/db/hmm/HAMAP.hmm /dev/stdin > \/mnt\/c\/Users\/migue\/OneDrive\/Ambiente\ de\ Trabalho\/Prokka_GCF_000013305\/Prokka_GCF_000013305\.HAMAP\.hmm\.tmp\.28866\.hmmer3 2> /dev/null
[20:03:47] Modify product: Uncharacterized Nudix hydrolase NudL => putative Nudix hydrolase NudL
[20:03:47] Cleaned 1 /product names
[20:03:47] Deleting unwanted file: /mnt/c/Users/migue/OneDrive/Ambiente de Trabalho/Prokka_GCF_000013305/Prokka_GCF_000013305.HAMAP.hmm.tmp.28866.faa
[20:03:47] Deleting unwanted file: /mnt/c/Users/migue/OneDrive/Ambiente de Trabalho/Prokka_GCF_000013305/Prokka_GCF_000013305.HAMAP.hmm.tmp.28866.hmmer3
[20:03:47] Labelling remaining 860 proteins as 'hypothetical protein'
[20:03:47] Possible /pseudo 'Chaperone SurA' at NC_008253.1 position 56232
[20:03:47] Possible /pseudo 'Colicin-E7 immunity protein' at NC_008253.1 position 125752
[20:03:47] Possible /pseudo 'Colicin-E7 immunity protein' at NC_008253.1 position 126451
[20:03:47] Possible /pseudo 'putative fimbrial-like protein YadC' at NC_008253.1 position 155557
[20:03:47] Possible /pseudo 'IS3 family transposase ISEc16' at NC_008253.1 position 304411
[20:03:47] Possible /pseudo 'IS4 family transposase ISEc13' at NC_008253.1 position 333222
[20:03:47] Possible /pseudo 'HTH-type transcriptional regulator PgrR' at NC_008253.1 position 384524
[20:03:47] Possible /pseudo 'Taurine-binding periplasmic protein' at NC_008253.1 position 454220
[20:03:47] Possible /pseudo 'tRNA sulfurtransferase' at NC_008253.1 position 509635
[20:03:47] Possible /pseudo 'Multidrug efflux pump subunit AcrA' at NC_008253.1 position 552630
[20:03:47] Possible /pseudo 'Copper-exporting P-type ATPase' at NC_008253.1 position 577943
[20:03:47] Possible /pseudo 'Sensor protein KdpD' at NC_008253.1 position 757683
[20:03:47] Possible /pseudo 'Glutathione-binding protein GsiB' at NC_008253.1 position 883887
[20:03:47] Possible /pseudo 'Nicotinate phosphoribosyltransferase' at NC_008253.1 position 1000045
[20:03:47] Possible /pseudo 'IS3 family transposase IS1397' at NC_008253.1 position 1057552
[20:03:47] Possible /pseudo 'Inner membrane protein YcfT' at NC_008253.1 position 1165359
[20:03:47] Possible /pseudo 'Manganese transport system membrane protein MntB' at NC_008253.1 position 1230015
[20:03:47] Possible /pseudo 'Oligosaccharides import ATP-binding protein MsmX' at NC_008253.1 position 1402640
[20:03:47] Possible /pseudo 'Periplasmic murein peptide-binding protein' at NC_008253.1 position 1415982
[20:03:47] Possible /pseudo 'Methyl-accepting chemotaxis protein III' at NC_008253.1 position 1468782
[20:03:47] Possible /pseudo 'Formate dehydrogenase, nitrate-inducible, major subunit' at NC_008253.1 position 1517622
[20:03:47] Possible /pseudo 'Tyrosine--tRNA ligase' at NC_008253.1 position 1635814
[20:03:47] Possible /pseudo 'Thiosulfate sulfurtransferase YnjE' at NC_008253.1 position 1752368
[20:03:47] Possible /pseudo 'Trimethylamine-N-oxide reductase 2' at NC_008253.1 position 1867146
[20:03:47] Possible /pseudo 'Protein-methionine-sulfoxide reductase catalytic subunit MsrP' at NC_008253.1 position 1944628
[20:03:47] Possible /pseudo 'Low-affinity putrescine importer PlaP' at NC_008253.1 position 2124477
[20:03:47] Possible /pseudo 'Galactitol 1-phosphate 5-dehydrogenase' at NC_008253.1 position 2213312
[20:03:47] Possible /pseudo 'Glycine betaine uptake system ATP-binding protein YehX' at NC_008253.1 position 2257497
[20:03:47] Possible /pseudo 'Heme exporter protein C' at NC_008253.1 position 2333325
[20:03:47] Possible /pseudo 'ABC transporter ATP-binding/permease protein YojI' at NC_008253.1 position 2344656
[20:03:47] Possible /pseudo 'putative protein YfcO' at NC_008253.1 position 2481407
[20:03:47] Possible /pseudo 'IS3 family transposase IS1397' at NC_008253.1 position 2678571
[20:03:47] Possible /pseudo 'IS110 family transposase IS621' at NC_008253.1 position 2731637
[20:03:47] Possible /pseudo 'Inner membrane permease YgbN' at NC_008253.1 position 2858574
[20:03:47] Possible /pseudo 'Protein-L-isoaspartate O-methyltransferase' at NC_008253.1 position 2864085
[20:03:47] Possible /pseudo 'L-serine dehydratase 2' at NC_008253.1 position 2923869
[20:03:47] Possible /pseudo 'Energy-coupling factor transporter ATP-binding protein EcfA1' at NC_008253.1 position 3089830
[20:03:47] Possible /pseudo 'IS630 family transposase ISEc40' at NC_008253.1 position 3184702
[20:03:47] Possible /pseudo 'Disulfide-bond oxidoreductase YghU' at NC_008253.1 position 3240930
[20:03:47] Possible /pseudo 'Bifunctional glutamine synthetase adenylyltransferase/adenylyl-removing enzyme' at NC_008253.1 position 3310716
[20:03:47] Possible /pseudo 'Putative transferase YhbX' at NC_008253.1 position 3431268
[20:03:47] Possible /pseudo 'Glutamate synthase [NADPH] large chain' at NC_008253.1 position 3468870
[20:03:47] Possible /pseudo 'Glutathione-regulated potassium-efflux system protein KefC' at NC_008253.1 position 3591914
[20:03:47] Possible /pseudo 'Cell division protein DamX' at NC_008253.1 position 3622842
[20:03:47] Possible /pseudo 'Aldehyde dehydrogenase B' at NC_008253.1 position 3865824
[20:03:47] Possible /pseudo 'Ribose import permease protein RbsC' at NC_008253.1 position 4119525
[20:03:47] Possible /pseudo 'Guanosine-5'-triphosphate,3'-diphosphate pyrophosphatase' at NC_008253.1 position 4146268
[20:03:47] Possible /pseudo 'UDP-N-acetyl-D-mannosamine dehydrogenase' at NC_008253.1 position 4154460
[20:03:47] Possible /pseudo 'Formate dehydrogenase-O major subunit' at NC_008253.1 position 4288520
[20:03:47] Possible /pseudo 'Mannosylglucosyl-3-phosphoglycerate phosphatase' at NC_008253.1 position 4334362
[20:03:47] Possible /pseudo 'Glycerol-3-phosphate acyltransferase' at NC_008253.1 position 4467082
[20:03:47] Possible /pseudo 'IS3 family transposase IS1397' at NC_008253.1 position 4522899
[20:03:47] Possible /pseudo 'Formate dehydrogenase H' at NC_008253.1 position 4531672
[20:03:47] Possible /pseudo 'Ornithine carbamoyltransferase subunit I' at NC_008253.1 position 4716539
[20:03:47] Possible /pseudo 'Putative protein-methionine-sulfoxide reductase subunit YedZ1' at NC_008253.1 position 4769462
[20:03:47] Possible /pseudo 'Propanediol utilization protein PduA' at NC_008253.1 position 4814536
[20:03:47] Possible /pseudo 'Propanediol utilization protein PduA' at NC_008253.1 position 4814838
[20:03:47] Possible /pseudo 'ISKra4 family transposase ISCep1' at NC_008253.1 position 4847276
[20:03:47] Found 3107 unique /gene codes.
[20:03:47] Fixed 2 duplicate /gene - ybhI_1 ybhI_2
[20:03:47] Fixed 3 duplicate /gene - betI_1 betI_2 betI_3
[20:03:47] Fixed 2 duplicate /gene - wecC_1 wecC_2
[20:03:47] Fixed 2 duplicate /gene - lutA_1 lutA_2
[20:03:47] Fixed 2 duplicate /gene - yphB_1 yphB_2
[20:03:47] Fixed 2 duplicate /gene - msmX_1 msmX_2
[20:03:47] Fixed 3 duplicate /gene - lpfA_1 lpfA_2 lpfA_3
[20:03:47] Fixed 2 duplicate /gene - gspK_1 gspK_2
[20:03:47] Fixed 2 duplicate /gene - bcr_1 bcr_2
[20:03:47] Fixed 2 duplicate /gene - rob_1 rob_2
[20:03:47] Fixed 2 duplicate /gene - lgoD_1 lgoD_2
[20:03:47] Fixed 2 duplicate /gene - yhbX_1 yhbX_2
[20:03:47] Fixed 2 duplicate /gene - cysH_1 cysH_2
[20:03:47] Fixed 2 duplicate /gene - argR_1 argR_2
[20:03:47] Fixed 3 duplicate /gene - fixX_1 fixX_2 fixX_3
[20:03:47] Fixed 2 duplicate /gene - bioD1_1 bioD1_2
[20:03:47] Fixed 2 duplicate /gene - icd_1 icd_2
[20:03:47] Fixed 2 duplicate /gene - por_1 por_2
[20:03:47] Fixed 4 duplicate /gene - arcC1_1 arcC1_2 arcC1_3 arcC1_4
[20:03:47] Fixed 2 duplicate /gene - dppD_1 dppD_2
[20:03:47] Fixed 2 duplicate /gene - trg_1 trg_2
[20:03:47] Fixed 2 duplicate /gene - yjaB_1 yjaB_2
[20:03:47] Fixed 2 duplicate /gene - ptsG_1 ptsG_2
[20:03:47] Fixed 2 duplicate /gene - sdaB_1 sdaB_2
[20:03:47] Fixed 2 duplicate /gene - xdhA_1 xdhA_2
[20:03:47] Fixed 2 duplicate /gene - yggP_1 yggP_2
[20:03:47] Fixed 2 duplicate /gene - cntO_1 cntO_2
[20:03:47] Fixed 2 duplicate /gene - sbmC_1 sbmC_2
[20:03:47] Fixed 2 duplicate /gene - nadC_1 nadC_2
[20:03:47] Fixed 2 duplicate /gene - ompA_1 ompA_2
[20:03:47] Fixed 2 duplicate /gene - narL_1 narL_2
[20:03:47] Fixed 2 duplicate /gene - fucP_1 fucP_2
[20:03:47] Fixed 2 duplicate /gene - papB_1 papB_2
[20:03:47] Fixed 2 duplicate /gene - algC_1 algC_2
[20:03:47] Fixed 2 duplicate /gene - dctM_1 dctM_2
[20:03:47] Fixed 2 duplicate /gene - ygdR_1 ygdR_2
[20:03:47] Fixed 2 duplicate /gene - kbaY_1 kbaY_2
[20:03:47] Fixed 2 duplicate /gene - tktA_1 tktA_2
[20:03:47] Fixed 5 duplicate /gene - cbtA_1 cbtA_2 cbtA_3 cbtA_4 cbtA_5
[20:03:47] Fixed 5 duplicate /gene - arnC_1 arnC_2 arnC_3 arnC_4 arnC_5
[20:03:47] Fixed 2 duplicate /gene - arcA_1 arcA_2
[20:03:47] Fixed 2 duplicate /gene - pspB_1 pspB_2
[20:03:47] Fixed 2 duplicate /gene - ydiF_1 ydiF_2
[20:03:47] Fixed 4 duplicate /gene - rbsC_1 rbsC_2 rbsC_3 rbsC_4
[20:03:47] Fixed 2 duplicate /gene - gltC_1 gltC_2
[20:03:47] Fixed 2 duplicate /gene - kduD_1 kduD_2
[20:03:47] Fixed 2 duplicate /gene - cirA_1 cirA_2
[20:03:47] Fixed 2 duplicate /gene - sucC_1 sucC_2
[20:03:47] Fixed 6 duplicate /gene - rhaS_1 rhaS_2 rhaS_3 rhaS_4 rhaS_5 rhaS_6
[20:03:47] Fixed 2 duplicate /gene - fixA_1 fixA_2
[20:03:47] Fixed 2 duplicate /gene - nadR_1 nadR_2
[20:03:47] Fixed 2 duplicate /gene - epsF_1 epsF_2
[20:03:47] Fixed 3 duplicate /gene - ygcS_1 ygcS_2 ygcS_3
[20:03:47] Fixed 2 duplicate /gene - mglA_1 mglA_2
[20:03:47] Fixed 2 duplicate /gene - pdeL_1 pdeL_2
[20:03:47] Fixed 3 duplicate /gene - glnQ_1 glnQ_2 glnQ_3
[20:03:47] Fixed 2 duplicate /gene - plsB_1 plsB_2
[20:03:47] Fixed 2 duplicate /gene - yojI_1 yojI_2
[20:03:47] Fixed 2 duplicate /gene - prfA_1 prfA_2
[20:03:47] Fixed 2 duplicate /gene - lptG_1 lptG_2
[20:03:47] Fixed 2 duplicate /gene - pnuC_1 pnuC_2
[20:03:47] Fixed 3 duplicate /gene - kdpD_1 kdpD_2 kdpD_3
[20:03:47] Fixed 2 duplicate /gene - gspA_1 gspA_2
[20:03:47] Fixed 2 duplicate /gene - lolD_1 lolD_2
[20:03:47] Fixed 3 duplicate /gene - dmlR_1 dmlR_2 dmlR_3
[20:03:47] Fixed 2 duplicate /gene - yhhT_1 yhhT_2
[20:03:47] Fixed 2 duplicate /gene - acrA_1 acrA_2
[20:03:47] Fixed 2 duplicate /gene - aspT_1 aspT_2
[20:03:47] Fixed 3 duplicate /gene - cutD_1 cutD_2 cutD_3
[20:03:47] Fixed 3 duplicate /gene - bhsA_1 bhsA_2 bhsA_3
[20:03:47] Fixed 2 duplicate /gene - nanR_1 nanR_2
[20:03:47] Fixed 2 duplicate /gene - pncB_1 pncB_2
[20:03:47] Fixed 2 duplicate /gene - ytfJ_1 ytfJ_2
[20:03:47] Fixed 3 duplicate /gene - dltA_1 dltA_2 dltA_3
[20:03:47] Fixed 2 duplicate /gene - argP_1 argP_2
[20:03:47] Fixed 3 duplicate /gene - gatY_1 gatY_2 gatY_3
[20:03:47] Fixed 2 duplicate /gene - yohK_1 yohK_2
[20:03:47] Fixed 2 duplicate /gene - hlyB_1 hlyB_2
[20:03:47] Fixed 5 duplicate /gene - klcA_1 klcA_2 klcA_3 klcA_4 klcA_5
[20:03:47] Fixed 2 duplicate /gene - cadA_1 cadA_2
[20:03:47] Fixed 4 duplicate /gene - btuD_1 btuD_2 btuD_3 btuD_4
[20:03:47] Fixed 2 duplicate /gene - glpG_1 glpG_2
[20:03:47] Fixed 2 duplicate /gene - glmU_1 glmU_2
[20:03:47] Fixed 2 duplicate /gene - lon_1 lon_2
[20:03:47] Fixed 3 duplicate /gene - manZ_1 manZ_2 manZ_3
[20:03:47] Fixed 2 duplicate /gene - sucD_1 sucD_2
[20:03:47] Fixed 2 duplicate /gene - codB_1 codB_2
[20:03:47] Fixed 2 duplicate /gene - malX_1 malX_2
[20:03:47] Fixed 3 duplicate /gene - sorB_1 sorB_2 sorB_3
[20:03:47] Fixed 2 duplicate /gene - malY_1 malY_2
[20:03:47] Fixed 3 duplicate /gene - fruA_1 fruA_2 fruA_3
[20:03:47] Fixed 3 duplicate /gene - fixB_1 fixB_2 fixB_3
[20:03:47] Fixed 2 duplicate /gene - hcaR_1 hcaR_2
[20:03:47] Fixed 2 duplicate /gene - btuF_1 btuF_2
[20:03:47] Fixed 4 duplicate /gene - pgrR_1 pgrR_2 pgrR_3 pgrR_4
[20:03:47] Fixed 2 duplicate /gene - rhlE_1 rhlE_2
[20:03:47] Fixed 2 duplicate /gene - topA_1 topA_2
[20:03:47] Fixed 2 duplicate /gene - aroH_1 aroH_2
[20:03:47] Fixed 3 duplicate /gene - der_1 der_2 der_3
[20:03:47] Fixed 2 duplicate /gene - clpV1_1 clpV1_2
[20:03:47] Fixed 2 duplicate /gene - tauA_1 tauA_2
[20:03:47] Fixed 2 duplicate /gene - ccmF_1 ccmF_2
[20:03:47] Fixed 2 duplicate /gene - mtlK_1 mtlK_2
[20:03:47] Fixed 2 duplicate /gene - hlyA_1 hlyA_2
[20:03:47] Fixed 2 duplicate /gene - dgoK1_1 dgoK1_2
[20:03:47] Fixed 3 duplicate /gene - era_1 era_2 era_3
[20:03:47] Fixed 2 duplicate /gene - cadB_1 cadB_2
[20:03:47] Fixed 2 duplicate /gene - coaA_1 coaA_2
[20:03:47] Fixed 2 duplicate /gene - deoB_1 deoB_2
[20:03:47] Fixed 2 duplicate /gene - mggB_1 mggB_2
[20:03:47] Fixed 2 duplicate /gene - fes_1 fes_2
[20:03:47] Fixed 2 duplicate /gene - ttdT_1 ttdT_2
[20:03:47] Fixed 2 duplicate /gene - fdhF_1 fdhF_2
[20:03:47] Fixed 2 duplicate /gene - ftsA_1 ftsA_2
[20:03:47] Fixed 2 duplicate /gene - ccmH_1 ccmH_2
[20:03:47] Fixed 3 duplicate /gene - cutC_1 cutC_2 cutC_3
[20:03:47] Fixed 2 duplicate /gene - ccmC_1 ccmC_2
[20:03:47] Fixed 2 duplicate /gene - acrB_1 acrB_2
[20:03:47] Fixed 3 duplicate /gene - adhE_1 adhE_2 adhE_3
[20:03:47] Fixed 2 duplicate /gene - dnaK_1 dnaK_2
[20:03:47] Fixed 2 duplicate /gene - pikAV_1 pikAV_2
[20:03:47] Fixed 2 duplicate /gene - rlhA_1 rlhA_2
[20:03:47] Fixed 2 duplicate /gene - ssuC_1 ssuC_2
[20:03:47] Fixed 2 duplicate /gene - msrP_1 msrP_2
[20:03:47] Fixed 2 duplicate /gene - mppA_1 mppA_2
[20:03:47] Fixed 2 duplicate /gene - galE_1 galE_2
[20:03:47] Fixed 2 duplicate /gene - plaP_1 plaP_2
[20:03:47] Fixed 2 duplicate /gene - hemR_1 hemR_2
[20:03:47] Fixed 2 duplicate /gene - melR_1 melR_2
[20:03:47] Fixed 2 duplicate /gene - yphA_1 yphA_2
[20:03:47] Fixed 2 duplicate /gene - lexA_1 lexA_2
[20:03:47] Fixed 2 duplicate /gene - ubiJ_1 ubiJ_2
[20:03:47] Fixed 2 duplicate /gene - yadC_1 yadC_2
[20:03:47] Fixed 3 duplicate /gene - bglH_1 bglH_2 bglH_3
[20:03:47] Fixed 2 duplicate /gene - hokE_1 hokE_2
[20:03:47] Fixed 2 duplicate /gene - psuK_1 psuK_2
[20:03:47] Fixed 2 duplicate /gene - pcm_1 pcm_2
[20:03:47] Fixed 2 duplicate /gene - opgE_1 opgE_2
[20:03:47] Fixed 2 duplicate /gene - manX_1 manX_2
[20:03:47] Fixed 3 duplicate /gene - yahB_1 yahB_2 yahB_3
[20:03:47] Fixed 2 duplicate /gene - gppA_1 gppA_2
[20:03:47] Fixed 2 duplicate /gene - ulaE_1 ulaE_2
[20:03:47] Fixed 2 duplicate /gene - acpP_1 acpP_2
[20:03:47] Fixed 2 duplicate /gene - bglF_1 bglF_2
[20:03:47] Fixed 2 duplicate /gene - manC1_1 manC1_2
[20:03:47] Fixed 2 duplicate /gene - yrdA_1 yrdA_2
[20:03:47] Fixed 2 duplicate /gene - rspA_1 rspA_2
[20:03:47] Fixed 2 duplicate /gene - ydjF_1 ydjF_2
[20:03:47] Fixed 2 duplicate /gene - mtlA_1 mtlA_2
[20:03:47] Fixed 2 duplicate /gene - cra_1 cra_2
[20:03:47] Fixed 2 duplicate /gene - rcsA_1 rcsA_2
[20:03:47] Fixed 2 duplicate /gene - copA_1 copA_2
[20:03:47] Fixed 2 duplicate /gene - papA_1 papA_2
[20:03:47] Fixed 2 duplicate /gene - ydgA_1 ydgA_2
[20:03:47] Fixed 2 duplicate /gene - gadX_1 gadX_2
[20:03:47] Fixed 2 duplicate /gene - gntR_1 gntR_2
[20:03:47] Fixed 3 duplicate /gene - potA_1 potA_2 potA_3
[20:03:47] Fixed 3 duplicate /gene - fimD_1 fimD_2 fimD_3
[20:03:47] Fixed 2 duplicate /gene - yhaJ_1 yhaJ_2
[20:03:47] Fixed 2 duplicate /gene - tsx_1 tsx_2
[20:03:47] Fixed 2 duplicate /gene - chuR_1 chuR_2
[20:03:47] Fixed 3 duplicate /gene - ybdM_1 ybdM_2 ybdM_3
[20:03:47] Fixed 2 duplicate /gene - lysU_1 lysU_2
[20:03:47] Fixed 2 duplicate /gene - kgtP_1 kgtP_2
[20:03:47] Fixed 3 duplicate /gene - intS_1 intS_2 intS_3
[20:03:47] Fixed 6 duplicate /gene - srlR_1 srlR_2 srlR_3 srlR_4 srlR_5 srlR_6
[20:03:47] Fixed 2 duplicate /gene - agaC_1 agaC_2
[20:03:47] Fixed 2 duplicate /gene - htrE_1 htrE_2
[20:03:47] Fixed 3 duplicate /gene - rbsA_1 rbsA_2 rbsA_3
[20:03:47] Fixed 2 duplicate /gene - aaeA_1 aaeA_2
[20:03:47] Fixed 3 duplicate /gene - norR_1 norR_2 norR_3
[20:03:47] Fixed 2 duplicate /gene - pal_1 pal_2
[20:03:47] Fixed 2 duplicate /gene - tabA_1 tabA_2
[20:03:47] Fixed 5 duplicate /gene - mprA_1 mprA_2 mprA_3 mprA_4 mprA_5
[20:03:47] Fixed 2 duplicate /gene - epsE_1 epsE_2
[20:03:47] Fixed 2 duplicate /gene - yghU_1 yghU_2
[20:03:47] Fixed 2 duplicate /gene - argE_1 argE_2
[20:03:47] Fixed 2 duplicate /gene - fdnH_1 fdnH_2
[20:03:47] Fixed 2 duplicate /gene - sucA_1 sucA_2
[20:03:47] Fixed 3 duplicate /gene - fdrA_1 fdrA_2 fdrA_3
[20:03:47] Fixed 2 duplicate /gene - mepA_1 mepA_2
[20:03:47] Fixed 2 duplicate /gene - nhaK_1 nhaK_2
[20:03:47] Fixed 2 duplicate /gene - mak_1 mak_2
[20:03:47] Fixed 2 duplicate /gene - COQ5_1 COQ5_2
[20:03:47] Fixed 2 duplicate /gene - rhtC_1 rhtC_2
[20:03:47] Fixed 2 duplicate /gene - hdfR_1 hdfR_2
[20:03:47] Fixed 2 duplicate /gene - mdh_1 mdh_2
[20:03:47] Fixed 2 duplicate /gene - crfC_1 crfC_2
[20:03:47] Fixed 2 duplicate /gene - frwD_1 frwD_2
[20:03:47] Fixed 2 duplicate /gene - elfC_1 elfC_2
[20:03:47] Fixed 2 duplicate /gene - php_1 php_2
[20:03:47] Fixed 2 duplicate /gene - kdsD_1 kdsD_2
[20:03:47] Fixed 2 duplicate /gene - damX_1 damX_2
[20:03:47] Fixed 2 duplicate /gene - exuT_1 exuT_2
[20:03:47] Fixed 2 duplicate /gene - btuB_1 btuB_2
[20:03:47] Fixed 2 duplicate /gene - hlyD_1 hlyD_2
[20:03:47] Fixed 2 duplicate /gene - gcvA_1 gcvA_2
[20:03:47] Fixed 2 duplicate /gene - scrK_1 scrK_2
[20:03:47] Fixed 2 duplicate /gene - lptB_1 lptB_2
[20:03:47] Fixed 4 duplicate /gene - mntB_1 mntB_2 mntB_3 mntB_4
[20:03:47] Fixed 3 duplicate /gene - rhaR_1 rhaR_2 rhaR_3
[20:03:47] Fixed 2 duplicate /gene - fryB_1 fryB_2
[20:03:47] Fixed 2 duplicate /gene - higA_1 higA_2
[20:03:47] Fixed 2 duplicate /gene - yfcO_1 yfcO_2
[20:03:47] Fixed 2 duplicate /gene - phoP_1 phoP_2
[20:03:47] Fixed 2 duplicate /gene - deoR_1 deoR_2
[20:03:47] Fixed 2 duplicate /gene - ydiV_1 ydiV_2
[20:03:47] Fixed 3 duplicate /gene - imm_1 imm_2 imm_3
[20:03:47] Fixed 5 duplicate /gene - intA_1 intA_2 intA_3 intA_4 intA_5
[20:03:47] Fixed 2 duplicate /gene - kdgK_1 kdgK_2
[20:03:47] Fixed 2 duplicate /gene - emrB_1 emrB_2
[20:03:47] Fixed 2 duplicate /gene - hha_1 hha_2
[20:03:47] Fixed 2 duplicate /gene - ynjE_1 ynjE_2
[20:03:47] Fixed 2 duplicate /gene - fdoG_1 fdoG_2
[20:03:47] Fixed 2 duplicate /gene - dppB_1 dppB_2
[20:03:47] Fixed 2 duplicate /gene - mepS_1 mepS_2
[20:03:47] Fixed 3 duplicate /gene - kefC_1 kefC_2 kefC_3
[20:03:47] Fixed 2 duplicate /gene - acrR_1 acrR_2
[20:03:47] Fixed 2 duplicate /gene - mshA_1 mshA_2
[20:03:47] Fixed 2 duplicate /gene - yehX_1 yehX_2
[20:03:47] Fixed 2 duplicate /gene - ycfT_1 ycfT_2
[20:03:47] Fixed 2 duplicate /gene - papD_1 papD_2
[20:03:47] Fixed 2 duplicate /gene - dapA_1 dapA_2
[20:03:47] Fixed 2 duplicate /gene - rutB_1 rutB_2
[20:03:47] Fixed 2 duplicate /gene - ecfA1_1 ecfA1_2
[20:03:47] Fixed 2 duplicate /gene - cysE_1 cysE_2
[20:03:47] Fixed 2 duplicate /gene - hns_1 hns_2
[20:03:47] Fixed 2 duplicate /gene - leuC_1 leuC_2
[20:03:47] Fixed 2 duplicate /gene - ptsI_1 ptsI_2
[20:03:47] Fixed 2 duplicate /gene - ydhX_1 ydhX_2
[20:03:47] Fixed 2 duplicate /gene - oppF_1 oppF_2
[20:03:47] Fixed 2 duplicate /gene - tmk_1 tmk_2
[20:03:47] Fixed 2 duplicate /gene - torZ_1 torZ_2
[20:03:47] Fixed 2 duplicate /gene - abaF_1 abaF_2
[20:03:47] Fixed 2 duplicate /gene - sapB_1 sapB_2
[20:03:47] Fixed 2 duplicate /gene - nlpD_1 nlpD_2
[20:03:47] Fixed 2 duplicate /gene - surA_1 surA_2
[20:03:47] Fixed 2 duplicate /gene - rbsK_1 rbsK_2
[20:03:47] Fixed 2 duplicate /gene - ftnA_1 ftnA_2
[20:03:47] Fixed 2 duplicate /gene - lldR_1 lldR_2
[20:03:47] Fixed 2 duplicate /gene - slp_1 slp_2
[20:03:47] Fixed 2 duplicate /gene - malP_1 malP_2
[20:03:47] Fixed 2 duplicate /gene - xerC_1 xerC_2
[20:03:47] Fixed 2 duplicate /gene - oxyR_1 oxyR_2
[20:03:47] Fixed 2 duplicate /gene - ygbN_1 ygbN_2
[20:03:47] Fixed 2 duplicate /gene - pitA_1 pitA_2
[20:03:47] Fixed 5 duplicate /gene - cbeA_1 cbeA_2 cbeA_3 cbeA_4 cbeA_5
[20:03:47] Fixed 2 duplicate /gene - bglA_1 bglA_2
[20:03:47] Fixed 2 duplicate /gene - thiI_1 thiI_2
[20:03:47] Fixed 2 duplicate /gene - emrA_1 emrA_2
[20:03:47] Fixed 2 duplicate /gene - glnE_1 glnE_2
[20:03:47] Fixed 2 duplicate /gene - hflC_1 hflC_2
[20:03:47] Fixed 2 duplicate /gene - hmuU_1 hmuU_2
[20:03:47] Fixed 2 duplicate /gene - yvgN_1 yvgN_2
[20:03:47] Fixed 3 duplicate /gene - papC_1 papC_2 papC_3
[20:03:47] Fixed 2 duplicate /gene - gsiB_1 gsiB_2
[20:03:47] Fixed 2 duplicate /gene - dsdA_1 dsdA_2
[20:03:47] Fixed 2 duplicate /gene - fepC_1 fepC_2
[20:03:47] Fixed 2 duplicate /gene - gntK_1 gntK_2
[20:03:47] Fixed 2 duplicate /gene - emrE_1 emrE_2
[20:03:47] Fixed 2 duplicate /gene - mdtJ_1 mdtJ_2
[20:03:47] Fixed 2 duplicate /gene - nimR_1 nimR_2
[20:03:47] Fixed 2 duplicate /gene - mlc_1 mlc_2
[20:03:47] Fixed 2 duplicate /gene - ompD_1 ompD_2
[20:03:47] Fixed 2 duplicate /gene - cynR_1 cynR_2
[20:03:47] Fixed 2 duplicate /gene - proA_1 proA_2
[20:03:47] Fixed 2 duplicate /gene - tdh_1 tdh_2
[20:03:47] Fixed 2 duplicate /gene - papH_1 papH_2
[20:03:47] Fixed 2 duplicate /gene - ydjZ_1 ydjZ_2
[20:03:47] Fixed 2 duplicate /gene - gatD_1 gatD_2
[20:03:47] Fixed 2 duplicate /gene - ydjE_1 ydjE_2
[20:03:47] Fixed 2 duplicate /gene - prs_1 prs_2
[20:03:47] Fixed 2 duplicate /gene - fimC_1 fimC_2
[20:03:47] Fixed 2 duplicate /gene - dgoA_1 dgoA_2
[20:03:47] Fixed 2 duplicate /gene - caiA_1 caiA_2
[20:03:47] Fixed 2 duplicate /gene - cusC_1 cusC_2
[20:03:47] Fixed 2 duplicate /gene - oleD_1 oleD_2
[20:03:47] Fixed 2 duplicate /gene - dadA_1 dadA_2
[20:03:47] Fixed 2 duplicate /gene - sucB_1 sucB_2
[20:03:47] Fixed 2 duplicate /gene - aaeB_1 aaeB_2
[20:03:47] Fixed 2 duplicate /gene - rbsB_1 rbsB_2
[20:03:47] Fixed 2 duplicate /gene - gltB_1 gltB_2
[20:03:47] Fixed 2 duplicate /gene - sgrR_1 sgrR_2
[20:03:47] Fixed 2 duplicate /gene - flu_1 flu_2
[20:03:47] Fixed 4 duplicate /gene - hyfA_1 hyfA_2 hyfA_3 hyfA_4
[20:03:47] Fixed 2 duplicate /gene - argI_1 argI_2
[20:03:47] Fixed 2 duplicate /gene - fabG_1 fabG_2
[20:03:47] Fixed 3 duplicate /gene - pdhR_1 pdhR_2 pdhR_3
[20:03:47] Fixed 2 duplicate /gene - nagB_1 nagB_2
[20:03:47] Fixed 2 duplicate /gene - aldB_1 aldB_2
[20:03:47] Fixed 3 duplicate /gene - pduA_1 pduA_2 pduA_3
[20:03:47] Fixed 2 duplicate /gene - rtcB_1 rtcB_2
[20:03:47] Fixed 2 duplicate /gene - acs_1 acs_2
[20:03:47] Fixed 2 duplicate /gene - fdnG_1 fdnG_2
[20:03:47] Fixed 2 duplicate /gene - fryA_1 fryA_2
[20:03:47] Fixed 3 duplicate /gene - ydcV_1 ydcV_2 ydcV_3
[20:03:47] Fixed 2 duplicate /gene - vgrG1_1 vgrG1_2
[20:03:47] Fixed 2 duplicate /gene - fimF_1 fimF_2
[20:03:47] Fixed 2 duplicate /gene - flhA_1 flhA_2
[20:03:47] Fixed 2 duplicate /gene - tyrS_1 tyrS_2
[20:03:47] Fixed 2 duplicate /gene - ampG_1 ampG_2
[20:03:47] Fixed 2 duplicate /gene - dctD_1 dctD_2
[20:03:47] Fixed 2 duplicate /gene - hlyC_1 hlyC_2
[20:03:47] Fixed 2 duplicate /gene - cfaD_1 cfaD_2
[20:03:47] Fixed 2 duplicate /gene - ccpA_1 ccpA_2
[20:03:47] Fixed 2 duplicate /gene - pncC_1 pncC_2
[20:03:47] Fixed 2 duplicate /gene - yadV_1 yadV_2
[20:03:47] Fixed 2 duplicate /gene - dsdX_1 dsdX_2
[20:03:47] Fixed 2 duplicate /gene - ycjY_1 ycjY_2
[20:03:47] Fixed 3 duplicate /gene - hcpA_1 hcpA_2 hcpA_3
[20:03:47] Fixed 2 duplicate /gene - bioF_1 bioF_2
[20:03:47] Fixed 311 colliding /gene names.
[20:03:47] Adding /locus_tag identifiers
[20:03:47] Assigned 4638 locus_tags to CDS and RNA features.
[20:03:47] Writing outputs to /mnt/c/Users/migue/OneDrive/Ambiente de Trabalho/Prokka_GCF_000013305/
[20:03:58] Generating annotation statistics file
[20:03:58] Generating Genbank and Sequin files
[20:03:58] Running: tbl2asn -V b -a r10k -l paired-ends -M n -N 1 -y 'Annotated using prokka 1.14.6 from https://github.com/tseemann/prokka' -Z \/mnt\/c\/Users\/migue\/OneDrive\/Ambiente\ de\ Trabalho\/Prokka_GCF_000013305\/Prokka_GCF_000013305\.err -i \/mnt\/c\/Users\/migue\/OneDrive\/Ambiente\ de\ Trabalho\/Prokka_GCF_000013305\/Prokka_GCF_000013305\.fsa 2> /dev/null
[20:04:05] Deleting unwanted file: /mnt/c/Users/migue/OneDrive/Ambiente de Trabalho/Prokka_GCF_000013305/errorsummary.val
[20:04:05] Deleting unwanted file: /mnt/c/Users/migue/OneDrive/Ambiente de Trabalho/Prokka_GCF_000013305/Prokka_GCF_000013305.dr
[20:04:05] Deleting unwanted file: /mnt/c/Users/migue/OneDrive/Ambiente de Trabalho/Prokka_GCF_000013305/Prokka_GCF_000013305.fixedproducts
[20:04:05] Deleting unwanted file: /mnt/c/Users/migue/OneDrive/Ambiente de Trabalho/Prokka_GCF_000013305/Prokka_GCF_000013305.ecn
[20:04:05] Deleting unwanted file: /mnt/c/Users/migue/OneDrive/Ambiente de Trabalho/Prokka_GCF_000013305/Prokka_GCF_000013305.val
[20:04:05] Repairing broken .GBK output that tbl2asn produces...
[20:04:05] Running: sed 's/COORDINATES: profile/COORDINATES:profile/' < \/mnt\/c\/Users\/migue\/OneDrive\/Ambiente\ de\ Trabalho\/Prokka_GCF_000013305\/Prokka_GCF_000013305\.gbf > \/mnt\/c\/Users\/migue\/OneDrive\/Ambiente\ de\ Trabalho\/Prokka_GCF_000013305\/Prokka_GCF_000013305\.gbk
[20:04:06] Deleting unwanted file: /mnt/c/Users/migue/OneDrive/Ambiente de Trabalho/Prokka_GCF_000013305/Prokka_GCF_000013305.gbf
[20:04:06] Output files:
[20:04:06] /mnt/c/Users/migue/OneDrive/Ambiente de Trabalho/Prokka_GCF_000013305/Prokka_GCF_000013305.err
[20:04:06] /mnt/c/Users/migue/OneDrive/Ambiente de Trabalho/Prokka_GCF_000013305/Prokka_GCF_000013305.faa
[20:04:06] /mnt/c/Users/migue/OneDrive/Ambiente de Trabalho/Prokka_GCF_000013305/Prokka_GCF_000013305.ffn
[20:04:06] /mnt/c/Users/migue/OneDrive/Ambiente de Trabalho/Prokka_GCF_000013305/Prokka_GCF_000013305.fna
[20:04:06] /mnt/c/Users/migue/OneDrive/Ambiente de Trabalho/Prokka_GCF_000013305/Prokka_GCF_000013305.fsa
[20:04:06] /mnt/c/Users/migue/OneDrive/Ambiente de Trabalho/Prokka_GCF_000013305/Prokka_GCF_000013305.gbk
[20:04:06] /mnt/c/Users/migue/OneDrive/Ambiente de Trabalho/Prokka_GCF_000013305/Prokka_GCF_000013305.gff
[20:04:06] /mnt/c/Users/migue/OneDrive/Ambiente de Trabalho/Prokka_GCF_000013305/Prokka_GCF_000013305.log
[20:04:06] /mnt/c/Users/migue/OneDrive/Ambiente de Trabalho/Prokka_GCF_000013305/Prokka_GCF_000013305.sqn
[20:04:06] /mnt/c/Users/migue/OneDrive/Ambiente de Trabalho/Prokka_GCF_000013305/Prokka_GCF_000013305.tbl
[20:04:06] /mnt/c/Users/migue/OneDrive/Ambiente de Trabalho/Prokka_GCF_000013305/Prokka_GCF_000013305.tsv
[20:04:06] /mnt/c/Users/migue/OneDrive/Ambiente de Trabalho/Prokka_GCF_000013305/Prokka_GCF_000013305.txt
[20:04:06] Annotation finished successfully.
[20:04:06] Walltime used: 2.03 minutes
[20:04:06] If you use this result please cite the Prokka paper:
[20:04:06] Seemann T (2014) Prokka: rapid prokaryotic genome annotation. Bioinformatics. 30(14):2068-9.
[20:04:06] Type 'prokka --citation' for more details.
[20:04:06] Thank you, come again.
