[19:51:29] This is prokka 1.14.6
[19:51:29] Written by Torsten Seemann <torsten.seemann@gmail.com>
[19:51:29] Homepage is https://github.com/tseemann/prokka
[19:51:29] Local time is Sun Jan  5 19:51:29 2025
[19:51:29] You are miguelbalexandre
[19:51:29] Operating system is linux
[19:51:29] You have BioPerl 1.7.8
[19:51:29] System has 16 cores.
[19:51:29] Will use maximum of 8 cores.
[19:51:29] Annotating as >>> Bacteria <<<
[19:51:29] Generating locus_tag from '/mnt/c/Users/migue/Downloads/Dados_Prokka/GCF_000026245.fasta' contents.
[19:51:30] Setting --locustag EMAHJDDK from MD5 e6a13dd446fe7c4c74789f602119dc25
[19:51:30] Creating new output folder: /mnt/c/Users/migue/OneDrive/Ambiente de Trabalho/Prokka_GCF_000026245
[19:51:30] Running: mkdir -p \/mnt\/c\/Users\/migue\/OneDrive\/Ambiente\ de\ Trabalho\/Prokka_GCF_000026245
[19:51:30] Using filename prefix: Prokka_GCF_000026245.XXX
[19:51:30] Setting HMMER_NCPU=1
[19:51:30] Writing log to: /mnt/c/Users/migue/OneDrive/Ambiente de Trabalho/Prokka_GCF_000026245/Prokka_GCF_000026245.log
[19:51:30] Command: /home/miguelbalexandre/miniconda3/envs/prokka_env/bin/prokka --outdir /mnt/c/Users/migue/OneDrive/Ambiente de Trabalho/Prokka_GCF_000026245 --prefix Prokka_GCF_000026245 /mnt/c/Users/migue/Downloads/Dados_Prokka/GCF_000026245.fasta
[19:51:30] Appending to PATH: /home/miguelbalexandre/miniconda3/envs/prokka_env/bin
[19:51:30] Looking for 'aragorn' - found /home/miguelbalexandre/miniconda3/envs/prokka_env/bin/aragorn
[19:51:30] Determined aragorn version is 001002 from 'ARAGORN v1.2.41 Dean Laslett'
[19:51:30] Looking for 'barrnap' - found /home/miguelbalexandre/miniconda3/envs/prokka_env/bin/barrnap
[19:51:30] Determined barrnap version is 000009 from 'barrnap 0.9'
[19:51:30] Looking for 'blastp' - found /home/miguelbalexandre/miniconda3/envs/prokka_env/bin/blastp
[19:51:30] Determined blastp version is 002016 from 'blastp: 2.16.0+'
[19:51:30] Looking for 'cmpress' - found /home/miguelbalexandre/miniconda3/envs/prokka_env/bin/cmpress
[19:51:30] Determined cmpress version is 001001 from '# INFERNAL 1.1.5 (Sep 2023)'
[19:51:30] Looking for 'cmscan' - found /home/miguelbalexandre/miniconda3/envs/prokka_env/bin/cmscan
[19:51:30] Determined cmscan version is 001001 from '# INFERNAL 1.1.5 (Sep 2023)'
[19:51:30] Looking for 'egrep' - found /usr/bin/egrep
[19:51:30] Looking for 'find' - found /usr/bin/find
[19:51:30] Looking for 'grep' - found /usr/bin/grep
[19:51:30] Looking for 'hmmpress' - found /home/miguelbalexandre/miniconda3/envs/prokka_env/bin/hmmpress
[19:51:30] Determined hmmpress version is 003004 from '# HMMER 3.4 (Aug 2023); http://hmmer.org/'
[19:51:30] Looking for 'hmmscan' - found /home/miguelbalexandre/miniconda3/envs/prokka_env/bin/hmmscan
[19:51:30] Determined hmmscan version is 003004 from '# HMMER 3.4 (Aug 2023); http://hmmer.org/'
[19:51:30] Looking for 'java' - found /home/miguelbalexandre/miniconda3/envs/prokka_env/bin/java
[19:51:30] Looking for 'makeblastdb' - found /home/miguelbalexandre/miniconda3/envs/prokka_env/bin/makeblastdb
[19:51:30] Determined makeblastdb version is 002016 from 'makeblastdb: 2.16.0+'
[19:51:30] Looking for 'minced' - found /home/miguelbalexandre/miniconda3/envs/prokka_env/bin/minced
[19:51:30] Determined minced version is 004002 from 'minced 0.4.2'
[19:51:30] Looking for 'parallel' - found /home/miguelbalexandre/miniconda3/envs/prokka_env/bin/parallel
[19:51:30] Determined parallel version is 20241122 from 'GNU parallel 20241122'
[19:51:30] Looking for 'prodigal' - found /home/miguelbalexandre/miniconda3/envs/prokka_env/bin/prodigal
[19:51:30] Determined prodigal version is 002006 from 'Prodigal V2.6.3: February, 2016'
[19:51:30] Looking for 'prokka-genbank_to_fasta_db' - found /home/miguelbalexandre/miniconda3/envs/prokka_env/bin/prokka-genbank_to_fasta_db
[19:51:30] Looking for 'sed' - found /usr/bin/sed
[19:51:30] Looking for 'tbl2asn' - found /home/miguelbalexandre/miniconda3/envs/prokka_env/bin/tbl2asn
[19:51:30] Determined tbl2asn version is 025007 from 'tbl2asn 25.7   arguments:'
[19:51:30] Using genetic code table 11.
[19:51:30] Loading and checking input file: /mnt/c/Users/migue/Downloads/Dados_Prokka/GCF_000026245.fasta
[19:51:30] Wrote 1 contigs totalling 5154862 bp.
[19:51:30] Predicting tRNAs and tmRNAs
[19:51:30] Running: aragorn -l -gc11  -w \/mnt\/c\/Users\/migue\/OneDrive\/Ambiente\ de\ Trabalho\/Prokka_GCF_000026245\/Prokka_GCF_000026245\.fna
[19:51:32] 1 tRNA-Ile [225876,225952] 35 (gat)
[19:51:32] 2 tRNA-Ala [225995,226070] 34 (tgc)
[19:51:32] 3 tRNA-Asp [229562,229638] 35 (gtc)
[19:51:32] 4 tRNA-Asp [239123,239199] 35 (gtc)
[19:51:32] 5 tRNA-Thr [296227,296302] 34 (cgt)
[19:51:32] 6 tRNA-Ser [370827,370907] 38 (gga)
[19:51:32] 7 tRNA-Arg [592535,592611] 35 (tct)
[19:51:32] 8 tRNA-Gln c[714030,714104] 33 (ctg)
[19:51:32] 9 tRNA-Gln c[714142,714216] 33 (ctg)
[19:51:32] 10 tRNA-Met c[714265,714341] 35 (cat)
[19:51:32] 11 tRNA-Gln c[714357,714431] 33 (ttg)
[19:51:32] 12 tRNA-Gln c[714466,714540] 33 (ttg)
[19:51:32] 13 tRNA-Leu c[714564,714648] 35 (tag)
[19:51:32] 14 tRNA-Met c[714657,714733] 35 (cat)
[19:51:32] 15 tRNA-Lys [794636,794711] 34 (ttt)
[19:51:32] 16 tRNA-Val [794747,794822] 34 (tac)
[19:51:32] 17 tRNA-Lys [794825,794900] 34 (ttt)
[19:51:32] 18 tRNA-Val [795050,795125] 34 (tac)
[19:51:32] 19 tRNA-Lys [795129,795204] 34 (ttt)
[19:51:32] 20 tRNA-Lys [795351,795426] 34 (ttt)
[19:51:32] 21 tRNA-Lys [795460,795535] 34 (ttt)
[19:51:32] 22 tRNA-Ser c[987236,987323] 35 (gga)
[19:51:32] 23 tRNA-Met [1112487,1112562] 34 (cat)
[19:51:32] 24 tRNA-Arg [1112570,1112646] 35 (tcg)
[19:51:32] 25 tRNA-Arg [1112660,1112736] 35 (tct)
[19:51:32] 26 tRNA-Ser c[1140292,1140379] 35 (tga)
[19:51:32] 27 tRNA-Ser c[1207704,1207791] 35 (gga)
[19:51:32] 28 tRNA-Tyr c[1382189,1382273] 35 (gta)
[19:51:32] 29 tRNA-Tyr c[1382308,1382392] 35 (gta)
[19:51:32] 30 tRNA-Met [1425498,1425573] 34 (cat)
[19:51:32] 31 tRNA-Arg [1425581,1425657] 35 (tcg)
[19:51:32] 32 tRNA-Arg [1425671,1425747] 35 (tct)
[19:51:32] 33 tRNA-Arg c[1786224,1786300] 35 (tct)
[19:51:32] 34 tRNA-Met c[1786401,1786476] 34 (cat)
[19:51:32] 35 tRNA-Val [1895064,1895140] 35 (gac)
[19:51:32] 36 tRNA-Val [1895145,1895221] 35 (gac)
[19:51:32] 37 tRNA-Leu c[2177740,2177826] 35 (taa)
[19:51:32] 38 tRNA-Cys c[2177839,2177912] 33 (gca)
[19:51:32] 39 tRNA-Gly c[2177967,2178042] 34 (gcc)
[19:51:32] 40 tRNA-Ser c[2231720,2231809] 35 (cga)
[19:51:32] 41 tRNA-Asn [2232801,2232876] 34 (gtt)
[19:51:32] 42 tRNA-Asn c[2272692,2272767] 34 (gtt)
[19:51:32] 43 tRNA-Asn [2274516,2274591] 34 (gtt)
[19:51:32] 44 tRNA-Asn [2276925,2277000] 34 (gtt)
[19:51:32] 45 tRNA-Pro [2501611,2501687] 35 (ggg)
[19:51:32] 46 tRNA-Arg [2665282,2665356] 34 (cct)
[19:51:32] 47 tRNA-Ala c[2749070,2749145] 34 (ggc)
[19:51:32] 48 tRNA-Ala c[2749185,2749260] 34 (ggc)
[19:51:32] 49 tRNA-Val [2751960,2752035] 34 (tac)
[19:51:32] 50 tRNA-Val [2752080,2752155] 34 (tac)
[19:51:32] 51 tRNA-Val [2752202,2752277] 34 (tac)
[19:51:32] 52 tRNA-Lys [2752282,2752357] 34 (ttt)
[19:51:32] 53 tRNA-Glu c[2952616,2952691] 35 (ttc)
[19:51:32] 54 tmRNA [2978730,2979092] 90,125 ANDENYALAA**
[19:51:32] 55 tRNA-Met c[2996377,2996452] 34 (cat)
[19:51:32] 56 tRNA-Arg c[3028479,3028555] 35 (acg)
[19:51:32] 57 tRNA-Arg c[3028754,3028830] 35 (acg)
[19:51:32] 58 tRNA-Arg c[3029029,3029105] 35 (acg)
[19:51:32] 59 tRNA-Arg [3029288,3029359] 34 (tcg)
[19:51:32] 60 tRNA-Arg c[3029303,3029379] 35 (acg)
[19:51:32] 61 tRNA-Ser c[3029383,3029475] 35 (gct)
[19:51:32] 62 tRNA-Met [3164538,3164614] 35 (cat)
[19:51:32] 63 tRNA-Met [3164648,3164724] 35 (cat)
[19:51:32] 64 tRNA-Met [3164757,3164833] 35 (cat)
[19:51:32] 65 tRNA-Gly c[3223125,3223198] 33 (ccc)
[19:51:32] 66 tRNA-Phe [3339841,3339916] 34 (gaa)
[19:51:32] 67 tRNA-Met [3564331,3564406] 34 (cat)
[19:51:32] 68 tRNA-Met c[3675608,3675684] 35 (cat)
[19:51:32] 69 tRNA-Leu c[3679465,3679551] 35 (gag)
[19:51:32] 70 tRNA-Thr c[3773210,3773285] 34 (ggt)
[19:51:32] 71 tRNA-Ala c[3776598,3776673] 34 (tgc)
[19:51:32] 72 tRNA-Ile c[3776716,3776792] 35 (gat)
[19:51:32] 73 tRNA-Pro c[4074901,4074977] 35 (cgg)
[19:51:32] 74 tRNA-SeC [4211244,4211338] 35 (tca)
[19:51:32] 75 tRNA-Glu [4323728,4323803] 35 (ttc)
[19:51:32] 76 tRNA-Asp [4327165,4327241] 35 (gtc)
[19:51:32] 77 tRNA-Trp [4327250,4327325] 34 (cca)
[19:51:32] 78 tRNA-Arg [4362669,4362745] 35 (ccg)
[19:51:32] 79 tRNA-His [4362804,4362879] 34 (gtg)
[19:51:32] 80 tRNA-Leu [4362900,4362986] 35 (cag)
[19:51:32] 81 tRNA-Pro [4363029,4363105] 35 (tgg)
[19:51:32] 82 tRNA-Ile [4421008,4421084] 35 (gat)
[19:51:32] 83 tRNA-Ala [4421127,4421202] 34 (tgc)
[19:51:32] 84 tRNA-Glu [4558231,4558306] 35 (ttc)
[19:51:32] 85 tRNA-Thr [4565247,4565322] 34 (tgt)
[19:51:32] 86 tRNA-Tyr [4565331,4565415] 35 (gta)
[19:51:32] 87 tRNA-Gly [4565532,4565606] 34 (tcc)
[19:51:32] 88 tRNA-Thr [4565613,4565688] 34 (ggt)
[19:51:32] 89 tRNA-Glu [4599612,4599687] 35 (ttc)
[19:51:32] 90 tRNA-Phe c[4808123,4808198] 34 (gaa)
[19:51:32] 91 tRNA-Gly [4837926,4838001] 34 (gcc)
[19:51:32] 92 tRNA-Gly [4838038,4838113] 34 (gcc)
[19:51:32] 93 tRNA-Gly [4838149,4838224] 34 (gcc)
[19:51:32] 94 tRNA-Leu [4944183,4944267] 35 (caa)
[19:51:32] 95 tRNA-Leu c[5119400,5119486] 35 (cag)
[19:51:32] 96 tRNA-Leu c[5119521,5119607] 35 (cag)
[19:51:32] 97 tRNA-Leu c[5119636,5119722] 35 (cag)
[19:51:32] Found 97 tRNAs
[19:51:32] Predicting Ribosomal RNAs
[19:51:32] Running Barrnap with 8 threads
[19:51:34] 1 NC_011748.1 224269 16S ribosomal RNA
[19:51:34] 2 NC_011748.1 226256 23S ribosomal RNA
[19:51:34] 3 NC_011748.1 229255 5S ribosomal RNA
[19:51:34] 4 NC_011748.1 2949311 5S ribosomal RNA
[19:51:34] 5 NC_011748.1 2949520 23S ribosomal RNA
[19:51:34] 6 NC_011748.1 2952864 16S ribosomal RNA
[19:51:34] 7 NC_011748.1 3773058 5S ribosomal RNA
[19:51:34] 8 NC_011748.1 3773303 5S ribosomal RNA
[19:51:34] 9 NC_011748.1 3773512 23S ribosomal RNA
[19:51:34] 10 NC_011748.1 3776862 16S ribosomal RNA
[19:51:34] 11 NC_011748.1 4322104 16S ribosomal RNA
[19:51:34] 12 NC_011748.1 4323999 23S ribosomal RNA
[19:51:34] 13 NC_011748.1 4326997 5S ribosomal RNA
[19:51:34] 14 NC_011748.1 4419401 16S ribosomal RNA
[19:51:34] 15 NC_011748.1 4421388 23S ribosomal RNA
[19:51:34] 16 NC_011748.1 4424386 5S ribosomal RNA
[19:51:34] 17 NC_011748.1 4556607 16S ribosomal RNA
[19:51:34] 18 NC_011748.1 4558502 23S ribosomal RNA
[19:51:34] 19 NC_011748.1 4561500 5S ribosomal RNA
[19:51:34] 20 NC_011748.1 4597988 16S ribosomal RNA
[19:51:34] 21 NC_011748.1 4599883 23S ribosomal RNA
[19:51:34] 22 NC_011748.1 4602881 5S ribosomal RNA
[19:51:34] Found 22 rRNAs
[19:51:34] Skipping ncRNA search, enable with --rfam if desired.
[19:51:34] Total of 118 tRNA + rRNA features
[19:51:34] Searching for CRISPR repeats
[19:51:34] CRISPR1 NC_011748.1 3120001 with 16 spacers
[19:51:34] Found 1 CRISPRs
[19:51:34] Predicting coding sequences
[19:51:34] Contigs total 5154862 bp, so using single mode
[19:51:34] Running: prodigal -i \/mnt\/c\/Users\/migue\/OneDrive\/Ambiente\ de\ Trabalho\/Prokka_GCF_000026245\/Prokka_GCF_000026245\.fna -c -m -g 11 -p single -f sco -q
[19:51:42] Excluding CDS which overlaps existing RNA (rRNA) at NC_011748.1:225453..225707 on + strand
[19:51:42] Excluding CDS which overlaps existing RNA (tRNA) at NC_011748.1:370897..371142 on + strand
[19:51:43] Excluding CDS which overlaps existing RNA (tRNA) at NC_011748.1:1382010..1382456 on + strand
[19:51:45] Excluding CDS which overlaps existing RNA (rRNA) at NC_011748.1:2952963..2953217 on - strand
[19:51:45] Excluding CDS which overlaps existing RNA (tRNA) at NC_011748.1:3773133..3773456 on + strand
[19:51:45] Excluding CDS which overlaps existing RNA (rRNA) at NC_011748.1:3776961..3777215 on - strand
[19:51:46] Excluding CDS which overlaps existing RNA (rRNA) at NC_011748.1:4323288..4323542 on + strand
[19:51:46] Excluding CDS which overlaps existing RNA (rRNA) at NC_011748.1:4420585..4420839 on + strand
[19:51:46] Excluding CDS which overlaps existing RNA (rRNA) at NC_011748.1:4557791..4558045 on + strand
[19:51:46] Excluding CDS which overlaps existing RNA (rRNA) at NC_011748.1:4599172..4599426 on + strand
[19:51:46] Excluding CDS which overlaps existing RNA (tRNA) at NC_011748.1:4837937..4838380 on - strand
[19:51:47] Found 4834 CDS
[19:51:47] Connecting features back to sequences
[19:51:47] Not using genus-specific database. Try --usegenus to enable it.
[19:51:47] Annotating CDS, please be patient.
[19:51:47] Will use 8 CPUs for similarity searching.
[19:51:50] There are still 4834 unannotated CDS left (started with 4834)
[19:51:50] Will use blast to search against /home/miguelbalexandre/miniconda3/envs/prokka_env/db/kingdom/Bacteria/IS with 8 CPUs
[19:51:50] Running: cat \/mnt\/c\/Users\/migue\/OneDrive\/Ambiente\ de\ Trabalho\/Prokka_GCF_000026245\/Prokka_GCF_000026245\.IS\.tmp\.22511\.faa | parallel --gnu --plain -j 8 --block 95974 --recstart '>' --pipe blastp -query - -db /home/miguelbalexandre/miniconda3/envs/prokka_env/db/kingdom/Bacteria/IS -evalue 1e-30 -qcov_hsp_perc 90 -num_threads 1 -num_descriptions 1 -num_alignments 1 -seg no > \/mnt\/c\/Users\/migue\/OneDrive\/Ambiente\ de\ Trabalho\/Prokka_GCF_000026245\/Prokka_GCF_000026245\.IS\.tmp\.22511\.blast 2> /dev/null
[19:52:02] Deleting unwanted file: /mnt/c/Users/migue/OneDrive/Ambiente de Trabalho/Prokka_GCF_000026245/Prokka_GCF_000026245.IS.tmp.22511.faa
[19:52:02] Deleting unwanted file: /mnt/c/Users/migue/OneDrive/Ambiente de Trabalho/Prokka_GCF_000026245/Prokka_GCF_000026245.IS.tmp.22511.blast
[19:52:06] There are still 4729 unannotated CDS left (started with 4834)
[19:52:06] Will use blast to search against /home/miguelbalexandre/miniconda3/envs/prokka_env/db/kingdom/Bacteria/AMR with 8 CPUs
[19:52:06] Running: cat \/mnt\/c\/Users\/migue\/OneDrive\/Ambiente\ de\ Trabalho\/Prokka_GCF_000026245\/Prokka_GCF_000026245\.AMR\.tmp\.22511\.faa | parallel --gnu --plain -j 8 --block 94445 --recstart '>' --pipe blastp -query - -db /home/miguelbalexandre/miniconda3/envs/prokka_env/db/kingdom/Bacteria/AMR -evalue 1e-300 -qcov_hsp_perc 90 -num_threads 1 -num_descriptions 1 -num_alignments 1 -seg no > \/mnt\/c\/Users\/migue\/OneDrive\/Ambiente\ de\ Trabalho\/Prokka_GCF_000026245\/Prokka_GCF_000026245\.AMR\.tmp\.22511\.blast 2> /dev/null
[19:52:14] Deleting unwanted file: /mnt/c/Users/migue/OneDrive/Ambiente de Trabalho/Prokka_GCF_000026245/Prokka_GCF_000026245.AMR.tmp.22511.faa
[19:52:14] Deleting unwanted file: /mnt/c/Users/migue/OneDrive/Ambiente de Trabalho/Prokka_GCF_000026245/Prokka_GCF_000026245.AMR.tmp.22511.blast
[19:52:17] There are still 4729 unannotated CDS left (started with 4834)
[19:52:17] Will use blast to search against /home/miguelbalexandre/miniconda3/envs/prokka_env/db/kingdom/Bacteria/sprot with 8 CPUs
[19:52:17] Running: cat \/mnt\/c\/Users\/migue\/OneDrive\/Ambiente\ de\ Trabalho\/Prokka_GCF_000026245\/Prokka_GCF_000026245\.sprot\.tmp\.22511\.faa | parallel --gnu --plain -j 8 --block 94445 --recstart '>' --pipe blastp -query - -db /home/miguelbalexandre/miniconda3/envs/prokka_env/db/kingdom/Bacteria/sprot -evalue 1e-09 -qcov_hsp_perc 80 -num_threads 1 -num_descriptions 1 -num_alignments 1 -seg no > \/mnt\/c\/Users\/migue\/OneDrive\/Ambiente\ de\ Trabalho\/Prokka_GCF_000026245\/Prokka_GCF_000026245\.sprot\.tmp\.22511\.blast 2> /dev/null
[19:53:09] Modify product: Probable ATP-dependent transporter SufC => putative ATP-dependent transporter SufC
[19:53:09] Modify product: Uncharacterized protein HI_1163 => putative protein
[19:53:09] Modify product: Uncharacterized protein YdiE => putative protein YdiE
[19:53:09] Modify product: Uncharacterized protein YniD => putative protein YniD
[19:53:09] Modify product: Probable ketoamine kinase lp_1983 => putative ketoamine kinase
[19:53:09] Modify product: Uncharacterized HTH-type transcriptional regulator YdjF => putative HTH-type transcriptional regulator YdjF
[19:53:09] Modify product: Uncharacterized sugar kinase YdjH => putative sugar kinase YdjH
[19:53:09] Modify product: Uncharacterized protein YdjI => putative protein YdjI
[19:53:09] Modify product: Uncharacterized zinc-type alcohol dehydrogenase-like protein YdjJ => putative zinc-type alcohol dehydrogenase-like protein YdjJ
[19:53:09] Modify product: Stress response UPF0229 protein YhbH => hypothetical protein
[19:53:09] Modify product: Probable diguanylate cyclase CdgI => putative diguanylate cyclase CdgI
[19:53:09] Modify product: Probable diguanylate cyclase DgcJ => putative diguanylate cyclase DgcJ
[19:53:09] Modify product: Uncharacterized protein YeaR => putative protein YeaR
[19:53:09] Modify product: Probable ATP-dependent DNA helicase YoaA => putative ATP-dependent DNA helicase YoaA
[19:53:09] Modify product: Probable cyclic di-GMP phosphodiesterase PdeD => putative cyclic di-GMP phosphodiesterase PdeD
[19:53:09] Modify product: UPF0053 inner membrane protein YoaE => hypothetical protein
[19:53:09] Modify product: UPF0266 membrane protein YobD => hypothetical protein
[19:53:09] Modify product: Probable manganese efflux pump MntP => putative manganese efflux pump MntP
[19:53:09] Modify product: Uncharacterized protein YebV => putative protein YebV
[19:53:09] Modify product: Probable transcriptional regulatory protein YebC => putative transcriptional regulatory protein YebC
[19:53:09] Modify product: Prophage tail fiber assembly protein homolog TfaE => Prophage tail fiber assembly protein TfaE
[19:53:09] Modify product: UPF0394 inner membrane protein YedE => hypothetical protein
[19:53:09] Modify product: UPF0098 protein YbcL => hypothetical protein
[19:53:09] Modify product: Probable diguanylate cyclase DgcQ => putative diguanylate cyclase DgcQ
[19:53:09] Modify product: Probable diguanylate cyclase DgcQ => putative diguanylate cyclase DgcQ
[19:53:09] Modify product: Uncharacterized inner membrane transporter YedA => putative inner membrane transporter YedA
[19:53:09] Modify product: Uncharacterized protein YedJ => putative protein YedJ
[19:53:09] Modify product: UPF0227 protein YcfP => hypothetical protein
[19:53:09] Modify product: Probable L,D-transpeptidase YcfS => putative L,D-transpeptidase YcfS
[19:53:09] Modify product: Uncharacterized protein YdfO => putative protein YdfO
[19:53:09] Modify product: Probable two-component-system connector protein YcgZ => putative two-component-system connector protein YcgZ
[19:53:09] Modify product: Probable two-component-system connector protein AriR => putative two-component-system connector protein AriR
[19:53:09] Modify product: Uncharacterized protein YmgC => putative protein YmgC
[19:53:09] Modify product: Probable cyclic di-GMP phosphodiesterase PdeG => putative cyclic di-GMP phosphodiesterase PdeG
[19:53:09] Modify product: Uncharacterized protein YmgD => putative protein YmgD
[19:53:09] Modify product: UPF0757 protein YmgG => hypothetical protein
[19:53:09] Modify product: Probable autotransporter ROD_p1121 => putative autotransporter
[19:53:09] Modify product: Uncharacterized protein YcgM => putative protein YcgM
[19:53:09] Modify product: UPF0225 protein YchJ => hypothetical protein
[19:53:09] Modify product: Uncharacterized NTE family protein Rv1063c => putative NTE family protein
[19:53:09] Modify product: UPF0056 inner membrane protein MarC => hypothetical protein
[19:53:09] Modify product: UPF0263 protein YciU => hypothetical protein
[19:53:09] Modify product: Uncharacterized acyl-CoA thioester hydrolase HI_0827 => putative acyl-CoA thioester hydrolase
[19:53:09] Modify product: Probable intracellular septation protein A => putative intracellular septation protein A
[19:53:09] Modify product: UPF0259 membrane protein YciC => hypothetical protein
[19:53:09] Modify product: Uncharacterized protein YdfR => putative protein YdfR
[19:53:09] Modify product: Prophage tail fiber assembly protein homolog TfaE => Prophage tail fiber assembly protein TfaE
[19:53:09] Modify product: Uncharacterized protein YciO => putative protein YciO
[19:53:09] Modify product: Uncharacterized oxidoreductase YciK => putative oxidoreductase YciK
[19:53:09] Modify product: Probable protease SohB => putative protease SohB
[19:53:09] Modify product: Uncharacterized protein YciH => putative protein YciH
[19:53:09] Modify product: UPF0509 protein YciZ => hypothetical protein
[19:53:09] Modify product: Uncharacterized protein HI_1162 => putative protein
[19:53:09] Modify product: Uncharacterized protein YcjX => putative protein YcjX
[19:53:09] Modify product: UPF0283 membrane protein YcjF => hypothetical protein
[19:53:09] Modify product: Uncharacterized protein YcjY => putative protein YcjY
[19:53:09] Modify product: Probable DNA endonuclease SmrA => putative DNA endonuclease SmrA
[19:53:09] Modify product: Uncharacterized protein YnbC => putative protein YnbC
[19:53:09] Modify product: Uncharacterized protein YnbD => putative protein YnbD
[19:53:09] Modify product: Probable peptidoglycan glycosyltransferase FtsW => putative peptidoglycan glycosyltransferase FtsW
[19:53:09] Modify product: UPF0231 protein YacL => hypothetical protein
[19:53:09] Modify product: Uncharacterized ABC transporter ATP-binding protein YadG => putative ABC transporter ATP-binding protein YadG
[19:53:09] Modify product: Uncharacterized fimbrial-like protein YadC => putative fimbrial-like protein YadC
[19:53:10] Modify product: Uncharacterized fimbrial-like protein YadK => putative fimbrial-like protein YadK
[19:53:10] Modify product: Uncharacterized fimbrial-like protein YadL => putative fimbrial-like protein YadL
[19:53:10] Modify product: Uncharacterized fimbrial-like protein YadM => putative fimbrial-like protein YadM
[19:53:10] Modify product: Probable fimbrial chaperone YadV => putative fimbrial chaperone YadV
[19:53:10] Modify product: Uncharacterized fimbrial-like protein YadN => putative fimbrial-like protein YadN
[19:53:10] Modify product: UPF0126 inner membrane protein YadS => hypothetical protein
[19:53:10] Modify product: UPF0253 protein YaeP => hypothetical protein
[19:53:10] Modify product: Uncharacterized protein YaeQ => putative protein YaeQ
[19:53:10] Modify product: Uncharacterized methyltransferase YcgJ => putative methyltransferase YcgJ
[19:53:10] Modify product: Uncharacterized N-acetyltransferase YafP => putative N-acetyltransferase YafP
[19:53:10] Modify product: UPF0255 protein VV1_0328 => hypothetical protein
[19:53:10] Modify product: Probable fimbrial chaperone EcpE => putative fimbrial chaperone EcpE
[19:53:10] Modify product: Uncharacterized lipoprotein YbjP => putative lipoprotein YbjP
[19:53:10] Modify product: UPF0145 protein YbjQ => hypothetical protein
[19:53:10] Modify product: Probable hydrolase YcaC => putative hydrolase YcaC
[19:53:10] Modify product: Uncharacterized MFS-type transporter YcaD => putative MFS-type transporter YcaD
[19:53:10] Modify product: Probable formate transporter 1 => putative formate transporter 1
[19:53:10] Modify product: UPF0434 protein YcaR => hypothetical protein
[19:53:10] Modify product: Probable L,D-transpeptidase YcbB => putative L,D-transpeptidase YcbB
[19:53:10] Modify product: Probable fimbrial chaperone protein ElfD => putative fimbrial chaperone protein ElfD
[19:53:10] Modify product: Probable outer membrane usher protein ElfC => putative outer membrane usher protein ElfC
[19:53:10] Modify product: Uncharacterized fimbrial-like protein ElfG => putative fimbrial-like protein ElfG
[19:53:10] Modify product: Uncharacterized fimbrial-like protein YcbU => putative fimbrial-like protein YcbU
[19:53:10] Modify product: Uncharacterized fimbrial-like protein YcbV => putative fimbrial-like protein YcbV
[19:53:10] Modify product: Uncharacterized fimbrial chaperone YcbF => putative fimbrial chaperone YcbF
[19:53:10] Modify product: Uncharacterized protein YcbX => putative protein YcbX
[19:53:10] Modify product: UPF0319 protein HI_1681 => hypothetical protein
[19:53:10] Modify product: Uncharacterized protein YccU => putative protein YccU
[19:53:10] Modify product: Uncharacterized protein YdfB => putative protein YdfB
[19:53:10] Modify product: Probable Ni/Fe-hydrogenase 1 B-type cytochrome subunit => putative Ni/Fe-hydrogenase 1 B-type cytochrome subunit
[19:53:10] Modify product: Uncharacterized lipoprotein GfcB => putative lipoprotein GfcB
[19:53:10] Modify product: Uncharacterized protein YccJ => putative protein YccJ
[19:53:10] Modify product: Probable malonic semialdehyde reductase RutE => putative malonic semialdehyde reductase RutE
[19:53:10] Modify product: Probable diguanylate cyclase DgcT => putative diguanylate cyclase DgcT
[19:53:10] Modify product: Probable diguanylate cyclase DgcT => putative diguanylate cyclase DgcT
[19:53:10] Modify product: Probable phosphatase YcdX => putative phosphatase YcdX
[19:53:10] Modify product: UPF0176 protein YceA => hypothetical protein
[19:53:10] Modify product: Cytochrome b561 homolog 2 => Cytochrome b561 
[19:53:10] Modify product: Uncharacterized protein YceO => putative protein YceO
[19:53:10] Modify product: Uncharacterized lipoprotein YceB => putative lipoprotein YceB
[19:53:10] Modify product: UPF0502 protein YceH => hypothetical protein
[19:53:10] Modify product: Uncharacterized metal-dependent hydrolase YcfH => putative metal-dependent hydrolase YcfH
[19:53:10] Modify product: Uncharacterized protein Rv3292 => putative protein
[19:53:10] Modify product: 23S rRNA 5-hydroxycytidine C2501 synthase => 23S rRNA 5-hydroxycytidine synthase
[19:53:10] Modify product: Uncharacterized protein YdcY => putative protein YdcY
[19:53:10] Modify product: Uncharacterized protein YncE => putative protein YncE
[19:53:10] Modify product: Uncharacterized isomerase YddE => putative isomerase YddE
[19:53:10] Modify product: Probable nitrate reductase molybdenum cofactor assembly chaperone NarW => putative nitrate reductase molybdenum cofactor assembly chaperone NarW
[19:53:10] Modify product: Uncharacterized HTH-type transcriptional regulator YddM => putative HTH-type transcriptional regulator YddM
[19:53:10] Modify product: Probable D,D-dipeptide transport ATP-binding protein DdpF => putative D,D-dipeptide transport ATP-binding protein DdpF
[19:53:10] Modify product: Probable D,D-dipeptide transport ATP-binding protein DdpD => putative D,D-dipeptide transport ATP-binding protein DdpD
[19:53:10] Modify product: Probable D,D-dipeptide transport system permease protein DdpC => putative D,D-dipeptide transport system permease protein DdpC
[19:53:10] Modify product: Probable D,D-dipeptide transport system permease protein DdpB => putative D,D-dipeptide transport system permease protein DdpB
[19:53:10] Modify product: Probable D,D-dipeptide-binding periplasmic protein DdpA => putative D,D-dipeptide-binding periplasmic protein DdpA
[19:53:10] Modify product: Probable glutamate/gamma-aminobutyrate antiporter => putative glutamate/gamma-aminobutyrate antiporter
[19:53:10] Modify product: UPF0056 inner membrane protein MarC => hypothetical protein
[19:53:10] Modify product: Probable amino-acid metabolite efflux pump => putative amino-acid metabolite efflux pump
[19:53:10] Modify product: Prophage tail fiber assembly protein homolog TfaE => Prophage tail fiber assembly protein TfaE
[19:53:10] Modify product: Uncharacterized protein YdfO => putative protein YdfO
[19:53:10] Modify product: Uncharacterized protein YdfR => putative protein YdfR
[19:53:10] Modify product: UPF0060 membrane protein YnfA => hypothetical protein
[19:53:10] Modify product: UPF0482 protein YnfB => hypothetical protein
[19:53:10] Modify product: Uncharacterized protein YnfD => putative protein YnfD
[19:53:10] Modify product: Probable dimethyl sulfoxide reductase chain YnfF => putative dimethyl sulfoxide reductase chain YnfF
[19:53:10] Modify product: Uncharacterized oxidoreductase YdgJ => putative oxidoreductase YdgJ
[19:53:10] Modify product: Uncharacterized protein YnhF => putative protein YnhF
[19:53:10] Modify product: Uncharacterized HTH-type transcriptional regulator YahB => putative HTH-type transcriptional regulator YahB
[19:53:10] Modify product: Probable autotransporter ROD_p1121 => putative autotransporter
[19:53:10] Modify product: Uncharacterized protein YdhT => putative protein YdhT
[19:53:10] Modify product: Uncharacterized ferredoxin-like protein YdhX => putative ferredoxin-like protein YdhX
[19:53:10] Modify product: Uncharacterized protein YdhW => putative protein YdhW
[19:53:10] Modify product: Uncharacterized oxidoreductase YdhV => putative oxidoreductase YdhV
[19:53:10] Modify product: Uncharacterized ferredoxin-like protein YdhY => putative ferredoxin-like protein YdhY
[19:53:10] Modify product: Probable L,D-transpeptidase YnhG => putative L,D-transpeptidase YnhG
[19:53:10] Modify product: Putative multidrug export ATP-binding/permease protein SAV1866 => Putative multidrug export ATP-binding/permease protein
[19:53:10] Modify product: Probable transcriptional regulatory protein YeeN => putative transcriptional regulatory protein YeeN
[19:53:10] Modify product: Probable FMN/FAD exporter YeeO => putative FMN/FAD exporter YeeO
[19:53:10] Modify product: Probable L,D-transpeptidase ErfK/SrfK => putative L,D-transpeptidase ErfK/SrfK
[19:53:10] Modify product: UPF0758 protein CT0611 => hypothetical protein
[19:53:10] Modify product: UPF0265 protein YeeX => hypothetical protein
[19:53:10] Modify product: UPF0394 inner membrane protein YeeE => hypothetical protein
[19:53:10] Modify product: UPF0053 inner membrane protein YoaE => hypothetical protein
[19:53:10] Modify product: Probable diguanylate cyclase DgcE => putative diguanylate cyclase DgcE
[19:53:10] Modify product: UPF0339 protein YegP => hypothetical protein
[19:53:10] Modify product: 23S rRNA 5-hydroxycytidine C2501 synthase => 23S rRNA 5-hydroxycytidine synthase
[19:53:10] Modify product: Uncharacterized fimbrial-like protein YehA => putative fimbrial-like protein YehA
[19:53:10] Modify product: Probable fimbrial chaperone YehC => putative fimbrial chaperone YehC
[19:53:10] Modify product: Uncharacterized fimbrial-like protein YehD => putative fimbrial-like protein YehD
[19:53:10] Modify product: UPF0387 membrane protein YohO => hypothetical protein
[19:53:10] Modify product: Uncharacterized oxidoreductase YohF => putative oxidoreductase YohF
[19:53:10] Modify product: UPF0299 membrane protein YohJ => hypothetical protein
[19:53:10] Modify product: UPF0324 inner membrane protein YeiH => hypothetical protein
[19:53:10] Modify product: UPF0153 protein YeiW => hypothetical protein
[19:53:10] Modify product: Probable cyclic di-GMP phosphodiesterase PdeN => putative cyclic di-GMP phosphodiesterase PdeN
[19:53:10] Modify product: Uncharacterized ABC transporter ATP-binding protein YejF => putative ABC transporter ATP-binding protein YejF
[19:53:10] Modify product: Uncharacterized protein YejG => putative protein YejG
[19:53:10] Modify product: UPF0352 protein YejL => hypothetical protein
[19:53:10] Modify product: Probable autotransporter ROD_p1121 => putative autotransporter
[19:53:10] Modify product: Uncharacterized protein YbdM => putative protein YbdM
[19:53:10] Modify product: Uncharacterized HTH-type transcriptional regulator YbdO => putative HTH-type transcriptional regulator YbdO
[19:53:10] Modify product: Probable zinc-binding alcohol dehydrogenase Rv1895 => putative zinc-binding alcohol dehydrogenase
[19:53:10] Modify product: Uncharacterized HTH-type transcriptional regulator YbdO => putative HTH-type transcriptional regulator YbdO
[19:53:10] Modify product: UPF0250 protein YbeD => hypothetical protein
[19:53:10] Modify product: Uncharacterized lipoprotein ChiQ => putative lipoprotein ChiQ
[19:53:10] Modify product: Uncharacterized protein YbfE => putative protein YbfE
[19:53:10] Modify product: GTP cyclohydrolase 1 type 2 homolog => GTP cyclohydrolase 1 type 2 
[19:53:10] Modify product: Uncharacterized fimbrial-like protein YbgD => putative fimbrial-like protein YbgD
[19:53:10] Modify product: Uncharacterized protein YlcG => putative protein YlcG
[19:53:10] Modify product: Uncharacterized protein YdfO => putative protein YdfO
[19:53:10] Modify product: Prophage tail fiber assembly protein homolog TfaE => Prophage tail fiber assembly protein TfaE
[19:53:10] Modify product: Probable diguanylate cyclase CdgI => putative diguanylate cyclase CdgI
[19:53:10] Modify product: UPF0098 protein YbhB => hypothetical protein
[19:53:10] Modify product: Probable multidrug ABC transporter permease YbhR => putative multidrug ABC transporter permease YbhR
[19:53:10] Modify product: Probable multidrug ABC transporter permease YbhS => putative multidrug ABC transporter permease YbhS
[19:53:10] Modify product: Probable multidrug ABC transporter ATP-binding protein YbhF => putative multidrug ABC transporter ATP-binding protein YbhF
[19:53:10] Modify product: UPF0194 membrane protein YbhG => hypothetical protein
[19:53:10] Modify product: Uncharacterized protein YbiB => putative protein YbiB
[19:53:10] Modify product: Uncharacterized protein YbiI => putative protein YbiI
[19:53:10] Modify product: PKHD-type hydroxylase Sbal_3634 => PKHD-type hydroxylase
[19:53:10] Modify product: Uncharacterized protein McbA => putative protein McbA
[19:53:10] Modify product: Probable L,D-transpeptidase YbiS => putative L,D-transpeptidase YbiS
[19:53:10] Modify product: Uncharacterized ABC transporter ATP-binding protein YbiT => putative ABC transporter ATP-binding protein YbiT
[19:53:10] Modify product: Uncharacterized protein YbiU => putative protein YbiU
[19:53:10] Modify product: Probable cyclic di-GMP phosphodiesterase PdeI => putative cyclic di-GMP phosphodiesterase PdeI
[19:53:10] Modify product: Uncharacterized protein YbjN => putative protein YbjN
[19:53:10] Modify product: Probable outer membrane usher protein EcpC => putative outer membrane usher protein EcpC
[19:53:10] Modify product: Probable fimbrial chaperone EcpB => putative fimbrial chaperone EcpB
[19:53:10] Modify product: Uncharacterized membrane protein YkgR => putative membrane protein YkgR
[19:53:10] Modify product: Probable pyridine nucleotide-disulfide oxidoreductase RclA => putative pyridine nucleotide-disulfide oxidoreductase RclA
[19:53:10] Modify product: Uncharacterized HTH-type transcriptional regulator YahB => putative HTH-type transcriptional regulator YahB
[19:53:10] Modify product: Uncharacterized transporter YycB => putative transporter YycB
[19:53:10] Modify product: Probable diguanylate cyclase DgcC => putative diguanylate cyclase DgcC
[19:53:11] Modify product: UPF0178 protein YaiI => hypothetical protein
[19:53:11] Modify product: Uncharacterized protein YaiA => putative protein YaiA
[19:53:11] Modify product: Uncharacterized lipoprotein YajI => putative lipoprotein YajI
[19:53:11] Modify product: Uncharacterized lipoprotein YajI => putative lipoprotein YajI
[19:53:11] Modify product: UPF0234 protein YajQ => hypothetical protein
[19:53:11] Modify product: Uncharacterized protein HI_1008 => putative protein
[19:53:11] Modify product: Probable multidrug resistance ABC transporter ATP-binding/permease protein YheI => putative multidrug resistance ABC transporter ATP-binding/permease protein YheI
[19:53:11] Modify product: Uncharacterized lipoprotein YbaY => putative lipoprotein YbaY
[19:53:11] Modify product: Uncharacterized protein YbaA => putative protein YbaA
[19:53:11] Modify product: Probable cyclic di-GMP phosphodiesterase PdeB => putative cyclic di-GMP phosphodiesterase PdeB
[19:53:11] Modify product: Uncharacterized HTH-type transcriptional regulator YbaQ => putative HTH-type transcriptional regulator YbaQ
[19:53:11] Modify product: Probable iron export ATP-binding protein FetA => putative iron export ATP-binding protein FetA
[19:53:11] Modify product: Probable iron export permease protein FetB => putative iron export permease protein FetB
[19:53:11] Modify product: Uncharacterized protein YbbC => putative protein YbbC
[19:53:11] Modify product: Uncharacterized protein YbcJ => putative protein YbcJ
[19:53:11] Modify product: Bifunctional protein FolD => Bifunctional protein FolD protein
[19:53:11] Modify product: Uncharacterized fimbrial-like protein SfmA => putative fimbrial-like protein SfmA
[19:53:11] Modify product: Probable fimbrial chaperone SfmC => putative fimbrial chaperone SfmC
[19:53:11] Modify product: Uncharacterized fimbrial-like protein SfmH => putative fimbrial-like protein SfmH
[19:53:11] Modify product: Uncharacterized fimbrial-like protein SfmF => putative fimbrial-like protein SfmF
[19:53:11] Modify product: UPF0053 inner membrane protein YgdQ => hypothetical protein
[19:53:11] Modify product: Uncharacterized lipoprotein YgdR => putative lipoprotein YgdR
[19:53:11] Modify product: Uncharacterized response regulatory protein YgeK => putative response regulatory protein YgeK
[19:53:11] Modify product: Uncharacterized protein YqfG => putative protein YqfG
[19:53:11] Modify product: UPF0073 inner membrane protein YqfA => hypothetical protein
[19:53:11] Modify product: UPF0267 protein YqfB => hypothetical protein
[19:53:11] Modify product: Uncharacterized oxidoreductase YgfF => putative oxidoreductase YgfF
[19:53:11] Modify product: UPF0149 protein HI_0817 => hypothetical protein
[19:53:11] Modify product: UPF0301 protein YqgE => hypothetical protein
[19:53:11] Modify product: Uncharacterized protein YggR => putative protein YggR
[19:53:11] Modify product: UPF0235 protein YggU => hypothetical protein
[19:53:11] Modify product: Uncharacterized protein HI_0341 => putative protein
[19:53:11] Modify product: Probable Fe(2+)-trafficking protein => putative Fe(2+)-trafficking protein
[19:53:11] Modify product: Uncharacterized protein YbdM => putative protein YbdM
[19:53:11] Modify product: UPF0401 protein YkfF => hypothetical protein
[19:53:11] Modify product: Uncharacterized FAD-linked oxidoreductase Rv2280 => putative FAD-linked oxidoreductase
[19:53:11] Modify product: Uncharacterized protein YtfJ => putative protein YtfJ
[19:53:11] Modify product: Probable Ni/Fe-hydrogenase 2 b-type cytochrome subunit => putative Ni/Fe-hydrogenase 2 b-type cytochrome subunit
[19:53:11] Modify product: Uncharacterized protein YfgJ => putative protein YfgJ
[19:53:11] Modify product: UPF0070 protein HI_0370 => hypothetical protein
[19:53:11] Modify product: Uncharacterized protein Rv2307c => putative protein
[19:53:11] Modify product: Probable 3-phenylpropionic acid transporter => putative 3-phenylpropionic acid transporter
[19:53:11] Modify product: Uncharacterized protein YphB => putative protein YphB
[19:53:11] Modify product: Uncharacterized tRNA/rRNA methyltransferase YfiF => putative tRNA/rRNA methyltransferase YfiF
[19:53:11] Modify product: UPF0053 inner membrane protein YfjD => hypothetical protein
[19:53:11] Modify product: UPF0125 protein RatB => hypothetical protein
[19:53:11] Modify product: Probable HTH-type transcriptional regulator YgaV => putative HTH-type transcriptional regulator YgaV
[19:53:11] Modify product: Uncharacterized protein YgaM => putative protein YgaM
[19:53:11] Modify product: Probable transporter SCO4007 => putative transporter
[19:53:11] Modify product: Probable UbiX-like flavin prenyltransferase => putative UbiX-like flavin prenyltransferase
[19:53:11] Modify product: Uncharacterized protein YgcP => putative protein YgcP
[19:53:11] Modify product: Uncharacterized protein YqcG => putative protein YqcG
[19:53:11] Modify product: Probable glucarate transporter => putative glucarate transporter
[19:53:11] Modify product: Uncharacterized protein PA3435 => putative protein
[19:53:11] Modify product: Uncharacterized protein YqcC => putative protein YqcC
[19:53:11] Modify product: Uncharacterized HTH-type transcriptional regulator YdjF => putative HTH-type transcriptional regulator YdjF
[19:53:11] Modify product: UPF0382 inner membrane protein YgdD => hypothetical protein
[19:53:11] Modify product: Uncharacterized lipoprotein YgdR => putative lipoprotein YgdR
[19:53:11] Modify product: Probable autotransporter YfaL => putative autotransporter YfaL
[19:53:11] Modify product: Probable 4-deoxy-4-formamido-L-arabinose-phosphoundecaprenol deformylase ArnD => putative 4-deoxy-4-formamido-L-arabinose-phosphoundecaprenol deformylase ArnD
[19:53:11] Modify product: Probable 4-amino-4-deoxy-L-arabinose-phosphoundecaprenol flippase subunit ArnE => putative 4-amino-4-deoxy-L-arabinose-phosphoundecaprenol flippase subunit ArnE
[19:53:11] Modify product: Probable 4-amino-4-deoxy-L-arabinose-phosphoundecaprenol flippase subunit ArnF => putative 4-amino-4-deoxy-L-arabinose-phosphoundecaprenol flippase subunit ArnF
[19:53:11] Modify product: UPF0304 protein YfbU => hypothetical protein
[19:53:11] Modify product: UPF0208 membrane protein YfbV => hypothetical protein
[19:53:11] Modify product: Uncharacterized Nudix hydrolase YfcD => putative Nudix hydrolase YfcD
[19:53:11] Modify product: Epimerase family protein SA0724 => Epimerase family protein
[19:53:11] Modify product: Uncharacterized MFS-type transporter YfcJ => putative MFS-type transporter YfcJ
[19:53:11] Modify product: Probable membrane transporter protein YfcA => putative membrane transporter protein YfcA
[19:53:11] Modify product: Uncharacterized protein YfcO => putative protein YfcO
[19:53:11] Modify product: Uncharacterized fimbrial-like protein YfcP => putative fimbrial-like protein YfcP
[19:53:11] Modify product: Uncharacterized fimbrial-like protein YfcQ => putative fimbrial-like protein YfcQ
[19:53:11] Modify product: Uncharacterized fimbrial-like protein YfcR => putative fimbrial-like protein YfcR
[19:53:11] Modify product: Probable fimbrial chaperone YfcS => putative fimbrial chaperone YfcS
[19:53:11] Modify product: Uncharacterized fimbrial-like protein YfcV => putative fimbrial-like protein YfcV
[19:53:11] Modify product: UPF0381 protein YiiS => hypothetical protein
[19:53:11] Modify product: Uncharacterized protein HI_1410 => putative protein
[19:53:11] Modify product: Uncharacterized HTH-type transcriptional regulator CBU_1416 => putative HTH-type transcriptional regulator
[19:53:11] Modify product: Probable multidrug resistance protein EmrY => putative multidrug resistance protein EmrY
[19:53:11] Modify product: Probable multidrug resistance protein EmrK => putative multidrug resistance protein EmrK
[19:53:11] Modify product: Probable cyclic di-GMP phosphodiesterase PdeA => putative cyclic di-GMP phosphodiesterase PdeA
[19:53:11] Modify product: Uncharacterized protein YfeY => putative protein YfeY
[19:53:11] Modify product: Uncharacterized protein Rv2575 => putative protein
[19:53:11] Modify product: Probable formate transporter 2 => putative formate transporter 2
[19:53:11] Modify product: Uncharacterized protein YfgD => putative protein YfgD
[19:53:11] Modify product: UPF0716 protein FxsA => hypothetical protein
[19:53:11] Modify product: UPF0719 inner membrane protein YjfL => hypothetical protein
[19:53:11] Modify product: Probable L-ascorbate-6-phosphate lactonase UlaG => putative L-ascorbate-6-phosphate lactonase UlaG
[19:53:11] Modify product: Uncharacterized protein YtfJ => putative protein YtfJ
[19:53:11] Modify product: UPF0053 inner membrane protein YtfL => hypothetical protein
[19:53:11] Modify product: UPF0307 protein YjgA => hypothetical protein
[19:53:11] Modify product: Uncharacterized protein YjgL => putative protein YjgL
[19:53:11] Modify product: Uncharacterized protein YjgL => putative protein YjgL
[19:53:11] Modify product: Uncharacterized protein YqjZ => putative protein YqjZ
[19:53:11] Modify product: UPF0401 protein YkfF => hypothetical protein
[19:53:11] Modify product: Uncharacterized HTH-type transcriptional regulator YbbH => putative HTH-type transcriptional regulator YbbH
[19:53:11] Modify product: Probable RNA polymerase sigma factor FecI => putative RNA polymerase sigma factor FecI
[19:53:11] Modify product: Probable RNA 2'-phosphotransferase => putative RNA 2'-phosphotransferase
[19:53:11] Modify product: Uncharacterized protein YjiK => putative protein YjiK
[19:53:11] Modify product: Probable type I restriction enzyme BthVORF4518P M protein => putative type I restriction enzymeP M protein
[19:53:11] Modify product: Probable L-galactonate transporter => putative L-galactonate transporter
[19:53:11] Modify product: Probable HTH-type transcriptional regulator LgoR => putative HTH-type transcriptional regulator LgoR
[19:53:11] Modify product: UPF0442 protein YjjB => hypothetical protein
[19:53:11] Modify product: Uncharacterized metal-dependent hydrolase YjjV => putative metal-dependent hydrolase YjjV
[19:53:11] Modify product: Uncharacterized protein YjjI => putative protein YjjI
[19:53:11] Modify product: Probable inner membrane protein Smp => putative inner membrane protein Smp
[19:53:11] Modify product: Uncharacterized GST-like protein YibF => putative GST-like protein YibF
[19:53:11] Modify product: Uncharacterized protein YibL => putative protein YibL
[19:53:11] Modify product: Uncharacterized protein YibN => putative protein YibN
[19:53:11] Modify product: Uncharacterized protein HI_0755 => putative protein
[19:53:11] Modify product: UPF0758 protein SP_1088 => hypothetical protein
[19:53:11] Modify product: UPF0701 protein YicC => hypothetical protein
[19:53:11] Modify product: UPF0126 inner membrane protein YicG => hypothetical protein
[19:53:12] Modify product: Uncharacterized inner membrane transporter YicL => putative inner membrane transporter YicL
[19:53:12] Modify product: Uncharacterized symporter YidK => putative symporter YidK
[19:53:12] Modify product: Probable 2-dehydro-3-deoxygalactonokinase DgoK1 => putative 2-dehydro-3-deoxygalactonokinase DgoK1
[19:53:12] Modify product: UPF0167 protein CbrC => hypothetical protein
[19:53:12] Modify product: Probable glucosamine-6-phosphate deaminase 2 => putative glucosamine-6-phosphate deaminase 2
[19:53:12] Modify product: Uncharacterized fimbrial-like protein ElfG => putative fimbrial-like protein ElfG
[19:53:12] Modify product: Probable outer membrane usher protein ElfC => putative outer membrane usher protein ElfC
[19:53:12] Modify product: Probable transport protein HsrA => putative transport protein HsrA
[19:53:12] Modify product: UPF0438 protein YifE => hypothetical protein
[19:53:12] Modify product: Probable ECA polymerase => putative ECA polymerase
[19:53:12] Modify product: Probable transport protein YifK => putative transport protein YifK
[19:53:12] Modify product: Probable protein kinase UbiB => putative protein kinase UbiB
[19:53:12] Modify product: Probable acyltransferase YihG => putative acyltransferase YihG
[19:53:12] Modify product: Probable GTP-binding protein EngB => putative GTP-binding protein EngB
[19:53:12] Modify product: Uncharacterized protein YshB => putative protein YshB
[19:53:12] Modify product: Uncharacterized zinc-type alcohol dehydrogenase-like protein YjmD => putative zinc-type alcohol dehydrogenase-like protein YjmD
[19:53:12] Modify product: Uncharacterized oxidoreductase YghA => putative oxidoreductase YghA
[19:53:12] Modify product: Probable quinol monooxygenase YgiN => putative quinol monooxygenase YgiN
[19:53:12] Modify product: Uncharacterized fimbrial-like protein YbgD => putative fimbrial-like protein YbgD
[19:53:12] Modify product: Probable glycerol-3-phosphate acyltransferase => putative glycerol-3-phosphate acyltransferase
[19:53:12] Modify product: Uncharacterized protein YqjD => putative protein YqjD
[19:53:12] Modify product: UPF0597 protein YhaM => hypothetical protein
[19:53:12] Modify product: Probable serine transporter => putative serine transporter
[19:53:12] Modify product: Probable galactarate transporter => putative galactarate transporter
[19:53:12] Modify product: Uncharacterized fimbrial-like protein YraH => putative fimbrial-like protein YraH
[19:53:12] Modify product: Probable fimbrial chaperone YraI => putative fimbrial chaperone YraI
[19:53:12] Modify product: Uncharacterized fimbrial-like protein YraK => putative fimbrial-like protein YraK
[19:53:12] Modify product: UPF0213 protein BH0048 => hypothetical protein
[19:53:12] Modify product: Uncharacterized protease YhbU => putative protease YhbU
[19:53:12] Modify product: Uncharacterized inner membrane transporter YhbE => putative inner membrane transporter YhbE
[19:53:12] Modify product: Uncharacterized protein YrbL => putative protein YrbL
[19:53:12] Modify product: Uncharacterized protein YhcH => putative protein YhcH
[19:53:12] Modify product: Uncharacterized protein YhcO => putative protein YhcO
[19:53:12] Modify product: Probable acrylyl-CoA reductase AcuI => putative acrylyl-CoA reductase AcuI
[19:53:12] Modify product: Uncharacterized membrane protein YhdT => putative membrane protein YhdT
[19:53:12] Modify product: Protein SlyX homolog => Protein SlyX 
[19:53:12] Modify product: Uncharacterized ABC transporter ATP-binding protein YheS => putative ABC transporter ATP-binding protein YheS
[19:53:12] Modify product: UPF0270 protein PA3463 => hypothetical protein
[19:53:12] Modify product: Probable protein adenylyltransferase Fic => putative protein adenylyltransferase Fic
[19:53:12] Modify product: Uncharacterized protein YhfG => putative protein YhfG
[19:53:12] Modify product: Probable fructoselysine/psicoselysine transporter FrlA => putative fructoselysine/psicoselysine transporter FrlA
[19:53:12] Modify product: Probable fructoselysine utilization operon transcriptional repressor => putative fructoselysine utilization operon transcriptional repressor
[19:53:12] Modify product: Uncharacterized protein YhfS => putative protein YhfS
[19:53:12] Modify product: Uncharacterized protein YhfX => putative protein YhfX
[19:53:12] Modify product: Putative membrane protein IgaA homolog => Putative membrane protein IgaA 
[19:53:12] Modify product: Probable [Fe-S]-dependent transcriptional repressor FeoC => putative [Fe-S]-dependent transcriptional repressor FeoC
[19:53:12] Modify product: UPF0056 inner membrane protein YhgN => hypothetical protein
[19:53:12] Modify product: Uncharacterized oxidoreductase YhhX => putative oxidoreductase YhhX
[19:53:12] Modify product: Uncharacterized protein YhhA => putative protein YhhA
[19:53:12] Modify product: Uncharacterized MFS-type transporter YhhS => putative MFS-type transporter YhhS
[19:53:12] Modify product: Probable copper-binding protein PcoE => putative copper-binding protein PcoE
[19:53:12] Modify product: Uncharacterized protein HI_0933 => putative protein
[19:53:12] Modify product: Probable cyclic di-GMP phosphodiesterase PdeK => putative cyclic di-GMP phosphodiesterase PdeK
[19:53:12] Modify product: Probable fimbrial subunit LpfE => putative fimbrial subunit LpfE
[19:53:12] Modify product: Probable minor fimbrial subunit LpfD => putative minor fimbrial subunit LpfD
[19:53:12] Modify product: Probable fimbrial chaperone LpfB => putative fimbrial chaperone LpfB
[19:53:12] Modify product: Probable major fimbrial subunit LpfA => putative major fimbrial subunit LpfA
[19:53:12] Modify product: Uncharacterized MFS-type transporter YhjX => putative MFS-type transporter YhjX
[19:53:12] Modify product: Probable lipoprotein YiaD => putative lipoprotein YiaD
[19:53:12] Modify product: Uncharacterized protein YhcH => putative protein YhcH
[19:53:12] Modify product: Uncharacterized protein YphB => putative protein YphB
[19:53:12] Modify product: UPF0761 membrane protein YihY => hypothetical protein
[19:53:12] Modify product: UPF0381 protein YiiS => hypothetical protein
[19:53:12] Modify product: Probable cystine transporter YijE => putative cystine transporter YijE
[19:53:12] Modify product: Probable L-galactonate transporter => putative L-galactonate transporter
[19:53:12] Modify product: Uncharacterized protein HI_0431 => putative protein
[19:53:12] Modify product: Uncharacterized lipoprotein GfcB => putative lipoprotein GfcB
[19:53:12] Modify product: UPF0337 protein YjbJ => hypothetical protein
[19:53:12] Modify product: Uncharacterized protein YjbR => putative protein YjbR
[19:53:12] Modify product: Probable cyclic di-GMP phosphodiesterase PdeC => putative cyclic di-GMP phosphodiesterase PdeC
[19:53:12] Modify product: Uncharacterized ferredoxin-like protein YdhX => putative ferredoxin-like protein YdhX
[19:53:12] Modify product: Probable transcriptional regulator PhnF => putative transcriptional regulator PhnF
[19:53:12] Modify product: Uncharacterized protein YjdJ => putative protein YjdJ
[19:53:12] Modify product: Probable cadaverine/lysine antiporter => putative cadaverine/lysine antiporter
[19:53:12] Cleaned 381 /product names
[19:53:12] Deleting unwanted file: /mnt/c/Users/migue/OneDrive/Ambiente de Trabalho/Prokka_GCF_000026245/Prokka_GCF_000026245.sprot.tmp.22511.faa
[19:53:12] Deleting unwanted file: /mnt/c/Users/migue/OneDrive/Ambiente de Trabalho/Prokka_GCF_000026245/Prokka_GCF_000026245.sprot.tmp.22511.blast
[19:53:13] There are still 1197 unannotated CDS left (started with 4834)
[19:53:13] Will use hmmer3 to search against /home/miguelbalexandre/miniconda3/envs/prokka_env/db/hmm/HAMAP.hmm with 8 CPUs
[19:53:13] Running: cat \/mnt\/c\/Users\/migue\/OneDrive\/Ambiente\ de\ Trabalho\/Prokka_GCF_000026245\/Prokka_GCF_000026245\.HAMAP\.hmm\.tmp\.22511\.faa | parallel --gnu --plain -j 8 --block 19444 --recstart '>' --pipe hmmscan --noali --notextw --acc -E 1e-09 --cpu 1 /home/miguelbalexandre/miniconda3/envs/prokka_env/db/hmm/HAMAP.hmm /dev/stdin > \/mnt\/c\/Users\/migue\/OneDrive\/Ambiente\ de\ Trabalho\/Prokka_GCF_000026245\/Prokka_GCF_000026245\.HAMAP\.hmm\.tmp\.22511\.hmmer3 2> /dev/null
[19:53:21] Modify product: Uncharacterized Nudix hydrolase NudL => putative Nudix hydrolase NudL
[19:53:21] Cleaned 1 /product names
[19:53:21] Deleting unwanted file: /mnt/c/Users/migue/OneDrive/Ambiente de Trabalho/Prokka_GCF_000026245/Prokka_GCF_000026245.HAMAP.hmm.tmp.22511.faa
[19:53:21] Deleting unwanted file: /mnt/c/Users/migue/OneDrive/Ambiente de Trabalho/Prokka_GCF_000026245/Prokka_GCF_000026245.HAMAP.hmm.tmp.22511.hmmer3
[19:53:21] Labelling remaining 1112 proteins as 'hypothetical protein'
[19:53:21] Possible /pseudo 'Protein RhsD' at NC_011748.1 position 267881
[19:53:21] Possible /pseudo 'putative lipoprotein YajI' at NC_011748.1 position 457903
[19:53:21] Possible /pseudo 'Toxic protein HokE' at NC_011748.1 position 624748
[19:53:21] Possible /pseudo 'ISAs1 family transposase ISEc1' at NC_011748.1 position 752650
[19:53:21] Possible /pseudo 'putative diguanylate cyclase DgcT' at NC_011748.1 position 1203654
[19:53:21] Possible /pseudo 'IS3 family transposase IS3' at NC_011748.1 position 1205454
[19:53:21] Possible /pseudo 'Hemolysin E, chromosomal' at NC_011748.1 position 1325718
[19:53:21] Possible /pseudo 'Hemolysin E, chromosomal' at NC_011748.1 position 1326117
[19:53:21] Possible /pseudo 'Small toxic polypeptide LdrA' at NC_011748.1 position 1365538
[19:53:21] Possible /pseudo 'Formate dehydrogenase, nitrate-inducible, major subunit' at NC_011748.1 position 1660753
[19:53:21] Possible /pseudo 'putative diguanylate cyclase DgcQ' at NC_011748.1 position 2213123
[19:53:21] Possible /pseudo 'Outer membrane protein YedS' at NC_011748.1 position 2220476
[19:53:21] Possible /pseudo 'D-tagatose-1,6-bisphosphate aldolase subunit GatZ' at NC_011748.1 position 2404742
[19:53:21] Possible /pseudo 'Glucarate dehydratase-related protein' at NC_011748.1 position 3137712
[19:53:21] Possible /pseudo 'Methylmalonyl-CoA mutase' at NC_011748.1 position 3287163
[19:53:21] Possible /pseudo 'Energy-coupling factor transporter ATP-binding protein EcfA1' at NC_011748.1 position 3301923
[19:53:21] Possible /pseudo 'Small toxic polypeptide LdrD' at NC_011748.1 position 4065624
[19:53:21] Possible /pseudo 'Small toxic polypeptide LdrD' at NC_011748.1 position 4066107
[19:53:21] Possible /pseudo '6-phospho-alpha-glucosidase' at NC_011748.1 position 4236509
[19:53:21] Possible /pseudo 'Cryptic beta-glucoside bgl operon antiterminator' at NC_011748.1 position 4281293
[19:53:21] Possible /pseudo 'Formate dehydrogenase-O major subunit' at NC_011748.1 position 4467201
[19:53:21] Possible /pseudo 'PTS system mannose-specific EIIBCA component' at NC_011748.1 position 4474328
[19:53:21] Possible /pseudo 'Formate dehydrogenase H' at NC_011748.1 position 4690267
[19:53:21] Possible /pseudo 'putative protein YjgL' at NC_011748.1 position 4924918
[19:53:22] Found 3172 unique /gene codes.
[19:53:22] Fixed 2 duplicate /gene - ubiJ_1 ubiJ_2
[19:53:22] Fixed 2 duplicate /gene - coaA_1 coaA_2
[19:53:22] Fixed 2 duplicate /gene - ulaE_1 ulaE_2
[19:53:22] Fixed 2 duplicate /gene - argE_1 argE_2
[19:53:22] Fixed 2 duplicate /gene - sapB_1 sapB_2
[19:53:22] Fixed 2 duplicate /gene - cusR_1 cusR_2
[19:53:22] Fixed 2 duplicate /gene - psuK_1 psuK_2
[19:53:22] Fixed 2 duplicate /gene - epsE_1 epsE_2
[19:53:22] Fixed 2 duplicate /gene - mtlA_1 mtlA_2
[19:53:22] Fixed 2 duplicate /gene - epsF_1 epsF_2
[19:53:22] Fixed 2 duplicate /gene - fdnG_1 fdnG_2
[19:53:22] Fixed 3 duplicate /gene - hlyE_1 hlyE_2 hlyE_3
[19:53:22] Fixed 4 duplicate /gene - insK_1 insK_2 insK_3 insK_4
[19:53:22] Fixed 2 duplicate /gene - ecfA1_1 ecfA1_2
[19:53:22] Fixed 2 duplicate /gene - gltC_1 gltC_2
[19:53:22] Fixed 2 duplicate /gene - ulaA_1 ulaA_2
[19:53:22] Fixed 2 duplicate /gene - topA_1 topA_2
[19:53:22] Fixed 2 duplicate /gene - lapB_1 lapB_2
[19:53:22] Fixed 2 duplicate /gene - narL_1 narL_2
[19:53:22] Fixed 2 duplicate /gene - lexA_1 lexA_2
[19:53:22] Fixed 2 duplicate /gene - bioF_1 bioF_2
[19:53:22] Fixed 2 duplicate /gene - lsrB_1 lsrB_2
[19:53:22] Fixed 2 duplicate /gene - nagB_1 nagB_2
[19:53:22] Fixed 2 duplicate /gene - ftsH_1 ftsH_2
[19:53:22] Fixed 2 duplicate /gene - ygdR_1 ygdR_2
[19:53:22] Fixed 2 duplicate /gene - ulaC_1 ulaC_2
[19:53:22] Fixed 2 duplicate /gene - elfC_1 elfC_2
[19:53:22] Fixed 2 duplicate /gene - aaeA_1 aaeA_2
[19:53:22] Fixed 2 duplicate /gene - gstB_1 gstB_2
[19:53:22] Fixed 2 duplicate /gene - nanE_1 nanE_2
[19:53:22] Fixed 2 duplicate /gene - mepS_1 mepS_2
[19:53:22] Fixed 2 duplicate /gene - pgrR_1 pgrR_2
[19:53:22] Fixed 2 duplicate /gene - fryA_1 fryA_2
[19:53:22] Fixed 2 duplicate /gene - ftsA_1 ftsA_2
[19:53:22] Fixed 2 duplicate /gene - focC_1 focC_2
[19:53:22] Fixed 2 duplicate /gene - aspT_1 aspT_2
[19:53:22] Fixed 2 duplicate /gene - malP_1 malP_2
[19:53:22] Fixed 2 duplicate /gene - manX_1 manX_2
[19:53:22] Fixed 2 duplicate /gene - ampG_1 ampG_2
[19:53:22] Fixed 2 duplicate /gene - acrR_1 acrR_2
[19:53:22] Fixed 2 duplicate /gene - bioD1_1 bioD1_2
[19:53:22] Fixed 2 duplicate /gene - melR_1 melR_2
[19:53:22] Fixed 2 duplicate /gene - lptG_1 lptG_2
[19:53:22] Fixed 2 duplicate /gene - deoR_1 deoR_2
[19:53:22] Fixed 2 duplicate /gene - barA_1 barA_2
[19:53:22] Fixed 2 duplicate /gene - ygiW_1 ygiW_2
[19:53:22] Fixed 3 duplicate /gene - ydfO_1 ydfO_2 ydfO_3
[19:53:22] Fixed 2 duplicate /gene - lacA_1 lacA_2
[19:53:22] Fixed 2 duplicate /gene - rhtC_1 rhtC_2
[19:53:22] Fixed 2 duplicate /gene - msbA_1 msbA_2
[19:53:22] Fixed 2 duplicate /gene - dmsC_1 dmsC_2
[19:53:22] Fixed 4 duplicate /gene - tfaE_1 tfaE_2 tfaE_3 tfaE_4
[19:53:22] Fixed 2 duplicate /gene - rob_1 rob_2
[19:53:22] Fixed 2 duplicate /gene - cutC_1 cutC_2
[19:53:22] Fixed 2 duplicate /gene - fixA_1 fixA_2
[19:53:22] Fixed 2 duplicate /gene - dgcT_1 dgcT_2
[19:53:22] Fixed 2 duplicate /gene - mlc_1 mlc_2
[19:53:22] Fixed 2 duplicate /gene - yjgL_1 yjgL_2
[19:53:22] Fixed 4 duplicate /gene - rhaR_1 rhaR_2 rhaR_3 rhaR_4
[19:53:22] Fixed 2 duplicate /gene - arcC1_1 arcC1_2
[19:53:22] Fixed 5 duplicate /gene - rusA_1 rusA_2 rusA_3 rusA_4 rusA_5
[19:53:22] Fixed 2 duplicate /gene - spaS_1 spaS_2
[19:53:22] Fixed 2 duplicate /gene - kduD_1 kduD_2
[19:53:22] Fixed 2 duplicate /gene - rspB_1 rspB_2
[19:53:22] Fixed 2 duplicate /gene - flhA_1 flhA_2
[19:53:22] Fixed 2 duplicate /gene - tal_1 tal_2
[19:53:22] Fixed 3 duplicate /gene - gltS_1 gltS_2 gltS_3
[19:53:22] Fixed 2 duplicate /gene - abaF_1 abaF_2
[19:53:22] Fixed 2 duplicate /gene - yhaJ_1 yhaJ_2
[19:53:22] Fixed 3 duplicate /gene - manZ_1 manZ_2 manZ_3
[19:53:22] Fixed 2 duplicate /gene - yciF_1 yciF_2
[19:53:22] Fixed 2 duplicate /gene - yciE_1 yciE_2
[19:53:22] Fixed 2 duplicate /gene - hha_1 hha_2
[19:53:22] Fixed 2 duplicate /gene - fdhF_1 fdhF_2
[19:53:22] Fixed 2 duplicate /gene - proA_1 proA_2
[19:53:22] Fixed 2 duplicate /gene - sbmC_1 sbmC_2
[19:53:22] Fixed 2 duplicate /gene - ndhI_1 ndhI_2
[19:53:22] Fixed 2 duplicate /gene - emrE_1 emrE_2
[19:53:22] Fixed 2 duplicate /gene - gadX_1 gadX_2
[19:53:22] Fixed 2 duplicate /gene - mdh_1 mdh_2
[19:53:22] Fixed 2 duplicate /gene - caiT_1 caiT_2
[19:53:22] Fixed 3 duplicate /gene - mngR_1 mngR_2 mngR_3
[19:53:22] Fixed 3 duplicate /gene - papC_1 papC_2 papC_3
[19:53:22] Fixed 2 duplicate /gene - acs_1 acs_2
[19:53:22] Fixed 2 duplicate /gene - phoA_1 phoA_2
[19:53:22] Fixed 2 duplicate /gene - chuR_1 chuR_2
[19:53:22] Fixed 2 duplicate /gene - fucP_1 fucP_2
[19:53:22] Fixed 2 duplicate /gene - mglA_1 mglA_2
[19:53:22] Fixed 2 duplicate /gene - nohA_1 nohA_2
[19:53:22] Fixed 2 duplicate /gene - yedS_1 yedS_2
[19:53:22] Fixed 2 duplicate /gene - acrB_1 acrB_2
[19:53:22] Fixed 2 duplicate /gene - hycG_1 hycG_2
[19:53:22] Fixed 2 duplicate /gene - deoB_1 deoB_2
[19:53:22] Fixed 2 duplicate /gene - trmH_1 trmH_2
[19:53:22] Fixed 2 duplicate /gene - papD_1 papD_2
[19:53:22] Fixed 2 duplicate /gene - gudX_1 gudX_2
[19:53:22] Fixed 3 duplicate /gene - fixX_1 fixX_2 fixX_3
[19:53:22] Fixed 5 duplicate /gene - srlR_1 srlR_2 srlR_3 srlR_4 srlR_5
[19:53:22] Fixed 2 duplicate /gene - fic_1 fic_2
[19:53:22] Fixed 2 duplicate /gene - ybdM_1 ybdM_2
[19:53:22] Fixed 2 duplicate /gene - scpA_1 scpA_2
[19:53:22] Fixed 2 duplicate /gene - prfB_1 prfB_2
[19:53:22] Fixed 2 duplicate /gene - caiA_1 caiA_2
[19:53:22] Fixed 2 duplicate /gene - ldrA_1 ldrA_2
[19:53:22] Fixed 2 duplicate /gene - pic_1 pic_2
[19:53:22] Fixed 4 duplicate /gene - xerC_1 xerC_2 xerC_3 xerC_4
[19:53:22] Fixed 2 duplicate /gene - higA_1 higA_2
[19:53:22] Fixed 2 duplicate /gene - xdhA_1 xdhA_2
[19:53:22] Fixed 2 duplicate /gene - yagU_1 yagU_2
[19:53:22] Fixed 2 duplicate /gene - der_1 der_2
[19:53:22] Fixed 2 duplicate /gene - bglF_1 bglF_2
[19:53:22] Fixed 3 duplicate /gene - clpP_1 clpP_2 clpP_3
[19:53:22] Fixed 2 duplicate /gene - artM_1 artM_2
[19:53:22] Fixed 3 duplicate /gene - bhsA_1 bhsA_2 bhsA_3
[19:53:22] Fixed 2 duplicate /gene - agaC_1 agaC_2
[19:53:22] Fixed 2 duplicate /gene - prs_1 prs_2
[19:53:22] Fixed 5 duplicate /gene - rrrD_1 rrrD_2 rrrD_3 rrrD_4 rrrD_5
[19:53:22] Fixed 2 duplicate /gene - lptB_1 lptB_2
[19:53:22] Fixed 3 duplicate /gene - ldrD_1 ldrD_2 ldrD_3
[19:53:22] Fixed 3 duplicate /gene - gntR_1 gntR_2 gntR_3
[19:53:22] Fixed 5 duplicate /gene - hyfA_1 hyfA_2 hyfA_3 hyfA_4 hyfA_5
[19:53:22] Fixed 2 duplicate /gene - cdgI_1 cdgI_2
[19:53:22] Fixed 2 duplicate /gene - lon_1 lon_2
[19:53:22] Fixed 2 duplicate /gene - lldR_1 lldR_2
[19:53:22] Fixed 2 duplicate /gene - cusB_1 cusB_2
[19:53:22] Fixed 2 duplicate /gene - azoR_1 azoR_2
[19:53:22] Fixed 3 duplicate /gene - norR_1 norR_2 norR_3
[19:53:22] Fixed 3 duplicate /gene - hokE_1 hokE_2 hokE_3
[19:53:22] Fixed 3 duplicate /gene - bglH_1 bglH_2 bglH_3
[19:53:22] Fixed 2 duplicate /gene - bglA_1 bglA_2
[19:53:22] Fixed 2 duplicate /gene - dnaB_1 dnaB_2
[19:53:22] Fixed 2 duplicate /gene - hdfR_1 hdfR_2
[19:53:22] Fixed 2 duplicate /gene - yibA_1 yibA_2
[19:53:22] Fixed 2 duplicate /gene - ydjZ_1 ydjZ_2
[19:53:22] Fixed 2 duplicate /gene - slp_1 slp_2
[19:53:22] Fixed 2 duplicate /gene - rtcB_1 rtcB_2
[19:53:22] Fixed 2 duplicate /gene - ydjF_1 ydjF_2
[19:53:22] Fixed 2 duplicate /gene - ydjE_1 ydjE_2
[19:53:22] Fixed 4 duplicate /gene - rhsD_1 rhsD_2 rhsD_3 rhsD_4
[19:53:22] Fixed 2 duplicate /gene - murR_1 murR_2
[19:53:22] Fixed 2 duplicate /gene - dnaT_1 dnaT_2
[19:53:22] Fixed 3 duplicate /gene - clpV1_1 clpV1_2 clpV1_3
[19:53:22] Fixed 2 duplicate /gene - dcuD_1 dcuD_2
[19:53:22] Fixed 2 duplicate /gene - gatZ_1 gatZ_2
[19:53:22] Fixed 2 duplicate /gene - tdh_1 tdh_2
[19:53:22] Fixed 2 duplicate /gene - chbC_1 chbC_2
[19:53:22] Fixed 2 duplicate /gene - ydfR_1 ydfR_2
[19:53:22] Fixed 2 duplicate /gene - fdoG_1 fdoG_2
[19:53:22] Fixed 2 duplicate /gene - cirA_1 cirA_2
[19:53:22] Fixed 2 duplicate /gene - chbA_1 chbA_2
[19:53:22] Fixed 2 duplicate /gene - rbsK_1 rbsK_2
[19:53:22] Fixed 4 duplicate /gene - cbeA_1 cbeA_2 cbeA_3 cbeA_4
[19:53:22] Fixed 2 duplicate /gene - epsM_1 epsM_2
[19:53:22] Fixed 2 duplicate /gene - cusF_1 cusF_2
[19:53:22] Fixed 2 duplicate /gene - yrdA_1 yrdA_2
[19:53:22] Fixed 2 duplicate /gene - yiaW_1 yiaW_2
[19:53:22] Fixed 2 duplicate /gene - glpG_1 glpG_2
[19:53:22] Fixed 3 duplicate /gene - rhsC_1 rhsC_2 rhsC_3
[19:53:22] Fixed 2 duplicate /gene - pitA_1 pitA_2
[19:53:22] Fixed 2 duplicate /gene - silE_1 silE_2
[19:53:22] Fixed 5 duplicate /gene - rhaS_1 rhaS_2 rhaS_3 rhaS_4 rhaS_5
[19:53:22] Fixed 3 duplicate /gene - cusC_1 cusC_2 cusC_3
[19:53:22] Fixed 3 duplicate /gene - proQ_1 proQ_2 proQ_3
[19:53:22] Fixed 2 duplicate /gene - ybgD_1 ybgD_2
[19:53:22] Fixed 3 duplicate /gene - por_1 por_2 por_3
[19:53:22] Fixed 2 duplicate /gene - cusA_1 cusA_2
[19:53:22] Fixed 2 duplicate /gene - ytfJ_1 ytfJ_2
[19:53:22] Fixed 2 duplicate /gene - ydgA_1 ydgA_2
[19:53:22] Fixed 2 duplicate /gene - ptsG_1 ptsG_2
[19:53:22] Fixed 2 duplicate /gene - yahB_1 yahB_2
[19:53:22] Fixed 2 duplicate /gene - nanR_1 nanR_2
[19:53:22] Fixed 2 duplicate /gene - mipA_1 mipA_2
[19:53:22] Fixed 2 duplicate /gene - osmY_1 osmY_2
[19:53:22] Fixed 2 duplicate /gene - ompD_1 ompD_2
[19:53:22] Fixed 2 duplicate /gene - gntK_1 gntK_2
[19:53:22] Fixed 2 duplicate /gene - higB-2_1 higB-2_2
[19:53:22] Fixed 2 duplicate /gene - ybcO_1 ybcO_2
[19:53:22] Fixed 2 duplicate /gene - purR_1 purR_2
[19:53:22] Fixed 2 duplicate /gene - copA_1 copA_2
[19:53:22] Fixed 2 duplicate /gene - elfG_1 elfG_2
[19:53:22] Fixed 2 duplicate /gene - cusS_1 cusS_2
[19:53:22] Fixed 2 duplicate /gene - lsrK_1 lsrK_2
[19:53:22] Fixed 2 duplicate /gene - rapA_1 rapA_2
[19:53:22] Fixed 2 duplicate /gene - gfcB_1 gfcB_2
[19:53:22] Fixed 5 duplicate /gene - dmlR_1 dmlR_2 dmlR_3 dmlR_4 dmlR_5
[19:53:22] Fixed 2 duplicate /gene - sgrR_1 sgrR_2
[19:53:22] Fixed 2 duplicate /gene - fdnH_1 fdnH_2
[19:53:22] Fixed 2 duplicate /gene - ftnA_1 ftnA_2
[19:53:22] Fixed 2 duplicate /gene - kefC_1 kefC_2
[19:53:22] Fixed 3 duplicate /gene - manP_1 manP_2 manP_3
[19:53:22] Fixed 2 duplicate /gene - nlpD_1 nlpD_2
[19:53:22] Fixed 3 duplicate /gene - ydcV_1 ydcV_2 ydcV_3
[19:53:22] Fixed 2 duplicate /gene - aglB_1 aglB_2
[19:53:22] Fixed 2 duplicate /gene - mepM_1 mepM_2
[19:53:22] Fixed 4 duplicate /gene - intS_1 intS_2 intS_3 intS_4
[19:53:22] Fixed 3 duplicate /gene - glnQ_1 glnQ_2 glnQ_3
[19:53:22] Fixed 2 duplicate /gene - yhcH_1 yhcH_2
[19:53:22] Fixed 2 duplicate /gene - kdgK_1 kdgK_2
[19:53:22] Fixed 2 duplicate /gene - dmsB_1 dmsB_2
[19:53:22] Fixed 3 duplicate /gene - fixB_1 fixB_2 fixB_3
[19:53:22] Fixed 2 duplicate /gene - fimA_1 fimA_2
[19:53:22] Fixed 2 duplicate /gene - ttdT_1 ttdT_2
[19:53:22] Fixed 2 duplicate /gene - bglG_1 bglG_2
[19:53:22] Fixed 5 duplicate /gene - ompX_1 ompX_2 ompX_3 ompX_4 ompX_5
[19:53:22] Fixed 3 duplicate /gene - btuD_1 btuD_2 btuD_3
[19:53:22] Fixed 3 duplicate /gene - rbsC_1 rbsC_2 rbsC_3
[19:53:22] Fixed 2 duplicate /gene - cspG_1 cspG_2
[19:53:22] Fixed 3 duplicate /gene - vgrG1_1 vgrG1_2 vgrG1_3
[19:53:22] Fixed 2 duplicate /gene - lolD_1 lolD_2
[19:53:22] Fixed 2 duplicate /gene - lutA_1 lutA_2
[19:53:22] Fixed 2 duplicate /gene - yajI_1 yajI_2
[19:53:22] Fixed 2 duplicate /gene - pspB_1 pspB_2
[19:53:22] Fixed 2 duplicate /gene - oxyR_1 oxyR_2
[19:53:22] Fixed 3 duplicate /gene - hcaR_1 hcaR_2 hcaR_3
[19:53:22] Fixed 2 duplicate /gene - yhhT_1 yhhT_2
[19:53:22] Fixed 4 duplicate /gene - era_1 era_2 era_3 era_4
[19:53:22] Fixed 3 duplicate /gene - cynR_1 cynR_2 cynR_3
[19:53:22] Fixed 2 duplicate /gene - yehB_1 yehB_2
[19:53:22] Fixed 2 duplicate /gene - tmk_1 tmk_2
[19:53:22] Fixed 2 duplicate /gene - leuC_1 leuC_2
[19:53:22] Fixed 2 duplicate /gene - opgE_1 opgE_2
[19:53:22] Fixed 3 duplicate /gene - pal_1 pal_2 pal_3
[19:53:22] Fixed 2 duplicate /gene - dnaK_1 dnaK_2
[19:53:22] Fixed 2 duplicate /gene - gspA_1 gspA_2
[19:53:22] Fixed 2 duplicate /gene - rspA_1 rspA_2
[19:53:22] Fixed 3 duplicate /gene - potA_1 potA_2 potA_3
[19:53:22] Fixed 2 duplicate /gene - yphB_1 yphB_2
[19:53:22] Fixed 3 duplicate /gene - mshA_1 mshA_2 mshA_3
[19:53:22] Fixed 4 duplicate /gene - cbtA_1 cbtA_2 cbtA_3 cbtA_4
[19:53:22] Fixed 2 duplicate /gene - dgcQ_1 dgcQ_2
[19:53:22] Fixed 3 duplicate /gene - hcpA_1 hcpA_2 hcpA_3
[19:53:22] Fixed 2 duplicate /gene - ssuC_1 ssuC_2
[19:53:22] Fixed 2 duplicate /gene - crfC_1 crfC_2
[19:53:22] Fixed 2 duplicate /gene - cysH_1 cysH_2
[19:53:22] Fixed 2 duplicate /gene - fruK_1 fruK_2
[19:53:22] Fixed 2 duplicate /gene - fdrA_1 fdrA_2
[19:53:22] Fixed 2 duplicate /gene - pduV_1 pduV_2
[19:53:22] Fixed 3 duplicate /gene - pncC_1 pncC_2 pncC_3
[19:53:22] Fixed 2 duplicate /gene - lsrD_1 lsrD_2
[19:53:22] Fixed 2 duplicate /gene - arnC_1 arnC_2
[19:53:22] Fixed 2 duplicate /gene - ccmH_1 ccmH_2
[19:53:22] Fixed 3 duplicate /gene - ygcS_1 ygcS_2 ygcS_3
[19:53:22] Fixed 2 duplicate /gene - ydhX_1 ydhX_2
[19:53:22] Fixed 2 duplicate /gene - ccmF_1 ccmF_2
[19:53:22] Fixed 2 duplicate /gene - pdhR_1 pdhR_2
[19:53:22] Fixed 3 duplicate /gene - intA_1 intA_2 intA_3
[19:53:22] Fixed 2 duplicate /gene - rep_1 rep_2
[19:53:22] Fixed 2 duplicate /gene - php_1 php_2
[19:53:22] Fixed 4 duplicate /gene - klcA_1 klcA_2 klcA_3 klcA_4
[19:53:22] Fixed 2 duplicate /gene - srmB_1 srmB_2
[19:53:22] Fixed 2 duplicate /gene - fryB_1 fryB_2
[19:53:22] Fixed 2 duplicate /gene - lgoT_1 lgoT_2
[19:53:22] Fixed 2 duplicate /gene - aaeB_1 aaeB_2
[19:53:22] Fixed 2 duplicate /gene - cysE_1 cysE_2
[19:53:22] Fixed 2 duplicate /gene - rlhA_1 rlhA_2
[19:53:22] Fixed 2 duplicate /gene - ybdO_1 ybdO_2
[19:53:22] Fixed 2 duplicate /gene - tsaR_1 tsaR_2
[19:53:22] Fixed 2 duplicate /gene - ulaB_1 ulaB_2
[19:53:22] Fixed 3 duplicate /gene - ndhB_1 ndhB_2 ndhB_3
[19:53:22] Fixed 259 colliding /gene names.
[19:53:22] Adding /locus_tag identifiers
[19:53:22] Assigned 4953 locus_tags to CDS and RNA features.
[19:53:22] Writing outputs to /mnt/c/Users/migue/OneDrive/Ambiente de Trabalho/Prokka_GCF_000026245/
[19:53:31] Generating annotation statistics file
[19:53:31] Generating Genbank and Sequin files
[19:53:31] Running: tbl2asn -V b -a r10k -l paired-ends -M n -N 1 -y 'Annotated using prokka 1.14.6 from https://github.com/tseemann/prokka' -Z \/mnt\/c\/Users\/migue\/OneDrive\/Ambiente\ de\ Trabalho\/Prokka_GCF_000026245\/Prokka_GCF_000026245\.err -i \/mnt\/c\/Users\/migue\/OneDrive\/Ambiente\ de\ Trabalho\/Prokka_GCF_000026245\/Prokka_GCF_000026245\.fsa 2> /dev/null
[19:53:41] Deleting unwanted file: /mnt/c/Users/migue/OneDrive/Ambiente de Trabalho/Prokka_GCF_000026245/errorsummary.val
[19:53:41] Deleting unwanted file: /mnt/c/Users/migue/OneDrive/Ambiente de Trabalho/Prokka_GCF_000026245/Prokka_GCF_000026245.dr
[19:53:41] Deleting unwanted file: /mnt/c/Users/migue/OneDrive/Ambiente de Trabalho/Prokka_GCF_000026245/Prokka_GCF_000026245.fixedproducts
[19:53:41] Deleting unwanted file: /mnt/c/Users/migue/OneDrive/Ambiente de Trabalho/Prokka_GCF_000026245/Prokka_GCF_000026245.ecn
[19:53:41] Deleting unwanted file: /mnt/c/Users/migue/OneDrive/Ambiente de Trabalho/Prokka_GCF_000026245/Prokka_GCF_000026245.val
[19:53:41] Repairing broken .GBK output that tbl2asn produces...
[19:53:41] Running: sed 's/COORDINATES: profile/COORDINATES:profile/' < \/mnt\/c\/Users\/migue\/OneDrive\/Ambiente\ de\ Trabalho\/Prokka_GCF_000026245\/Prokka_GCF_000026245\.gbf > \/mnt\/c\/Users\/migue\/OneDrive\/Ambiente\ de\ Trabalho\/Prokka_GCF_000026245\/Prokka_GCF_000026245\.gbk
[19:53:42] Deleting unwanted file: /mnt/c/Users/migue/OneDrive/Ambiente de Trabalho/Prokka_GCF_000026245/Prokka_GCF_000026245.gbf
[19:53:42] Output files:
[19:53:42] /mnt/c/Users/migue/OneDrive/Ambiente de Trabalho/Prokka_GCF_000026245/Prokka_GCF_000026245.err
[19:53:42] /mnt/c/Users/migue/OneDrive/Ambiente de Trabalho/Prokka_GCF_000026245/Prokka_GCF_000026245.faa
[19:53:42] /mnt/c/Users/migue/OneDrive/Ambiente de Trabalho/Prokka_GCF_000026245/Prokka_GCF_000026245.ffn
[19:53:42] /mnt/c/Users/migue/OneDrive/Ambiente de Trabalho/Prokka_GCF_000026245/Prokka_GCF_000026245.fna
[19:53:42] /mnt/c/Users/migue/OneDrive/Ambiente de Trabalho/Prokka_GCF_000026245/Prokka_GCF_000026245.fsa
[19:53:42] /mnt/c/Users/migue/OneDrive/Ambiente de Trabalho/Prokka_GCF_000026245/Prokka_GCF_000026245.gbk
[19:53:42] /mnt/c/Users/migue/OneDrive/Ambiente de Trabalho/Prokka_GCF_000026245/Prokka_GCF_000026245.gff
[19:53:42] /mnt/c/Users/migue/OneDrive/Ambiente de Trabalho/Prokka_GCF_000026245/Prokka_GCF_000026245.log
[19:53:42] /mnt/c/Users/migue/OneDrive/Ambiente de Trabalho/Prokka_GCF_000026245/Prokka_GCF_000026245.sqn
[19:53:42] /mnt/c/Users/migue/OneDrive/Ambiente de Trabalho/Prokka_GCF_000026245/Prokka_GCF_000026245.tbl
[19:53:42] /mnt/c/Users/migue/OneDrive/Ambiente de Trabalho/Prokka_GCF_000026245/Prokka_GCF_000026245.tsv
[19:53:42] /mnt/c/Users/migue/OneDrive/Ambiente de Trabalho/Prokka_GCF_000026245/Prokka_GCF_000026245.txt
[19:53:42] Annotation finished successfully.
[19:53:42] Walltime used: 2.22 minutes
[19:53:42] If you use this result please cite the Prokka paper:
[19:53:42] Seemann T (2014) Prokka: rapid prokaryotic genome annotation. Bioinformatics. 30(14):2068-9.
[19:53:42] Type 'prokka --citation' for more details.
[19:53:42] Share and enjoy!
