[19:48:40] This is prokka 1.14.6
[19:48:40] Written by Torsten Seemann <torsten.seemann@gmail.com>
[19:48:40] Homepage is https://github.com/tseemann/prokka
[19:48:40] Local time is Sun Jan  5 19:48:40 2025
[19:48:40] You are miguelbalexandre
[19:48:40] Operating system is linux
[19:48:40] You have BioPerl 1.7.8
[19:48:40] System has 16 cores.
[19:48:40] Will use maximum of 8 cores.
[19:48:40] Annotating as >>> Bacteria <<<
[19:48:40] Generating locus_tag from '/mnt/c/Users/migue/Downloads/Dados_Prokka/GCF_000026265.fasta' contents.
[19:48:40] Setting --locustag DNFAJDOB from MD5 d7fa3d8b0cfebe4d9d488721f8f8f0ea
[19:48:40] Creating new output folder: /mnt/c/Users/migue/OneDrive/Ambiente de Trabalho/Prokka_GCF_000026265
[19:48:40] Running: mkdir -p \/mnt\/c\/Users\/migue\/OneDrive\/Ambiente\ de\ Trabalho\/Prokka_GCF_000026265
[19:48:40] Using filename prefix: Prokka_GCF_000026265.XXX
[19:48:40] Setting HMMER_NCPU=1
[19:48:40] Writing log to: /mnt/c/Users/migue/OneDrive/Ambiente de Trabalho/Prokka_GCF_000026265/Prokka_GCF_000026265.log
[19:48:40] Command: /home/miguelbalexandre/miniconda3/envs/prokka_env/bin/prokka --outdir /mnt/c/Users/migue/OneDrive/Ambiente de Trabalho/Prokka_GCF_000026265 --prefix Prokka_GCF_000026265 /mnt/c/Users/migue/Downloads/Dados_Prokka/GCF_000026265.fasta
[19:48:40] Appending to PATH: /home/miguelbalexandre/miniconda3/envs/prokka_env/bin
[19:48:40] Looking for 'aragorn' - found /home/miguelbalexandre/miniconda3/envs/prokka_env/bin/aragorn
[19:48:40] Determined aragorn version is 001002 from 'ARAGORN v1.2.41 Dean Laslett'
[19:48:40] Looking for 'barrnap' - found /home/miguelbalexandre/miniconda3/envs/prokka_env/bin/barrnap
[19:48:40] Determined barrnap version is 000009 from 'barrnap 0.9'
[19:48:40] Looking for 'blastp' - found /home/miguelbalexandre/miniconda3/envs/prokka_env/bin/blastp
[19:48:40] Determined blastp version is 002016 from 'blastp: 2.16.0+'
[19:48:40] Looking for 'cmpress' - found /home/miguelbalexandre/miniconda3/envs/prokka_env/bin/cmpress
[19:48:40] Determined cmpress version is 001001 from '# INFERNAL 1.1.5 (Sep 2023)'
[19:48:40] Looking for 'cmscan' - found /home/miguelbalexandre/miniconda3/envs/prokka_env/bin/cmscan
[19:48:40] Determined cmscan version is 001001 from '# INFERNAL 1.1.5 (Sep 2023)'
[19:48:40] Looking for 'egrep' - found /usr/bin/egrep
[19:48:40] Looking for 'find' - found /usr/bin/find
[19:48:40] Looking for 'grep' - found /usr/bin/grep
[19:48:40] Looking for 'hmmpress' - found /home/miguelbalexandre/miniconda3/envs/prokka_env/bin/hmmpress
[19:48:40] Determined hmmpress version is 003004 from '# HMMER 3.4 (Aug 2023); http://hmmer.org/'
[19:48:40] Looking for 'hmmscan' - found /home/miguelbalexandre/miniconda3/envs/prokka_env/bin/hmmscan
[19:48:40] Determined hmmscan version is 003004 from '# HMMER 3.4 (Aug 2023); http://hmmer.org/'
[19:48:40] Looking for 'java' - found /home/miguelbalexandre/miniconda3/envs/prokka_env/bin/java
[19:48:40] Looking for 'makeblastdb' - found /home/miguelbalexandre/miniconda3/envs/prokka_env/bin/makeblastdb
[19:48:41] Determined makeblastdb version is 002016 from 'makeblastdb: 2.16.0+'
[19:48:41] Looking for 'minced' - found /home/miguelbalexandre/miniconda3/envs/prokka_env/bin/minced
[19:48:41] Determined minced version is 004002 from 'minced 0.4.2'
[19:48:41] Looking for 'parallel' - found /home/miguelbalexandre/miniconda3/envs/prokka_env/bin/parallel
[19:48:41] Determined parallel version is 20241122 from 'GNU parallel 20241122'
[19:48:41] Looking for 'prodigal' - found /home/miguelbalexandre/miniconda3/envs/prokka_env/bin/prodigal
[19:48:41] Determined prodigal version is 002006 from 'Prodigal V2.6.3: February, 2016'
[19:48:41] Looking for 'prokka-genbank_to_fasta_db' - found /home/miguelbalexandre/miniconda3/envs/prokka_env/bin/prokka-genbank_to_fasta_db
[19:48:41] Looking for 'sed' - found /usr/bin/sed
[19:48:41] Looking for 'tbl2asn' - found /home/miguelbalexandre/miniconda3/envs/prokka_env/bin/tbl2asn
[19:48:41] Determined tbl2asn version is 025007 from 'tbl2asn 25.7   arguments:'
[19:48:41] Using genetic code table 11.
[19:48:41] Loading and checking input file: /mnt/c/Users/migue/Downloads/Dados_Prokka/GCF_000026265.fasta
[19:48:41] Wrote 1 contigs totalling 4700560 bp.
[19:48:41] Predicting tRNAs and tmRNAs
[19:48:41] Running: aragorn -l -gc11  -w \/mnt\/c\/Users\/migue\/OneDrive\/Ambiente\ de\ Trabalho\/Prokka_GCF_000026265\/Prokka_GCF_000026265\.fna
[19:48:43] 1 tRNA-Ile [224740,224816] 35 (gat)
[19:48:43] 2 tRNA-Ala [224859,224934] 34 (tgc)
[19:48:43] 3 tRNA-Asp [228287,228363] 35 (gtc)
[19:48:43] 4 tRNA-Asp [236511,236587] 35 (gtc)
[19:48:43] 5 tRNA-Thr [300633,300708] 34 (cgt)
[19:48:43] 6 tRNA-Ser [359893,359973] 38 (gga)
[19:48:43] 7 tRNA-Arg [579043,579119] 35 (tct)
[19:48:43] 8 tRNA-Gln c[699963,700037] 33 (ctg)
[19:48:43] 9 tRNA-Gln c[700075,700149] 33 (ctg)
[19:48:43] 10 tRNA-Met c[700198,700274] 35 (cat)
[19:48:43] 11 tRNA-Gln c[700290,700364] 33 (ttg)
[19:48:43] 12 tRNA-Gln c[700399,700473] 33 (ttg)
[19:48:43] 13 tRNA-Leu c[700497,700581] 35 (tag)
[19:48:43] 14 tRNA-Met c[700590,700666] 35 (cat)
[19:48:43] 15 tRNA-Lys [780570,780645] 34 (ttt)
[19:48:43] 16 tRNA-Val [780781,780856] 34 (tac)
[19:48:43] 17 tRNA-Lys [780859,780934] 34 (ttt)
[19:48:43] 18 tRNA-Val [781084,781159] 34 (tac)
[19:48:43] 19 tRNA-Lys [781163,781238] 34 (ttt)
[19:48:43] 20 tRNA-Lys [781385,781460] 34 (ttt)
[19:48:43] 21 tRNA-Lys [781494,781569] 34 (ttt)
[19:48:43] 22 tRNA-Ser c[977995,978082] 35 (gga)
[19:48:43] 23 tRNA-Ser c[1084066,1084153] 35 (tga)
[19:48:43] 24 tRNA-Ser c[1139385,1139472] 35 (gga)
[19:48:43] 25 tRNA-Tyr c[1312597,1312681] 35 (gta)
[19:48:43] 26 tRNA-Tyr c[1312716,1312800] 35 (gta)
[19:48:43] 27 tRNA-Val [1790472,1790548] 35 (gac)
[19:48:43] 28 tRNA-Val [1790553,1790629] 35 (gac)
[19:48:43] 29 tRNA-Leu c[2054944,2055030] 35 (taa)
[19:48:43] 30 tRNA-Cys c[2055043,2055116] 33 (gca)
[19:48:43] 31 tRNA-Gly c[2055171,2055246] 34 (gcc)
[19:48:43] 32 tRNA-Ser c[2105173,2105262] 35 (cga)
[19:48:43] 33 tRNA-Asn [2106254,2106329] 34 (gtt)
[19:48:43] 34 tRNA-Asn c[2120662,2120737] 34 (gtt)
[19:48:43] 35 tRNA-Asn [2122486,2122561] 34 (gtt)
[19:48:43] 36 tRNA-Asn [2124895,2124970] 34 (gtt)
[19:48:43] 37 tRNA-Pro [2346534,2346610] 35 (ggg)
[19:48:43] 38 tRNA-Arg [2510204,2510278] 34 (cct)
[19:48:43] 39 tRNA-Ala c[2553599,2553674] 34 (ggc)
[19:48:43] 40 tRNA-Ala c[2553714,2553789] 34 (ggc)
[19:48:43] 41 tRNA-Val [2556489,2556564] 34 (tac)
[19:48:43] 42 tRNA-Val [2556609,2556684] 34 (tac)
[19:48:43] 43 tRNA-Val [2556731,2556806] 34 (tac)
[19:48:43] 44 tRNA-Lys [2556811,2556886] 34 (ttt)
[19:48:43] 45 tRNA-Glu c[2796434,2796509] 35 (ttc)
[19:48:43] 46 tmRNA [2822548,2822910] 90,125 ANDENYALAA**
[19:48:43] 47 tRNA-Met c[2830598,2830673] 34 (cat)
[19:48:43] 48 tRNA-Arg c[2862666,2862742] 35 (acg)
[19:48:43] 49 tRNA-Arg c[2862941,2863017] 35 (acg)
[19:48:43] 50 tRNA-Arg c[2863081,2863157] 35 (acg)
[19:48:43] 51 tRNA-Ser c[2863161,2863253] 35 (gct)
[19:48:43] 52 tRNA-Met [2998687,2998763] 35 (cat)
[19:48:43] 53 tRNA-Met [2998797,2998873] 35 (cat)
[19:48:43] 54 tRNA-Met [2998907,2998983] 35 (cat)
[19:48:43] 55 tRNA-Gly c[3057240,3057313] 33 (ccc)
[19:48:43] 56 tRNA-Phe [3180271,3180346] 34 (gaa)
[19:48:43] 57 tRNA-Met [3297066,3297141] 34 (cat)
[19:48:43] 58 tRNA-Met c[3406884,3406960] 35 (cat)
[19:48:43] 59 tRNA-Leu c[3410743,3410829] 35 (gag)
[19:48:43] 60 tRNA-Thr c[3504632,3504707] 34 (ggt)
[19:48:43] 61 tRNA-Ala c[3508019,3508094] 34 (tgc)
[19:48:43] 62 tRNA-Ile c[3508137,3508213] 35 (gat)
[19:48:43] 63 tRNA-Pro c[3773948,3774024] 35 (cgg)
[19:48:43] 64 tRNA-SeC [3907369,3907463] 35 (tca)
[19:48:43] 65 tRNA-Glu [4019851,4019926] 35 (ttc)
[19:48:43] 66 tRNA-Asp [4023288,4023364] 35 (gtc)
[19:48:43] 67 tRNA-Trp [4023373,4023448] 34 (cca)
[19:48:43] 68 tRNA-Arg [4058734,4058810] 35 (ccg)
[19:48:43] 69 tRNA-His [4058869,4058944] 34 (gtg)
[19:48:43] 70 tRNA-Leu [4058965,4059051] 35 (cag)
[19:48:43] 71 tRNA-Pro [4059094,4059170] 35 (tgg)
[19:48:43] 72 tRNA-Ile [4117075,4117151] 35 (gat)
[19:48:43] 73 tRNA-Ala [4117194,4117269] 34 (tgc)
[19:48:43] 74 tRNA-Glu [4257517,4257592] 35 (ttc)
[19:48:43] 75 tRNA-Thr [4264533,4264608] 34 (tgt)
[19:48:43] 76 tRNA-Tyr [4264617,4264701] 35 (gta)
[19:48:43] 77 tRNA-Gly [4264818,4264892] 34 (tcc)
[19:48:43] 78 tRNA-Thr [4264899,4264974] 34 (ggt)
[19:48:43] 79 tRNA-Glu [4298900,4298975] 35 (ttc)
[19:48:43] 80 tRNA-Phe c[4445916,4445991] 34 (gaa)
[19:48:43] 81 tRNA-Gly [4476443,4476518] 34 (gcc)
[19:48:43] 82 tRNA-Gly [4476555,4476630] 34 (gcc)
[19:48:43] 83 tRNA-Gly [4476666,4476741] 34 (gcc)
[19:48:43] 84 tRNA-Leu [4575646,4575730] 35 (caa)
[19:48:43] 85 tRNA-Leu c[4665086,4665172] 35 (cag)
[19:48:43] 86 tRNA-Leu c[4665207,4665293] 35 (cag)
[19:48:43] 87 tRNA-Leu c[4665322,4665408] 35 (cag)
[19:48:43] Found 87 tRNAs
[19:48:43] Predicting Ribosomal RNAs
[19:48:43] Running Barrnap with 8 threads
[19:48:47] 1 NC_011741.1 223133 16S ribosomal RNA
[19:48:47] 2 NC_011741.1 225120 23S ribosomal RNA
[19:48:47] 3 NC_011741.1 228119 5S ribosomal RNA
[19:48:47] 4 NC_011741.1 2793129 5S ribosomal RNA
[19:48:47] 5 NC_011741.1 2793338 23S ribosomal RNA
[19:48:47] 6 NC_011741.1 2796682 16S ribosomal RNA
[19:48:47] 7 NC_011741.1 3504480 5S ribosomal RNA
[19:48:47] 8 NC_011741.1 3504725 5S ribosomal RNA
[19:48:47] 9 NC_011741.1 3504933 23S ribosomal RNA
[19:48:47] 10 NC_011741.1 3508283 16S ribosomal RNA
[19:48:47] 11 NC_011741.1 4018227 16S ribosomal RNA
[19:48:47] 12 NC_011741.1 4020122 23S ribosomal RNA
[19:48:47] 13 NC_011741.1 4023120 5S ribosomal RNA
[19:48:47] 14 NC_011741.1 4115468 16S ribosomal RNA
[19:48:47] 15 NC_011741.1 4117455 23S ribosomal RNA
[19:48:47] 16 NC_011741.1 4120453 5S ribosomal RNA
[19:48:47] 17 NC_011741.1 4255893 16S ribosomal RNA
[19:48:47] 18 NC_011741.1 4257788 23S ribosomal RNA
[19:48:47] 19 NC_011741.1 4260786 5S ribosomal RNA
[19:48:47] 20 NC_011741.1 4297276 16S ribosomal RNA
[19:48:47] 21 NC_011741.1 4299171 23S ribosomal RNA
[19:48:47] 22 NC_011741.1 4302169 5S ribosomal RNA
[19:48:47] Found 22 rRNAs
[19:48:47] Skipping ncRNA search, enable with --rfam if desired.
[19:48:47] Total of 108 tRNA + rRNA features
[19:48:47] Searching for CRISPR repeats
[19:48:47] CRISPR1 NC_011741.1 2926711 with 18 spacers
[19:48:47] CRISPR2 NC_011741.1 2953475 with 22 spacers
[19:48:47] Found 2 CRISPRs
[19:48:47] Predicting coding sequences
[19:48:47] Contigs total 4700560 bp, so using single mode
[19:48:47] Running: prodigal -i \/mnt\/c\/Users\/migue\/OneDrive\/Ambiente\ de\ Trabalho\/Prokka_GCF_000026265\/Prokka_GCF_000026265\.fna -c -m -g 11 -p single -f sco -q
[19:48:52] Excluding CDS which overlaps existing RNA (rRNA) at NC_011741.1:224317..224571 on + strand
[19:48:52] Excluding CDS which overlaps existing RNA (tRNA) at NC_011741.1:359963..360208 on + strand
[19:48:55] Excluding CDS which overlaps existing RNA (rRNA) at NC_011741.1:2796781..2797035 on - strand
[19:48:55] Excluding CDS which overlaps existing RNA (repeat_region) at NC_011741.1:2953471..2953941 on + strand
[19:48:55] Excluding CDS which overlaps existing RNA (tRNA) at NC_011741.1:3504555..3504827 on + strand
[19:48:55] Excluding CDS which overlaps existing RNA (rRNA) at NC_011741.1:3508382..3508636 on - strand
[19:48:56] Excluding CDS which overlaps existing RNA (rRNA) at NC_011741.1:4019411..4019665 on + strand
[19:48:56] Excluding CDS which overlaps existing RNA (rRNA) at NC_011741.1:4116652..4116906 on + strand
[19:48:56] Excluding CDS which overlaps existing RNA (rRNA) at NC_011741.1:4257077..4257331 on + strand
[19:48:56] Excluding CDS which overlaps existing RNA (rRNA) at NC_011741.1:4298460..4298714 on + strand
[19:48:56] Found 4318 CDS
[19:48:56] Connecting features back to sequences
[19:48:56] Not using genus-specific database. Try --usegenus to enable it.
[19:48:56] Annotating CDS, please be patient.
[19:48:56] Will use 8 CPUs for similarity searching.
[19:48:59] There are still 4318 unannotated CDS left (started with 4318)
[19:48:59] Will use blast to search against /home/miguelbalexandre/miniconda3/envs/prokka_env/db/kingdom/Bacteria/IS with 8 CPUs
[19:48:59] Running: cat \/mnt\/c\/Users\/migue\/OneDrive\/Ambiente\ de\ Trabalho\/Prokka_GCF_000026265\/Prokka_GCF_000026265\.IS\.tmp\.21085\.faa | parallel --gnu --plain -j 8 --block 87921 --recstart '>' --pipe blastp -query - -db /home/miguelbalexandre/miniconda3/envs/prokka_env/db/kingdom/Bacteria/IS -evalue 1e-30 -qcov_hsp_perc 90 -num_threads 1 -num_descriptions 1 -num_alignments 1 -seg no > \/mnt\/c\/Users\/migue\/OneDrive\/Ambiente\ de\ Trabalho\/Prokka_GCF_000026265\/Prokka_GCF_000026265\.IS\.tmp\.21085\.blast 2> /dev/null
[19:49:10] Deleting unwanted file: /mnt/c/Users/migue/OneDrive/Ambiente de Trabalho/Prokka_GCF_000026265/Prokka_GCF_000026265.IS.tmp.21085.faa
[19:49:10] Deleting unwanted file: /mnt/c/Users/migue/OneDrive/Ambiente de Trabalho/Prokka_GCF_000026265/Prokka_GCF_000026265.IS.tmp.21085.blast
[19:49:12] There are still 4281 unannotated CDS left (started with 4318)
[19:49:12] Will use blast to search against /home/miguelbalexandre/miniconda3/envs/prokka_env/db/kingdom/Bacteria/AMR with 8 CPUs
[19:49:12] Running: cat \/mnt\/c\/Users\/migue\/OneDrive\/Ambiente\ de\ Trabalho\/Prokka_GCF_000026265\/Prokka_GCF_000026265\.AMR\.tmp\.21085\.faa | parallel --gnu --plain -j 8 --block 87315 --recstart '>' --pipe blastp -query - -db /home/miguelbalexandre/miniconda3/envs/prokka_env/db/kingdom/Bacteria/AMR -evalue 1e-300 -qcov_hsp_perc 90 -num_threads 1 -num_descriptions 1 -num_alignments 1 -seg no > \/mnt\/c\/Users\/migue\/OneDrive\/Ambiente\ de\ Trabalho\/Prokka_GCF_000026265\/Prokka_GCF_000026265\.AMR\.tmp\.21085\.blast 2> /dev/null
[19:49:22] Deleting unwanted file: /mnt/c/Users/migue/OneDrive/Ambiente de Trabalho/Prokka_GCF_000026265/Prokka_GCF_000026265.AMR.tmp.21085.faa
[19:49:22] Deleting unwanted file: /mnt/c/Users/migue/OneDrive/Ambiente de Trabalho/Prokka_GCF_000026265/Prokka_GCF_000026265.AMR.tmp.21085.blast
[19:49:24] There are still 4281 unannotated CDS left (started with 4318)
[19:49:24] Will use blast to search against /home/miguelbalexandre/miniconda3/envs/prokka_env/db/kingdom/Bacteria/sprot with 8 CPUs
[19:49:24] Running: cat \/mnt\/c\/Users\/migue\/OneDrive\/Ambiente\ de\ Trabalho\/Prokka_GCF_000026265\/Prokka_GCF_000026265\.sprot\.tmp\.21085\.faa | parallel --gnu --plain -j 8 --block 87315 --recstart '>' --pipe blastp -query - -db /home/miguelbalexandre/miniconda3/envs/prokka_env/db/kingdom/Bacteria/sprot -evalue 1e-09 -qcov_hsp_perc 80 -num_threads 1 -num_descriptions 1 -num_alignments 1 -seg no > \/mnt\/c\/Users\/migue\/OneDrive\/Ambiente\ de\ Trabalho\/Prokka_GCF_000026265\/Prokka_GCF_000026265\.sprot\.tmp\.21085\.blast 2> /dev/null
[19:50:10] Modify product: UPF0394 inner membrane protein YedE => hypothetical protein
[19:50:10] Modify product: Probable diguanylate cyclase DgcQ => putative diguanylate cyclase DgcQ
[19:50:10] Modify product: Uncharacterized inner membrane transporter YedA => putative inner membrane transporter YedA
[19:50:10] Modify product: Uncharacterized protein YedJ => putative protein YedJ
[19:50:10] Modify product: Cytochrome b561 homolog 1 => Cytochrome b561 
[19:50:10] Modify product: Probable transcriptional regulatory protein YeeN => putative transcriptional regulatory protein YeeN
[19:50:10] Modify product: Probable FMN/FAD exporter YeeO => putative FMN/FAD exporter YeeO
[19:50:10] Modify product: Probable L,D-transpeptidase ErfK/SrfK => putative L,D-transpeptidase ErfK/SrfK
[19:50:10] Modify product: UPF0265 protein YeeX => hypothetical protein
[19:50:10] Modify product: UPF0394 inner membrane protein YeeE => hypothetical protein
[19:50:10] Modify product: UPF0053 inner membrane protein YoaE => hypothetical protein
[19:50:10] Modify product: Probable diguanylate cyclase DgcE => putative diguanylate cyclase DgcE
[19:50:10] Modify product: UPF0339 protein YegP => hypothetical protein
[19:50:10] Modify product: 23S rRNA 5-hydroxycytidine C2501 synthase => 23S rRNA 5-hydroxycytidine synthase
[19:50:10] Modify product: Uncharacterized fimbrial-like protein YehA => putative fimbrial-like protein YehA
[19:50:10] Modify product: Probable fimbrial chaperone YehC => putative fimbrial chaperone YehC
[19:50:10] Modify product: Uncharacterized fimbrial-like protein YehD => putative fimbrial-like protein YehD
[19:50:10] Modify product: Uncharacterized protein YehL => putative protein YehL
[19:50:10] Modify product: Uncharacterized lipoprotein YehR => putative lipoprotein YehR
[19:50:10] Modify product: UPF0387 membrane protein YohO => hypothetical protein
[19:50:10] Modify product: Uncharacterized oxidoreductase YohF => putative oxidoreductase YohF
[19:50:10] Modify product: UPF0299 membrane protein YohJ => hypothetical protein
[19:50:10] Modify product: UPF0324 inner membrane protein YeiH => hypothetical protein
[19:50:10] Modify product: UPF0153 protein YeiW => hypothetical protein
[19:50:10] Modify product: Probable cyclic di-GMP phosphodiesterase PdeN => putative cyclic di-GMP phosphodiesterase PdeN
[19:50:10] Modify product: Uncharacterized ABC transporter ATP-binding protein YejF => putative ABC transporter ATP-binding protein YejF
[19:50:10] Modify product: Uncharacterized protein YejG => putative protein YejG
[19:50:10] Modify product: Uncharacterized protein YnhF => putative protein YnhF
[19:50:10] Modify product: Uncharacterized HTH-type transcriptional regulator YahB => putative HTH-type transcriptional regulator YahB
[19:50:10] Modify product: Probable autotransporter ROD_p1121 => putative autotransporter
[19:50:10] Modify product: Uncharacterized protein YdhT => putative protein YdhT
[19:50:10] Modify product: Uncharacterized ferredoxin-like protein YdhX => putative ferredoxin-like protein YdhX
[19:50:10] Modify product: Uncharacterized protein YdhW => putative protein YdhW
[19:50:10] Modify product: Uncharacterized oxidoreductase YdhV => putative oxidoreductase YdhV
[19:50:10] Modify product: Uncharacterized ferredoxin-like protein YdhY => putative ferredoxin-like protein YdhY
[19:50:10] Modify product: Probable L,D-transpeptidase YnhG => putative L,D-transpeptidase YnhG
[19:50:10] Modify product: Probable ATP-dependent transporter SufC => putative ATP-dependent transporter SufC
[19:50:10] Modify product: Uncharacterized protein HI_1163 => putative protein
[19:50:10] Modify product: Uncharacterized protein YdiE => putative protein YdiE
[19:50:10] Modify product: Probable ketoamine kinase lp_1983 => putative ketoamine kinase
[19:50:10] Modify product: Uncharacterized HTH-type transcriptional regulator YdjF => putative HTH-type transcriptional regulator YdjF
[19:50:10] Modify product: Uncharacterized sugar kinase YdjH => putative sugar kinase YdjH
[19:50:10] Modify product: Uncharacterized protein YdjI => putative protein YdjI
[19:50:10] Modify product: Uncharacterized zinc-type alcohol dehydrogenase-like protein YdjJ => putative zinc-type alcohol dehydrogenase-like protein YdjJ
[19:50:10] Modify product: Stress response UPF0229 protein YhbH => hypothetical protein
[19:50:10] Modify product: Probable diguanylate cyclase CdgI => putative diguanylate cyclase CdgI
[19:50:10] Modify product: Probable diguanylate cyclase DgcJ => putative diguanylate cyclase DgcJ
[19:50:10] Modify product: Uncharacterized protein YeaR => putative protein YeaR
[19:50:10] Modify product: Probable ATP-dependent DNA helicase YoaA => putative ATP-dependent DNA helicase YoaA
[19:50:10] Modify product: Probable cyclic di-GMP phosphodiesterase PdeD => putative cyclic di-GMP phosphodiesterase PdeD
[19:50:10] Modify product: UPF0053 inner membrane protein YoaE => hypothetical protein
[19:50:10] Modify product: UPF0266 membrane protein YobD => hypothetical protein
[19:50:10] Modify product: Probable manganese efflux pump MntP => putative manganese efflux pump MntP
[19:50:10] Modify product: Uncharacterized protein YebV => putative protein YebV
[19:50:11] Modify product: Uncharacterized protein YbbA => putative protein YbbA
[19:50:11] Modify product: Probable transcriptional regulatory protein YebC => putative transcriptional regulatory protein YebC
[19:50:11] Modify product: Probable peptidoglycan glycosyltransferase FtsW => putative peptidoglycan glycosyltransferase FtsW
[19:50:11] Modify product: UPF0231 protein YacL => hypothetical protein
[19:50:11] Modify product: Uncharacterized ABC transporter ATP-binding protein YadG => putative ABC transporter ATP-binding protein YadG
[19:50:11] Modify product: Uncharacterized fimbrial-like protein YadC => putative fimbrial-like protein YadC
[19:50:11] Modify product: Uncharacterized fimbrial-like protein YadK => putative fimbrial-like protein YadK
[19:50:11] Modify product: Uncharacterized fimbrial-like protein YadL => putative fimbrial-like protein YadL
[19:50:11] Modify product: Uncharacterized fimbrial-like protein YadM => putative fimbrial-like protein YadM
[19:50:11] Modify product: Probable fimbrial chaperone YadV => putative fimbrial chaperone YadV
[19:50:11] Modify product: Uncharacterized fimbrial-like protein YadN => putative fimbrial-like protein YadN
[19:50:11] Modify product: UPF0126 inner membrane protein YadS => hypothetical protein
[19:50:11] Modify product: UPF0253 protein YaeP => hypothetical protein
[19:50:11] Modify product: Uncharacterized protein YaeQ => putative protein YaeQ
[19:50:11] Modify product: Uncharacterized methyltransferase YcgJ => putative methyltransferase YcgJ
[19:50:11] Modify product: Uncharacterized N-acetyltransferase YafP => putative N-acetyltransferase YafP
[19:50:11] Modify product: Uncharacterized protein YnbC => putative protein YnbC
[19:50:11] Modify product: Uncharacterized protein YnbD => putative protein YnbD
[19:50:11] Modify product: Uncharacterized protein Rv3292 => putative protein
[19:50:11] Modify product: 23S rRNA 5-hydroxycytidine C2501 synthase => 23S rRNA 5-hydroxycytidine synthase
[19:50:11] Modify product: Uncharacterized protein YdcY => putative protein YdcY
[19:50:11] Modify product: Uncharacterized protein YncE => putative protein YncE
[19:50:11] Modify product: Uncharacterized isomerase YddE => putative isomerase YddE
[19:50:11] Modify product: Probable nitrate reductase molybdenum cofactor assembly chaperone NarW => putative nitrate reductase molybdenum cofactor assembly chaperone NarW
[19:50:11] Modify product: Uncharacterized HTH-type transcriptional regulator YddM => putative HTH-type transcriptional regulator YddM
[19:50:11] Modify product: Probable succinyl-CoA:3-ketoacid coenzyme A transferase subunit B => putative succinyl-CoA:3-ketoacid coenzyme A transferase subunit B
[19:50:11] Modify product: Probable D,D-dipeptide transport ATP-binding protein DdpF => putative D,D-dipeptide transport ATP-binding protein DdpF
[19:50:11] Modify product: Probable D,D-dipeptide transport ATP-binding protein DdpD => putative D,D-dipeptide transport ATP-binding protein DdpD
[19:50:11] Modify product: Probable D,D-dipeptide transport system permease protein DdpC => putative D,D-dipeptide transport system permease protein DdpC
[19:50:11] Modify product: Probable D,D-dipeptide transport system permease protein DdpB => putative D,D-dipeptide transport system permease protein DdpB
[19:50:11] Modify product: Probable D,D-dipeptide-binding periplasmic protein DdpA => putative D,D-dipeptide-binding periplasmic protein DdpA
[19:50:11] Modify product: Probable glutamate/gamma-aminobutyrate antiporter => putative glutamate/gamma-aminobutyrate antiporter
[19:50:11] Modify product: UPF0056 inner membrane protein MarC => hypothetical protein
[19:50:11] Modify product: Probable amino-acid metabolite efflux pump => putative amino-acid metabolite efflux pump
[19:50:11] Modify product: Prophage tail fiber assembly protein homolog TfaE => Prophage tail fiber assembly protein TfaE
[19:50:11] Modify product: Uncharacterized protein YdfO => putative protein YdfO
[19:50:11] Modify product: Uncharacterized protein YdfR => putative protein YdfR
[19:50:11] Modify product: Uncharacterized protein YdfB => putative protein YdfB
[19:50:11] Modify product: UPF0060 membrane protein YnfA => hypothetical protein
[19:50:11] Modify product: UPF0482 protein YnfB => hypothetical protein
[19:50:11] Modify product: Uncharacterized protein YnfD => putative protein YnfD
[19:50:11] Modify product: Probable dimethyl sulfoxide reductase chain YnfF => putative dimethyl sulfoxide reductase chain YnfF
[19:50:11] Modify product: Uncharacterized oxidoreductase YdgJ => putative oxidoreductase YdgJ
[19:50:11] Modify product: UPF0255 protein VV1_0328 => hypothetical protein
[19:50:11] Modify product: Probable fimbrial chaperone EcpE => putative fimbrial chaperone EcpE
[19:50:11] Modify product: Probable outer membrane usher protein EcpC => putative outer membrane usher protein EcpC
[19:50:11] Modify product: Probable fimbrial chaperone EcpB => putative fimbrial chaperone EcpB
[19:50:11] Modify product: Uncharacterized membrane protein YkgR => putative membrane protein YkgR
[19:50:11] Modify product: Probable pyridine nucleotide-disulfide oxidoreductase RclA => putative pyridine nucleotide-disulfide oxidoreductase RclA
[19:50:11] Modify product: Uncharacterized HTH-type transcriptional regulator YahB => putative HTH-type transcriptional regulator YahB
[19:50:11] Modify product: Uncharacterized transporter YycB => putative transporter YycB
[19:50:11] Modify product: Probable diguanylate cyclase DgcC => putative diguanylate cyclase DgcC
[19:50:11] Modify product: UPF0178 protein YaiI => hypothetical protein
[19:50:11] Modify product: Uncharacterized protein YaiA => putative protein YaiA
[19:50:11] Modify product: Uncharacterized lipoprotein YajI => putative lipoprotein YajI
[19:50:11] Modify product: UPF0234 protein YajQ => hypothetical protein
[19:50:11] Modify product: Uncharacterized protein HI_1008 => putative protein
[19:50:11] Modify product: Probable multidrug resistance ABC transporter ATP-binding/permease protein YheI => putative multidrug resistance ABC transporter ATP-binding/permease protein YheI
[19:50:11] Modify product: Uncharacterized lipoprotein YbaY => putative lipoprotein YbaY
[19:50:11] Modify product: Uncharacterized protein YbaA => putative protein YbaA
[19:50:11] Modify product: Probable cyclic di-GMP phosphodiesterase PdeB => putative cyclic di-GMP phosphodiesterase PdeB
[19:50:11] Modify product: Uncharacterized HTH-type transcriptional regulator YbaQ => putative HTH-type transcriptional regulator YbaQ
[19:50:11] Modify product: Probable iron export ATP-binding protein FetA => putative iron export ATP-binding protein FetA
[19:50:11] Modify product: Probable iron export permease protein FetB => putative iron export permease protein FetB
[19:50:11] Modify product: Uncharacterized protein YbbC => putative protein YbbC
[19:50:11] Modify product: Uncharacterized protein YbcJ => putative protein YbcJ
[19:50:11] Modify product: Bifunctional protein FolD => Bifunctional protein FolD protein
[19:50:11] Modify product: Uncharacterized fimbrial-like protein SfmA => putative fimbrial-like protein SfmA
[19:50:11] Modify product: Probable fimbrial chaperone SfmC => putative fimbrial chaperone SfmC
[19:50:11] Modify product: Uncharacterized fimbrial-like protein SfmH => putative fimbrial-like protein SfmH
[19:50:11] Modify product: Uncharacterized fimbrial-like protein SfmF => putative fimbrial-like protein SfmF
[19:50:11] Modify product: Probable deoxyribonuclease RhsA => putative deoxyribonuclease RhsA
[19:50:11] Modify product: Uncharacterized protein YbiB => putative protein YbiB
[19:50:11] Modify product: Uncharacterized protein YbiI => putative protein YbiI
[19:50:11] Modify product: PKHD-type hydroxylase Sbal_3634 => PKHD-type hydroxylase
[19:50:11] Modify product: Uncharacterized protein McbA => putative protein McbA
[19:50:11] Modify product: Probable L,D-transpeptidase YbiS => putative L,D-transpeptidase YbiS
[19:50:11] Modify product: Uncharacterized ABC transporter ATP-binding protein YbiT => putative ABC transporter ATP-binding protein YbiT
[19:50:11] Modify product: Uncharacterized protein YbiU => putative protein YbiU
[19:50:11] Modify product: Probable cyclic di-GMP phosphodiesterase PdeI => putative cyclic di-GMP phosphodiesterase PdeI
[19:50:11] Modify product: Uncharacterized protein YbjN => putative protein YbjN
[19:50:11] Modify product: Uncharacterized lipoprotein YbjP => putative lipoprotein YbjP
[19:50:11] Modify product: UPF0145 protein YbjQ => hypothetical protein
[19:50:11] Modify product: Probable hydrolase YcaC => putative hydrolase YcaC
[19:50:11] Modify product: Uncharacterized MFS-type transporter YcaD => putative MFS-type transporter YcaD
[19:50:11] Modify product: Probable formate transporter 1 => putative formate transporter 1
[19:50:11] Modify product: UPF0434 protein YcaR => hypothetical protein
[19:50:11] Modify product: Probable L,D-transpeptidase YcbB => putative L,D-transpeptidase YcbB
[19:50:11] Modify product: Probable fimbrial chaperone protein ElfD => putative fimbrial chaperone protein ElfD
[19:50:11] Modify product: Probable outer membrane usher protein ElfC => putative outer membrane usher protein ElfC
[19:50:11] Modify product: Uncharacterized fimbrial-like protein ElfG => putative fimbrial-like protein ElfG
[19:50:11] Modify product: Uncharacterized fimbrial-like protein YcbU => putative fimbrial-like protein YcbU
[19:50:11] Modify product: Uncharacterized fimbrial-like protein YcbV => putative fimbrial-like protein YcbV
[19:50:11] Modify product: Uncharacterized fimbrial chaperone YcbF => putative fimbrial chaperone YcbF
[19:50:11] Modify product: Uncharacterized protein YcbX => putative protein YcbX
[19:50:11] Modify product: UPF0319 protein HI_1681 => hypothetical protein
[19:50:11] Modify product: Uncharacterized protein YccU => putative protein YccU
[19:50:11] Modify product: Probable Ni/Fe-hydrogenase 1 B-type cytochrome subunit => putative Ni/Fe-hydrogenase 1 B-type cytochrome subunit
[19:50:11] Modify product: Uncharacterized lipoprotein GfcB => putative lipoprotein GfcB
[19:50:11] Modify product: Uncharacterized protein YccJ => putative protein YccJ
[19:50:11] Modify product: Probable malonic semialdehyde reductase RutE => putative malonic semialdehyde reductase RutE
[19:50:11] Modify product: Probable phosphatase YcdX => putative phosphatase YcdX
[19:50:11] Modify product: Uncharacterized protein YmdA => putative protein YmdA
[19:50:11] Modify product: UPF0176 protein YceA => hypothetical protein
[19:50:11] Modify product: Cytochrome b561 homolog 2 => Cytochrome b561 
[19:50:11] Modify product: Uncharacterized protein YceO => putative protein YceO
[19:50:11] Modify product: Uncharacterized lipoprotein YceB => putative lipoprotein YceB
[19:50:11] Modify product: UPF0502 protein YceH => hypothetical protein
[19:50:11] Modify product: Uncharacterized metal-dependent hydrolase YcfH => putative metal-dependent hydrolase YcfH
[19:50:11] Modify product: UPF0227 protein YcfP => hypothetical protein
[19:50:11] Modify product: Probable L,D-transpeptidase YcfS => putative L,D-transpeptidase YcfS
[19:50:11] Modify product: Uncharacterized protein YdfO => putative protein YdfO
[19:50:11] Modify product: Probable two-component-system connector protein YcgZ => putative two-component-system connector protein YcgZ
[19:50:11] Modify product: Probable two-component-system connector protein AriR => putative two-component-system connector protein AriR
[19:50:11] Modify product: Uncharacterized protein YmgC => putative protein YmgC
[19:50:12] Modify product: Probable cyclic di-GMP phosphodiesterase PdeG => putative cyclic di-GMP phosphodiesterase PdeG
[19:50:12] Modify product: Uncharacterized protein YmgD => putative protein YmgD
[19:50:12] Modify product: UPF0757 protein YmgG => hypothetical protein
[19:50:12] Modify product: Probable autotransporter ROD_p1121 => putative autotransporter
[19:50:12] Modify product: Uncharacterized protein YcgM => putative protein YcgM
[19:50:12] Modify product: UPF0225 protein YchJ => hypothetical protein
[19:50:12] Modify product: Uncharacterized NTE family protein Rv1063c => putative NTE family protein
[19:50:12] Modify product: UPF0056 inner membrane protein MarC => hypothetical protein
[19:50:12] Modify product: UPF0263 protein YciU => hypothetical protein
[19:50:12] Modify product: Uncharacterized acyl-CoA thioester hydrolase HI_0827 => putative acyl-CoA thioester hydrolase
[19:50:12] Modify product: Probable intracellular septation protein A => putative intracellular septation protein A
[19:50:12] Modify product: UPF0259 membrane protein YciC => hypothetical protein
[19:50:12] Modify product: Uncharacterized protein YciO => putative protein YciO
[19:50:12] Modify product: Uncharacterized oxidoreductase YciK => putative oxidoreductase YciK
[19:50:12] Modify product: Probable protease SohB => putative protease SohB
[19:50:12] Modify product: Uncharacterized protein YciH => putative protein YciH
[19:50:12] Modify product: UPF0509 protein YciZ => hypothetical protein
[19:50:12] Modify product: Uncharacterized protein HI_1162 => putative protein
[19:50:12] Modify product: Uncharacterized protein YcjX => putative protein YcjX
[19:50:12] Modify product: UPF0283 membrane protein YcjF => hypothetical protein
[19:50:12] Modify product: Uncharacterized protein YcjY => putative protein YcjY
[19:50:12] Modify product: Uncharacterized protein YcjY => putative protein YcjY
[19:50:12] Modify product: Uncharacterized protein YcjY => putative protein YcjY
[19:50:12] Modify product: Probable DNA endonuclease SmrA => putative DNA endonuclease SmrA
[19:50:12] Modify product: Uncharacterized protein YbdM => putative protein YbdM
[19:50:12] Modify product: Uncharacterized HTH-type transcriptional regulator YbdO => putative HTH-type transcriptional regulator YbdO
[19:50:12] Modify product: Probable zinc-binding alcohol dehydrogenase Rv1895 => putative zinc-binding alcohol dehydrogenase
[19:50:12] Modify product: Uncharacterized HTH-type transcriptional regulator YbdO => putative HTH-type transcriptional regulator YbdO
[19:50:12] Modify product: UPF0250 protein YbeD => hypothetical protein
[19:50:12] Modify product: Uncharacterized lipoprotein ChiQ => putative lipoprotein ChiQ
[19:50:12] Modify product: Uncharacterized protein YbfE => putative protein YbfE
[19:50:12] Modify product: GTP cyclohydrolase 1 type 2 homolog => GTP cyclohydrolase 1 type 2 
[19:50:12] Modify product: Uncharacterized fimbrial-like protein YbgD => putative fimbrial-like protein YbgD
[19:50:12] Modify product: Uncharacterized protein YlcG => putative protein YlcG
[19:50:12] Modify product: UPF0098 protein YbhB => hypothetical protein
[19:50:12] Modify product: Probable multidrug ABC transporter permease YbhR => putative multidrug ABC transporter permease YbhR
[19:50:12] Modify product: Probable multidrug ABC transporter permease YbhS => putative multidrug ABC transporter permease YbhS
[19:50:12] Modify product: Probable multidrug ABC transporter ATP-binding protein YbhF => putative multidrug ABC transporter ATP-binding protein YbhF
[19:50:12] Modify product: UPF0194 membrane protein YbhG => hypothetical protein
[19:50:12] Modify product: UPF0352 protein YejL => hypothetical protein
[19:50:12] Modify product: Probable autotransporter ROD_p1121 => putative autotransporter
[19:50:12] Modify product: Probable autotransporter YfaL => putative autotransporter YfaL
[19:50:12] Modify product: Probable 4-deoxy-4-formamido-L-arabinose-phosphoundecaprenol deformylase ArnD => putative 4-deoxy-4-formamido-L-arabinose-phosphoundecaprenol deformylase ArnD
[19:50:12] Modify product: Probable 4-amino-4-deoxy-L-arabinose-phosphoundecaprenol flippase subunit ArnE => putative 4-amino-4-deoxy-L-arabinose-phosphoundecaprenol flippase subunit ArnE
[19:50:12] Modify product: Probable 4-amino-4-deoxy-L-arabinose-phosphoundecaprenol flippase subunit ArnF => putative 4-amino-4-deoxy-L-arabinose-phosphoundecaprenol flippase subunit ArnF
[19:50:12] Modify product: UPF0304 protein YfbU => hypothetical protein
[19:50:12] Modify product: UPF0208 membrane protein YfbV => hypothetical protein
[19:50:12] Modify product: Uncharacterized Nudix hydrolase YfcD => putative Nudix hydrolase YfcD
[19:50:12] Modify product: Epimerase family protein SA0724 => Epimerase family protein
[19:50:12] Modify product: Uncharacterized MFS-type transporter YfcJ => putative MFS-type transporter YfcJ
[19:50:12] Modify product: Probable membrane transporter protein YfcA => putative membrane transporter protein YfcA
[19:50:12] Modify product: Uncharacterized protein YfcO => putative protein YfcO
[19:50:12] Modify product: Uncharacterized fimbrial-like protein YfcP => putative fimbrial-like protein YfcP
[19:50:12] Modify product: Uncharacterized fimbrial-like protein YfcQ => putative fimbrial-like protein YfcQ
[19:50:12] Modify product: Uncharacterized fimbrial-like protein YfcR => putative fimbrial-like protein YfcR
[19:50:12] Modify product: Probable fimbrial chaperone YfcS => putative fimbrial chaperone YfcS
[19:50:12] Modify product: Uncharacterized fimbrial-like protein YfcV => putative fimbrial-like protein YfcV
[19:50:12] Modify product: UPF0381 protein YiiS => hypothetical protein
[19:50:12] Modify product: Probable multidrug resistance protein EmrY => putative multidrug resistance protein EmrY
[19:50:12] Modify product: Probable multidrug resistance protein EmrK => putative multidrug resistance protein EmrK
[19:50:12] Modify product: Probable cyclic di-GMP phosphodiesterase PdeA => putative cyclic di-GMP phosphodiesterase PdeA
[19:50:12] Modify product: Uncharacterized protein YfeY => putative protein YfeY
[19:50:12] Modify product: Uncharacterized protein Rv2575 => putative protein
[19:50:12] Modify product: Probable formate transporter 2 => putative formate transporter 2
[19:50:12] Modify product: Uncharacterized protein YfgD => putative protein YfgD
[19:50:12] Modify product: Uncharacterized protein YfgJ => putative protein YfgJ
[19:50:12] Modify product: UPF0070 protein HI_0370 => hypothetical protein
[19:50:12] Modify product: Uncharacterized protein Rv2307c => putative protein
[19:50:12] Modify product: Probable 3-phenylpropionic acid transporter => putative 3-phenylpropionic acid transporter
[19:50:12] Modify product: Uncharacterized protein YphB => putative protein YphB
[19:50:12] Modify product: Uncharacterized tRNA/rRNA methyltransferase YfiF => putative tRNA/rRNA methyltransferase YfiF
[19:50:12] Modify product: UPF0053 inner membrane protein YfjD => hypothetical protein
[19:50:12] Modify product: UPF0125 protein RatB => hypothetical protein
[19:50:12] Modify product: Probable autotransporter ROD_p1121 => putative autotransporter
[19:50:12] Modify product: Probable autotransporter ROD_p1121 => putative autotransporter
[19:50:12] Modify product: Probable HTH-type transcriptional regulator YgaV => putative HTH-type transcriptional regulator YgaV
[19:50:12] Modify product: Uncharacterized protein YgaM => putative protein YgaM
[19:50:12] Modify product: Probable transporter SCO4007 => putative transporter
[19:50:12] Modify product: Probable UbiX-like flavin prenyltransferase => putative UbiX-like flavin prenyltransferase
[19:50:12] Modify product: Uncharacterized protein YgcP => putative protein YgcP
[19:50:12] Modify product: Probable glucarate transporter => putative glucarate transporter
[19:50:12] Modify product: Uncharacterized protein PA3435 => putative protein
[19:50:12] Modify product: Uncharacterized protein YqcC => putative protein YqcC
[19:50:12] Modify product: Uncharacterized HTH-type transcriptional regulator YdjF => putative HTH-type transcriptional regulator YdjF
[19:50:12] Modify product: UPF0382 inner membrane protein YgdD => hypothetical protein
[19:50:12] Modify product: Uncharacterized lipoprotein YgdR => putative lipoprotein YgdR
[19:50:12] Modify product: UPF0053 inner membrane protein YgdQ => hypothetical protein
[19:50:12] Modify product: Uncharacterized lipoprotein YgdR => putative lipoprotein YgdR
[19:50:12] Modify product: Uncharacterized response regulatory protein YgeK => putative response regulatory protein YgeK
[19:50:12] Modify product: Uncharacterized protein YqfG => putative protein YqfG
[19:50:12] Modify product: UPF0073 inner membrane protein YqfA => hypothetical protein
[19:50:12] Modify product: UPF0267 protein YqfB => hypothetical protein
[19:50:12] Modify product: Uncharacterized oxidoreductase YgfF => putative oxidoreductase YgfF
[19:50:12] Modify product: UPF0149 protein HI_0817 => hypothetical protein
[19:50:12] Modify product: UPF0301 protein YqgE => hypothetical protein
[19:50:12] Modify product: Uncharacterized protein YggR => putative protein YggR
[19:50:12] Modify product: UPF0235 protein YggU => hypothetical protein
[19:50:12] Modify product: Uncharacterized protein HI_0341 => putative protein
[19:50:12] Modify product: Probable Fe(2+)-trafficking protein => putative Fe(2+)-trafficking protein
[19:50:12] Modify product: Uncharacterized FAD-linked oxidoreductase Rv2280 => putative FAD-linked oxidoreductase
[19:50:13] Modify product: Probable protein kinase UbiB => putative protein kinase UbiB
[19:50:13] Modify product: Probable acyltransferase YihG => putative acyltransferase YihG
[19:50:13] Modify product: Probable GTP-binding protein EngB => putative GTP-binding protein EngB
[19:50:13] Modify product: Uncharacterized protein YshB => putative protein YshB
[19:50:13] Modify product: Uncharacterized protein YihR => putative protein YihR
[19:50:13] Modify product: UPF0761 membrane protein YihY => hypothetical protein
[19:50:13] Modify product: UPF0381 protein YiiS => hypothetical protein
[19:50:13] Modify product: Probable cystine transporter YijE => putative cystine transporter YijE
[19:50:13] Modify product: Probable L-galactonate transporter => putative L-galactonate transporter
[19:50:13] Modify product: Uncharacterized protein HI_0431 => putative protein
[19:50:13] Modify product: Uncharacterized lipoprotein GfcB => putative lipoprotein GfcB
[19:50:13] Modify product: UPF0337 protein YjbJ => hypothetical protein
[19:50:13] Modify product: Uncharacterized protein YjbR => putative protein YjbR
[19:50:13] Modify product: Probable cyclic di-GMP phosphodiesterase PdeC => putative cyclic di-GMP phosphodiesterase PdeC
[19:50:13] Modify product: Uncharacterized ferredoxin-like protein YdhX => putative ferredoxin-like protein YdhX
[19:50:13] Modify product: Uncharacterized protein YtfJ => putative protein YtfJ
[19:50:13] Modify product: Probable Ni/Fe-hydrogenase 2 b-type cytochrome subunit => putative Ni/Fe-hydrogenase 2 b-type cytochrome subunit
[19:50:13] Modify product: Uncharacterized oxidoreductase YghA => putative oxidoreductase YghA
[19:50:13] Modify product: Probable quinol monooxygenase YgiN => putative quinol monooxygenase YgiN
[19:50:13] Modify product: Uncharacterized fimbrial-like protein YbgD => putative fimbrial-like protein YbgD
[19:50:13] Modify product: Probable glycerol-3-phosphate acyltransferase => putative glycerol-3-phosphate acyltransferase
[19:50:13] Modify product: Uncharacterized protein YqjD => putative protein YqjD
[19:50:13] Modify product: UPF0597 protein YhaM => hypothetical protein
[19:50:13] Modify product: Probable serine transporter => putative serine transporter
[19:50:13] Modify product: Probable galactarate transporter => putative galactarate transporter
[19:50:13] Modify product: Uncharacterized fimbrial-like protein YraH => putative fimbrial-like protein YraH
[19:50:13] Modify product: Probable fimbrial chaperone YraI => putative fimbrial chaperone YraI
[19:50:13] Modify product: Uncharacterized fimbrial-like protein YraK => putative fimbrial-like protein YraK
[19:50:13] Modify product: UPF0213 protein BH0048 => hypothetical protein
[19:50:13] Modify product: Uncharacterized protease YhbU => putative protease YhbU
[19:50:13] Modify product: Uncharacterized inner membrane transporter YhbE => putative inner membrane transporter YhbE
[19:50:13] Modify product: Uncharacterized protein YrbL => putative protein YrbL
[19:50:13] Modify product: Uncharacterized protein YhcH => putative protein YhcH
[19:50:13] Modify product: Uncharacterized protein YhcO => putative protein YhcO
[19:50:13] Modify product: Probable acrylyl-CoA reductase AcuI => putative acrylyl-CoA reductase AcuI
[19:50:13] Modify product: Uncharacterized membrane protein YhdT => putative membrane protein YhdT
[19:50:13] Modify product: Probable transcriptional regulator PhnF => putative transcriptional regulator PhnF
[19:50:13] Modify product: Uncharacterized protein YjdJ => putative protein YjdJ
[19:50:13] Modify product: Probable cadaverine/lysine antiporter => putative cadaverine/lysine antiporter
[19:50:13] Modify product: UPF0716 protein FxsA => hypothetical protein
[19:50:13] Modify product: UPF0719 inner membrane protein YjfL => hypothetical protein
[19:50:13] Modify product: Probable L-ascorbate-6-phosphate lactonase UlaG => putative L-ascorbate-6-phosphate lactonase UlaG
[19:50:13] Modify product: Uncharacterized protein YtfJ => putative protein YtfJ
[19:50:13] Modify product: UPF0053 inner membrane protein YtfL => hypothetical protein
[19:50:13] Modify product: UPF0307 protein YjgA => hypothetical protein
[19:50:13] Modify product: Uncharacterized protein YjgL => putative protein YjgL
[19:50:13] Modify product: Uncharacterized protein YjgL => putative protein YjgL
[19:50:13] Modify product: Uncharacterized protein YjgL => putative protein YjgL
[19:50:13] Modify product: Probable 9-O-acetyl-N-acetylneuraminic acid deacetylase => putative 9-O-acetyl-N-acetylneuraminic acid deacetylase
[19:50:13] Modify product: Probable N-acetylneuraminic acid outer membrane channel protein NanC => putative N-acetylneuraminic acid outer membrane channel protein NanC
[19:50:13] Modify product: Probable major fimbrial subunit LpfA => putative major fimbrial subunit LpfA
[19:50:13] Modify product: Probable RNA 2'-phosphotransferase => putative RNA 2'-phosphotransferase
[19:50:13] Modify product: Uncharacterized protein YjiK => putative protein YjiK
[19:50:13] Modify product: Probable L-galactonate transporter => putative L-galactonate transporter
[19:50:13] Modify product: Probable HTH-type transcriptional regulator LgoR => putative HTH-type transcriptional regulator LgoR
[19:50:13] Modify product: UPF0442 protein YjjB => hypothetical protein
[19:50:13] Modify product: Uncharacterized metal-dependent hydrolase YjjV => putative metal-dependent hydrolase YjjV
[19:50:13] Modify product: Uncharacterized protein YjjI => putative protein YjjI
[19:50:13] Modify product: Probable inner membrane protein Smp => putative inner membrane protein Smp
[19:50:13] Modify product: Uncharacterized protein YhcH => putative protein YhcH
[19:50:13] Modify product: Uncharacterized GST-like protein YibF => putative GST-like protein YibF
[19:50:13] Modify product: Uncharacterized protein YibL => putative protein YibL
[19:50:13] Modify product: Uncharacterized protein YibN => putative protein YibN
[19:50:13] Modify product: UPF0758 protein SP_1088 => hypothetical protein
[19:50:13] Modify product: UPF0701 protein YicC => hypothetical protein
[19:50:13] Modify product: UPF0126 inner membrane protein YicG => hypothetical protein
[19:50:13] Modify product: Uncharacterized inner membrane transporter YicL => putative inner membrane transporter YicL
[19:50:13] Modify product: Uncharacterized symporter YidK => putative symporter YidK
[19:50:13] Modify product: Probable 2-dehydro-3-deoxygalactonokinase DgoK1 => putative 2-dehydro-3-deoxygalactonokinase DgoK1
[19:50:13] Modify product: UPF0167 protein CbrC => hypothetical protein
[19:50:13] Modify product: Probable glucosamine-6-phosphate deaminase 2 => putative glucosamine-6-phosphate deaminase 2
[19:50:13] Modify product: Uncharacterized fimbrial-like protein ElfG => putative fimbrial-like protein ElfG
[19:50:13] Modify product: Probable outer membrane usher protein ElfC => putative outer membrane usher protein ElfC
[19:50:13] Modify product: Probable transport protein HsrA => putative transport protein HsrA
[19:50:13] Modify product: UPF0438 protein YifE => hypothetical protein
[19:50:13] Modify product: Probable ECA polymerase => putative ECA polymerase
[19:50:13] Modify product: Probable transport protein YifK => putative transport protein YifK
[19:50:13] Modify product: Protein SlyX homolog => Protein SlyX 
[19:50:13] Modify product: Uncharacterized ABC transporter ATP-binding protein YheS => putative ABC transporter ATP-binding protein YheS
[19:50:13] Modify product: UPF0270 protein PA3463 => hypothetical protein
[19:50:13] Modify product: Probable protein adenylyltransferase Fic => putative protein adenylyltransferase Fic
[19:50:13] Modify product: Uncharacterized protein YhfG => putative protein YhfG
[19:50:13] Modify product: Probable fructoselysine/psicoselysine transporter FrlA => putative fructoselysine/psicoselysine transporter FrlA
[19:50:13] Modify product: Probable fructoselysine utilization operon transcriptional repressor => putative fructoselysine utilization operon transcriptional repressor
[19:50:13] Modify product: Uncharacterized protein YhfS => putative protein YhfS
[19:50:13] Modify product: Uncharacterized protein YhfX => putative protein YhfX
[19:50:13] Modify product: Putative membrane protein IgaA homolog => Putative membrane protein IgaA 
[19:50:13] Modify product: Probable [Fe-S]-dependent transcriptional repressor FeoC => putative [Fe-S]-dependent transcriptional repressor FeoC
[19:50:14] Modify product: UPF0056 inner membrane protein YhgN => hypothetical protein
[19:50:14] Modify product: Uncharacterized oxidoreductase YhhX => putative oxidoreductase YhhX
[19:50:14] Modify product: Uncharacterized protein YhhA => putative protein YhhA
[19:50:14] Modify product: Uncharacterized MFS-type transporter YhhS => putative MFS-type transporter YhhS
[19:50:14] Modify product: Uncharacterized protein HI_0933 => putative protein
[19:50:14] Modify product: Probable cyclic di-GMP phosphodiesterase PdeK => putative cyclic di-GMP phosphodiesterase PdeK
[19:50:14] Modify product: Probable fimbrial subunit LpfE => putative fimbrial subunit LpfE
[19:50:14] Modify product: Probable minor fimbrial subunit LpfD => putative minor fimbrial subunit LpfD
[19:50:14] Modify product: Probable fimbrial chaperone LpfB => putative fimbrial chaperone LpfB
[19:50:14] Modify product: Probable major fimbrial subunit LpfA => putative major fimbrial subunit LpfA
[19:50:14] Modify product: Uncharacterized MFS-type transporter YhjX => putative MFS-type transporter YhjX
[19:50:14] Modify product: Probable lipoprotein YiaD => putative lipoprotein YiaD
[19:50:14] Cleaned 369 /product names
[19:50:14] Deleting unwanted file: /mnt/c/Users/migue/OneDrive/Ambiente de Trabalho/Prokka_GCF_000026265/Prokka_GCF_000026265.sprot.tmp.21085.faa
[19:50:14] Deleting unwanted file: /mnt/c/Users/migue/OneDrive/Ambiente de Trabalho/Prokka_GCF_000026265/Prokka_GCF_000026265.sprot.tmp.21085.blast
[19:50:14] There are still 839 unannotated CDS left (started with 4318)
[19:50:14] Will use hmmer3 to search against /home/miguelbalexandre/miniconda3/envs/prokka_env/db/hmm/HAMAP.hmm with 8 CPUs
[19:50:14] Running: cat \/mnt\/c\/Users\/migue\/OneDrive\/Ambiente\ de\ Trabalho\/Prokka_GCF_000026265\/Prokka_GCF_000026265\.HAMAP\.hmm\.tmp\.21085\.faa | parallel --gnu --plain -j 8 --block 14197 --recstart '>' --pipe hmmscan --noali --notextw --acc -E 1e-09 --cpu 1 /home/miguelbalexandre/miniconda3/envs/prokka_env/db/hmm/HAMAP.hmm /dev/stdin > \/mnt\/c\/Users\/migue\/OneDrive\/Ambiente\ de\ Trabalho\/Prokka_GCF_000026265\/Prokka_GCF_000026265\.HAMAP\.hmm\.tmp\.21085\.hmmer3 2> /dev/null
[19:50:20] Modify product: Uncharacterized Nudix hydrolase NudL => putative Nudix hydrolase NudL
[19:50:20] Cleaned 1 /product names
[19:50:20] Deleting unwanted file: /mnt/c/Users/migue/OneDrive/Ambiente de Trabalho/Prokka_GCF_000026265/Prokka_GCF_000026265.HAMAP.hmm.tmp.21085.faa
[19:50:20] Deleting unwanted file: /mnt/c/Users/migue/OneDrive/Ambiente de Trabalho/Prokka_GCF_000026265/Prokka_GCF_000026265.HAMAP.hmm.tmp.21085.hmmer3
[19:50:20] Labelling remaining 769 proteins as 'hypothetical protein'
[19:50:20] Possible /pseudo 'Toxic protein HokE' at NC_011741.1 position 612018
[19:50:20] Possible /pseudo 'ISAs1 family transposase ISEc1' at NC_011741.1 position 738583
[19:50:20] Possible /pseudo 'Cold shock-like protein CspG' at NC_011741.1 position 1103125
[19:50:20] Possible /pseudo 'Hemolysin E, chromosomal' at NC_011741.1 position 1256588
[19:50:20] Possible /pseudo 'putative protein YcjY' at NC_011741.1 position 1413415
[19:50:20] Possible /pseudo 'putative protein YcjY' at NC_011741.1 position 1414192
[19:50:20] Possible /pseudo 'p-aminobenzoyl-glutamate transport protein' at NC_011741.1 position 1422861
[19:50:20] Possible /pseudo 'Formate dehydrogenase, nitrate-inducible, major subunit' at NC_011741.1 position 1548591
[19:50:20] Possible /pseudo 'ISNCY family transposase ISEsa1' at NC_011741.1 position 1686167
[19:50:20] Possible /pseudo 'IS3 family transposase ISEc17' at NC_011741.1 position 2114133
[19:50:20] Possible /pseudo 'D-inositol-3-phosphate glycosyltransferase' at NC_011741.1 position 2148603
[19:50:20] Possible /pseudo 'D-inositol-3-phosphate glycosyltransferase' at NC_011741.1 position 2149812
[19:50:20] Possible /pseudo 'Lysine/arginine/ornithine-binding periplasmic protein' at NC_011741.1 position 2469868
[19:50:20] Possible /pseudo '3-phenylpropionate/cinnamic acid dioxygenase ferredoxin--NAD(+) reductase component' at NC_011741.1 position 2696026
[19:50:20] Possible /pseudo 'putative autotransporter' at NC_011741.1 position 2823426
[19:50:20] Possible /pseudo 'RNA polymerase sigma factor RpoS' at NC_011741.1 position 2916305
[19:50:20] Possible /pseudo 'Surface presentation of antigens protein SpaS' at NC_011741.1 position 3051883
[19:50:20] Possible /pseudo 'Energy-coupling factor transporter ATP-binding protein EcfA1' at NC_011741.1 position 3134927
[19:50:20] Possible /pseudo 'Mannitol-1-phosphate 5-dehydrogenase' at NC_011741.1 position 3138677
[19:50:20] Possible /pseudo 'Small toxic polypeptide LdrD' at NC_011741.1 position 3764501
[19:50:20] Possible /pseudo 'Small toxic polypeptide LdrD' at NC_011741.1 position 3764984
[19:50:20] Possible /pseudo 'Small toxic polypeptide LdrD' at NC_011741.1 position 3765467
[19:50:20] Possible /pseudo '6-phospho-alpha-glucosidase' at NC_011741.1 position 3932635
[19:50:20] Possible /pseudo 'Putative 2,3-dihydroxypropane-1-sulfonate exporter' at NC_011741.1 position 4145569
[19:50:20] Possible /pseudo 'Formate dehydrogenase-O major subunit' at NC_011741.1 position 4166551
[19:50:20] Possible /pseudo 'PTS system mannose-specific EIIBCA component' at NC_011741.1 position 4173678
[19:50:20] Possible /pseudo 'Protein RhsC' at NC_011741.1 position 4210706
[19:50:20] Possible /pseudo 'Formate dehydrogenase H' at NC_011741.1 position 4389491
[19:50:20] Possible /pseudo 'putative protein YjgL' at NC_011741.1 position 4561041
[19:50:20] Possible /pseudo 'putative protein YjgL' at NC_011741.1 position 4561381
[19:50:20] Possible /pseudo 'ISKra4 family transposase ISCep1' at NC_011741.1 position 4602681
[19:50:20] Found 3143 unique /gene codes.
[19:50:20] Fixed 3 duplicate /gene - agaC_1 agaC_2 agaC_3
[19:50:20] Fixed 2 duplicate /gene - fdrA_1 fdrA_2
[19:50:20] Fixed 2 duplicate /gene - pitA_1 pitA_2
[19:50:20] Fixed 3 duplicate /gene - cspG_1 cspG_2 cspG_3
[19:50:20] Fixed 2 duplicate /gene - tsaR_1 tsaR_2
[19:50:20] Fixed 2 duplicate /gene - elfC_1 elfC_2
[19:50:20] Fixed 5 duplicate /gene - rhsD_1 rhsD_2 rhsD_3 rhsD_4 rhsD_5
[19:50:20] Fixed 2 duplicate /gene - osmY_1 osmY_2
[19:50:20] Fixed 2 duplicate /gene - bglA_1 bglA_2
[19:50:20] Fixed 2 duplicate /gene - fryA_1 fryA_2
[19:50:20] Fixed 2 duplicate /gene - lsrD_1 lsrD_2
[19:50:20] Fixed 3 duplicate /gene - potA_1 potA_2 potA_3
[19:50:20] Fixed 2 duplicate /gene - yhhT_1 yhhT_2
[19:50:20] Fixed 3 duplicate /gene - manP_1 manP_2 manP_3
[19:50:20] Fixed 5 duplicate /gene - dmlR_1 dmlR_2 dmlR_3 dmlR_4 dmlR_5
[19:50:20] Fixed 2 duplicate /gene - rhtC_1 rhtC_2
[19:50:20] Fixed 3 duplicate /gene - xerC_1 xerC_2 xerC_3
[19:50:20] Fixed 2 duplicate /gene - aaeA_1 aaeA_2
[19:50:20] Fixed 2 duplicate /gene - dnaK_1 dnaK_2
[19:50:20] Fixed 2 duplicate /gene - lpxD_1 lpxD_2
[19:50:20] Fixed 2 duplicate /gene - fixA_1 fixA_2
[19:50:20] Fixed 2 duplicate /gene - yhaJ_1 yhaJ_2
[19:50:20] Fixed 2 duplicate /gene - xdhA_1 xdhA_2
[19:50:20] Fixed 2 duplicate /gene - sgrR_1 sgrR_2
[19:50:20] Fixed 2 duplicate /gene - ccmF_1 ccmF_2
[19:50:20] Fixed 4 duplicate /gene - ldrD_1 ldrD_2 ldrD_3 ldrD_4
[19:50:20] Fixed 2 duplicate /gene - lldR_1 lldR_2
[19:50:20] Fixed 2 duplicate /gene - fdhF_1 fdhF_2
[19:50:20] Fixed 2 duplicate /gene - lsrB_1 lsrB_2
[19:50:20] Fixed 2 duplicate /gene - fdoG_1 fdoG_2
[19:50:20] Fixed 2 duplicate /gene - arcC1_1 arcC1_2
[19:50:20] Fixed 3 duplicate /gene - glnQ_1 glnQ_2 glnQ_3
[19:50:20] Fixed 2 duplicate /gene - ydgA_1 ydgA_2
[19:50:20] Fixed 2 duplicate /gene - mtlA_1 mtlA_2
[19:50:20] Fixed 2 duplicate /gene - flhA_1 flhA_2
[19:50:20] Fixed 3 duplicate /gene - ompX_1 ompX_2 ompX_3
[19:50:20] Fixed 2 duplicate /gene - ftsA_1 ftsA_2
[19:50:20] Fixed 2 duplicate /gene - fdnG_1 fdnG_2
[19:50:20] Fixed 2 duplicate /gene - kduD_1 kduD_2
[19:50:20] Fixed 2 duplicate /gene - cysE_1 cysE_2
[19:50:20] Fixed 2 duplicate /gene - nagB_1 nagB_2
[19:50:20] Fixed 2 duplicate /gene - fdnH_1 fdnH_2
[19:50:20] Fixed 2 duplicate /gene - lsrK_1 lsrK_2
[19:50:20] Fixed 2 duplicate /gene - higA_1 higA_2
[19:50:20] Fixed 2 duplicate /gene - yrdA_1 yrdA_2
[19:50:20] Fixed 2 duplicate /gene - rob_1 rob_2
[19:50:20] Fixed 2 duplicate /gene - leuC_1 leuC_2
[19:50:20] Fixed 3 duplicate /gene - norR_1 norR_2 norR_3
[19:50:20] Fixed 2 duplicate /gene - manX_1 manX_2
[19:50:20] Fixed 2 duplicate /gene - focC_1 focC_2
[19:50:20] Fixed 4 duplicate /gene - mshA_1 mshA_2 mshA_3 mshA_4
[19:50:20] Fixed 2 duplicate /gene - ecfA1_1 ecfA1_2
[19:50:20] Fixed 2 duplicate /gene - yggP_1 yggP_2
[19:50:20] Fixed 2 duplicate /gene - pspB_1 pspB_2
[19:50:20] Fixed 2 duplicate /gene - bioF_1 bioF_2
[19:50:20] Fixed 2 duplicate /gene - hlyE_1 hlyE_2
[19:50:20] Fixed 2 duplicate /gene - hdfR_1 hdfR_2
[19:50:20] Fixed 4 duplicate /gene - rhaS_1 rhaS_2 rhaS_3 rhaS_4
[19:50:20] Fixed 2 duplicate /gene - fimF_1 fimF_2
[19:50:20] Fixed 4 duplicate /gene - arnC_1 arnC_2 arnC_3 arnC_4
[19:50:20] Fixed 2 duplicate /gene - msbA_1 msbA_2
[19:50:20] Fixed 5 duplicate /gene - hyfA_1 hyfA_2 hyfA_3 hyfA_4 hyfA_5
[19:50:20] Fixed 2 duplicate /gene - hycG_1 hycG_2
[19:50:20] Fixed 2 duplicate /gene - galE_1 galE_2
[19:50:20] Fixed 2 duplicate /gene - ygcS_1 ygcS_2
[19:50:20] Fixed 2 duplicate /gene - proA_1 proA_2
[19:50:20] Fixed 2 duplicate /gene - mipA_1 mipA_2
[19:50:20] Fixed 2 duplicate /gene - ompD_1 ompD_2
[19:50:20] Fixed 2 duplicate /gene - sbmC_1 sbmC_2
[19:50:20] Fixed 2 duplicate /gene - bioD1_1 bioD1_2
[19:50:20] Fixed 2 duplicate /gene - lpfA_1 lpfA_2
[19:50:20] Fixed 5 duplicate /gene - rhaR_1 rhaR_2 rhaR_3 rhaR_4 rhaR_5
[19:50:20] Fixed 2 duplicate /gene - azoR_1 azoR_2
[19:50:20] Fixed 3 duplicate /gene - hokE_1 hokE_2 hokE_3
[19:50:20] Fixed 2 duplicate /gene - gnsA_1 gnsA_2
[19:50:20] Fixed 2 duplicate /gene - papD_1 papD_2
[19:50:20] Fixed 2 duplicate /gene - prs_1 prs_2
[19:50:20] Fixed 2 duplicate /gene - bglF_1 bglF_2
[19:50:20] Fixed 2 duplicate /gene - fruK_1 fruK_2
[19:50:20] Fixed 2 duplicate /gene - gstB_1 gstB_2
[19:50:20] Fixed 2 duplicate /gene - rtcB_1 rtcB_2
[19:50:20] Fixed 3 duplicate /gene - por_1 por_2 por_3
[19:50:20] Fixed 2 duplicate /gene - lapB_1 lapB_2
[19:50:20] Fixed 2 duplicate /gene - dmsB_1 dmsB_2
[19:50:20] Fixed 2 duplicate /gene - nlpD_1 nlpD_2
[19:50:20] Fixed 2 duplicate /gene - hcaD_1 hcaD_2
[19:50:20] Fixed 2 duplicate /gene - cusC_1 cusC_2
[19:50:20] Fixed 2 duplicate /gene - trmH_1 trmH_2
[19:50:20] Fixed 2 duplicate /gene - fimA_1 fimA_2
[19:50:20] Fixed 3 duplicate /gene - tdh_1 tdh_2 tdh_3
[19:50:20] Fixed 2 duplicate /gene - manC1_1 manC1_2
[19:50:20] Fixed 3 duplicate /gene - hcaR_1 hcaR_2 hcaR_3
[19:50:20] Fixed 2 duplicate /gene - murR_1 murR_2
[19:50:20] Fixed 2 duplicate /gene - lolD_1 lolD_2
[19:50:20] Fixed 2 duplicate /gene - oxyR_1 oxyR_2
[19:50:20] Fixed 2 duplicate /gene - dapH_1 dapH_2
[19:50:20] Fixed 3 duplicate /gene - ndhB_1 ndhB_2 ndhB_3
[19:50:20] Fixed 2 duplicate /gene - rrrD_1 rrrD_2
[19:50:20] Fixed 3 duplicate /gene - yjgL_1 yjgL_2 yjgL_3
[19:50:20] Fixed 2 duplicate /gene - hokC_1 hokC_2
[19:50:20] Fixed 2 duplicate /gene - pdhR_1 pdhR_2
[19:50:20] Fixed 2 duplicate /gene - dcuD_1 dcuD_2
[19:50:20] Fixed 2 duplicate /gene - ygiW_1 ygiW_2
[19:50:20] Fixed 2 duplicate /gene - ybdO_1 ybdO_2
[19:50:20] Fixed 2 duplicate /gene - pal_1 pal_2
[19:50:20] Fixed 3 duplicate /gene - cynR_1 cynR_2 cynR_3
[19:50:20] Fixed 2 duplicate /gene - ygdR_1 ygdR_2
[19:50:20] Fixed 2 duplicate /gene - dadA_1 dadA_2
[19:50:20] Fixed 2 duplicate /gene - nohA_1 nohA_2
[19:50:20] Fixed 3 duplicate /gene - fixX_1 fixX_2 fixX_3
[19:50:20] Fixed 2 duplicate /gene - higB-2_1 higB-2_2
[19:50:20] Fixed 2 duplicate /gene - ndhI_1 ndhI_2
[19:50:20] Fixed 2 duplicate /gene - narL_1 narL_2
[19:50:20] Fixed 2 duplicate /gene - chuR_1 chuR_2
[19:50:20] Fixed 2 duplicate /gene - rlhA_1 rlhA_2
[19:50:20] Fixed 2 duplicate /gene - lgoT_1 lgoT_2
[19:50:20] Fixed 2 duplicate /gene - mdh_1 mdh_2
[19:50:20] Fixed 2 duplicate /gene - caiA_1 caiA_2
[19:50:20] Fixed 3 duplicate /gene - bglH_1 bglH_2 bglH_3
[19:50:20] Fixed 2 duplicate /gene - yehB_1 yehB_2
[19:50:20] Fixed 2 duplicate /gene - rspA_1 rspA_2
[19:50:20] Fixed 2 duplicate /gene - rpoS_1 rpoS_2
[19:50:20] Fixed 4 duplicate /gene - btuD_1 btuD_2 btuD_3 btuD_4
[19:50:20] Fixed 2 duplicate /gene - aspT_1 aspT_2
[19:50:20] Fixed 2 duplicate /gene - artM_1 artM_2
[19:50:20] Fixed 2 duplicate /gene - msmX_1 msmX_2
[19:50:20] Fixed 3 duplicate /gene - ycjY_1 ycjY_2 ycjY_3
[19:50:20] Fixed 2 duplicate /gene - glpG_1 glpG_2
[19:50:20] Fixed 2 duplicate /gene - spaS_1 spaS_2
[19:50:20] Fixed 2 duplicate /gene - kefC_1 kefC_2
[19:50:20] Fixed 2 duplicate /gene - dmsC_1 dmsC_2
[19:50:20] Fixed 2 duplicate /gene - elfG_1 elfG_2
[19:50:20] Fixed 2 duplicate /gene - fimD_1 fimD_2
[19:50:20] Fixed 2 duplicate /gene - ytfJ_1 ytfJ_2
[19:50:20] Fixed 2 duplicate /gene - deoB_1 deoB_2
[19:50:20] Fixed 2 duplicate /gene - yhcH_1 yhcH_2
[19:50:20] Fixed 2 duplicate /gene - ftnA_1 ftnA_2
[19:50:20] Fixed 2 duplicate /gene - ydhX_1 ydhX_2
[19:50:20] Fixed 2 duplicate /gene - psuK_1 psuK_2
[19:50:20] Fixed 2 duplicate /gene - acrB_1 acrB_2
[19:50:20] Fixed 3 duplicate /gene - ydcV_1 ydcV_2 ydcV_3
[19:50:20] Fixed 2 duplicate /gene - prfB_1 prfB_2
[19:50:20] Fixed 2 duplicate /gene - pgrR_1 pgrR_2
[19:50:20] Fixed 2 duplicate /gene - ydjF_1 ydjF_2
[19:50:20] Fixed 2 duplicate /gene - ompN_1 ompN_2
[19:50:20] Fixed 2 duplicate /gene - epsF_1 epsF_2
[19:50:20] Fixed 2 duplicate /gene - cutC_1 cutC_2
[19:50:20] Fixed 2 duplicate /gene - oleD_1 oleD_2
[19:50:20] Fixed 2 duplicate /gene - yihP_1 yihP_2
[19:50:20] Fixed 3 duplicate /gene - lexA_1 lexA_2 lexA_3
[19:50:20] Fixed 2 duplicate /gene - mepS_1 mepS_2
[19:50:20] Fixed 2 duplicate /gene - yahB_1 yahB_2
[19:50:20] Fixed 2 duplicate /gene - ybgD_1 ybgD_2
[19:50:20] Fixed 2 duplicate /gene - ulaE_1 ulaE_2
[19:50:20] Fixed 2 duplicate /gene - ttdT_1 ttdT_2
[19:50:20] Fixed 2 duplicate /gene - melR_1 melR_2
[19:50:20] Fixed 4 duplicate /gene - manZ_1 manZ_2 manZ_3 manZ_4
[19:50:20] Fixed 3 duplicate /gene - bhsA_1 bhsA_2 bhsA_3
[19:50:20] Fixed 2 duplicate /gene - argE_1 argE_2
[19:50:20] Fixed 2 duplicate /gene - mglA_1 mglA_2
[19:50:20] Fixed 2 duplicate /gene - topA_1 topA_2
[19:50:20] Fixed 2 duplicate /gene - lptG_1 lptG_2
[19:50:20] Fixed 2 duplicate /gene - mlc_1 mlc_2
[19:50:20] Fixed 3 duplicate /gene - papC_1 papC_2 papC_3
[19:50:20] Fixed 2 duplicate /gene - abgT_1 abgT_2
[19:50:20] Fixed 2 duplicate /gene - betB_1 betB_2
[19:50:20] Fixed 2 duplicate /gene - acrR_1 acrR_2
[19:50:20] Fixed 2 duplicate /gene - thlA_1 thlA_2
[19:50:20] Fixed 2 duplicate /gene - slp_1 slp_2
[19:50:20] Fixed 3 duplicate /gene - fixB_1 fixB_2 fixB_3
[19:50:20] Fixed 2 duplicate /gene - aaeB_1 aaeB_2
[19:50:20] Fixed 2 duplicate /gene - sapB_1 sapB_2
[19:50:20] Fixed 2 duplicate /gene - ccmH_1 ccmH_2
[19:50:20] Fixed 3 duplicate /gene - rbsC_1 rbsC_2 rbsC_3
[19:50:20] Fixed 2 duplicate /gene - kdgK_1 kdgK_2
[19:50:20] Fixed 2 duplicate /gene - ubiJ_1 ubiJ_2
[19:50:20] Fixed 2 duplicate /gene - srmB_1 srmB_2
[19:50:20] Fixed 2 duplicate /gene - acs_1 acs_2
[19:50:20] Fixed 3 duplicate /gene - vgrG1_1 vgrG1_2 vgrG1_3
[19:50:20] Fixed 2 duplicate /gene - ssuC_1 ssuC_2
[19:50:20] Fixed 2 duplicate /gene - ydeO_1 ydeO_2
[19:50:20] Fixed 2 duplicate /gene - ydjE_1 ydjE_2
[19:50:20] Fixed 5 duplicate /gene - srlR_1 srlR_2 srlR_3 srlR_4 srlR_5
[19:50:20] Fixed 2 duplicate /gene - gltC_1 gltC_2
[19:50:20] Fixed 2 duplicate /gene - lon_1 lon_2
[19:50:20] Fixed 2 duplicate /gene - ydfO_1 ydfO_2
[19:50:20] Fixed 2 duplicate /gene - epsE_1 epsE_2
[19:50:20] Fixed 3 duplicate /gene - mngR_1 mngR_2 mngR_3
[19:50:20] Fixed 2 duplicate /gene - fryB_1 fryB_2
[19:50:20] Fixed 2 duplicate /gene - gadX_1 gadX_2
[19:50:20] Fixed 2 duplicate /gene - fimH_1 fimH_2
[19:50:20] Fixed 2 duplicate /gene - caiT_1 caiT_2
[19:50:20] Fixed 2 duplicate /gene - aglB_1 aglB_2
[19:50:20] Fixed 2 duplicate /gene - levE_1 levE_2
[19:50:20] Fixed 4 duplicate /gene - rhsC_1 rhsC_2 rhsC_3 rhsC_4
[19:50:20] Fixed 2 duplicate /gene - ydjZ_1 ydjZ_2
[19:50:20] Fixed 2 duplicate /gene - fimG_1 fimG_2
[19:50:20] Fixed 2 duplicate /gene - chbA_1 chbA_2
[19:50:20] Fixed 3 duplicate /gene - pncC_1 pncC_2 pncC_3
[19:50:20] Fixed 2 duplicate /gene - lptB_1 lptB_2
[19:50:20] Fixed 2 duplicate /gene - yiaW_1 yiaW_2
[19:50:20] Fixed 2 duplicate /gene - hcpA_1 hcpA_2
[19:50:20] Fixed 2 duplicate /gene - algC_1 algC_2
[19:50:20] Fixed 2 duplicate /gene - nanR_1 nanR_2
[19:50:20] Fixed 2 duplicate /gene - gfcB_1 gfcB_2
[19:50:20] Fixed 2 duplicate /gene - lutA_1 lutA_2
[19:50:20] Fixed 2 duplicate /gene - malP_1 malP_2
[19:50:20] Fixed 2 duplicate /gene - purR_1 purR_2
[19:50:20] Fixed 2 duplicate /gene - argT_1 argT_2
[19:50:20] Fixed 2 duplicate /gene - acpP_1 acpP_2
[19:50:20] Fixed 2 duplicate /gene - chbC_1 chbC_2
[19:50:20] Fixed 2 duplicate /gene - coaA_1 coaA_2
[19:50:20] Fixed 212 colliding /gene names.
[19:50:20] Adding /locus_tag identifiers
[19:50:20] Assigned 4427 locus_tags to CDS and RNA features.
[19:50:20] Writing outputs to /mnt/c/Users/migue/OneDrive/Ambiente de Trabalho/Prokka_GCF_000026265/
[19:50:29] Generating annotation statistics file
[19:50:29] Generating Genbank and Sequin files
[19:50:29] Running: tbl2asn -V b -a r10k -l paired-ends -M n -N 1 -y 'Annotated using prokka 1.14.6 from https://github.com/tseemann/prokka' -Z \/mnt\/c\/Users\/migue\/OneDrive\/Ambiente\ de\ Trabalho\/Prokka_GCF_000026265\/Prokka_GCF_000026265\.err -i \/mnt\/c\/Users\/migue\/OneDrive\/Ambiente\ de\ Trabalho\/Prokka_GCF_000026265\/Prokka_GCF_000026265\.fsa 2> /dev/null
[19:50:36] Deleting unwanted file: /mnt/c/Users/migue/OneDrive/Ambiente de Trabalho/Prokka_GCF_000026265/errorsummary.val
[19:50:36] Deleting unwanted file: /mnt/c/Users/migue/OneDrive/Ambiente de Trabalho/Prokka_GCF_000026265/Prokka_GCF_000026265.dr
[19:50:36] Deleting unwanted file: /mnt/c/Users/migue/OneDrive/Ambiente de Trabalho/Prokka_GCF_000026265/Prokka_GCF_000026265.fixedproducts
[19:50:36] Deleting unwanted file: /mnt/c/Users/migue/OneDrive/Ambiente de Trabalho/Prokka_GCF_000026265/Prokka_GCF_000026265.ecn
[19:50:36] Deleting unwanted file: /mnt/c/Users/migue/OneDrive/Ambiente de Trabalho/Prokka_GCF_000026265/Prokka_GCF_000026265.val
[19:50:36] Repairing broken .GBK output that tbl2asn produces...
[19:50:36] Running: sed 's/COORDINATES: profile/COORDINATES:profile/' < \/mnt\/c\/Users\/migue\/OneDrive\/Ambiente\ de\ Trabalho\/Prokka_GCF_000026265\/Prokka_GCF_000026265\.gbf > \/mnt\/c\/Users\/migue\/OneDrive\/Ambiente\ de\ Trabalho\/Prokka_GCF_000026265\/Prokka_GCF_000026265\.gbk
[19:50:37] Deleting unwanted file: /mnt/c/Users/migue/OneDrive/Ambiente de Trabalho/Prokka_GCF_000026265/Prokka_GCF_000026265.gbf
[19:50:37] Output files:
[19:50:37] /mnt/c/Users/migue/OneDrive/Ambiente de Trabalho/Prokka_GCF_000026265/Prokka_GCF_000026265.err
[19:50:37] /mnt/c/Users/migue/OneDrive/Ambiente de Trabalho/Prokka_GCF_000026265/Prokka_GCF_000026265.faa
[19:50:37] /mnt/c/Users/migue/OneDrive/Ambiente de Trabalho/Prokka_GCF_000026265/Prokka_GCF_000026265.ffn
[19:50:37] /mnt/c/Users/migue/OneDrive/Ambiente de Trabalho/Prokka_GCF_000026265/Prokka_GCF_000026265.fna
[19:50:37] /mnt/c/Users/migue/OneDrive/Ambiente de Trabalho/Prokka_GCF_000026265/Prokka_GCF_000026265.fsa
[19:50:37] /mnt/c/Users/migue/OneDrive/Ambiente de Trabalho/Prokka_GCF_000026265/Prokka_GCF_000026265.gbk
[19:50:37] /mnt/c/Users/migue/OneDrive/Ambiente de Trabalho/Prokka_GCF_000026265/Prokka_GCF_000026265.gff
[19:50:37] /mnt/c/Users/migue/OneDrive/Ambiente de Trabalho/Prokka_GCF_000026265/Prokka_GCF_000026265.log
[19:50:37] /mnt/c/Users/migue/OneDrive/Ambiente de Trabalho/Prokka_GCF_000026265/Prokka_GCF_000026265.sqn
[19:50:37] /mnt/c/Users/migue/OneDrive/Ambiente de Trabalho/Prokka_GCF_000026265/Prokka_GCF_000026265.tbl
[19:50:37] /mnt/c/Users/migue/OneDrive/Ambiente de Trabalho/Prokka_GCF_000026265/Prokka_GCF_000026265.tsv
[19:50:37] /mnt/c/Users/migue/OneDrive/Ambiente de Trabalho/Prokka_GCF_000026265/Prokka_GCF_000026265.txt
[19:50:37] Annotation finished successfully.
[19:50:37] Walltime used: 1.95 minutes
[19:50:37] If you use this result please cite the Prokka paper:
[19:50:37] Seemann T (2014) Prokka: rapid prokaryotic genome annotation. Bioinformatics. 30(14):2068-9.
[19:50:37] Type 'prokka --citation' for more details.
[19:50:37] Share and enjoy!
