[19:14:38] This is prokka 1.14.6
[19:14:38] Written by Torsten Seemann <torsten.seemann@gmail.com>
[19:14:38] Homepage is https://github.com/tseemann/prokka
[19:14:38] Local time is Sun Jan  5 19:14:38 2025
[19:14:38] You are miguelbalexandre
[19:14:38] Operating system is linux
[19:14:38] You have BioPerl 1.7.8
[19:14:38] System has 16 cores.
[19:14:38] Will use maximum of 8 cores.
[19:14:38] Annotating as >>> Bacteria <<<
[19:14:38] Generating locus_tag from '/mnt/c/Users/migue/Downloads/Dados_Prokka/GCF_003722195.fasta' contents.
[19:14:38] Setting --locustag OGPCIBBI from MD5 809c2bb2fc0838b1eae5a9dc9e217816
[19:14:38] Creating new output folder: /mnt/c/Users/migue/OneDrive/Ambiente de Trabalho/Prokka_GCF_003722195
[19:14:38] Running: mkdir -p \/mnt\/c\/Users\/migue\/OneDrive\/Ambiente\ de\ Trabalho\/Prokka_GCF_003722195
[19:14:38] Using filename prefix: Prokka_GCF_003722195.XXX
[19:14:38] Setting HMMER_NCPU=1
[19:14:38] Writing log to: /mnt/c/Users/migue/OneDrive/Ambiente de Trabalho/Prokka_GCF_003722195/Prokka_GCF_003722195.log
[19:14:38] Command: /home/miguelbalexandre/miniconda3/envs/prokka_env/bin/prokka --outdir /mnt/c/Users/migue/OneDrive/Ambiente de Trabalho/Prokka_GCF_003722195 --prefix Prokka_GCF_003722195 /mnt/c/Users/migue/Downloads/Dados_Prokka/GCF_003722195.fasta
[19:14:38] Appending to PATH: /home/miguelbalexandre/miniconda3/envs/prokka_env/bin
[19:14:38] Looking for 'aragorn' - found /home/miguelbalexandre/miniconda3/envs/prokka_env/bin/aragorn
[19:14:38] Determined aragorn version is 001002 from 'ARAGORN v1.2.41 Dean Laslett'
[19:14:38] Looking for 'barrnap' - found /home/miguelbalexandre/miniconda3/envs/prokka_env/bin/barrnap
[19:14:38] Determined barrnap version is 000009 from 'barrnap 0.9'
[19:14:38] Looking for 'blastp' - found /home/miguelbalexandre/miniconda3/envs/prokka_env/bin/blastp
[19:14:38] Determined blastp version is 002016 from 'blastp: 2.16.0+'
[19:14:38] Looking for 'cmpress' - found /home/miguelbalexandre/miniconda3/envs/prokka_env/bin/cmpress
[19:14:38] Determined cmpress version is 001001 from '# INFERNAL 1.1.5 (Sep 2023)'
[19:14:38] Looking for 'cmscan' - found /home/miguelbalexandre/miniconda3/envs/prokka_env/bin/cmscan
[19:14:38] Determined cmscan version is 001001 from '# INFERNAL 1.1.5 (Sep 2023)'
[19:14:38] Looking for 'egrep' - found /usr/bin/egrep
[19:14:38] Looking for 'find' - found /usr/bin/find
[19:14:38] Looking for 'grep' - found /usr/bin/grep
[19:14:38] Looking for 'hmmpress' - found /home/miguelbalexandre/miniconda3/envs/prokka_env/bin/hmmpress
[19:14:38] Determined hmmpress version is 003004 from '# HMMER 3.4 (Aug 2023); http://hmmer.org/'
[19:14:38] Looking for 'hmmscan' - found /home/miguelbalexandre/miniconda3/envs/prokka_env/bin/hmmscan
[19:14:38] Determined hmmscan version is 003004 from '# HMMER 3.4 (Aug 2023); http://hmmer.org/'
[19:14:38] Looking for 'java' - found /home/miguelbalexandre/miniconda3/envs/prokka_env/bin/java
[19:14:38] Looking for 'makeblastdb' - found /home/miguelbalexandre/miniconda3/envs/prokka_env/bin/makeblastdb
[19:14:38] Determined makeblastdb version is 002016 from 'makeblastdb: 2.16.0+'
[19:14:38] Looking for 'minced' - found /home/miguelbalexandre/miniconda3/envs/prokka_env/bin/minced
[19:14:38] Determined minced version is 004002 from 'minced 0.4.2'
[19:14:38] Looking for 'parallel' - found /home/miguelbalexandre/miniconda3/envs/prokka_env/bin/parallel
[19:14:38] Determined parallel version is 20241122 from 'GNU parallel 20241122'
[19:14:38] Looking for 'prodigal' - found /home/miguelbalexandre/miniconda3/envs/prokka_env/bin/prodigal
[19:14:38] Determined prodigal version is 002006 from 'Prodigal V2.6.3: February, 2016'
[19:14:38] Looking for 'prokka-genbank_to_fasta_db' - found /home/miguelbalexandre/miniconda3/envs/prokka_env/bin/prokka-genbank_to_fasta_db
[19:14:39] Looking for 'sed' - found /usr/bin/sed
[19:14:39] Looking for 'tbl2asn' - found /home/miguelbalexandre/miniconda3/envs/prokka_env/bin/tbl2asn
[19:14:39] Determined tbl2asn version is 025007 from 'tbl2asn 25.7   arguments:'
[19:14:39] Using genetic code table 11.
[19:14:39] Loading and checking input file: /mnt/c/Users/migue/Downloads/Dados_Prokka/GCF_003722195.fasta
[19:14:39] Wrote 1 contigs totalling 5569804 bp.
[19:14:39] Predicting tRNAs and tmRNAs
[19:14:39] Running: aragorn -l -gc11  -w \/mnt\/c\/Users\/migue\/OneDrive\/Ambiente\ de\ Trabalho\/Prokka_GCF_003722195\/Prokka_GCF_003722195\.fna
[19:14:41] 1 tRNA-Ile [228679,228755] 35 (gat)
[19:14:41] 2 tRNA-Ala [228798,228873] 34 (tgc)
[19:14:41] 3 tRNA-Asp [232227,232303] 35 (gtc)
[19:14:41] 4 tRNA-Asp [240451,240527] 35 (gtc)
[19:14:41] 5 tRNA-Thr [302636,302711] 34 (cgt)
[19:14:41] 6 tRNA-Ser [406010,406090] 38 (gga)
[19:14:41] 7 tRNA-Arg [661038,661114] 35 (tct)
[19:14:41] 8 tRNA-Gln c[780459,780533] 33 (ctg)
[19:14:41] 9 tRNA-Gln c[780571,780645] 33 (ctg)
[19:14:41] 10 tRNA-Met c[780694,780770] 35 (cat)
[19:14:41] 11 tRNA-Gln c[780786,780860] 33 (ttg)
[19:14:41] 12 tRNA-Gln c[780895,780969] 33 (ttg)
[19:14:41] 13 tRNA-Leu c[780993,781077] 35 (tag)
[19:14:41] 14 tRNA-Met c[781086,781162] 35 (cat)
[19:14:41] 15 tRNA-Lys [869078,869153] 34 (ttt)
[19:14:41] 16 tRNA-Val [869189,869264] 34 (tac)
[19:14:41] 17 tRNA-Lys [869267,869342] 34 (ttt)
[19:14:41] 18 tRNA-Val [869394,869469] 34 (tac)
[19:14:41] 19 tRNA-Lys [869473,869548] 34 (ttt)
[19:14:41] 20 tRNA-Lys [869695,869770] 34 (ttt)
[19:14:41] 21 tRNA-Lys [869804,869878] 34 (ttt)
[19:14:41] 22 tRNA-Ser c[1061049,1061136] 35 (gga)
[19:14:41] 23 tRNA-Met [1183529,1183604] 34 (cat)
[19:14:41] 24 tRNA-Arg [1183612,1183688] 35 (tcg)
[19:14:41] 25 tRNA-Arg [1183702,1183778] 35 (tct)
[19:14:41] 26 tRNA-Ser c[1216548,1216635] 35 (tga)
[19:14:41] 27 tRNA-Ser c[1401159,1401246] 35 (gga)
[19:14:41] 28 tRNA-Tyr c[1654458,1654542] 35 (gta)
[19:14:41] 29 tRNA-Tyr c[1654577,1654661] 35 (gta)
[19:14:41] 30 tRNA-Met [1696021,1696096] 34 (cat)
[19:14:41] 31 tRNA-Arg [1696177,1696253] 35 (tct)
[19:14:41] 32 tRNA-Arg c[2096868,2096944] 35 (tct)
[19:14:41] 33 tRNA-Met c[2097045,2097120] 34 (cat)
[19:14:41] 34 tRNA-Arg c[2144778,2144854] 35 (tct)
[19:14:41] 35 tRNA-Arg c[2144868,2144944] 35 (tcg)
[19:14:41] 36 tRNA-Met c[2144952,2145027] 34 (cat)
[19:14:41] 37 tRNA-Val [2251745,2251821] 35 (gac)
[19:14:41] 38 tRNA-Val [2251826,2251902] 35 (gac)
[19:14:41] 39 tRNA-Leu c[2520918,2521004] 35 (taa)
[19:14:41] 40 tRNA-Cys c[2521017,2521090] 33 (gca)
[19:14:41] 41 tRNA-Gly c[2521144,2521219] 34 (gcc)
[19:14:41] 42 tRNA-Arg c[2604546,2604622] 35 (tct)
[19:14:41] 43 tRNA-Arg c[2604636,2604712] 35 (tcg)
[19:14:41] 44 tRNA-Met c[2604720,2604795] 34 (cat)
[19:14:41] 45 tRNA-Ser c[2618835,2618924] 35 (cga)
[19:14:41] 46 tRNA-Asn [2619916,2619991] 34 (gtt)
[19:14:41] 47 tRNA-Asn c[2633689,2633764] 34 (gtt)
[19:14:41] 48 tRNA-Asn [2635513,2635588] 34 (gtt)
[19:14:41] 49 tRNA-Asn [2637921,2637996] 34 (gtt)
[19:14:41] 50 tRNA-Arg c[2696112,2696188] 35 (tct)
[19:14:41] 51 tRNA-Arg c[2696202,2696278] 35 (tcg)
[19:14:41] 52 tRNA-Met c[2696280,2696355] 34 (cat)
[19:14:41] 53 tRNA-Arg c[2962846,2962922] 35 (tct)
[19:14:41] 54 tRNA-Arg c[2962936,2963012] 35 (tcg)
[19:14:41] 55 tRNA-Met c[2963022,2963097] 34 (cat)
[19:14:41] 56 tRNA-Pro [3061262,3061338] 35 (ggg)
[19:14:41] 57 tRNA-Arg c[3271119,3271195] 35 (tct)
[19:14:41] 58 tRNA-Arg c[3271209,3271285] 35 (tcg)
[19:14:41] 59 tRNA-Met c[3271293,3271368] 34 (cat)
[19:14:41] 60 tRNA-Arg [3295805,3295879] 34 (cct)
[19:14:41] 61 tRNA-Ala c[3347723,3347798] 34 (ggc)
[19:14:41] 62 tRNA-Ala c[3347838,3347913] 34 (ggc)
[19:14:41] 63 tRNA-Val [3352360,3352435] 34 (tac)
[19:14:41] 64 tRNA-Val [3352480,3352555] 34 (tac)
[19:14:41] 65 tRNA-Val [3352602,3352677] 34 (tac)
[19:14:41] 66 tRNA-Lys [3352682,3352757] 34 (ttt)
[19:14:41] 67 tRNA-Glu c[3552554,3552629] 35 (ttc)
[19:14:41] 68 tmRNA [3578581,3578943] 90,125 ANDENYALAA**
[19:14:41] 69 tRNA-Met c[3611056,3611131] 34 (cat)
[19:14:41] 70 tRNA-Arg c[3645050,3645126] 35 (acg)
[19:14:41] 71 tRNA-Arg c[3645229,3645305] 35 (acg)
[19:14:41] 72 tRNA-Arg c[3645368,3645444] 35 (acg)
[19:14:41] 73 tRNA-Arg c[3645509,3645585] 35 (acg)
[19:14:41] 74 tRNA-Ser c[3645589,3645681] 35 (gct)
[19:14:41] 75 tRNA-Met [3773097,3773173] 35 (cat)
[19:14:41] 76 tRNA-Met [3773207,3773283] 35 (cat)
[19:14:41] 77 tRNA-Met [3773318,3773394] 35 (cat)
[19:14:41] 78 tRNA-Gly c[3840625,3840698] 33 (ccc)
[19:14:41] 79 tRNA-Phe [3954561,3954636] 34 (gaa)
[19:14:41] 80 tRNA-Met [4056417,4056492] 34 (cat)
[19:14:41] 81 tRNA-Met c[4160638,4160714] 35 (cat)
[19:14:41] 82 tRNA-Leu c[4164497,4164583] 35 (gag)
[19:14:41] 83 tRNA-Thr c[4259744,4259819] 34 (ggt)
[19:14:41] 84 tRNA-Ala c[4263130,4263205] 34 (tgc)
[19:14:41] 85 tRNA-Ile c[4263248,4263324] 35 (gat)
[19:14:41] 86 tRNA-Pro c[4551149,4551225] 35 (cgg)
[19:14:41] 87 tRNA-SeC [4681519,4681613] 35 (tca)
[19:14:41] 88 tRNA-Glu [4837526,4837601] 35 (ttc)
[19:14:41] 89 tRNA-Asp [4840965,4841041] 35 (gtc)
[19:14:41] 90 tRNA-Trp [4841050,4841125] 34 (cca)
[19:14:41] 91 tRNA-Arg [4876373,4876449] 35 (ccg)
[19:14:41] 92 tRNA-His [4876508,4876583] 34 (gtg)
[19:14:41] 93 tRNA-Leu [4876604,4876690] 35 (cag)
[19:14:41] 94 tRNA-Pro [4876733,4876807] 35 (tgg)
[19:14:41] 95 tRNA-Leu [4876830,4876916] 35 (cag)
[19:14:41] 96 tRNA-Pro [4876959,4877035] 35 (tgg)
[19:14:41] 97 tRNA-Ile [4933856,4933932] 35 (gat)
[19:14:41] 98 tRNA-Ala [4933975,4934050] 34 (tgc)
[19:14:41] 99 tRNA-Glu [5078132,5078207] 35 (ttc)
[19:14:41] 100 tRNA-Thr [5084983,5085058] 34 (tgt)
[19:14:41] 101 tRNA-Tyr [5085067,5085151] 35 (gta)
[19:14:41] 102 tRNA-Gly [5085268,5085342] 34 (tcc)
[19:14:41] 103 tRNA-Thr [5085349,5085424] 34 (ggt)
[19:14:41] 104 tRNA-Glu [5119230,5119305] 35 (ttc)
[19:14:41] 105 tRNA-Phe c[5289921,5289996] 34 (gaa)
[19:14:41] 106 tRNA-Gly [5319005,5319080] 34 (gcc)
[19:14:41] 107 tRNA-Gly [5319117,5319192] 34 (gcc)
[19:14:41] 108 tRNA-Gly [5319228,5319303] 34 (gcc)
[19:14:41] 109 tRNA-Leu [5419760,5419844] 35 (caa)
[19:14:41] 110 tRNA-Leu c[5535649,5535735] 35 (cag)
[19:14:41] 111 tRNA-Leu c[5535764,5535850] 35 (cag)
[19:14:41] Found 111 tRNAs
[19:14:41] Predicting Ribosomal RNAs
[19:14:41] Running Barrnap with 8 threads
[19:14:43] 1 NZ_CP033605.1 227072 16S ribosomal RNA
[19:14:43] 2 NZ_CP033605.1 229059 23S ribosomal RNA
[19:14:43] 3 NZ_CP033605.1 232059 5S ribosomal RNA
[19:14:43] 4 NZ_CP033605.1 3549266 5S ribosomal RNA
[19:14:43] 5 NZ_CP033605.1 3549474 23S ribosomal RNA
[19:14:43] 6 NZ_CP033605.1 3552716 16S ribosomal RNA
[19:14:43] 7 NZ_CP033605.1 4259592 5S ribosomal RNA
[19:14:43] 8 NZ_CP033605.1 4259837 5S ribosomal RNA
[19:14:43] 9 NZ_CP033605.1 4260045 23S ribosomal RNA
[19:14:43] 10 NZ_CP033605.1 4263394 16S ribosomal RNA
[19:14:43] 11 NZ_CP033605.1 4835902 16S ribosomal RNA
[19:14:43] 12 NZ_CP033605.1 4837797 23S ribosomal RNA
[19:14:43] 13 NZ_CP033605.1 4840797 5S ribosomal RNA
[19:14:43] 14 NZ_CP033605.1 4932249 16S ribosomal RNA
[19:14:43] 15 NZ_CP033605.1 4934236 23S ribosomal RNA
[19:14:43] 16 NZ_CP033605.1 4937235 5S ribosomal RNA
[19:14:43] 17 NZ_CP033605.1 5076508 16S ribosomal RNA
[19:14:43] 18 NZ_CP033605.1 5078403 23S ribosomal RNA
[19:14:43] 19 NZ_CP033605.1 5081402 5S ribosomal RNA
[19:14:43] 20 NZ_CP033605.1 5117606 16S ribosomal RNA
[19:14:43] 21 NZ_CP033605.1 5119501 23S ribosomal RNA
[19:14:43] 22 NZ_CP033605.1 5122500 5S ribosomal RNA
[19:14:43] Found 22 rRNAs
[19:14:43] Skipping ncRNA search, enable with --rfam if desired.
[19:14:43] Total of 132 tRNA + rRNA features
[19:14:43] Searching for CRISPR repeats
[19:14:43] CRISPR1 NZ_CP033605.1 865202 with 7 spacers
[19:14:43] CRISPR2 NZ_CP033605.1 3701541 with 4 spacers
[19:14:43] Found 2 CRISPRs
[19:14:43] Predicting coding sequences
[19:14:43] Contigs total 5569804 bp, so using single mode
[19:14:43] Running: prodigal -i \/mnt\/c\/Users\/migue\/OneDrive\/Ambiente\ de\ Trabalho\/Prokka_GCF_003722195\/Prokka_GCF_003722195\.fna -c -m -g 11 -p single -f sco -q
[19:14:50] Excluding CDS which overlaps existing RNA (rRNA) at NZ_CP033605.1:228256..228510 on + strand
[19:14:51] Excluding CDS which overlaps existing RNA (repeat_region) at NZ_CP033605.1:864710..866131 on + strand
[19:14:51] Excluding CDS which overlaps existing RNA (tRNA) at NZ_CP033605.1:1654240..1654725 on + strand
[19:14:55] Excluding CDS which overlaps existing RNA (rRNA) at NZ_CP033605.1:3552815..3553069 on - strand
[19:14:55] Excluding CDS which overlaps existing RNA (tRNA) at NZ_CP033605.1:3645231..3645878 on + strand
[19:14:56] Excluding CDS which overlaps existing RNA (tRNA) at NZ_CP033605.1:4259667..4259990 on + strand
[19:14:56] Excluding CDS which overlaps existing RNA (rRNA) at NZ_CP033605.1:4263493..4263747 on - strand
[19:14:56] Excluding CDS which overlaps existing RNA (rRNA) at NZ_CP033605.1:4837086..4837340 on + strand
[19:14:57] Excluding CDS which overlaps existing RNA (rRNA) at NZ_CP033605.1:4933433..4933687 on + strand
[19:14:57] Excluding CDS which overlaps existing RNA (rRNA) at NZ_CP033605.1:5077692..5077946 on + strand
[19:14:57] Excluding CDS which overlaps existing RNA (rRNA) at NZ_CP033605.1:5118790..5119044 on + strand
[19:14:57] Found 5388 CDS
[19:14:57] Connecting features back to sequences
[19:14:57] Not using genus-specific database. Try --usegenus to enable it.
[19:14:57] Annotating CDS, please be patient.
[19:14:57] Will use 8 CPUs for similarity searching.
[19:15:01] There are still 5388 unannotated CDS left (started with 5388)
[19:15:01] Will use blast to search against /home/miguelbalexandre/miniconda3/envs/prokka_env/db/kingdom/Bacteria/IS with 8 CPUs
[19:15:01] Running: cat \/mnt\/c\/Users\/migue\/OneDrive\/Ambiente\ de\ Trabalho\/Prokka_GCF_003722195\/Prokka_GCF_003722195\.IS\.tmp\.2141\.faa | parallel --gnu --plain -j 8 --block 103700 --recstart '>' --pipe blastp -query - -db /home/miguelbalexandre/miniconda3/envs/prokka_env/db/kingdom/Bacteria/IS -evalue 1e-30 -qcov_hsp_perc 90 -num_threads 1 -num_descriptions 1 -num_alignments 1 -seg no > \/mnt\/c\/Users\/migue\/OneDrive\/Ambiente\ de\ Trabalho\/Prokka_GCF_003722195\/Prokka_GCF_003722195\.IS\.tmp\.2141\.blast 2> /dev/null
[19:15:15] Deleting unwanted file: /mnt/c/Users/migue/OneDrive/Ambiente de Trabalho/Prokka_GCF_003722195/Prokka_GCF_003722195.IS.tmp.2141.faa
[19:15:15] Deleting unwanted file: /mnt/c/Users/migue/OneDrive/Ambiente de Trabalho/Prokka_GCF_003722195/Prokka_GCF_003722195.IS.tmp.2141.blast
[19:15:19] There are still 5299 unannotated CDS left (started with 5388)
[19:15:19] Will use blast to search against /home/miguelbalexandre/miniconda3/envs/prokka_env/db/kingdom/Bacteria/AMR with 8 CPUs
[19:15:19] Running: cat \/mnt\/c\/Users\/migue\/OneDrive\/Ambiente\ de\ Trabalho\/Prokka_GCF_003722195\/Prokka_GCF_003722195\.AMR\.tmp\.2141\.faa | parallel --gnu --plain -j 8 --block 102293 --recstart '>' --pipe blastp -query - -db /home/miguelbalexandre/miniconda3/envs/prokka_env/db/kingdom/Bacteria/AMR -evalue 1e-300 -qcov_hsp_perc 90 -num_threads 1 -num_descriptions 1 -num_alignments 1 -seg no > \/mnt\/c\/Users\/migue\/OneDrive\/Ambiente\ de\ Trabalho\/Prokka_GCF_003722195\/Prokka_GCF_003722195\.AMR\.tmp\.2141\.blast 2> /dev/null
[19:15:30] Deleting unwanted file: /mnt/c/Users/migue/OneDrive/Ambiente de Trabalho/Prokka_GCF_003722195/Prokka_GCF_003722195.AMR.tmp.2141.faa
[19:15:30] Deleting unwanted file: /mnt/c/Users/migue/OneDrive/Ambiente de Trabalho/Prokka_GCF_003722195/Prokka_GCF_003722195.AMR.tmp.2141.blast
[19:15:34] There are still 5299 unannotated CDS left (started with 5388)
[19:15:34] Will use blast to search against /home/miguelbalexandre/miniconda3/envs/prokka_env/db/kingdom/Bacteria/sprot with 8 CPUs
[19:15:34] Running: cat \/mnt\/c\/Users\/migue\/OneDrive\/Ambiente\ de\ Trabalho\/Prokka_GCF_003722195\/Prokka_GCF_003722195\.sprot\.tmp\.2141\.faa | parallel --gnu --plain -j 8 --block 102293 --recstart '>' --pipe blastp -query - -db /home/miguelbalexandre/miniconda3/envs/prokka_env/db/kingdom/Bacteria/sprot -evalue 1e-09 -qcov_hsp_perc 80 -num_threads 1 -num_descriptions 1 -num_alignments 1 -seg no > \/mnt\/c\/Users\/migue\/OneDrive\/Ambiente\ de\ Trabalho\/Prokka_GCF_003722195\/Prokka_GCF_003722195\.sprot\.tmp\.2141\.blast 2> /dev/null
[19:16:28] Modify product: Probable transcriptional regulatory protein YebC => putative transcriptional regulatory protein YebC
[19:16:28] Modify product: Prophage tail fiber assembly protein homolog TfaE => Prophage tail fiber assembly protein TfaE
[19:16:28] Modify product: UPF0394 inner membrane protein YedE => hypothetical protein
[19:16:28] Modify product: Uncharacterized N-acetyltransferase YsnE => putative N-acetyltransferase YsnE
[19:16:28] Modify product: Probable diguanylate cyclase DgcQ => putative diguanylate cyclase DgcQ
[19:16:28] Modify product: Uncharacterized inner membrane transporter YedA => putative inner membrane transporter YedA
[19:16:28] Modify product: Uncharacterized protein YedJ => putative protein YedJ
[19:16:28] Modify product: Cytochrome b561 homolog 1 => Cytochrome b561 
[19:16:28] Modify product: Probable transcriptional regulatory protein YeeN => putative transcriptional regulatory protein YeeN
[19:16:28] Modify product: Probable FMN/FAD exporter YeeO => putative FMN/FAD exporter YeeO
[19:16:28] Modify product: Probable FMN/FAD exporter YeeO => putative FMN/FAD exporter YeeO
[19:16:28] Modify product: Probable L,D-transpeptidase ErfK/SrfK => putative L,D-transpeptidase ErfK/SrfK
[19:16:28] Modify product: UPF0758 protein CT0611 => hypothetical protein
[19:16:28] Modify product: UPF0265 protein YeeX => hypothetical protein
[19:16:28] Modify product: Uncharacterized HTH-type transcriptional regulator CBU_1416 => putative HTH-type transcriptional regulator
[19:16:28] Modify product: UPF0394 inner membrane protein YeeE => hypothetical protein
[19:16:28] Modify product: UPF0053 inner membrane protein YoaE => hypothetical protein
[19:16:28] Modify product: Probable diguanylate cyclase DgcE => putative diguanylate cyclase DgcE
[19:16:28] Modify product: Uncharacterized protein YmdA => putative protein YmdA
[19:16:28] Modify product: UPF0176 protein YceA => hypothetical protein
[19:16:28] Modify product: Cytochrome b561 homolog 2 => Cytochrome b561 
[19:16:28] Modify product: Uncharacterized protein YceO => putative protein YceO
[19:16:28] Modify product: Uncharacterized lipoprotein YceB => putative lipoprotein YceB
[19:16:28] Modify product: UPF0502 protein YceH => hypothetical protein
[19:16:28] Modify product: Uncharacterized metal-dependent hydrolase YcfH => putative metal-dependent hydrolase YcfH
[19:16:29] Modify product: UPF0227 protein YcfP => hypothetical protein
[19:16:29] Modify product: Probable L,D-transpeptidase YcfS => putative L,D-transpeptidase YcfS
[19:16:29] Modify product: Uncharacterized protein YlcG => putative protein YlcG
[19:16:29] Modify product: Uncharacterized protein YdfO => putative protein YdfO
[19:16:29] Modify product: Prophage tail fiber assembly protein homolog TfaE => Prophage tail fiber assembly protein TfaE
[19:16:29] Modify product: Probable autotransporter ROD_p1121 => putative autotransporter
[19:16:29] Modify product: Uncharacterized protein YcgM => putative protein YcgM
[19:16:29] Modify product: UPF0225 protein YchJ => hypothetical protein
[19:16:29] Modify product: Uncharacterized NTE family protein Rv1063c => putative NTE family protein
[19:16:29] Modify product: UPF0056 inner membrane protein MarC => hypothetical protein
[19:16:29] Modify product: UPF0263 protein YciU => hypothetical protein
[19:16:29] Modify product: Uncharacterized acyl-CoA thioester hydrolase HI_0827 => putative acyl-CoA thioester hydrolase
[19:16:29] Modify product: Probable intracellular septation protein A => putative intracellular septation protein A
[19:16:29] Modify product: UPF0259 membrane protein YciC => hypothetical protein
[19:16:29] Modify product: Uncharacterized protein YdfB => putative protein YdfB
[19:16:29] Modify product: UPF0060 membrane protein YnfA => hypothetical protein
[19:16:29] Modify product: UPF0482 protein YnfB => hypothetical protein
[19:16:29] Modify product: Uncharacterized protein YnfD => putative protein YnfD
[19:16:29] Modify product: Probable dimethyl sulfoxide reductase chain YnfF => putative dimethyl sulfoxide reductase chain YnfF
[19:16:29] Modify product: Uncharacterized oxidoreductase YdgJ => putative oxidoreductase YdgJ
[19:16:29] Modify product: Uncharacterized protein YnhF => putative protein YnhF
[19:16:29] Modify product: Uncharacterized HTH-type transcriptional regulator YahB => putative HTH-type transcriptional regulator YahB
[19:16:29] Modify product: Uncharacterized protein YdhT => putative protein YdhT
[19:16:29] Modify product: Uncharacterized ferredoxin-like protein YdhX => putative ferredoxin-like protein YdhX
[19:16:29] Modify product: Uncharacterized protein YdhW => putative protein YdhW
[19:16:29] Modify product: Uncharacterized oxidoreductase YdhV => putative oxidoreductase YdhV
[19:16:29] Modify product: Uncharacterized ferredoxin-like protein YdhY => putative ferredoxin-like protein YdhY
[19:16:29] Modify product: Probable L,D-transpeptidase YnhG => putative L,D-transpeptidase YnhG
[19:16:29] Modify product: Probable ATP-dependent transporter SufC => putative ATP-dependent transporter SufC
[19:16:29] Modify product: Uncharacterized protein HI_1163 => putative protein
[19:16:29] Modify product: Uncharacterized protein YdiE => putative protein YdiE
[19:16:29] Modify product: Uncharacterized protein YniD => putative protein YniD
[19:16:29] Modify product: Probable ketoamine kinase HMPREF0351_12196 => putative ketoamine kinase
[19:16:29] Modify product: Uncharacterized HTH-type transcriptional regulator YdjF => putative HTH-type transcriptional regulator YdjF
[19:16:29] Modify product: Uncharacterized sugar kinase YdjH => putative sugar kinase YdjH
[19:16:29] Modify product: Uncharacterized protein YdjI => putative protein YdjI
[19:16:29] Modify product: Uncharacterized zinc-type alcohol dehydrogenase-like protein YdjJ => putative zinc-type alcohol dehydrogenase-like protein YdjJ
[19:16:29] Modify product: Stress response UPF0229 protein YhbH => hypothetical protein
[19:16:29] Modify product: Probable diguanylate cyclase CdgI => putative diguanylate cyclase CdgI
[19:16:29] Modify product: Probable diguanylate cyclase DgcJ => putative diguanylate cyclase DgcJ
[19:16:29] Modify product: Uncharacterized protein YeaR => putative protein YeaR
[19:16:29] Modify product: Probable ATP-dependent DNA helicase YoaA => putative ATP-dependent DNA helicase YoaA
[19:16:29] Modify product: Probable cyclic di-GMP phosphodiesterase PdeD => putative cyclic di-GMP phosphodiesterase PdeD
[19:16:29] Modify product: UPF0053 inner membrane protein YoaE => hypothetical protein
[19:16:29] Modify product: UPF0266 membrane protein YobD => hypothetical protein
[19:16:29] Modify product: Probable manganese efflux pump MntP => putative manganese efflux pump MntP
[19:16:29] Modify product: Uncharacterized protein YebV => putative protein YebV
[19:16:29] Modify product: Probable fimbrial chaperone YehC => putative fimbrial chaperone YehC
[19:16:29] Modify product: Uncharacterized fimbrial-like protein YehD => putative fimbrial-like protein YehD
[19:16:29] Modify product: Probable peptidoglycan glycosyltransferase FtsW => putative peptidoglycan glycosyltransferase FtsW
[19:16:29] Modify product: UPF0231 protein YacL => hypothetical protein
[19:16:29] Modify product: Uncharacterized ABC transporter ATP-binding protein YadG => putative ABC transporter ATP-binding protein YadG
[19:16:29] Modify product: Uncharacterized fimbrial-like protein YadK => putative fimbrial-like protein YadK
[19:16:29] Modify product: Uncharacterized fimbrial-like protein YadL => putative fimbrial-like protein YadL
[19:16:29] Modify product: Uncharacterized fimbrial-like protein YadM => putative fimbrial-like protein YadM
[19:16:29] Modify product: Probable fimbrial chaperone YadV => putative fimbrial chaperone YadV
[19:16:29] Modify product: Uncharacterized fimbrial-like protein YadN => putative fimbrial-like protein YadN
[19:16:29] Modify product: UPF0126 inner membrane protein YadS => hypothetical protein
[19:16:29] Modify product: UPF0253 protein YaeP => hypothetical protein
[19:16:29] Modify product: Uncharacterized protein YaeQ => putative protein YaeQ
[19:16:29] Modify product: Uncharacterized methyltransferase YcgJ => putative methyltransferase YcgJ
[19:16:29] Modify product: Uncharacterized N-acetyltransferase YafP => putative N-acetyltransferase YafP
[19:16:29] Modify product: UPF0255 protein VV1_0328 => hypothetical protein
[19:16:29] Modify product: Prophage tail fiber assembly protein homolog TfaE => Prophage tail fiber assembly protein TfaE
[19:16:29] Modify product: Uncharacterized oxidoreductase SA2266 => putative oxidoreductase
[19:16:29] Modify product: Uncharacterized protein PA2218 => putative protein
[19:16:29] Modify product: Probable fimbrial chaperone EcpE => putative fimbrial chaperone EcpE
[19:16:29] Modify product: Probable outer membrane usher protein EcpC => putative outer membrane usher protein EcpC
[19:16:29] Modify product: Probable fimbrial chaperone EcpB => putative fimbrial chaperone EcpB
[19:16:29] Modify product: Uncharacterized lipoprotein YbjP => putative lipoprotein YbjP
[19:16:29] Modify product: UPF0145 protein YbjQ => hypothetical protein
[19:16:29] Modify product: Probable hydrolase YcaC => putative hydrolase YcaC
[19:16:29] Modify product: Uncharacterized MFS-type transporter YcaD => putative MFS-type transporter YcaD
[19:16:29] Modify product: UPF0434 protein YcaR => hypothetical protein
[19:16:29] Modify product: Probable L,D-transpeptidase YcbB => putative L,D-transpeptidase YcbB
[19:16:29] Modify product: Probable fimbrial chaperone protein ElfD => putative fimbrial chaperone protein ElfD
[19:16:29] Modify product: Probable outer membrane usher protein ElfC => putative outer membrane usher protein ElfC
[19:16:29] Modify product: Uncharacterized fimbrial-like protein ElfG => putative fimbrial-like protein ElfG
[19:16:29] Modify product: Uncharacterized fimbrial-like protein YcbU => putative fimbrial-like protein YcbU
[19:16:29] Modify product: Uncharacterized fimbrial-like protein YcbV => putative fimbrial-like protein YcbV
[19:16:29] Modify product: Uncharacterized fimbrial chaperone YcbF => putative fimbrial chaperone YcbF
[19:16:29] Modify product: Uncharacterized protein YcbX => putative protein YcbX
[19:16:29] Modify product: UPF0319 protein HI_1681 => hypothetical protein
[19:16:29] Modify product: Uncharacterized protein YccU => putative protein YccU
[19:16:29] Modify product: Uncharacterized protein YdfB => putative protein YdfB
[19:16:29] Modify product: Probable Ni/Fe-hydrogenase 1 B-type cytochrome subunit => putative Ni/Fe-hydrogenase 1 B-type cytochrome subunit
[19:16:29] Modify product: Uncharacterized lipoprotein GfcB => putative lipoprotein GfcB
[19:16:29] Modify product: Uncharacterized protein YccJ => putative protein YccJ
[19:16:29] Modify product: Probable malonic semialdehyde reductase RutE => putative malonic semialdehyde reductase RutE
[19:16:29] Modify product: Probable diguanylate cyclase DgcT => putative diguanylate cyclase DgcT
[19:16:29] Modify product: Probable cyclic di-GMP phosphodiesterase PdeN => putative cyclic di-GMP phosphodiesterase PdeN
[19:16:29] Modify product: Probable fimbrial chaperone YadV => putative fimbrial chaperone YadV
[19:16:29] Modify product: Probable outer membrane usher protein LpfC' => putative outer membrane usher protein LpfC'
[19:16:29] Modify product: Probable outer membrane usher protein ElfC => putative outer membrane usher protein ElfC
[19:16:29] Modify product: Probable fimbrial chaperone YadV => putative fimbrial chaperone YadV
[19:16:29] Modify product: Uncharacterized ABC transporter ATP-binding protein YknY => putative ABC transporter ATP-binding protein YknY
[19:16:29] Modify product: Uncharacterized protein YbdM => putative protein YbdM
[19:16:29] Modify product: Probable phosphatase YcdX => putative phosphatase YcdX
[19:16:29] Modify product: Uncharacterized protein YciO => putative protein YciO
[19:16:29] Modify product: Uncharacterized oxidoreductase YciK => putative oxidoreductase YciK
[19:16:29] Modify product: Probable protease SohB => putative protease SohB
[19:16:29] Modify product: Uncharacterized protein YciH => putative protein YciH
[19:16:29] Modify product: UPF0509 protein YciZ => hypothetical protein
[19:16:29] Modify product: Uncharacterized protein YcjX => putative protein YcjX
[19:16:29] Modify product: UPF0283 membrane protein YcjF => hypothetical protein
[19:16:29] Modify product: Uncharacterized protein YcjY => putative protein YcjY
[19:16:29] Modify product: Uncharacterized protein YcjY => putative protein YcjY
[19:16:29] Modify product: Probable DNA endonuclease SmrA => putative DNA endonuclease SmrA
[19:16:29] Modify product: Uncharacterized protein YnbC => putative protein YnbC
[19:16:29] Modify product: Uncharacterized protein YnbC => putative protein YnbC
[19:16:29] Modify product: Uncharacterized protein YnbD => putative protein YnbD
[19:16:29] Modify product: Uncharacterized protein Rv3292 => putative protein
[19:16:29] Modify product: 23S rRNA 5-hydroxycytidine C2501 synthase => 23S rRNA 5-hydroxycytidine synthase
[19:16:29] Modify product: Probable mRNA interferase toxin HicA => putative mRNA interferase toxin HicA
[19:16:29] Modify product: Uncharacterized protein YdcY => putative protein YdcY
[19:16:29] Modify product: Uncharacterized protein YncE => putative protein YncE
[19:16:29] Modify product: Uncharacterized isomerase YddE => putative isomerase YddE
[19:16:29] Modify product: Probable nitrate reductase molybdenum cofactor assembly chaperone NarW => putative nitrate reductase molybdenum cofactor assembly chaperone NarW
[19:16:29] Modify product: Uncharacterized HTH-type transcriptional regulator YddM => putative HTH-type transcriptional regulator YddM
[19:16:29] Modify product: Probable D,D-dipeptide transport ATP-binding protein DdpF => putative D,D-dipeptide transport ATP-binding protein DdpF
[19:16:29] Modify product: Probable D,D-dipeptide transport ATP-binding protein DdpD => putative D,D-dipeptide transport ATP-binding protein DdpD
[19:16:29] Modify product: Probable D,D-dipeptide transport system permease protein DdpC => putative D,D-dipeptide transport system permease protein DdpC
[19:16:29] Modify product: Probable D,D-dipeptide transport system permease protein DdpB => putative D,D-dipeptide transport system permease protein DdpB
[19:16:29] Modify product: Probable D,D-dipeptide-binding periplasmic protein DdpA => putative D,D-dipeptide-binding periplasmic protein DdpA
[19:16:29] Modify product: Probable glutamate/gamma-aminobutyrate antiporter => putative glutamate/gamma-aminobutyrate antiporter
[19:16:29] Modify product: UPF0056 inner membrane protein MarC => hypothetical protein
[19:16:29] Modify product: Probable amino-acid metabolite efflux pump => putative amino-acid metabolite efflux pump
[19:16:30] Modify product: Uncharacterized protein YbdM => putative protein YbdM
[19:16:30] Modify product: Uncharacterized HTH-type transcriptional regulator YbdO => putative HTH-type transcriptional regulator YbdO
[19:16:30] Modify product: Probable zinc-binding alcohol dehydrogenase Rv1895 => putative zinc-binding alcohol dehydrogenase
[19:16:30] Modify product: Uncharacterized HTH-type transcriptional regulator YbdO => putative HTH-type transcriptional regulator YbdO
[19:16:30] Modify product: UPF0250 protein YbeD => hypothetical protein
[19:16:30] Modify product: Uncharacterized lipoprotein ChiQ => putative lipoprotein ChiQ
[19:16:30] Modify product: Uncharacterized protein YbfE => putative protein YbfE
[19:16:30] Modify product: GTP cyclohydrolase 1 type 2 homolog => GTP cyclohydrolase 1 type 2 
[19:16:30] Modify product: Uncharacterized fimbrial-like protein YbgD => putative fimbrial-like protein YbgD
[19:16:30] Modify product: UPF0098 protein YbhB => hypothetical protein
[19:16:30] Modify product: Probable multidrug ABC transporter permease YbhR => putative multidrug ABC transporter permease YbhR
[19:16:30] Modify product: Probable multidrug ABC transporter permease YbhS => putative multidrug ABC transporter permease YbhS
[19:16:30] Modify product: Probable multidrug ABC transporter ATP-binding protein YbhF => putative multidrug ABC transporter ATP-binding protein YbhF
[19:16:30] Modify product: UPF0194 membrane protein YbhG => hypothetical protein
[19:16:30] Modify product: Uncharacterized protein YbiB => putative protein YbiB
[19:16:30] Modify product: Uncharacterized protein YbiI => putative protein YbiI
[19:16:30] Modify product: PKHD-type hydroxylase Sbal_3634 => PKHD-type hydroxylase
[19:16:30] Modify product: Uncharacterized protein McbA => putative protein McbA
[19:16:30] Modify product: Probable L,D-transpeptidase YbiS => putative L,D-transpeptidase YbiS
[19:16:30] Modify product: Uncharacterized ABC transporter ATP-binding protein YbiT => putative ABC transporter ATP-binding protein YbiT
[19:16:30] Modify product: Uncharacterized protein YbiU => putative protein YbiU
[19:16:30] Modify product: Probable cyclic di-GMP phosphodiesterase PdeI => putative cyclic di-GMP phosphodiesterase PdeI
[19:16:30] Modify product: Uncharacterized protein YbjN => putative protein YbjN
[19:16:30] Modify product: Uncharacterized membrane protein YkgR => putative membrane protein YkgR
[19:16:30] Modify product: Uncharacterized protein YcjY => putative protein YcjY
[19:16:30] Modify product: Uncharacterized oxidoreductase YtbE => putative oxidoreductase YtbE
[19:16:30] Modify product: Probable pyridine nucleotide-disulfide oxidoreductase RclA => putative pyridine nucleotide-disulfide oxidoreductase RclA
[19:16:30] Modify product: Uncharacterized HTH-type transcriptional regulator YahB => putative HTH-type transcriptional regulator YahB
[19:16:30] Modify product: Uncharacterized HTH-type transcriptional regulator YahB => putative HTH-type transcriptional regulator YahB
[19:16:30] Modify product: Uncharacterized transporter YycB => putative transporter YycB
[19:16:30] Modify product: Uncharacterized protein HI_0131 => putative protein
[19:16:30] Modify product: Probable diguanylate cyclase DgcC => putative diguanylate cyclase DgcC
[19:16:30] Modify product: UPF0178 protein YaiI => hypothetical protein
[19:16:30] Modify product: Uncharacterized protein YaiA => putative protein YaiA
[19:16:30] Modify product: Uncharacterized lipoprotein YajI => putative lipoprotein YajI
[19:16:30] Modify product: UPF0234 protein YajQ => hypothetical protein
[19:16:30] Modify product: Uncharacterized protein HI_1008 => putative protein
[19:16:30] Modify product: Probable multidrug resistance ABC transporter ATP-binding/permease protein YheI => putative multidrug resistance ABC transporter ATP-binding/permease protein YheI
[19:16:30] Modify product: Uncharacterized lipoprotein YbaY => putative lipoprotein YbaY
[19:16:30] Modify product: Uncharacterized protein YbaA => putative protein YbaA
[19:16:30] Modify product: Probable cyclic di-GMP phosphodiesterase PdeB => putative cyclic di-GMP phosphodiesterase PdeB
[19:16:30] Modify product: Uncharacterized HTH-type transcriptional regulator YbaQ => putative HTH-type transcriptional regulator YbaQ
[19:16:30] Modify product: Probable iron export ATP-binding protein FetA => putative iron export ATP-binding protein FetA
[19:16:30] Modify product: Probable iron export permease protein FetB => putative iron export permease protein FetB
[19:16:30] Modify product: Uncharacterized protein YbcJ => putative protein YbcJ
[19:16:30] Modify product: Bifunctional protein FolD => Bifunctional protein FolD protein
[19:16:30] Modify product: Uncharacterized fimbrial-like protein SfmA => putative fimbrial-like protein SfmA
[19:16:30] Modify product: Probable fimbrial chaperone SfmC => putative fimbrial chaperone SfmC
[19:16:30] Modify product: Uncharacterized fimbrial-like protein SfmH => putative fimbrial-like protein SfmH
[19:16:30] Modify product: Uncharacterized fimbrial-like protein SfmF => putative fimbrial-like protein SfmF
[19:16:30] Modify product: UPF0339 protein YegP => hypothetical protein
[19:16:30] Modify product: 23S rRNA 5-hydroxycytidine C2501 synthase => 23S rRNA 5-hydroxycytidine synthase
[19:16:30] Modify product: Prophage tail fiber assembly protein homolog TfaE => Prophage tail fiber assembly protein TfaE
[19:16:30] Modify product: Uncharacterized HTH-type transcriptional regulator YurK => putative HTH-type transcriptional regulator YurK
[19:16:30] Modify product: Probable fimbrial chaperone YehC => putative fimbrial chaperone YehC
[19:16:30] Modify product: Uncharacterized fimbrial-like protein YehD => putative fimbrial-like protein YehD
[19:16:30] Modify product: Uncharacterized protein YehL => putative protein YehL
[19:16:30] Modify product: Uncharacterized lipoprotein YehR => putative lipoprotein YehR
[19:16:30] Modify product: Uncharacterized protein YdfB => putative protein YdfB
[19:16:30] Modify product: Uncharacterized protein YlcG => putative protein YlcG
[19:16:30] Modify product: UPF0098 protein YbcL => hypothetical protein
[19:16:30] Modify product: UPF0387 membrane protein YohO => hypothetical protein
[19:16:30] Modify product: Uncharacterized oxidoreductase YohF => putative oxidoreductase YohF
[19:16:30] Modify product: UPF0299 membrane protein YohJ => hypothetical protein
[19:16:30] Modify product: UPF0324 inner membrane protein YeiH => hypothetical protein
[19:16:30] Modify product: UPF0153 protein YeiW => hypothetical protein
[19:16:30] Modify product: Probable cyclic di-GMP phosphodiesterase PdeN => putative cyclic di-GMP phosphodiesterase PdeN
[19:16:30] Modify product: Uncharacterized ABC transporter ATP-binding protein YejF => putative ABC transporter ATP-binding protein YejF
[19:16:30] Modify product: Uncharacterized protein YejG => putative protein YejG
[19:16:30] Modify product: UPF0352 protein YejL => hypothetical protein
[19:16:30] Modify product: Probable autotransporter ROD_p1121 => putative autotransporter
[19:16:30] Modify product: Probable autotransporter YfaL => putative autotransporter YfaL
[19:16:30] Modify product: Uncharacterized HTH-type transcriptional regulator RhmR => putative HTH-type transcriptional regulator RhmR
[19:16:30] Modify product: Probable ATP synthase SpaL => putative ATP synthase SpaL
[19:16:30] Modify product: Uncharacterized protein YqfG => putative protein YqfG
[19:16:30] Modify product: UPF0073 inner membrane protein YqfA => hypothetical protein
[19:16:30] Modify product: UPF0267 protein YqfB => hypothetical protein
[19:16:30] Modify product: UPF0149 protein HI_0817 => hypothetical protein
[19:16:30] Modify product: UPF0301 protein YqgE => hypothetical protein
[19:16:30] Modify product: Uncharacterized protein YggR => putative protein YggR
[19:16:30] Modify product: UPF0235 protein YggU => hypothetical protein
[19:16:30] Modify product: Uncharacterized protein HI_0341 => putative protein
[19:16:30] Modify product: Probable Fe(2+)-trafficking protein => putative Fe(2+)-trafficking protein
[19:16:30] Modify product: Probable Ni/Fe-hydrogenase 2 b-type cytochrome subunit => putative Ni/Fe-hydrogenase 2 b-type cytochrome subunit
[19:16:30] Modify product: Uncharacterized oxidoreductase YghA => putative oxidoreductase YghA
[19:16:30] Modify product: Probable deoxycholate-binding periplasmic protein YgiS => putative deoxycholate-binding periplasmic protein YgiS
[19:16:30] Modify product: Probable quinol monooxygenase YgiN => putative quinol monooxygenase YgiN
[19:16:30] Modify product: Probable siderophore transport system permease protein YfiZ => putative siderophore transport system permease protein YfiZ
[19:16:30] Modify product: Probable siderophore transport system ATP-binding protein YusV => putative siderophore transport system ATP-binding protein YusV
[19:16:30] Modify product: Probable glycerol-3-phosphate acyltransferase => putative glycerol-3-phosphate acyltransferase
[19:16:30] Modify product: Uncharacterized protein YqjD => putative protein YqjD
[19:16:30] Modify product: UPF0597 protein YhaM => hypothetical protein
[19:16:30] Modify product: Probable serine transporter => putative serine transporter
[19:16:30] Modify product: Probable galactarate transporter => putative galactarate transporter
[19:16:30] Modify product: Uncharacterized fimbrial-like protein YraH => putative fimbrial-like protein YraH
[19:16:30] Modify product: Probable fimbrial chaperone YraI => putative fimbrial chaperone YraI
[19:16:30] Modify product: Uncharacterized fimbrial-like protein YraK => putative fimbrial-like protein YraK
[19:16:30] Modify product: UPF0213 protein BH0048 => hypothetical protein
[19:16:30] Modify product: Uncharacterized protease YhbU => putative protease YhbU
[19:16:30] Modify product: Probable 4-deoxy-4-formamido-L-arabinose-phosphoundecaprenol deformylase ArnD => putative 4-deoxy-4-formamido-L-arabinose-phosphoundecaprenol deformylase ArnD
[19:16:30] Modify product: Probable 4-amino-4-deoxy-L-arabinose-phosphoundecaprenol flippase subunit ArnE => putative 4-amino-4-deoxy-L-arabinose-phosphoundecaprenol flippase subunit ArnE
[19:16:30] Modify product: Probable 4-amino-4-deoxy-L-arabinose-phosphoundecaprenol flippase subunit ArnF => putative 4-amino-4-deoxy-L-arabinose-phosphoundecaprenol flippase subunit ArnF
[19:16:30] Modify product: UPF0304 protein YfbU => hypothetical protein
[19:16:30] Modify product: UPF0208 membrane protein YfbV => hypothetical protein
[19:16:30] Modify product: Uncharacterized Nudix hydrolase YfcD => putative Nudix hydrolase YfcD
[19:16:30] Modify product: Epimerase family protein SA0724 => Epimerase family protein
[19:16:30] Modify product: Uncharacterized MFS-type transporter YfcJ => putative MFS-type transporter YfcJ
[19:16:30] Modify product: Probable membrane transporter protein YfcA => putative membrane transporter protein YfcA
[19:16:30] Modify product: Uncharacterized protein YfcO => putative protein YfcO
[19:16:30] Modify product: Uncharacterized fimbrial-like protein YfcP => putative fimbrial-like protein YfcP
[19:16:30] Modify product: Uncharacterized fimbrial-like protein YfcQ => putative fimbrial-like protein YfcQ
[19:16:30] Modify product: Uncharacterized fimbrial-like protein YfcQ => putative fimbrial-like protein YfcQ
[19:16:30] Modify product: Uncharacterized fimbrial-like protein YfcR => putative fimbrial-like protein YfcR
[19:16:30] Modify product: Probable fimbrial chaperone YfcS => putative fimbrial chaperone YfcS
[19:16:30] Modify product: Uncharacterized fimbrial-like protein YfcV => putative fimbrial-like protein YfcV
[19:16:30] Modify product: UPF0381 protein YiiS => hypothetical protein
[19:16:30] Modify product: Probable multidrug resistance protein EmrY => putative multidrug resistance protein EmrY
[19:16:30] Modify product: Probable multidrug resistance protein EmrK => putative multidrug resistance protein EmrK
[19:16:31] Modify product: Probable cyclic di-GMP phosphodiesterase PdeA => putative cyclic di-GMP phosphodiesterase PdeA
[19:16:31] Modify product: Uncharacterized protein YfeY => putative protein YfeY
[19:16:31] Modify product: Uncharacterized protein Rv2575 => putative protein
[19:16:31] Modify product: Probable formate transporter 2 => putative formate transporter 2
[19:16:31] Modify product: Uncharacterized protein YfgD => putative protein YfgD
[19:16:31] Modify product: Uncharacterized protein YfgJ => putative protein YfgJ
[19:16:31] Modify product: UPF0070 protein HI_0370 => hypothetical protein
[19:16:31] Modify product: Uncharacterized protein Rv2307c => putative protein
[19:16:31] Modify product: Probable 3-phenylpropionic acid transporter => putative 3-phenylpropionic acid transporter
[19:16:31] Modify product: Uncharacterized protein YphB => putative protein YphB
[19:16:31] Modify product: Uncharacterized tRNA/rRNA methyltransferase YfiF => putative tRNA/rRNA methyltransferase YfiF
[19:16:31] Modify product: UPF0053 inner membrane protein YfjD => hypothetical protein
[19:16:31] Modify product: UPF0125 protein RatB => hypothetical protein
[19:16:31] Modify product: Probable autotransporter ROD_p1121 => putative autotransporter
[19:16:31] Modify product: Probable HTH-type transcriptional regulator YgaV => putative HTH-type transcriptional regulator YgaV
[19:16:31] Modify product: Uncharacterized protein YgaM => putative protein YgaM
[19:16:31] Modify product: Probable transporter SCO4007 => putative transporter
[19:16:31] Modify product: Probable UbiX-like flavin prenyltransferase => putative UbiX-like flavin prenyltransferase
[19:16:31] Modify product: Uncharacterized protein YgcP => putative protein YgcP
[19:16:31] Modify product: Probable glucarate transporter => putative glucarate transporter
[19:16:31] Modify product: Uncharacterized protein PA3435 => putative protein
[19:16:31] Modify product: Uncharacterized protein YqcC => putative protein YqcC
[19:16:31] Modify product: Uncharacterized HTH-type transcriptional regulator YdjF => putative HTH-type transcriptional regulator YdjF
[19:16:31] Modify product: UPF0382 inner membrane protein YgdD => hypothetical protein
[19:16:31] Modify product: Uncharacterized lipoprotein YgdR => putative lipoprotein YgdR
[19:16:31] Modify product: UPF0053 inner membrane protein YgdQ => hypothetical protein
[19:16:31] Modify product: Uncharacterized lipoprotein YgdR => putative lipoprotein YgdR
[19:16:31] Modify product: Probable ECA polymerase => putative ECA polymerase
[19:16:31] Modify product: Probable transport protein YifK => putative transport protein YifK
[19:16:31] Modify product: Probable protein kinase UbiB => putative protein kinase UbiB
[19:16:31] Modify product: Probable acyltransferase YihG => putative acyltransferase YihG
[19:16:31] Modify product: Probable GTP-binding protein EngB => putative GTP-binding protein EngB
[19:16:31] Modify product: Uncharacterized protein YshB => putative protein YshB
[19:16:31] Modify product: Uncharacterized protein YihR => putative protein YihR
[19:16:31] Modify product: UPF0761 membrane protein YihY => hypothetical protein
[19:16:31] Modify product: UPF0381 protein YiiS => hypothetical protein
[19:16:31] Modify product: Probable cystine transporter YijE => putative cystine transporter YijE
[19:16:31] Modify product: Uncharacterized protein HI_0431 => putative protein
[19:16:31] Modify product: Uncharacterized lipoprotein GfcB => putative lipoprotein GfcB
[19:16:31] Modify product: UPF0337 protein YjbJ => hypothetical protein
[19:16:31] Modify product: Uncharacterized protein YjbR => putative protein YjbR
[19:16:31] Modify product: Probable cyclic di-GMP phosphodiesterase PdeC => putative cyclic di-GMP phosphodiesterase PdeC
[19:16:31] Modify product: Probable cyclic di-GMP phosphodiesterase PdeK => putative cyclic di-GMP phosphodiesterase PdeK
[19:16:31] Modify product: Probable fimbrial subunit LpfE => putative fimbrial subunit LpfE
[19:16:31] Modify product: Probable minor fimbrial subunit LpfD => putative minor fimbrial subunit LpfD
[19:16:31] Modify product: Probable fimbrial chaperone LpfB => putative fimbrial chaperone LpfB
[19:16:31] Modify product: Probable major fimbrial subunit LpfA => putative major fimbrial subunit LpfA
[19:16:31] Modify product: Uncharacterized MFS-type transporter YhjX => putative MFS-type transporter YhjX
[19:16:31] Modify product: Probable lipoprotein YiaD => putative lipoprotein YiaD
[19:16:31] Modify product: Uncharacterized GST-like protein YibF => putative GST-like protein YibF
[19:16:31] Modify product: Uncharacterized protein YibL => putative protein YibL
[19:16:31] Modify product: Uncharacterized protein YibN => putative protein YibN
[19:16:31] Modify product: Uncharacterized protein HI_0755 => putative protein
[19:16:31] Modify product: UPF0758 protein SP_1088 => hypothetical protein
[19:16:31] Modify product: UPF0701 protein YicC => hypothetical protein
[19:16:31] Modify product: UPF0126 inner membrane protein YicG => hypothetical protein
[19:16:31] Modify product: Probable ATP synthase YscN => putative ATP synthase YscN
[19:16:31] Modify product: Uncharacterized protein YjiK => putative protein YjiK
[19:16:31] Modify product: Uncharacterized inner membrane transporter YicL => putative inner membrane transporter YicL
[19:16:31] Modify product: Uncharacterized symporter YidK => putative symporter YidK
[19:16:31] Modify product: Uncharacterized fimbrial-like protein ElfG => putative fimbrial-like protein ElfG
[19:16:31] Modify product: Uncharacterized fimbrial-like protein ElfG => putative fimbrial-like protein ElfG
[19:16:31] Modify product: Probable outer membrane usher protein ElfC => putative outer membrane usher protein ElfC
[19:16:31] Modify product: Probable fimbrial chaperone LpfB => putative fimbrial chaperone LpfB
[19:16:31] Modify product: Probable major fimbrial subunit LpfA => putative major fimbrial subunit LpfA
[19:16:31] Modify product: Probable transport protein HsrA => putative transport protein HsrA
[19:16:31] Modify product: UPF0438 protein YifE => hypothetical protein
[19:16:31] Modify product: Uncharacterized inner membrane transporter YhbE => putative inner membrane transporter YhbE
[19:16:31] Modify product: Uncharacterized protein YrbL => putative protein YrbL
[19:16:31] Modify product: Uncharacterized protein YhcH => putative protein YhcH
[19:16:31] Modify product: Uncharacterized protein YhcO => putative protein YhcO
[19:16:31] Modify product: Probable acrylyl-CoA reductase AcuI => putative acrylyl-CoA reductase AcuI
[19:16:31] Modify product: Uncharacterized membrane protein YhdT => putative membrane protein YhdT
[19:16:31] Modify product: Protein SlyX homolog => Protein SlyX 
[19:16:31] Modify product: Uncharacterized ABC transporter ATP-binding protein YheS => putative ABC transporter ATP-binding protein YheS
[19:16:31] Modify product: UPF0270 protein PA3463 => hypothetical protein
[19:16:31] Modify product: Probable protein adenylyltransferase Fic => putative protein adenylyltransferase Fic
[19:16:31] Modify product: Uncharacterized protein YhfG => putative protein YhfG
[19:16:31] Modify product: Probable fructoselysine/psicoselysine transporter FrlA => putative fructoselysine/psicoselysine transporter FrlA
[19:16:31] Modify product: Probable fructoselysine utilization operon transcriptional repressor => putative fructoselysine utilization operon transcriptional repressor
[19:16:31] Modify product: Putative membrane protein IgaA homolog => Putative membrane protein IgaA 
[19:16:31] Modify product: Probable [Fe-S]-dependent transcriptional repressor FeoC => putative [Fe-S]-dependent transcriptional repressor FeoC
[19:16:31] Modify product: UPF0056 inner membrane protein YhgN => hypothetical protein
[19:16:31] Modify product: Uncharacterized oxidoreductase YhhX => putative oxidoreductase YhhX
[19:16:31] Modify product: Uncharacterized protein YhhA => putative protein YhhA
[19:16:31] Modify product: Uncharacterized MFS-type transporter YhhS => putative MFS-type transporter YhhS
[19:16:31] Modify product: Uncharacterized protein HI_0933 => putative protein
[19:16:32] Modify product: Uncharacterized ferredoxin-like protein YdhX => putative ferredoxin-like protein YdhX
[19:16:32] Modify product: Probable fructose-bisphosphate aldolase => putative fructose-bisphosphate aldolase
[19:16:32] Modify product: Probable transcriptional regulator PhnF => putative transcriptional regulator PhnF
[19:16:32] Modify product: Uncharacterized protein YjdJ => putative protein YjdJ
[19:16:32] Modify product: Probable cadaverine/lysine antiporter => putative cadaverine/lysine antiporter
[19:16:32] Modify product: UPF0716 protein FxsA => hypothetical protein
[19:16:32] Modify product: UPF0719 inner membrane protein YjfL => hypothetical protein
[19:16:32] Modify product: Probable L-ascorbate-6-phosphate lactonase UlaG => putative L-ascorbate-6-phosphate lactonase UlaG
[19:16:32] Modify product: Uncharacterized protein YtfJ => putative protein YtfJ
[19:16:32] Modify product: UPF0053 inner membrane protein YtfL => hypothetical protein
[19:16:32] Modify product: UPF0307 protein YjgA => hypothetical protein
[19:16:32] Modify product: Uncharacterized protein YjgL => putative protein YjgL
[19:16:32] Modify product: Uncharacterized protein YjgL => putative protein YjgL
[19:16:32] Modify product: Probable 9-O-acetyl-N-acetylneuraminic acid deacetylase => putative 9-O-acetyl-N-acetylneuraminic acid deacetylase
[19:16:32] Modify product: Probable N-acetylneuraminic acid outer membrane channel protein NanC => putative N-acetylneuraminic acid outer membrane channel protein NanC
[19:16:32] Modify product: Probable major fimbrial subunit LpfA => putative major fimbrial subunit LpfA
[19:16:32] Modify product: Probable RNA 2'-phosphotransferase => putative RNA 2'-phosphotransferase
[19:16:32] Modify product: Uncharacterized protein YjiK => putative protein YjiK
[19:16:32] Modify product: Probable type I restriction enzyme BthVORF4518P M protein => putative type I restriction enzymeP M protein
[19:16:32] Modify product: Probable L-galactonate transporter => putative L-galactonate transporter
[19:16:32] Modify product: Probable HTH-type transcriptional regulator LgoR => putative HTH-type transcriptional regulator LgoR
[19:16:32] Modify product: UPF0442 protein YjjB => hypothetical protein
[19:16:32] Modify product: Uncharacterized metal-dependent hydrolase YjjV => putative metal-dependent hydrolase YjjV
[19:16:32] Modify product: Uncharacterized protein YjjI => putative protein YjjI
[19:16:32] Modify product: Probable inner membrane protein Smp => putative inner membrane protein Smp
[19:16:32] Cleaned 382 /product names
[19:16:32] Deleting unwanted file: /mnt/c/Users/migue/OneDrive/Ambiente de Trabalho/Prokka_GCF_003722195/Prokka_GCF_003722195.sprot.tmp.2141.faa
[19:16:32] Deleting unwanted file: /mnt/c/Users/migue/OneDrive/Ambiente de Trabalho/Prokka_GCF_003722195/Prokka_GCF_003722195.sprot.tmp.2141.blast
[19:16:33] There are still 1772 unannotated CDS left (started with 5388)
[19:16:33] Will use hmmer3 to search against /home/miguelbalexandre/miniconda3/envs/prokka_env/db/hmm/HAMAP.hmm with 8 CPUs
[19:16:33] Running: cat \/mnt\/c\/Users\/migue\/OneDrive\/Ambiente\ de\ Trabalho\/Prokka_GCF_003722195\/Prokka_GCF_003722195\.HAMAP\.hmm\.tmp\.2141\.faa | parallel --gnu --plain -j 8 --block 27825 --recstart '>' --pipe hmmscan --noali --notextw --acc -E 1e-09 --cpu 1 /home/miguelbalexandre/miniconda3/envs/prokka_env/db/hmm/HAMAP.hmm /dev/stdin > \/mnt\/c\/Users\/migue\/OneDrive\/Ambiente\ de\ Trabalho\/Prokka_GCF_003722195\/Prokka_GCF_003722195\.HAMAP\.hmm\.tmp\.2141\.hmmer3 2> /dev/null
[19:16:46] Modify product: Uncharacterized Nudix hydrolase NudL => putative Nudix hydrolase NudL
[19:16:47] Cleaned 1 /product names
[19:16:47] Deleting unwanted file: /mnt/c/Users/migue/OneDrive/Ambiente de Trabalho/Prokka_GCF_003722195/Prokka_GCF_003722195.HAMAP.hmm.tmp.2141.faa
[19:16:47] Deleting unwanted file: /mnt/c/Users/migue/OneDrive/Ambiente de Trabalho/Prokka_GCF_003722195/Prokka_GCF_003722195.HAMAP.hmm.tmp.2141.hmmer3
[19:16:47] Labelling remaining 1680 proteins as 'hypothetical protein'
[19:16:47] Possible /pseudo 'putative HTH-type transcriptional regulator YahB' at NZ_CP033605.1 position 389187
[19:16:47] Possible /pseudo 'Toxic protein HokE' at NZ_CP033605.1 position 694713
[19:16:47] Possible /pseudo 'Glycine cleavage system transcriptional activator' at NZ_CP033605.1 position 846540
[19:16:47] Possible /pseudo 'Pyridoxal phosphate phosphatase YbhA' at NZ_CP033605.1 position 886298
[19:16:47] Possible /pseudo 'IS3 family transposase IS629' at NZ_CP033605.1 position 1322196
[19:16:47] Possible /pseudo 'General stress protein 16U' at NZ_CP033605.1 position 1360926
[19:16:47] Possible /pseudo 'IS3 family transposase IS629' at NZ_CP033605.1 position 1377280
[19:16:47] Possible /pseudo 'IS3 family transposase IS2' at NZ_CP033605.1 position 1528891
[19:16:47] Possible /pseudo 'Prophage DNA-packing protein NohA' at NZ_CP033605.1 position 1567926
[19:16:47] Possible /pseudo 'Small toxic polypeptide LdrA' at NZ_CP033605.1 position 1637890
[19:16:47] Possible /pseudo 'Oligosaccharides import ATP-binding protein MsmX' at NZ_CP033605.1 position 1856671
[19:16:47] Possible /pseudo 'putative protein YcjY' at NZ_CP033605.1 position 1867926
[19:16:47] Possible /pseudo 'putative protein YnbC' at NZ_CP033605.1 position 1910242
[19:16:47] Possible /pseudo 'Formate dehydrogenase, nitrate-inducible, major subunit' at NZ_CP033605.1 position 1984499
[19:16:47] Possible /pseudo 'PTS system N,N'-diacetylchitobiose-specific EIIC component' at NZ_CP033605.1 position 2325611
[19:16:47] Possible /pseudo 'IS3 family transposase IS629' at NZ_CP033605.1 position 2360161
[19:16:47] Possible /pseudo 'Trimethylamine-N-oxide reductase 2' at NZ_CP033605.1 position 2463774
[19:16:47] Possible /pseudo 'IS3 family transposase IS629' at NZ_CP033605.1 position 2509803
[19:16:47] Possible /pseudo 'IS3 family transposase IS629' at NZ_CP033605.1 position 2518844
[19:16:47] Possible /pseudo 'putative FMN/FAD exporter YeeO' at NZ_CP033605.1 position 2635014
[19:16:47] Possible /pseudo 'IS1 family transposase IS1A' at NZ_CP033605.1 position 2936043
[19:16:47] Possible /pseudo 'Outer membrane usher protein PapC' at NZ_CP033605.1 position 3220031
[19:16:47] Possible /pseudo 'Inner membrane metabolite transport protein YgcS' at NZ_CP033605.1 position 3720173
[19:16:47] Possible /pseudo 'Inner membrane protein YqcE' at NZ_CP033605.1 position 3724370
[19:16:47] Possible /pseudo 'Energy-coupling factor transporter ATP-binding protein EcfA1' at NZ_CP033605.1 position 3916636
[19:16:47] Possible /pseudo 'Fructoselysine 6-kinase' at NZ_CP033605.1 position 4324593
[19:16:47] Possible /pseudo 'Cellulose biosynthesis protein BcsG' at NZ_CP033605.1 position 4542048
[19:16:47] Possible /pseudo 'IS3 family transposase ISEc31' at NZ_CP033605.1 position 4683559
[19:16:47] Possible /pseudo 'putative fimbrial-like protein ElfG' at NZ_CP033605.1 position 4800203
[19:16:47] Possible /pseudo 'Putative 2,3-dihydroxypropane-1-sulfonate exporter' at NZ_CP033605.1 position 4962196
[19:16:47] Possible /pseudo 'Formate dehydrogenase-O major subunit' at NZ_CP033605.1 position 4984440
[19:16:47] Possible /pseudo 'Formate dehydrogenase H' at NZ_CP033605.1 position 5224481
[19:16:47] Possible /pseudo 'putative protein YjgL' at NZ_CP033605.1 position 5405177
[19:16:47] Possible /pseudo 'ISKra4 family transposase ISCep1' at NZ_CP033605.1 position 5468207
[19:16:47] Found 3128 unique /gene codes.
[19:16:47] Fixed 3 duplicate /gene - espF(U)_1 espF(U)_2 espF(U)_3
[19:16:47] Fixed 2 duplicate /gene - aaeA_1 aaeA_2
[19:16:47] Fixed 4 duplicate /gene - srlR_1 srlR_2 srlR_3 srlR_4
[19:16:47] Fixed 2 duplicate /gene - pspB_1 pspB_2
[19:16:47] Fixed 2 duplicate /gene - dmsC_1 dmsC_2
[19:16:47] Fixed 2 duplicate /gene - ydjZ_1 ydjZ_2
[19:16:47] Fixed 2 duplicate /gene - rcsB_1 rcsB_2
[19:16:47] Fixed 2 duplicate /gene - yhhT_1 yhhT_2
[19:16:47] Fixed 2 duplicate /gene - malP_1 malP_2
[19:16:47] Fixed 2 duplicate /gene - cutC_1 cutC_2
[19:16:47] Fixed 2 duplicate /gene - fimG_1 fimG_2
[19:16:47] Fixed 2 duplicate /gene - nagB_1 nagB_2
[19:16:47] Fixed 2 duplicate /gene - ykgM_1 ykgM_2
[19:16:47] Fixed 2 duplicate /gene - tdh_1 tdh_2
[19:16:47] Fixed 4 duplicate /gene - intS_1 intS_2 intS_3 intS_4
[19:16:47] Fixed 2 duplicate /gene - gpFI_1 gpFI_2
[19:16:47] Fixed 2 duplicate /gene - nagK_1 nagK_2
[19:16:47] Fixed 2 duplicate /gene - hin_1 hin_2
[19:16:47] Fixed 2 duplicate /gene - rep_1 rep_2
[19:16:47] Fixed 2 duplicate /gene - narL_1 narL_2
[19:16:47] Fixed 2 duplicate /gene - frlD_1 frlD_2
[19:16:47] Fixed 2 duplicate /gene - pdhR_1 pdhR_2
[19:16:47] Fixed 3 duplicate /gene - cbtA_1 cbtA_2 cbtA_3
[19:16:47] Fixed 2 duplicate /gene - yehB_1 yehB_2
[19:16:47] Fixed 2 duplicate /gene - ompN_1 ompN_2
[19:16:47] Fixed 2 duplicate /gene - uhpA_1 uhpA_2
[19:16:47] Fixed 2 duplicate /gene - trmH_1 trmH_2
[19:16:47] Fixed 2 duplicate /gene - ybcO_1 ybcO_2
[19:16:47] Fixed 3 duplicate /gene - elfG_1 elfG_2 elfG_3
[19:16:47] Fixed 3 duplicate /gene - btuD_1 btuD_2 btuD_3
[19:16:47] Fixed 2 duplicate /gene - ydeO_1 ydeO_2
[19:16:47] Fixed 2 duplicate /gene - ldrA_1 ldrA_2
[19:16:47] Fixed 2 duplicate /gene - ptsH_1 ptsH_2
[19:16:47] Fixed 3 duplicate /gene - bhsA_1 bhsA_2 bhsA_3
[19:16:47] Fixed 2 duplicate /gene - bioD1_1 bioD1_2
[19:16:47] Fixed 2 duplicate /gene - yrdA_1 yrdA_2
[19:16:47] Fixed 2 duplicate /gene - osmY_1 osmY_2
[19:16:47] Fixed 2 duplicate /gene - gmm_1 gmm_2
[19:16:47] Fixed 4 duplicate /gene - nohA_1 nohA_2 nohA_3 nohA_4
[19:16:47] Fixed 2 duplicate /gene - agaC_1 agaC_2
[19:16:47] Fixed 2 duplicate /gene - acs_1 acs_2
[19:16:47] Fixed 2 duplicate /gene - spaP_1 spaP_2
[19:16:47] Fixed 2 duplicate /gene - lysN_1 lysN_2
[19:16:47] Fixed 2 duplicate /gene - gatC_1 gatC_2
[19:16:47] Fixed 2 duplicate /gene - fimA_1 fimA_2
[19:16:47] Fixed 2 duplicate /gene - prs_1 prs_2
[19:16:47] Fixed 2 duplicate /gene - fimF_1 fimF_2
[19:16:47] Fixed 2 duplicate /gene - alx_1 alx_2
[19:16:47] Fixed 2 duplicate /gene - aaeB_1 aaeB_2
[19:16:47] Fixed 2 duplicate /gene - rhmT_1 rhmT_2
[19:16:47] Fixed 2 duplicate /gene - crfC_1 crfC_2
[19:16:47] Fixed 2 duplicate /gene - hcpA_1 hcpA_2
[19:16:47] Fixed 2 duplicate /gene - cdhR_1 cdhR_2
[19:16:47] Fixed 2 duplicate /gene - mngR_1 mngR_2
[19:16:47] Fixed 3 duplicate /gene - ygcS_1 ygcS_2 ygcS_3
[19:16:47] Fixed 4 duplicate /gene - pgrR_1 pgrR_2 pgrR_3 pgrR_4
[19:16:47] Fixed 2 duplicate /gene - cutD_1 cutD_2
[19:16:47] Fixed 2 duplicate /gene - uhpB_1 uhpB_2
[19:16:47] Fixed 2 duplicate /gene - ydjF_1 ydjF_2
[19:16:47] Fixed 2 duplicate /gene - fcl_1 fcl_2
[19:16:47] Fixed 3 duplicate /gene - glnQ_1 glnQ_2 glnQ_3
[19:16:47] Fixed 2 duplicate /gene - hdfR_1 hdfR_2
[19:16:47] Fixed 2 duplicate /gene - yhaJ_1 yhaJ_2
[19:16:47] Fixed 3 duplicate /gene - yahB_1 yahB_2 yahB_3
[19:16:47] Fixed 2 duplicate /gene - era_1 era_2
[19:16:47] Fixed 2 duplicate /gene - bcsG_1 bcsG_2
[19:16:47] Fixed 2 duplicate /gene - chuR_1 chuR_2
[19:16:47] Fixed 2 duplicate /gene - arcC1_1 arcC1_2
[19:16:47] Fixed 2 duplicate /gene - fumA_1 fumA_2
[19:16:47] Fixed 2 duplicate /gene - mepS_1 mepS_2
[19:16:47] Fixed 2 duplicate /gene - ynbC_1 ynbC_2
[19:16:47] Fixed 2 duplicate /gene - ylpA_1 ylpA_2
[19:16:47] Fixed 2 duplicate /gene - intA_1 intA_2
[19:16:47] Fixed 2 duplicate /gene - kefC_1 kefC_2
[19:16:47] Fixed 2 duplicate /gene - tsaR_1 tsaR_2
[19:16:47] Fixed 2 duplicate /gene - ubiJ_1 ubiJ_2
[19:16:47] Fixed 4 duplicate /gene - rbsC_1 rbsC_2 rbsC_3 rbsC_4
[19:16:47] Fixed 2 duplicate /gene - dnaB_1 dnaB_2
[19:16:47] Fixed 2 duplicate /gene - yicJ_1 yicJ_2
[19:16:47] Fixed 2 duplicate /gene - dnaK_1 dnaK_2
[19:16:47] Fixed 2 duplicate /gene - mglA_1 mglA_2
[19:16:47] Fixed 2 duplicate /gene - lldR_1 lldR_2
[19:16:47] Fixed 2 duplicate /gene - stxA_1 stxA_2
[19:16:47] Fixed 2 duplicate /gene - dadA_1 dadA_2
[19:16:47] Fixed 3 duplicate /gene - potA_1 potA_2 potA_3
[19:16:47] Fixed 10 duplicate /gene - rusA_1 rusA_2 rusA_3 rusA_4 rusA_5 rusA_6 rusA_7 rusA_8 rusA_9 rusA_10
[19:16:47] Fixed 2 duplicate /gene - fruK_1 fruK_2
[19:16:47] Fixed 2 duplicate /gene - gcvT_1 gcvT_2
[19:16:47] Fixed 3 duplicate /gene - ydfB_1 ydfB_2 ydfB_3
[19:16:47] Fixed 2 duplicate /gene - xylB_1 xylB_2
[19:16:47] Fixed 2 duplicate /gene - cbeA_1 cbeA_2
[19:16:47] Fixed 2 duplicate /gene - cytR_1 cytR_2
[19:16:47] Fixed 2 duplicate /gene - nanM_1 nanM_2
[19:16:47] Fixed 2 duplicate /gene - yggP_1 yggP_2
[19:16:47] Fixed 2 duplicate /gene - hycG_1 hycG_2
[19:16:47] Fixed 2 duplicate /gene - hokE_1 hokE_2
[19:16:47] Fixed 2 duplicate /gene - dgkA_1 dgkA_2
[19:16:47] Fixed 2 duplicate /gene - fdnG_1 fdnG_2
[19:16:47] Fixed 2 duplicate /gene - flhA_1 flhA_2
[19:16:47] Fixed 2 duplicate /gene - ybhA_1 ybhA_2
[19:16:47] Fixed 2 duplicate /gene - lolD_1 lolD_2
[19:16:47] Fixed 2 duplicate /gene - fdhF_1 fdhF_2
[19:16:47] Fixed 2 duplicate /gene - xdhA_1 xdhA_2
[19:16:47] Fixed 2 duplicate /gene - pdeN_1 pdeN_2
[19:16:47] Fixed 2 duplicate /gene - ospG_1 ospG_2
[19:16:47] Fixed 2 duplicate /gene - gfcB_1 gfcB_2
[19:16:47] Fixed 3 duplicate /gene - kduD_1 kduD_2 kduD_3
[19:16:47] Fixed 2 duplicate /gene - lsrD_1 lsrD_2
[19:16:47] Fixed 2 duplicate /gene - ugpC_1 ugpC_2
[19:16:47] Fixed 2 duplicate /gene - nanR_1 nanR_2
[19:16:47] Fixed 2 duplicate /gene - caiA_1 caiA_2
[19:16:47] Fixed 2 duplicate /gene - fruA_1 fruA_2
[19:16:47] Fixed 2 duplicate /gene - stxB_1 stxB_2
[19:16:47] Fixed 2 duplicate /gene - ftnA_1 ftnA_2
[19:16:47] Fixed 2 duplicate /gene - melR_1 melR_2
[19:16:47] Fixed 4 duplicate /gene - dinI_1 dinI_2 dinI_3 dinI_4
[19:16:47] Fixed 2 duplicate /gene - cusC_1 cusC_2
[19:16:47] Fixed 2 duplicate /gene - yciF_1 yciF_2
[19:16:47] Fixed 3 duplicate /gene - fabG_1 fabG_2 fabG_3
[19:16:47] Fixed 2 duplicate /gene - ybdO_1 ybdO_2
[19:16:47] Fixed 2 duplicate /gene - fbaA_1 fbaA_2
[19:16:47] Fixed 2 duplicate /gene - aspT_1 aspT_2
[19:16:47] Fixed 2 duplicate /gene - prfB_1 prfB_2
[19:16:47] Fixed 2 duplicate /gene - hcaR_1 hcaR_2
[19:16:47] Fixed 3 duplicate /gene - lexA_1 lexA_2 lexA_3
[19:16:47] Fixed 2 duplicate /gene - eptA_1 eptA_2
[19:16:47] Fixed 2 duplicate /gene - ygdR_1 ygdR_2
[19:16:47] Fixed 2 duplicate /gene - yehC_1 yehC_2
[19:16:47] Fixed 3 duplicate /gene - elfC_1 elfC_2 elfC_3
[19:16:47] Fixed 2 duplicate /gene - murR_1 murR_2
[19:16:47] Fixed 2 duplicate /gene - proA_1 proA_2
[19:16:47] Fixed 2 duplicate /gene - mshA_1 mshA_2
[19:16:47] Fixed 3 duplicate /gene - papC_1 papC_2 papC_3
[19:16:47] Fixed 2 duplicate /gene - chbC_1 chbC_2
[19:16:47] Fixed 2 duplicate /gene - xerD_1 xerD_2
[19:16:47] Fixed 2 duplicate /gene - leuC_1 leuC_2
[19:16:47] Fixed 2 duplicate /gene - ydhX_1 ydhX_2
[19:16:47] Fixed 3 duplicate /gene - dmsB_1 dmsB_2 dmsB_3
[19:16:47] Fixed 2 duplicate /gene - rcsC_1 rcsC_2
[19:16:47] Fixed 2 duplicate /gene - ulaA_1 ulaA_2
[19:16:47] Fixed 2 duplicate /gene - yqcE_1 yqcE_2
[19:16:47] Fixed 2 duplicate /gene - slp_1 slp_2
[19:16:47] Fixed 4 duplicate /gene - pphA_1 pphA_2 pphA_3 pphA_4
[19:16:47] Fixed 2 duplicate /gene - por_1 por_2
[19:16:47] Fixed 5 duplicate /gene - rhaR_1 rhaR_2 rhaR_3 rhaR_4 rhaR_5
[19:16:47] Fixed 3 duplicate /gene - rhsC_1 rhsC_2 rhsC_3
[19:16:47] Fixed 2 duplicate /gene - nepI_1 nepI_2
[19:16:47] Fixed 2 duplicate /gene - yihP_1 yihP_2
[19:16:47] Fixed 2 duplicate /gene - manP_1 manP_2
[19:16:47] Fixed 2 duplicate /gene - rapA_1 rapA_2
[19:16:47] Fixed 2 duplicate /gene - kdgK_1 kdgK_2
[19:16:47] Fixed 3 duplicate /gene - manZ_1 manZ_2 manZ_3
[19:16:47] Fixed 2 duplicate /gene - ssuC_1 ssuC_2
[19:16:47] Fixed 2 duplicate /gene - pal_1 pal_2
[19:16:47] Fixed 2 duplicate /gene - mipA_1 mipA_2
[19:16:47] Fixed 2 duplicate /gene - purR_1 purR_2
[19:16:47] Fixed 2 duplicate /gene - kbaY_1 kbaY_2
[19:16:47] Fixed 2 duplicate /gene - recD_1 recD_2
[19:16:47] Fixed 2 duplicate /gene - ydjE_1 ydjE_2
[19:16:47] Fixed 2 duplicate /gene - arnC_1 arnC_2
[19:16:47] Fixed 3 duplicate /gene - fixX_1 fixX_2 fixX_3
[19:16:47] Fixed 2 duplicate /gene - ybdM_1 ybdM_2
[19:16:47] Fixed 2 duplicate /gene - dctA_1 dctA_2
[19:16:47] Fixed 2 duplicate /gene - fimD_1 fimD_2
[19:16:47] Fixed 4 duplicate /gene - tfaE_1 tfaE_2 tfaE_3 tfaE_4
[19:16:47] Fixed 2 duplicate /gene - uhpC_1 uhpC_2
[19:16:47] Fixed 2 duplicate /gene - yfcQ_1 yfcQ_2
[19:16:47] Fixed 2 duplicate /gene - gstB_1 gstB_2
[19:16:47] Fixed 3 duplicate /gene - yadV_1 yadV_2 yadV_3
[19:16:47] Fixed 2 duplicate /gene - manC1_1 manC1_2
[19:16:47] Fixed 2 duplicate /gene - msbA_1 msbA_2
[19:16:47] Fixed 2 duplicate /gene - cirA_1 cirA_2
[19:16:47] Fixed 2 duplicate /gene - sbmC_1 sbmC_2
[19:16:47] Fixed 2 duplicate /gene - bcr_1 bcr_2
[19:16:47] Fixed 4 duplicate /gene - yceD_1 yceD_2 yceD_3 yceD_4
[19:16:47] Fixed 3 duplicate /gene - fabF_1 fabF_2 fabF_3
[19:16:47] Fixed 2 duplicate /gene - yiaW_1 yiaW_2
[19:16:47] Fixed 2 duplicate /gene - lptB_1 lptB_2
[19:16:47] Fixed 4 duplicate /gene - rhsD_1 rhsD_2 rhsD_3 rhsD_4
[19:16:47] Fixed 2 duplicate /gene - yehD_1 yehD_2
[19:16:47] Fixed 2 duplicate /gene - cysH_1 cysH_2
[19:16:47] Fixed 2 duplicate /gene - artM_1 artM_2
[19:16:47] Fixed 3 duplicate /gene - cynR_1 cynR_2 cynR_3
[19:16:47] Fixed 11 duplicate /gene - rrrD_1 rrrD_2 rrrD_3 rrrD_4 rrrD_5 rrrD_6 rrrD_7 rrrD_8 rrrD_9 rrrD_10 rrrD_11
[19:16:47] Fixed 3 duplicate /gene - ycjY_1 ycjY_2 ycjY_3
[19:16:47] Fixed 2 duplicate /gene - acrB_1 acrB_2
[19:16:47] Fixed 2 duplicate /gene - argE_1 argE_2
[19:16:47] Fixed 2 duplicate /gene - emrE_1 emrE_2
[19:16:47] Fixed 2 duplicate /gene - yjiK_1 yjiK_2
[19:16:47] Fixed 2 duplicate /gene - acpP_1 acpP_2
[19:16:47] Fixed 3 duplicate /gene - gadW_1 gadW_2 gadW_3
[19:16:47] Fixed 2 duplicate /gene - klcA_1 klcA_2
[19:16:47] Fixed 2 duplicate /gene - gatB_1 gatB_2
[19:16:47] Fixed 2 duplicate /gene - sctC_1 sctC_2
[19:16:47] Fixed 3 duplicate /gene - rhlE_1 rhlE_2 rhlE_3
[19:16:47] Fixed 2 duplicate /gene - btuB_1 btuB_2
[19:16:47] Fixed 2 duplicate /gene - ttdT_1 ttdT_2
[19:16:47] Fixed 6 duplicate /gene - xerC_1 xerC_2 xerC_3 xerC_4 xerC_5 xerC_6
[19:16:47] Fixed 2 duplicate /gene - dcuD_1 dcuD_2
[19:16:47] Fixed 2 duplicate /gene - gadX_1 gadX_2
[19:16:47] Fixed 2 duplicate /gene - rob_1 rob_2
[19:16:47] Fixed 2 duplicate /gene - fdnH_1 fdnH_2
[19:16:47] Fixed 2 duplicate /gene - ulaB_1 ulaB_2
[19:16:47] Fixed 5 duplicate /gene - rhaS_1 rhaS_2 rhaS_3 rhaS_4 rhaS_5
[19:16:47] Fixed 2 duplicate /gene - dmsA_1 dmsA_2
[19:16:47] Fixed 2 duplicate /gene - gmd_1 gmd_2
[19:16:47] Fixed 2 duplicate /gene - lon_1 lon_2
[19:16:47] Fixed 2 duplicate /gene - algC_1 algC_2
[19:16:47] Fixed 2 duplicate /gene - yeeO_1 yeeO_2
[19:16:47] Fixed 2 duplicate /gene - coaA_1 coaA_2
[19:16:47] Fixed 3 duplicate /gene - lpfA_1 lpfA_2 lpfA_3
[19:16:47] Fixed 2 duplicate /gene - nuoL_1 nuoL_2
[19:16:47] Fixed 2 duplicate /gene - betI_1 betI_2
[19:16:47] Fixed 2 duplicate /gene - sgrR_1 sgrR_2
[19:16:47] Fixed 2 duplicate /gene - acpS_1 acpS_2
[19:16:47] Fixed 2 duplicate /gene - caiT_1 caiT_2
[19:16:47] Fixed 2 duplicate /gene - ecfA1_1 ecfA1_2
[19:16:47] Fixed 2 duplicate /gene - cntO_1 cntO_2
[19:16:47] Fixed 3 duplicate /gene - ydcV_1 ydcV_2 ydcV_3
[19:16:47] Fixed 3 duplicate /gene - gltC_1 gltC_2 gltC_3
[19:16:47] Fixed 2 duplicate /gene - rlhA_1 rlhA_2
[19:16:47] Fixed 2 duplicate /gene - ylcG_1 ylcG_2
[19:16:47] Fixed 3 duplicate /gene - cysE_1 cysE_2 cysE_3
[19:16:47] Fixed 7 duplicate /gene - dnaT_1 dnaT_2 dnaT_3 dnaT_4 dnaT_5 dnaT_6 dnaT_7
[19:16:47] Fixed 3 duplicate /gene - ygiW_1 ygiW_2 ygiW_3
[19:16:47] Fixed 2 duplicate /gene - rbsB_1 rbsB_2
[19:16:47] Fixed 5 duplicate /gene - dmlR_1 dmlR_2 dmlR_3 dmlR_4 dmlR_5
[19:16:47] Fixed 2 duplicate /gene - fixA_1 fixA_2
[19:16:47] Fixed 2 duplicate /gene - yvgN_1 yvgN_2
[19:16:47] Fixed 2 duplicate /gene - manX_1 manX_2
[19:16:47] Fixed 3 duplicate /gene - dnaC_1 dnaC_2 dnaC_3
[19:16:47] Fixed 2 duplicate /gene - yjgL_1 yjgL_2
[19:16:47] Fixed 2 duplicate /gene - fryA_1 fryA_2
[19:16:47] Fixed 2 duplicate /gene - torZ_1 torZ_2
[19:16:47] Fixed 2 duplicate /gene - lsrK_1 lsrK_2
[19:16:47] Fixed 2 duplicate /gene - mlc_1 mlc_2
[19:16:47] Fixed 2 duplicate /gene - lapB_1 lapB_2
[19:16:47] Fixed 2 duplicate /gene - lsrB_1 lsrB_2
[19:16:47] Fixed 2 duplicate /gene - fdrA_1 fdrA_2
[19:16:47] Fixed 2 duplicate /gene - mdh_1 mdh_2
[19:16:47] Fixed 2 duplicate /gene - kgtP_1 kgtP_2
[19:16:47] Fixed 2 duplicate /gene - fimH_1 fimH_2
[19:16:47] Fixed 5 duplicate /gene - clpP_1 clpP_2 clpP_3 clpP_4 clpP_5
[19:16:47] Fixed 3 duplicate /gene - gcvA_1 gcvA_2 gcvA_3
[19:16:47] Fixed 2 duplicate /gene - rhtC_1 rhtC_2
[19:16:47] Fixed 2 duplicate /gene - lolA_1 lolA_2
[19:16:47] Fixed 2 duplicate /gene - sapB_1 sapB_2
[19:16:47] Fixed 2 duplicate /gene - ydgA_1 ydgA_2
[19:16:47] Fixed 2 duplicate /gene - intQ_1 intQ_2
[19:16:47] Fixed 2 duplicate /gene - ompR_1 ompR_2
[19:16:47] Fixed 2 duplicate /gene - yciE_1 yciE_2
[19:16:47] Fixed 3 duplicate /gene - norR_1 norR_2 norR_3
[19:16:47] Fixed 2 duplicate /gene - lpfB_1 lpfB_2
[19:16:47] Fixed 3 duplicate /gene - pncC_1 pncC_2 pncC_3
[19:16:47] Fixed 2 duplicate /gene - ftsA_1 ftsA_2
[19:16:47] Fixed 2 duplicate /gene - fdoG_1 fdoG_2
[19:16:47] Fixed 2 duplicate /gene - pitA_1 pitA_2
[19:16:47] Fixed 2 duplicate /gene - msmX_1 msmX_2
[19:16:47] Fixed 2 duplicate /gene - oxyR_1 oxyR_2
[19:16:47] Fixed 5 duplicate /gene - hyfA_1 hyfA_2 hyfA_3 hyfA_4 hyfA_5
[19:16:47] Fixed 2 duplicate /gene - ccmH_1 ccmH_2
[19:16:47] Fixed 2 duplicate /gene - topA_1 topA_2
[19:16:47] Fixed 2 duplicate /gene - btuR_1 btuR_2
[19:16:47] Fixed 2 duplicate /gene - psuK_1 psuK_2
[19:16:47] Fixed 2 duplicate /gene - fryB_1 fryB_2
[19:16:47] Fixed 2 duplicate /gene - rsxB_1 rsxB_2
[19:16:47] Fixed 2 duplicate /gene - mtlA_1 mtlA_2
[19:16:47] Fixed 2 duplicate /gene - ndhI_1 ndhI_2
[19:16:47] Fixed 2 duplicate /gene - nlpD_1 nlpD_2
[19:16:47] Fixed 2 duplicate /gene - ndhB_1 ndhB_2
[19:16:47] Fixed 2 duplicate /gene - fixB_1 fixB_2
[19:16:47] Fixed 2 duplicate /gene - sorB_1 sorB_2
[19:16:47] Fixed 2 duplicate /gene - srmB_1 srmB_2
[19:16:47] Fixed 2 duplicate /gene - rbsA_1 rbsA_2
[19:16:47] Fixed 2 duplicate /gene - glmS_1 glmS_2
[19:16:47] Fixed 14 duplicate /gene - ompX_1 ompX_2 ompX_3 ompX_4 ompX_5 ompX_6 ompX_7 ompX_8 ompX_9 ompX_10 ompX_11 ompX_12 ompX_13 ompX_14
[19:16:47] Fixed 2 duplicate /gene - acrR_1 acrR_2
[19:16:47] Fixed 277 colliding /gene names.
[19:16:47] Adding /locus_tag identifiers
[19:16:47] Assigned 5521 locus_tags to CDS and RNA features.
[19:16:47] Writing outputs to /mnt/c/Users/migue/OneDrive/Ambiente de Trabalho/Prokka_GCF_003722195/
[19:16:59] Generating annotation statistics file
[19:16:59] Generating Genbank and Sequin files
[19:16:59] Running: tbl2asn -V b -a r10k -l paired-ends -M n -N 1 -y 'Annotated using prokka 1.14.6 from https://github.com/tseemann/prokka' -Z \/mnt\/c\/Users\/migue\/OneDrive\/Ambiente\ de\ Trabalho\/Prokka_GCF_003722195\/Prokka_GCF_003722195\.err -i \/mnt\/c\/Users\/migue\/OneDrive\/Ambiente\ de\ Trabalho\/Prokka_GCF_003722195\/Prokka_GCF_003722195\.fsa 2> /dev/null
[19:17:08] Deleting unwanted file: /mnt/c/Users/migue/OneDrive/Ambiente de Trabalho/Prokka_GCF_003722195/errorsummary.val
[19:17:08] Deleting unwanted file: /mnt/c/Users/migue/OneDrive/Ambiente de Trabalho/Prokka_GCF_003722195/Prokka_GCF_003722195.dr
[19:17:08] Deleting unwanted file: /mnt/c/Users/migue/OneDrive/Ambiente de Trabalho/Prokka_GCF_003722195/Prokka_GCF_003722195.fixedproducts
[19:17:08] Deleting unwanted file: /mnt/c/Users/migue/OneDrive/Ambiente de Trabalho/Prokka_GCF_003722195/Prokka_GCF_003722195.ecn
[19:17:08] Deleting unwanted file: /mnt/c/Users/migue/OneDrive/Ambiente de Trabalho/Prokka_GCF_003722195/Prokka_GCF_003722195.val
[19:17:08] Repairing broken .GBK output that tbl2asn produces...
[19:17:08] Running: sed 's/COORDINATES: profile/COORDINATES:profile/' < \/mnt\/c\/Users\/migue\/OneDrive\/Ambiente\ de\ Trabalho\/Prokka_GCF_003722195\/Prokka_GCF_003722195\.gbf > \/mnt\/c\/Users\/migue\/OneDrive\/Ambiente\ de\ Trabalho\/Prokka_GCF_003722195\/Prokka_GCF_003722195\.gbk
[19:17:11] Deleting unwanted file: /mnt/c/Users/migue/OneDrive/Ambiente de Trabalho/Prokka_GCF_003722195/Prokka_GCF_003722195.gbf
[19:17:11] Output files:
[19:17:11] /mnt/c/Users/migue/OneDrive/Ambiente de Trabalho/Prokka_GCF_003722195/Prokka_GCF_003722195.err
[19:17:11] /mnt/c/Users/migue/OneDrive/Ambiente de Trabalho/Prokka_GCF_003722195/Prokka_GCF_003722195.faa
[19:17:11] /mnt/c/Users/migue/OneDrive/Ambiente de Trabalho/Prokka_GCF_003722195/Prokka_GCF_003722195.ffn
[19:17:11] /mnt/c/Users/migue/OneDrive/Ambiente de Trabalho/Prokka_GCF_003722195/Prokka_GCF_003722195.fna
[19:17:11] /mnt/c/Users/migue/OneDrive/Ambiente de Trabalho/Prokka_GCF_003722195/Prokka_GCF_003722195.fsa
[19:17:11] /mnt/c/Users/migue/OneDrive/Ambiente de Trabalho/Prokka_GCF_003722195/Prokka_GCF_003722195.gbk
[19:17:11] /mnt/c/Users/migue/OneDrive/Ambiente de Trabalho/Prokka_GCF_003722195/Prokka_GCF_003722195.gff
[19:17:11] /mnt/c/Users/migue/OneDrive/Ambiente de Trabalho/Prokka_GCF_003722195/Prokka_GCF_003722195.log
[19:17:11] /mnt/c/Users/migue/OneDrive/Ambiente de Trabalho/Prokka_GCF_003722195/Prokka_GCF_003722195.sqn
[19:17:11] /mnt/c/Users/migue/OneDrive/Ambiente de Trabalho/Prokka_GCF_003722195/Prokka_GCF_003722195.tbl
[19:17:11] /mnt/c/Users/migue/OneDrive/Ambiente de Trabalho/Prokka_GCF_003722195/Prokka_GCF_003722195.tsv
[19:17:11] /mnt/c/Users/migue/OneDrive/Ambiente de Trabalho/Prokka_GCF_003722195/Prokka_GCF_003722195.txt
[19:17:11] Annotation finished successfully.
[19:17:11] Walltime used: 2.55 minutes
[19:17:11] If you use this result please cite the Prokka paper:
[19:17:11] Seemann T (2014) Prokka: rapid prokaryotic genome annotation. Bioinformatics. 30(14):2068-9.
[19:17:11] Type 'prokka --citation' for more details.
[19:17:11] Share and enjoy!
