[17:29:13] This is prokka 1.14.6
[17:29:13] Written by Torsten Seemann <torsten.seemann@gmail.com>
[17:29:13] Homepage is https://github.com/tseemann/prokka
[17:29:13] Local time is Sun Jan  5 17:29:13 2025
[17:29:13] You are miguelbalexandre
[17:29:13] Operating system is linux
[17:29:13] You have BioPerl 1.7.8
[17:29:13] System has 16 cores.
[17:29:13] Will use maximum of 8 cores.
[17:29:13] Annotating as >>> Bacteria <<<
[17:29:13] Generating locus_tag from '/mnt/c/Users/migue/Downloads/Dados_Prokka/GCF_000005845.fasta' contents.
[17:29:14] Setting --locustag PLEAFKLE from MD5 95eaf45ebeb323a2818b9718ec9cf3b4
[17:29:14] Creating new output folder: /mnt/c/Users/migue/OneDrive/Ambiente de Trabalho/Prokka_GCF_000005845
[17:29:14] Running: mkdir -p \/mnt\/c\/Users\/migue\/OneDrive\/Ambiente\ de\ Trabalho\/Prokka_GCF_000005845
[17:29:14] Using filename prefix: Prokka_GCF_000005845.XXX
[17:29:14] Setting HMMER_NCPU=1
[17:29:14] Writing log to: /mnt/c/Users/migue/OneDrive/Ambiente de Trabalho/Prokka_GCF_000005845/Prokka_GCF_000005845.log
[17:29:14] Command: /home/miguelbalexandre/miniconda3/envs/prokka_env/bin/prokka --outdir /mnt/c/Users/migue/OneDrive/Ambiente de Trabalho/Prokka_GCF_000005845 --prefix Prokka_GCF_000005845 /mnt/c/Users/migue/Downloads/Dados_Prokka/GCF_000005845.fasta
[17:29:14] Appending to PATH: /home/miguelbalexandre/miniconda3/envs/prokka_env/bin
[17:29:14] Looking for 'aragorn' - found /home/miguelbalexandre/miniconda3/envs/prokka_env/bin/aragorn
[17:29:14] Determined aragorn version is 001002 from 'ARAGORN v1.2.41 Dean Laslett'
[17:29:14] Looking for 'barrnap' - found /home/miguelbalexandre/miniconda3/envs/prokka_env/bin/barrnap
[17:29:14] Determined barrnap version is 000009 from 'barrnap 0.9'
[17:29:14] Looking for 'blastp' - found /home/miguelbalexandre/miniconda3/envs/prokka_env/bin/blastp
[17:29:14] Determined blastp version is 002016 from 'blastp: 2.16.0+'
[17:29:14] Looking for 'cmpress' - found /home/miguelbalexandre/miniconda3/envs/prokka_env/bin/cmpress
[17:29:14] Determined cmpress version is 001001 from '# INFERNAL 1.1.5 (Sep 2023)'
[17:29:14] Looking for 'cmscan' - found /home/miguelbalexandre/miniconda3/envs/prokka_env/bin/cmscan
[17:29:14] Determined cmscan version is 001001 from '# INFERNAL 1.1.5 (Sep 2023)'
[17:29:14] Looking for 'egrep' - found /usr/bin/egrep
[17:29:14] Looking for 'find' - found /usr/bin/find
[17:29:14] Looking for 'grep' - found /usr/bin/grep
[17:29:14] Looking for 'hmmpress' - found /home/miguelbalexandre/miniconda3/envs/prokka_env/bin/hmmpress
[17:29:14] Determined hmmpress version is 003004 from '# HMMER 3.4 (Aug 2023); http://hmmer.org/'
[17:29:14] Looking for 'hmmscan' - found /home/miguelbalexandre/miniconda3/envs/prokka_env/bin/hmmscan
[17:29:14] Determined hmmscan version is 003004 from '# HMMER 3.4 (Aug 2023); http://hmmer.org/'
[17:29:14] Looking for 'java' - found /home/miguelbalexandre/miniconda3/envs/prokka_env/bin/java
[17:29:14] Looking for 'makeblastdb' - found /home/miguelbalexandre/miniconda3/envs/prokka_env/bin/makeblastdb
[17:29:14] Determined makeblastdb version is 002016 from 'makeblastdb: 2.16.0+'
[17:29:14] Looking for 'minced' - found /home/miguelbalexandre/miniconda3/envs/prokka_env/bin/minced
[17:29:14] Determined minced version is 004002 from 'minced 0.4.2'
[17:29:14] Looking for 'parallel' - found /home/miguelbalexandre/miniconda3/envs/prokka_env/bin/parallel
[17:29:14] Determined parallel version is 20241122 from 'GNU parallel 20241122'
[17:29:14] Looking for 'prodigal' - found /home/miguelbalexandre/miniconda3/envs/prokka_env/bin/prodigal
[17:29:14] Determined prodigal version is 002006 from 'Prodigal V2.6.3: February, 2016'
[17:29:14] Looking for 'prokka-genbank_to_fasta_db' - found /home/miguelbalexandre/miniconda3/envs/prokka_env/bin/prokka-genbank_to_fasta_db
[17:29:14] Looking for 'sed' - found /usr/bin/sed
[17:29:14] Looking for 'tbl2asn' - found /home/miguelbalexandre/miniconda3/envs/prokka_env/bin/tbl2asn
[17:29:14] Determined tbl2asn version is 025007 from 'tbl2asn 25.7   arguments:'
[17:29:14] Using genetic code table 11.
[17:29:14] Loading and checking input file: /mnt/c/Users/migue/Downloads/Dados_Prokka/GCF_000005845.fasta
[17:29:14] Wrote 1 contigs totalling 4641652 bp.
[17:29:14] Predicting tRNAs and tmRNAs
[17:29:14] Running: aragorn -l -gc11  -w \/mnt\/c\/Users\/migue\/OneDrive\/Ambiente\ de\ Trabalho\/Prokka_GCF_000005845\/Prokka_GCF_000005845\.fna
[17:29:16] 1 tRNA-Ile [225381,225457] 35 (gat)
[17:29:16] 2 tRNA-Ala [225500,225575] 34 (tgc)
[17:29:16] 3 tRNA-Asp [228928,229004] 35 (gtc)
[17:29:16] 4 tRNA-Asp [236931,237007] 35 (gtc)
[17:29:16] 5 tRNA-Thr [262871,262946] 34 (cgt)
[17:29:16] 6 tRNA-Ser [345334,345414] 38 (gga)
[17:29:16] 7 tRNA-Arg [564723,564799] 35 (tct)
[17:29:16] 8 tRNA-Gln c[696430,696504] 33 (ctg)
[17:29:16] 9 tRNA-Gln c[696542,696616] 33 (ctg)
[17:29:16] 10 tRNA-Met c[696664,696740] 35 (cat)
[17:29:16] 11 tRNA-Gln c[696756,696830] 33 (ttg)
[17:29:16] 12 tRNA-Gln c[696865,696939] 33 (ttg)
[17:29:16] 13 tRNA-Leu c[696963,697047] 35 (tag)
[17:29:16] 14 tRNA-Met c[697057,697133] 35 (cat)
[17:29:16] 15 tRNA-Lys [780554,780629] 34 (ttt)
[17:29:16] 16 tRNA-Val [780765,780840] 34 (tac)
[17:29:16] 17 tRNA-Lys [780843,780918] 34 (ttt)
[17:29:16] 18 tRNA-Val [781068,781143] 34 (tac)
[17:29:16] 19 tRNA-Lys [781147,781222] 34 (ttt)
[17:29:16] 20 tRNA-Lys [781369,781444] 34 (ttt)
[17:29:16] 21 tRNA-Lys [781577,781652] 34 (ttt)
[17:29:16] 22 tRNA-Ser c[925884,925971] 35 (gga)
[17:29:16] 23 tRNA-Ser c[1031625,1031712] 35 (tga)
[17:29:16] 24 tRNA-Ser c[1097565,1097652] 35 (gga)
[17:29:16] 25 tRNA-Tyr c[1287244,1287328] 35 (gta)
[17:29:16] 26 tRNA-Tyr c[1287538,1287622] 35 (gta)
[17:29:16] 27 tRNA-Val [1746435,1746511] 35 (gac)
[17:29:16] 28 tRNA-Val [1746516,1746592] 35 (gac)
[17:29:16] 29 tRNA-Leu c[1991815,1991901] 35 (taa)
[17:29:16] 30 tRNA-Cys c[1991914,1991987] 33 (gca)
[17:29:16] 31 tRNA-Gly c[1992042,1992117] 34 (gcc)
[17:29:16] 32 tRNA-Ser c[2043468,2043557] 35 (cga)
[17:29:16] 33 tRNA-Asn [2044549,2044624] 34 (gtt)
[17:29:16] 34 tRNA-Asn c[2058027,2058102] 34 (gtt)
[17:29:16] 35 tRNA-Asn [2059851,2059926] 34 (gtt)
[17:29:16] 36 tRNA-Asn [2062260,2062335] 34 (gtt)
[17:29:16] 37 tRNA-Pro [2286211,2286287] 35 (ggg)
[17:29:16] 38 tRNA-Arg [2466309,2466383] 34 (cct)
[17:29:16] 39 tRNA-Ala c[2518041,2518116] 34 (ggc)
[17:29:16] 40 tRNA-Ala c[2518156,2518231] 34 (ggc)
[17:29:16] 41 tRNA-Val [2520931,2521006] 34 (tac)
[17:29:16] 42 tRNA-Val [2521051,2521126] 34 (tac)
[17:29:16] 43 tRNA-Val [2521173,2521248] 34 (tac)
[17:29:16] 44 tRNA-Lys [2521253,2521328] 34 (ttt)
[17:29:16] 45 tRNA-Glu c[2729369,2729444] 35 (ttc)
[17:29:16] 46 tmRNA [2755593,2755955] 90,125 ANDENYALAA**
[17:29:16] 47 tRNA-Met c[2785762,2785837] 34 (cat)
[17:29:16] 48 tRNA-Arg c[2817784,2817860] 35 (acg)
[17:29:16] 49 tRNA-Arg c[2818059,2818135] 35 (acg)
[17:29:16] 50 tRNA-Arg c[2818198,2818274] 35 (acg)
[17:29:16] 51 tRNA-Arg [2818458,2818529] 34 (tcg)
[17:29:16] 52 tRNA-Arg c[2818473,2818549] 35 (acg)
[17:29:16] 53 tRNA-Ser c[2818553,2818645] 35 (gct)
[17:29:16] 54 tRNA-Met [2947387,2947463] 35 (cat)
[17:29:16] 55 tRNA-Met [2947497,2947573] 35 (cat)
[17:29:16] 56 tRNA-Met [2947607,2947683] 35 (cat)
[17:29:16] 57 tRNA-Gly c[2998984,2999057] 33 (ccc)
[17:29:16] 58 tRNA-Phe [3110366,3110441] 34 (gaa)
[17:29:16] 59 tRNA-Met [3215598,3215673] 34 (cat)
[17:29:16] 60 tRNA-Met c[3318213,3318289] 35 (cat)
[17:29:16] 61 tRNA-Leu c[3322072,3322158] 35 (gag)
[17:29:16] 62 tRNA-Thr c[3423580,3423655] 34 (ggt)
[17:29:16] 63 tRNA-Ala c[3426958,3427033] 34 (tgc)
[17:29:16] 64 tRNA-Ile c[3427076,3427152] 35 (gat)
[17:29:16] 65 tRNA-Pro c[3708616,3708692] 35 (cgg)
[17:29:16] 66 tRNA-SeC [3836222,3836316] 35 (tca)
[17:29:16] 67 tRNA-Glu [3943435,3943510] 35 (ttc)
[17:29:16] 68 tRNA-Asp [3946872,3946948] 35 (gtc)
[17:29:16] 69 tRNA-Trp [3946957,3947032] 34 (cca)
[17:29:16] 70 tRNA-Arg [3982375,3982451] 35 (ccg)
[17:29:16] 71 tRNA-His [3982510,3982585] 34 (gtg)
[17:29:16] 72 tRNA-Leu [3982606,3982692] 35 (cag)
[17:29:16] 73 tRNA-Pro [3982735,3982811] 35 (tgg)
[17:29:16] 74 tRNA-Ile [4037141,4037217] 35 (gat)
[17:29:16] 75 tRNA-Ala [4037260,4037335] 34 (tgc)
[17:29:16] 76 tRNA-Glu [4168372,4168447] 35 (ttc)
[17:29:16] 77 tRNA-Thr [4175388,4175463] 34 (tgt)
[17:29:16] 78 tRNA-Tyr [4175472,4175556] 35 (gta)
[17:29:16] 79 tRNA-Gly [4175673,4175747] 34 (tcc)
[17:29:16] 80 tRNA-Thr [4175754,4175829] 34 (ggt)
[17:29:16] 81 tRNA-Glu [4209774,4209849] 35 (ttc)
[17:29:16] 82 tRNA-Phe c[4362551,4362626] 34 (gaa)
[17:29:16] 83 tRNA-Gly [4392360,4392435] 34 (gcc)
[17:29:16] 84 tRNA-Gly [4392472,4392547] 34 (gcc)
[17:29:16] 85 tRNA-Gly [4392583,4392658] 34 (gcc)
[17:29:16] 86 tRNA-Leu [4496405,4496489] 35 (caa)
[17:29:16] 87 tRNA-Leu c[4606079,4606165] 35 (cag)
[17:29:16] 88 tRNA-Leu c[4606200,4606286] 35 (cag)
[17:29:16] 89 tRNA-Leu c[4606315,4606401] 35 (cag)
[17:29:16] Found 89 tRNAs
[17:29:16] Predicting Ribosomal RNAs
[17:29:16] Running Barrnap with 8 threads
[17:29:17] 1 NC_000913.3 223774 16S ribosomal RNA
[17:29:17] 2 NC_000913.3 225761 23S ribosomal RNA
[17:29:17] 3 NC_000913.3 228760 5S ribosomal RNA
[17:29:17] 4 NC_000913.3 2726074 5S ribosomal RNA
[17:29:17] 5 NC_000913.3 2726282 23S ribosomal RNA
[17:29:17] 6 NC_000913.3 2729617 16S ribosomal RNA
[17:29:17] 7 NC_000913.3 3423428 5S ribosomal RNA
[17:29:17] 8 NC_000913.3 3423673 5S ribosomal RNA
[17:29:17] 9 NC_000913.3 3423881 23S ribosomal RNA
[17:29:17] 10 NC_000913.3 3427222 16S ribosomal RNA
[17:29:17] 11 NC_000913.3 3941811 16S ribosomal RNA
[17:29:17] 12 NC_000913.3 3943706 23S ribosomal RNA
[17:29:17] 13 NC_000913.3 3946704 5S ribosomal RNA
[17:29:17] 14 NC_000913.3 4035534 16S ribosomal RNA
[17:29:17] 15 NC_000913.3 4037521 23S ribosomal RNA
[17:29:17] 16 NC_000913.3 4040521 5S ribosomal RNA
[17:29:17] 17 NC_000913.3 4166662 16S ribosomal RNA
[17:29:17] 18 NC_000913.3 4168643 23S ribosomal RNA
[17:29:17] 19 NC_000913.3 4171641 5S ribosomal RNA
[17:29:17] 20 NC_000913.3 4208150 16S ribosomal RNA
[17:29:17] 21 NC_000913.3 4210045 23S ribosomal RNA
[17:29:17] 22 NC_000913.3 4213044 5S ribosomal RNA
[17:29:17] Found 22 rRNAs
[17:29:17] Skipping ncRNA search, enable with --rfam if desired.
[17:29:17] Total of 110 tRNA + rRNA features
[17:29:17] Searching for CRISPR repeats
[17:29:17] CRISPR1 NC_000913.3 2877701 with 13 spacers
[17:29:17] CRISPR2 NC_000913.3 2904014 with 7 spacers
[17:29:17] Found 2 CRISPRs
[17:29:17] Predicting coding sequences
[17:29:17] Contigs total 4641652 bp, so using single mode
[17:29:17] Running: prodigal -i \/mnt\/c\/Users\/migue\/OneDrive\/Ambiente\ de\ Trabalho\/Prokka_GCF_000005845\/Prokka_GCF_000005845\.fna -c -m -g 11 -p single -f sco -q
[17:29:22] Excluding CDS which overlaps existing RNA (rRNA) at NC_000913.3:224958..225212 on + strand
[17:29:22] Excluding CDS which overlaps existing RNA (tRNA) at NC_000913.3:1287065..1287631 on + strand
[17:29:23] Excluding CDS which overlaps existing RNA (rRNA) at NC_000913.3:2727331..2727450 on - strand
[17:29:23] Excluding CDS which overlaps existing RNA (rRNA) at NC_000913.3:2729716..2729970 on - strand
[17:29:24] Excluding CDS which overlaps existing RNA (tRNA) at NC_000913.3:2817923..2818393 on + strand
[17:29:24] Excluding CDS which overlaps existing RNA (tRNA) at NC_000913.3:3423503..3423826 on + strand
[17:29:24] Excluding CDS which overlaps existing RNA (rRNA) at NC_000913.3:3427321..3427575 on - strand
[17:29:24] Excluding CDS which overlaps existing RNA (rRNA) at NC_000913.3:3942995..3943249 on + strand
[17:29:24] Excluding CDS which overlaps existing RNA (rRNA) at NC_000913.3:4036718..4036972 on + strand
[17:29:24] Excluding CDS which overlaps existing RNA (rRNA) at NC_000913.3:4167846..4168100 on + strand
[17:29:24] Excluding CDS which overlaps existing RNA (rRNA) at NC_000913.3:4170375..4170494 on + strand
[17:29:24] Excluding CDS which overlaps existing RNA (rRNA) at NC_000913.3:4209334..4209588 on + strand
[17:29:24] Excluding CDS which overlaps existing RNA (rRNA) at NC_000913.3:4211777..4211896 on + strand
[17:29:25] Found 4305 CDS
[17:29:25] Connecting features back to sequences
[17:29:25] Not using genus-specific database. Try --usegenus to enable it.
[17:29:25] Annotating CDS, please be patient.
[17:29:25] Will use 8 CPUs for similarity searching.
[17:29:28] There are still 4305 unannotated CDS left (started with 4305)
[17:29:28] Will use blast to search against /home/miguelbalexandre/miniconda3/envs/prokka_env/db/kingdom/Bacteria/IS with 8 CPUs
[17:29:28] Running: cat \/mnt\/c\/Users\/migue\/OneDrive\/Ambiente\ de\ Trabalho\/Prokka_GCF_000005845\/Prokka_GCF_000005845\.IS\.tmp\.5632\.faa | parallel --gnu --plain -j 8 --block 86286 --recstart '>' --pipe blastp -query - -db /home/miguelbalexandre/miniconda3/envs/prokka_env/db/kingdom/Bacteria/IS -evalue 1e-30 -qcov_hsp_perc 90 -num_threads 1 -num_descriptions 1 -num_alignments 1 -seg no > \/mnt\/c\/Users\/migue\/OneDrive\/Ambiente\ de\ Trabalho\/Prokka_GCF_000005845\/Prokka_GCF_000005845\.IS\.tmp\.5632\.blast 2> /dev/null
[17:29:37] Deleting unwanted file: /mnt/c/Users/migue/OneDrive/Ambiente de Trabalho/Prokka_GCF_000005845/Prokka_GCF_000005845.IS.tmp.5632.faa
[17:29:37] Deleting unwanted file: /mnt/c/Users/migue/OneDrive/Ambiente de Trabalho/Prokka_GCF_000005845/Prokka_GCF_000005845.IS.tmp.5632.blast
[17:29:40] There are still 4229 unannotated CDS left (started with 4305)
[17:29:40] Will use blast to search against /home/miguelbalexandre/miniconda3/envs/prokka_env/db/kingdom/Bacteria/AMR with 8 CPUs
[17:29:40] Running: cat \/mnt\/c\/Users\/migue\/OneDrive\/Ambiente\ de\ Trabalho\/Prokka_GCF_000005845\/Prokka_GCF_000005845\.AMR\.tmp\.5632\.faa | parallel --gnu --plain -j 8 --block 85153 --recstart '>' --pipe blastp -query - -db /home/miguelbalexandre/miniconda3/envs/prokka_env/db/kingdom/Bacteria/AMR -evalue 1e-300 -qcov_hsp_perc 90 -num_threads 1 -num_descriptions 1 -num_alignments 1 -seg no > \/mnt\/c\/Users\/migue\/OneDrive\/Ambiente\ de\ Trabalho\/Prokka_GCF_000005845\/Prokka_GCF_000005845\.AMR\.tmp\.5632\.blast 2> /dev/null
[17:29:46] Deleting unwanted file: /mnt/c/Users/migue/OneDrive/Ambiente de Trabalho/Prokka_GCF_000005845/Prokka_GCF_000005845.AMR.tmp.5632.faa
[17:29:46] Deleting unwanted file: /mnt/c/Users/migue/OneDrive/Ambiente de Trabalho/Prokka_GCF_000005845/Prokka_GCF_000005845.AMR.tmp.5632.blast
[17:29:48] There are still 4229 unannotated CDS left (started with 4305)
[17:29:48] Will use blast to search against /home/miguelbalexandre/miniconda3/envs/prokka_env/db/kingdom/Bacteria/sprot with 8 CPUs
[17:29:48] Running: cat \/mnt\/c\/Users\/migue\/OneDrive\/Ambiente\ de\ Trabalho\/Prokka_GCF_000005845\/Prokka_GCF_000005845\.sprot\.tmp\.5632\.faa | parallel --gnu --plain -j 8 --block 85153 --recstart '>' --pipe blastp -query - -db /home/miguelbalexandre/miniconda3/envs/prokka_env/db/kingdom/Bacteria/sprot -evalue 1e-09 -qcov_hsp_perc 80 -num_threads 1 -num_descriptions 1 -num_alignments 1 -seg no > \/mnt\/c\/Users\/migue\/OneDrive\/Ambiente\ de\ Trabalho\/Prokka_GCF_000005845\/Prokka_GCF_000005845\.sprot\.tmp\.5632\.blast 2> /dev/null
[17:30:22] Modify product: Uncharacterized protein YdhT => putative protein YdhT
[17:30:22] Modify product: Uncharacterized ferredoxin-like protein YdhX => putative ferredoxin-like protein YdhX
[17:30:22] Modify product: Uncharacterized protein YdhW => putative protein YdhW
[17:30:22] Modify product: Uncharacterized oxidoreductase YdhV => putative oxidoreductase YdhV
[17:30:22] Modify product: Uncharacterized ferredoxin-like protein YdhY => putative ferredoxin-like protein YdhY
[17:30:22] Modify product: Probable L,D-transpeptidase YnhG => putative L,D-transpeptidase YnhG
[17:30:22] Modify product: Probable ATP-dependent transporter SufC => putative ATP-dependent transporter SufC
[17:30:22] Modify product: Uncharacterized protein HI_1163 => putative protein
[17:30:22] Modify product: Uncharacterized protein YdiE => putative protein YdiE
[17:30:22] Modify product: Uncharacterized protein YniD => putative protein YniD
[17:30:22] Modify product: Probable ketoamine kinase lp_1983 => putative ketoamine kinase
[17:30:22] Modify product: Uncharacterized HTH-type transcriptional regulator YdjF => putative HTH-type transcriptional regulator YdjF
[17:30:22] Modify product: Uncharacterized sugar kinase YdjH => putative sugar kinase YdjH
[17:30:22] Modify product: Uncharacterized protein YdjI => putative protein YdjI
[17:30:22] Modify product: Uncharacterized zinc-type alcohol dehydrogenase-like protein YdjJ => putative zinc-type alcohol dehydrogenase-like protein YdjJ
[17:30:22] Modify product: Stress response UPF0229 protein YhbH => hypothetical protein
[17:30:22] Modify product: Probable diguanylate cyclase CdgI => putative diguanylate cyclase CdgI
[17:30:22] Modify product: Probable diguanylate cyclase DgcJ => putative diguanylate cyclase DgcJ
[17:30:22] Modify product: Uncharacterized protein YeaR => putative protein YeaR
[17:30:22] Modify product: Probable ATP-dependent DNA helicase YoaA => putative ATP-dependent DNA helicase YoaA
[17:30:22] Modify product: Probable cyclic di-GMP phosphodiesterase PdeD => putative cyclic di-GMP phosphodiesterase PdeD
[17:30:22] Modify product: UPF0053 inner membrane protein YoaE => hypothetical protein
[17:30:22] Modify product: UPF0266 membrane protein YobD => hypothetical protein
[17:30:22] Modify product: Probable manganese efflux pump MntP => putative manganese efflux pump MntP
[17:30:22] Modify product: Uncharacterized protein YebV => putative protein YebV
[17:30:22] Modify product: Probable transcriptional regulatory protein YebC => putative transcriptional regulatory protein YebC
[17:30:22] Modify product: UPF0394 inner membrane protein YedE => hypothetical protein
[17:30:22] Modify product: Uncharacterized N-acetyltransferase YsnE => putative N-acetyltransferase YsnE
[17:30:22] Modify product: Probable diguanylate cyclase DgcQ => putative diguanylate cyclase DgcQ
[17:30:22] Modify product: Uncharacterized inner membrane transporter YedA => putative inner membrane transporter YedA
[17:30:22] Modify product: Uncharacterized protein YedJ => putative protein YedJ
[17:30:22] Modify product: Cytochrome b561 homolog 1 => Cytochrome b561 
[17:30:22] Modify product: Probable transcriptional regulatory protein YeeN => putative transcriptional regulatory protein YeeN
[17:30:22] Modify product: Probable FMN/FAD exporter YeeO => putative FMN/FAD exporter YeeO
[17:30:22] Modify product: Probable L,D-transpeptidase ErfK/SrfK => putative L,D-transpeptidase ErfK/SrfK
[17:30:22] Modify product: UPF0265 protein YeeX => hypothetical protein
[17:30:22] Modify product: UPF0394 inner membrane protein YeeE => hypothetical protein
[17:30:22] Modify product: UPF0053 inner membrane protein YoaE => hypothetical protein
[17:30:22] Modify product: Probable diguanylate cyclase DgcE => putative diguanylate cyclase DgcE
[17:30:22] Modify product: UPF0339 protein YegP => hypothetical protein
[17:30:22] Modify product: 23S rRNA 5-hydroxycytidine C2501 synthase => 23S rRNA 5-hydroxycytidine synthase
[17:30:22] Modify product: Uncharacterized fimbrial-like protein YehA => putative fimbrial-like protein YehA
[17:30:22] Modify product: Probable fimbrial chaperone YehC => putative fimbrial chaperone YehC
[17:30:22] Modify product: Uncharacterized fimbrial-like protein YehD => putative fimbrial-like protein YehD
[17:30:22] Modify product: Uncharacterized protein YehL => putative protein YehL
[17:30:22] Modify product: Uncharacterized lipoprotein YehR => putative lipoprotein YehR
[17:30:22] Modify product: UPF0387 membrane protein YohO => hypothetical protein
[17:30:22] Modify product: Uncharacterized oxidoreductase YohF => putative oxidoreductase YohF
[17:30:22] Modify product: UPF0299 membrane protein YohJ => hypothetical protein
[17:30:22] Modify product: UPF0324 inner membrane protein YeiH => hypothetical protein
[17:30:22] Modify product: UPF0153 protein YeiW => hypothetical protein
[17:30:22] Modify product: Probable cyclic di-GMP phosphodiesterase PdeN => putative cyclic di-GMP phosphodiesterase PdeN
[17:30:22] Modify product: Uncharacterized ABC transporter ATP-binding protein YejF => putative ABC transporter ATP-binding protein YejF
[17:30:22] Modify product: Uncharacterized protein YejG => putative protein YejG
[17:30:22] Modify product: UPF0352 protein YejL => hypothetical protein
[17:30:22] Modify product: Probable autotransporter ROD_p1121 => putative autotransporter
[17:30:22] Modify product: Probable peptidoglycan glycosyltransferase FtsW => putative peptidoglycan glycosyltransferase FtsW
[17:30:22] Modify product: UPF0231 protein YacL => hypothetical protein
[17:30:22] Modify product: Uncharacterized ABC transporter ATP-binding protein YadG => putative ABC transporter ATP-binding protein YadG
[17:30:22] Modify product: Uncharacterized fimbrial-like protein YadC => putative fimbrial-like protein YadC
[17:30:22] Modify product: Uncharacterized fimbrial-like protein YadK => putative fimbrial-like protein YadK
[17:30:22] Modify product: Uncharacterized fimbrial-like protein YadL => putative fimbrial-like protein YadL
[17:30:22] Modify product: Uncharacterized fimbrial-like protein YadM => putative fimbrial-like protein YadM
[17:30:22] Modify product: Probable fimbrial chaperone YadV => putative fimbrial chaperone YadV
[17:30:22] Modify product: Uncharacterized fimbrial-like protein YadN => putative fimbrial-like protein YadN
[17:30:22] Modify product: UPF0126 inner membrane protein YadS => hypothetical protein
[17:30:22] Modify product: UPF0253 protein YaeP => hypothetical protein
[17:30:22] Modify product: Uncharacterized protein YaeQ => putative protein YaeQ
[17:30:22] Modify product: Uncharacterized methyltransferase YcgJ => putative methyltransferase YcgJ
[17:30:22] Modify product: Uncharacterized N-acetyltransferase YafP => putative N-acetyltransferase YafP
[17:30:22] Modify product: UPF0255 protein VV1_0328 => hypothetical protein
[17:30:22] Modify product: UPF0758 protein => hypothetical protein
[17:30:22] Modify product: UPF0401 protein YkfF => hypothetical protein
[17:30:22] Modify product: UPF0227 protein YcfP => hypothetical protein
[17:30:22] Modify product: Probable L,D-transpeptidase YcfS => putative L,D-transpeptidase YcfS
[17:30:22] Modify product: Prophage tail fiber assembly protein homolog TfaE => Prophage tail fiber assembly protein TfaE
[17:30:22] Modify product: Uncharacterized protein YdfO => putative protein YdfO
[17:30:22] Modify product: Probable two-component-system connector protein YcgZ => putative two-component-system connector protein YcgZ
[17:30:22] Modify product: Probable two-component-system connector protein AriR => putative two-component-system connector protein AriR
[17:30:22] Modify product: Uncharacterized protein YmgC => putative protein YmgC
[17:30:22] Modify product: Probable cyclic di-GMP phosphodiesterase PdeG => putative cyclic di-GMP phosphodiesterase PdeG
[17:30:22] Modify product: Uncharacterized protein YmgD => putative protein YmgD
[17:30:22] Modify product: UPF0757 protein YmgG => hypothetical protein
[17:30:22] Modify product: Uncharacterized protein YcgM => putative protein YcgM
[17:30:22] Modify product: UPF0225 protein YchJ => hypothetical protein
[17:30:22] Modify product: Uncharacterized NTE family protein Rv1063c => putative NTE family protein
[17:30:22] Modify product: UPF0056 inner membrane protein MarC => hypothetical protein
[17:30:22] Modify product: UPF0263 protein YciU => hypothetical protein
[17:30:22] Modify product: Uncharacterized acyl-CoA thioester hydrolase HI_0827 => putative acyl-CoA thioester hydrolase
[17:30:22] Modify product: Probable intracellular septation protein A => putative intracellular septation protein A
[17:30:22] Modify product: UPF0259 membrane protein YciC => hypothetical protein
[17:30:22] Modify product: Uncharacterized protein YciO => putative protein YciO
[17:30:22] Modify product: Uncharacterized oxidoreductase YciK => putative oxidoreductase YciK
[17:30:22] Modify product: Probable protease SohB => putative protease SohB
[17:30:22] Modify product: Uncharacterized protein YciH => putative protein YciH
[17:30:22] Modify product: UPF0509 protein YciZ => hypothetical protein
[17:30:23] Modify product: Uncharacterized protein YcjX => putative protein YcjX
[17:30:23] Modify product: UPF0283 membrane protein YcjF => hypothetical protein
[17:30:23] Modify product: Uncharacterized protein YcjY => putative protein YcjY
[17:30:23] Modify product: Probable DNA endonuclease SmrA => putative DNA endonuclease SmrA
[17:30:23] Modify product: Uncharacterized protein YdaG => putative protein YdaG
[17:30:23] Modify product: Prophage tail fiber assembly protein homolog TfaE => Prophage tail fiber assembly protein TfaE
[17:30:23] Modify product: Uncharacterized protein YnaE => putative protein YnaE
[17:30:23] Modify product: Probable fimbrial chaperone EcpE => putative fimbrial chaperone EcpE
[17:30:23] Modify product: Probable outer membrane usher protein EcpC => putative outer membrane usher protein EcpC
[17:30:23] Modify product: Probable fimbrial chaperone EcpB => putative fimbrial chaperone EcpB
[17:30:23] Modify product: Uncharacterized membrane protein YkgR => putative membrane protein YkgR
[17:30:23] Modify product: Probable pyridine nucleotide-disulfide oxidoreductase RclA => putative pyridine nucleotide-disulfide oxidoreductase RclA
[17:30:23] Modify product: Uncharacterized HTH-type transcriptional regulator YahB => putative HTH-type transcriptional regulator YahB
[17:30:23] Modify product: Uncharacterized transporter YycB => putative transporter YycB
[17:30:23] Modify product: Probable diguanylate cyclase DgcC => putative diguanylate cyclase DgcC
[17:30:23] Modify product: UPF0178 protein YaiI => hypothetical protein
[17:30:23] Modify product: Uncharacterized protein YaiA => putative protein YaiA
[17:30:23] Modify product: Uncharacterized lipoprotein YajI => putative lipoprotein YajI
[17:30:23] Modify product: UPF0234 protein YajQ => hypothetical protein
[17:30:23] Modify product: Uncharacterized protein HI_1008 => putative protein
[17:30:23] Modify product: Probable multidrug resistance ABC transporter ATP-binding/permease protein YheI => putative multidrug resistance ABC transporter ATP-binding/permease protein YheI
[17:30:23] Modify product: Uncharacterized lipoprotein YbaY => putative lipoprotein YbaY
[17:30:23] Modify product: Uncharacterized protein YbaA => putative protein YbaA
[17:30:23] Modify product: Probable cyclic di-GMP phosphodiesterase PdeB => putative cyclic di-GMP phosphodiesterase PdeB
[17:30:23] Modify product: Uncharacterized HTH-type transcriptional regulator YbaQ => putative HTH-type transcriptional regulator YbaQ
[17:30:23] Modify product: Probable iron export ATP-binding protein FetA => putative iron export ATP-binding protein FetA
[17:30:23] Modify product: Probable iron export permease protein FetB => putative iron export permease protein FetB
[17:30:23] Modify product: Uncharacterized protein YbbC => putative protein YbbC
[17:30:23] Modify product: Uncharacterized protein YbcJ => putative protein YbcJ
[17:30:23] Modify product: Bifunctional protein FolD => Bifunctional protein FolD protein
[17:30:23] Modify product: Uncharacterized fimbrial-like protein SfmA => putative fimbrial-like protein SfmA
[17:30:23] Modify product: Probable fimbrial chaperone SfmC => putative fimbrial chaperone SfmC
[17:30:23] Modify product: Uncharacterized fimbrial-like protein SfmH => putative fimbrial-like protein SfmH
[17:30:23] Modify product: Uncharacterized fimbrial-like protein SfmF => putative fimbrial-like protein SfmF
[17:30:23] Modify product: UPF0098 protein YbcL => hypothetical protein
[17:30:23] Modify product: Uncharacterized protein YlcG => putative protein YlcG
[17:30:23] Modify product: Uncharacterized protein YdfO => putative protein YdfO
[17:30:23] Modify product: Uncharacterized protein YnbC => putative protein YnbC
[17:30:23] Modify product: Uncharacterized protein YnbD => putative protein YnbD
[17:30:23] Modify product: Uncharacterized protein Rv3292 => putative protein
[17:30:23] Modify product: 23S rRNA 5-hydroxycytidine C2501 synthase => 23S rRNA 5-hydroxycytidine synthase
[17:30:23] Modify product: Probable mRNA interferase toxin HicA => putative mRNA interferase toxin HicA
[17:30:23] Modify product: Uncharacterized protein YdcY => putative protein YdcY
[17:30:23] Modify product: Uncharacterized protein YncE => putative protein YncE
[17:30:23] Modify product: Uncharacterized isomerase YddE => putative isomerase YddE
[17:30:23] Modify product: Probable nitrate reductase molybdenum cofactor assembly chaperone NarW => putative nitrate reductase molybdenum cofactor assembly chaperone NarW
[17:30:23] Modify product: Uncharacterized HTH-type transcriptional regulator YddM => putative HTH-type transcriptional regulator YddM
[17:30:23] Modify product: Probable D,D-dipeptide transport ATP-binding protein DdpF => putative D,D-dipeptide transport ATP-binding protein DdpF
[17:30:23] Modify product: Probable D,D-dipeptide transport ATP-binding protein DdpD => putative D,D-dipeptide transport ATP-binding protein DdpD
[17:30:23] Modify product: Probable D,D-dipeptide transport system permease protein DdpC => putative D,D-dipeptide transport system permease protein DdpC
[17:30:23] Modify product: Probable D,D-dipeptide transport system permease protein DdpB => putative D,D-dipeptide transport system permease protein DdpB
[17:30:23] Modify product: Probable D,D-dipeptide-binding periplasmic protein DdpA => putative D,D-dipeptide-binding periplasmic protein DdpA
[17:30:23] Modify product: Probable glutamate/gamma-aminobutyrate antiporter => putative glutamate/gamma-aminobutyrate antiporter
[17:30:23] Modify product: UPF0056 inner membrane protein MarC => hypothetical protein
[17:30:23] Modify product: Probable amino-acid metabolite efflux pump => putative amino-acid metabolite efflux pump
[17:30:23] Modify product: Prophage tail fiber assembly protein homolog TfaE => Prophage tail fiber assembly protein TfaE
[17:30:23] Modify product: Uncharacterized protein YdfO => putative protein YdfO
[17:30:23] Modify product: Uncharacterized protein YdfR => putative protein YdfR
[17:30:23] Modify product: Uncharacterized protein YdfB => putative protein YdfB
[17:30:23] Modify product: UPF0060 membrane protein YnfA => hypothetical protein
[17:30:23] Modify product: UPF0482 protein YnfB => hypothetical protein
[17:30:23] Modify product: Uncharacterized protein YnfD => putative protein YnfD
[17:30:23] Modify product: Probable dimethyl sulfoxide reductase chain YnfF => putative dimethyl sulfoxide reductase chain YnfF
[17:30:23] Modify product: Glucuronide carrier protein homolog => Glucuronide carrier protein 
[17:30:23] Modify product: Uncharacterized oxidoreductase YdgJ => putative oxidoreductase YdgJ
[17:30:23] Modify product: Uncharacterized protein YnhF => putative protein YnhF
[17:30:23] Modify product: Uncharacterized HTH-type transcriptional regulator YahB => putative HTH-type transcriptional regulator YahB
[17:30:23] Modify product: Probable autotransporter ROD_p1121 => putative autotransporter
[17:30:23] Modify product: Uncharacterized protein YbjN => putative protein YbjN
[17:30:23] Modify product: Uncharacterized lipoprotein YbjP => putative lipoprotein YbjP
[17:30:23] Modify product: UPF0145 protein YbjQ => hypothetical protein
[17:30:23] Modify product: Probable hydrolase YcaC => putative hydrolase YcaC
[17:30:23] Modify product: Uncharacterized MFS-type transporter YcaD => putative MFS-type transporter YcaD
[17:30:23] Modify product: Probable formate transporter 1 => putative formate transporter 1
[17:30:23] Modify product: UPF0434 protein YcaR => hypothetical protein
[17:30:23] Modify product: Probable L,D-transpeptidase YcbB => putative L,D-transpeptidase YcbB
[17:30:23] Modify product: Probable fimbrial chaperone protein ElfD => putative fimbrial chaperone protein ElfD
[17:30:23] Modify product: Probable outer membrane usher protein ElfC => putative outer membrane usher protein ElfC
[17:30:23] Modify product: Uncharacterized fimbrial-like protein ElfG => putative fimbrial-like protein ElfG
[17:30:23] Modify product: Uncharacterized fimbrial-like protein YcbU => putative fimbrial-like protein YcbU
[17:30:23] Modify product: Uncharacterized fimbrial-like protein YcbV => putative fimbrial-like protein YcbV
[17:30:23] Modify product: Uncharacterized fimbrial chaperone YcbF => putative fimbrial chaperone YcbF
[17:30:23] Modify product: Uncharacterized protein YcbX => putative protein YcbX
[17:30:23] Modify product: UPF0319 protein HI_1681 => hypothetical protein
[17:30:23] Modify product: Uncharacterized protein YccU => putative protein YccU
[17:30:23] Modify product: Probable Ni/Fe-hydrogenase 1 B-type cytochrome subunit => putative Ni/Fe-hydrogenase 1 B-type cytochrome subunit
[17:30:23] Modify product: Uncharacterized lipoprotein GfcB => putative lipoprotein GfcB
[17:30:23] Modify product: Uncharacterized protein YccJ => putative protein YccJ
[17:30:23] Modify product: Probable malonic semialdehyde reductase RutE => putative malonic semialdehyde reductase RutE
[17:30:23] Modify product: Probable diguanylate cyclase DgcT => putative diguanylate cyclase DgcT
[17:30:23] Modify product: Probable phosphatase YcdX => putative phosphatase YcdX
[17:30:23] Modify product: Uncharacterized protein YmdA => putative protein YmdA
[17:30:23] Modify product: UPF0176 protein YceA => hypothetical protein
[17:30:23] Modify product: Cytochrome b561 homolog 2 => Cytochrome b561 
[17:30:23] Modify product: Uncharacterized protein YceO => putative protein YceO
[17:30:23] Modify product: Uncharacterized lipoprotein YceB => putative lipoprotein YceB
[17:30:23] Modify product: UPF0502 protein YceH => hypothetical protein
[17:30:23] Modify product: Uncharacterized metal-dependent hydrolase YcfH => putative metal-dependent hydrolase YcfH
[17:30:23] Modify product: Uncharacterized protein YbdM => putative protein YbdM
[17:30:23] Modify product: Uncharacterized HTH-type transcriptional regulator YbdO => putative HTH-type transcriptional regulator YbdO
[17:30:23] Modify product: Probable zinc-binding alcohol dehydrogenase Rv1895 => putative zinc-binding alcohol dehydrogenase
[17:30:23] Modify product: Uncharacterized HTH-type transcriptional regulator YbdO => putative HTH-type transcriptional regulator YbdO
[17:30:23] Modify product: UPF0250 protein YbeD => hypothetical protein
[17:30:23] Modify product: Uncharacterized lipoprotein ChiQ => putative lipoprotein ChiQ
[17:30:23] Modify product: Uncharacterized protein YbfE => putative protein YbfE
[17:30:23] Modify product: GTP cyclohydrolase 1 type 2 homolog => GTP cyclohydrolase 1 type 2 
[17:30:23] Modify product: Uncharacterized fimbrial-like protein YbgD => putative fimbrial-like protein YbgD
[17:30:23] Modify product: UPF0098 protein YbhB => hypothetical protein
[17:30:23] Modify product: Probable multidrug ABC transporter permease YbhR => putative multidrug ABC transporter permease YbhR
[17:30:23] Modify product: Probable multidrug ABC transporter permease YbhS => putative multidrug ABC transporter permease YbhS
[17:30:23] Modify product: Probable multidrug ABC transporter ATP-binding protein YbhF => putative multidrug ABC transporter ATP-binding protein YbhF
[17:30:23] Modify product: UPF0194 membrane protein YbhG => hypothetical protein
[17:30:23] Modify product: Uncharacterized protein YbiB => putative protein YbiB
[17:30:23] Modify product: Uncharacterized protein YbiI => putative protein YbiI
[17:30:23] Modify product: PKHD-type hydroxylase Sbal_3634 => PKHD-type hydroxylase
[17:30:23] Modify product: Uncharacterized protein McbA => putative protein McbA
[17:30:23] Modify product: Probable L,D-transpeptidase YbiS => putative L,D-transpeptidase YbiS
[17:30:23] Modify product: Uncharacterized ABC transporter ATP-binding protein YbiT => putative ABC transporter ATP-binding protein YbiT
[17:30:23] Modify product: Uncharacterized protein YbiU => putative protein YbiU
[17:30:23] Modify product: Probable cyclic di-GMP phosphodiesterase PdeI => putative cyclic di-GMP phosphodiesterase PdeI
[17:30:23] Modify product: Probable formate transporter 2 => putative formate transporter 2
[17:30:23] Modify product: Uncharacterized protein YfgD => putative protein YfgD
[17:30:23] Modify product: Uncharacterized protein YfgJ => putative protein YfgJ
[17:30:23] Modify product: UPF0070 protein HI_0370 => hypothetical protein
[17:30:23] Modify product: Uncharacterized protein Rv2307c => putative protein
[17:30:23] Modify product: Probable 3-phenylpropionic acid transporter => putative 3-phenylpropionic acid transporter
[17:30:23] Modify product: Uncharacterized protein YphB => putative protein YphB
[17:30:23] Modify product: Uncharacterized tRNA/rRNA methyltransferase YfiF => putative tRNA/rRNA methyltransferase YfiF
[17:30:23] Modify product: UPF0053 inner membrane protein YfjD => hypothetical protein
[17:30:23] Modify product: UPF0125 protein RatB => hypothetical protein
[17:30:23] Modify product: Probable autotransporter ROD_p1121 => putative autotransporter
[17:30:23] Modify product: Probable HTH-type transcriptional regulator YgaV => putative HTH-type transcriptional regulator YgaV
[17:30:23] Modify product: Uncharacterized protein YgaM => putative protein YgaM
[17:30:23] Modify product: Probable transporter SCO4007 => putative transporter
[17:30:23] Modify product: Probable transporter SCO4007 => putative transporter
[17:30:23] Modify product: Uncharacterized protein YgcP => putative protein YgcP
[17:30:23] Modify product: Uncharacterized protein YqcG => putative protein YqcG
[17:30:23] Modify product: Probable glucarate transporter => putative glucarate transporter
[17:30:23] Modify product: Uncharacterized protein PA3435 => putative protein
[17:30:23] Modify product: Uncharacterized protein YqcC => putative protein YqcC
[17:30:23] Modify product: Uncharacterized HTH-type transcriptional regulator YdjF => putative HTH-type transcriptional regulator YdjF
[17:30:23] Modify product: UPF0382 inner membrane protein YgdD => hypothetical protein
[17:30:23] Modify product: Uncharacterized lipoprotein YgdR => putative lipoprotein YgdR
[17:30:23] Modify product: UPF0053 inner membrane protein YgdQ => hypothetical protein
[17:30:23] Modify product: Uncharacterized lipoprotein YgdR => putative lipoprotein YgdR
[17:30:23] Modify product: Uncharacterized response regulatory protein YgeK => putative response regulatory protein YgeK
[17:30:23] Modify product: Uncharacterized protein YqfG => putative protein YqfG
[17:30:24] Modify product: UPF0073 inner membrane protein YqfA => hypothetical protein
[17:30:24] Modify product: UPF0267 protein YqfB => hypothetical protein
[17:30:24] Modify product: Uncharacterized oxidoreductase YgfF => putative oxidoreductase YgfF
[17:30:24] Modify product: UPF0149 protein HI_0817 => hypothetical protein
[17:30:24] Modify product: UPF0301 protein YqgE => hypothetical protein
[17:30:24] Modify product: Uncharacterized protein YggR => putative protein YggR
[17:30:24] Modify product: UPF0235 protein YggU => hypothetical protein
[17:30:24] Modify product: Uncharacterized protein HI_0341 => putative protein
[17:30:24] Modify product: Probable Fe(2+)-trafficking protein => putative Fe(2+)-trafficking protein
[17:30:24] Modify product: Uncharacterized FAD-linked oxidoreductase Rv2280 => putative FAD-linked oxidoreductase
[17:30:24] Modify product: Probable Ni/Fe-hydrogenase 2 b-type cytochrome subunit => putative Ni/Fe-hydrogenase 2 b-type cytochrome subunit
[17:30:24] Modify product: Uncharacterized oxidoreductase YghA => putative oxidoreductase YghA
[17:30:24] Modify product: Probable deoxycholate-binding periplasmic protein YgiS => putative deoxycholate-binding periplasmic protein YgiS
[17:30:24] Modify product: Probable autotransporter YfaL => putative autotransporter YfaL
[17:30:24] Modify product: Uncharacterized HTH-type transcriptional regulator RhmR => putative HTH-type transcriptional regulator RhmR
[17:30:24] Modify product: Probable 4-deoxy-4-formamido-L-arabinose-phosphoundecaprenol deformylase ArnD => putative 4-deoxy-4-formamido-L-arabinose-phosphoundecaprenol deformylase ArnD
[17:30:24] Modify product: Probable 4-amino-4-deoxy-L-arabinose-phosphoundecaprenol flippase subunit ArnE => putative 4-amino-4-deoxy-L-arabinose-phosphoundecaprenol flippase subunit ArnE
[17:30:24] Modify product: Probable 4-amino-4-deoxy-L-arabinose-phosphoundecaprenol flippase subunit ArnF => putative 4-amino-4-deoxy-L-arabinose-phosphoundecaprenol flippase subunit ArnF
[17:30:24] Modify product: UPF0304 protein YfbU => hypothetical protein
[17:30:24] Modify product: UPF0208 membrane protein YfbV => hypothetical protein
[17:30:24] Modify product: Uncharacterized Nudix hydrolase YfcD => putative Nudix hydrolase YfcD
[17:30:24] Modify product: Epimerase family protein SA0724 => Epimerase family protein
[17:30:24] Modify product: Uncharacterized MFS-type transporter YfcJ => putative MFS-type transporter YfcJ
[17:30:24] Modify product: Probable membrane transporter protein YfcA => putative membrane transporter protein YfcA
[17:30:24] Modify product: Uncharacterized protein YfcO => putative protein YfcO
[17:30:24] Modify product: Uncharacterized fimbrial-like protein YfcP => putative fimbrial-like protein YfcP
[17:30:24] Modify product: Uncharacterized fimbrial-like protein YfcQ => putative fimbrial-like protein YfcQ
[17:30:24] Modify product: Uncharacterized fimbrial-like protein YfcR => putative fimbrial-like protein YfcR
[17:30:24] Modify product: Probable fimbrial chaperone YfcS => putative fimbrial chaperone YfcS
[17:30:24] Modify product: Uncharacterized fimbrial-like protein YfcV => putative fimbrial-like protein YfcV
[17:30:24] Modify product: UPF0381 protein YiiS => hypothetical protein
[17:30:24] Modify product: Prophage bactoprenol glucosyl transferase homolog => Prophage bactoprenol glucosyl transferase 
[17:30:24] Modify product: Prophage tail fiber assembly protein homolog TfaE => Prophage tail fiber assembly protein TfaE
[17:30:24] Modify product: Probable multidrug resistance protein EmrY => putative multidrug resistance protein EmrY
[17:30:24] Modify product: Probable multidrug resistance protein EmrK => putative multidrug resistance protein EmrK
[17:30:24] Modify product: Probable cyclic di-GMP phosphodiesterase PdeA => putative cyclic di-GMP phosphodiesterase PdeA
[17:30:24] Modify product: Uncharacterized protein YfeY => putative protein YfeY
[17:30:24] Modify product: Uncharacterized protein Rv2575 => putative protein
[17:30:24] Modify product: Uncharacterized GST-like protein YibF => putative GST-like protein YibF
[17:30:24] Modify product: Uncharacterized protein YibL => putative protein YibL
[17:30:24] Modify product: Uncharacterized protein YibN => putative protein YibN
[17:30:24] Modify product: UPF0758 protein YsxA => hypothetical protein
[17:30:24] Modify product: UPF0701 protein YicC => hypothetical protein
[17:30:24] Modify product: UPF0126 inner membrane protein YicG => hypothetical protein
[17:30:24] Modify product: Uncharacterized inner membrane transporter YicL => putative inner membrane transporter YicL
[17:30:24] Modify product: Uncharacterized symporter YidK => putative symporter YidK
[17:30:24] Modify product: Probable 2-dehydro-3-deoxygalactonokinase DgoK1 => putative 2-dehydro-3-deoxygalactonokinase DgoK1
[17:30:24] Modify product: UPF0167 protein CbrC => hypothetical protein
[17:30:24] Modify product: Probable glucosamine-6-phosphate deaminase 2 => putative glucosamine-6-phosphate deaminase 2
[17:30:24] Modify product: Probable transport protein HsrA => putative transport protein HsrA
[17:30:24] Modify product: UPF0438 protein YifE => hypothetical protein
[17:30:24] Modify product: Probable ECA polymerase => putative ECA polymerase
[17:30:24] Modify product: Probable transport protein YifK => putative transport protein YifK
[17:30:24] Modify product: Probable protein kinase UbiB => putative protein kinase UbiB
[17:30:24] Modify product: Probable acyltransferase YihG => putative acyltransferase YihG
[17:30:24] Modify product: Probable GTP-binding protein EngB => putative GTP-binding protein EngB
[17:30:24] Modify product: Uncharacterized protein YshB => putative protein YshB
[17:30:24] Modify product: Uncharacterized protein YihR => putative protein YihR
[17:30:24] Modify product: UPF0761 membrane protein YihY => hypothetical protein
[17:30:24] Modify product: UPF0381 protein YiiS => hypothetical protein
[17:30:24] Modify product: Probable cystine transporter YijE => putative cystine transporter YijE
[17:30:24] Modify product: Uncharacterized protein HI_0431 => putative protein
[17:30:24] Modify product: Uncharacterized lipoprotein GfcB => putative lipoprotein GfcB
[17:30:24] Modify product: UPF0337 protein YjbJ => hypothetical protein
[17:30:24] Modify product: Uncharacterized protein YjbR => putative protein YjbR
[17:30:24] Modify product: Probable cyclic di-GMP phosphodiesterase PdeC => putative cyclic di-GMP phosphodiesterase PdeC
[17:30:24] Modify product: Uncharacterized ferredoxin-like protein YdhX => putative ferredoxin-like protein YdhX
[17:30:24] Modify product: Probable transcriptional regulator PhnF => putative transcriptional regulator PhnF
[17:30:24] Modify product: Probable quinol monooxygenase YgiN => putative quinol monooxygenase YgiN
[17:30:24] Modify product: Uncharacterized fimbrial-like protein YbgD => putative fimbrial-like protein YbgD
[17:30:24] Modify product: Probable glycerol-3-phosphate acyltransferase => putative glycerol-3-phosphate acyltransferase
[17:30:24] Modify product: Uncharacterized protein YqjD => putative protein YqjD
[17:30:24] Modify product: UPF0597 protein YhaM => hypothetical protein
[17:30:24] Modify product: Probable serine transporter => putative serine transporter
[17:30:24] Modify product: Probable galactarate transporter => putative galactarate transporter
[17:30:24] Modify product: Uncharacterized fimbrial-like protein YraH => putative fimbrial-like protein YraH
[17:30:24] Modify product: Probable fimbrial chaperone YraI => putative fimbrial chaperone YraI
[17:30:24] Modify product: Uncharacterized fimbrial-like protein YraK => putative fimbrial-like protein YraK
[17:30:24] Modify product: UPF0213 protein BH0048 => hypothetical protein
[17:30:24] Modify product: Uncharacterized protease YhbU => putative protease YhbU
[17:30:24] Modify product: Uncharacterized inner membrane transporter YhbE => putative inner membrane transporter YhbE
[17:30:24] Modify product: Uncharacterized protein YrbL => putative protein YrbL
[17:30:24] Modify product: Uncharacterized protein YhcH => putative protein YhcH
[17:30:24] Modify product: Uncharacterized protein YhcO => putative protein YhcO
[17:30:24] Modify product: Probable acrylyl-CoA reductase AcuI => putative acrylyl-CoA reductase AcuI
[17:30:24] Modify product: Uncharacterized membrane protein YhdT => putative membrane protein YhdT
[17:30:24] Modify product: Probable bifunctional chitinase/lysozyme => putative bifunctional chitinase/lysozyme
[17:30:24] Modify product: Protein SlyX homolog => Protein SlyX 
[17:30:24] Modify product: Uncharacterized ABC transporter ATP-binding protein YheS => putative ABC transporter ATP-binding protein YheS
[17:30:24] Modify product: UPF0270 protein PA3463 => hypothetical protein
[17:30:24] Modify product: Probable protein adenylyltransferase Fic => putative protein adenylyltransferase Fic
[17:30:24] Modify product: Uncharacterized protein YhfG => putative protein YhfG
[17:30:24] Modify product: Probable fructoselysine/psicoselysine transporter FrlA => putative fructoselysine/psicoselysine transporter FrlA
[17:30:24] Modify product: Probable fructoselysine utilization operon transcriptional repressor => putative fructoselysine utilization operon transcriptional repressor
[17:30:24] Modify product: Uncharacterized protein YhfS => putative protein YhfS
[17:30:24] Modify product: Uncharacterized protein YhfX => putative protein YhfX
[17:30:24] Modify product: Putative membrane protein IgaA homolog => Putative membrane protein IgaA 
[17:30:24] Modify product: Probable [Fe-S]-dependent transcriptional repressor FeoC => putative [Fe-S]-dependent transcriptional repressor FeoC
[17:30:24] Modify product: UPF0056 inner membrane protein YhgN => hypothetical protein
[17:30:24] Modify product: Uncharacterized oxidoreductase YhhX => putative oxidoreductase YhhX
[17:30:24] Modify product: Uncharacterized protein YhhA => putative protein YhhA
[17:30:24] Modify product: Uncharacterized MFS-type transporter YhhS => putative MFS-type transporter YhhS
[17:30:24] Modify product: Uncharacterized protein HI_0933 => putative protein
[17:30:24] Modify product: Probable cyclic di-GMP phosphodiesterase PdeK => putative cyclic di-GMP phosphodiesterase PdeK
[17:30:24] Modify product: Uncharacterized MFS-type transporter YhjX => putative MFS-type transporter YhjX
[17:30:24] Modify product: Probable lipoprotein YiaD => putative lipoprotein YiaD
[17:30:24] Modify product: Uncharacterized protein YhcH => putative protein YhcH
[17:30:24] Modify product: Uncharacterized protein YjdJ => putative protein YjdJ
[17:30:24] Modify product: Probable cadaverine/lysine antiporter => putative cadaverine/lysine antiporter
[17:30:24] Modify product: UPF0716 protein FxsA => hypothetical protein
[17:30:24] Modify product: UPF0719 inner membrane protein YjfL => hypothetical protein
[17:30:24] Modify product: Probable L-ascorbate-6-phosphate lactonase UlaG => putative L-ascorbate-6-phosphate lactonase UlaG
[17:30:24] Modify product: Uncharacterized protein YtfJ => putative protein YtfJ
[17:30:24] Modify product: UPF0053 inner membrane protein YtfL => hypothetical protein
[17:30:24] Modify product: UPF0307 protein YjgA => hypothetical protein
[17:30:24] Modify product: Uncharacterized protein YjgL => putative protein YjgL
[17:30:25] Modify product: Uncharacterized oxidoreductase YjhC => putative oxidoreductase YjhC
[17:30:25] Modify product: Uncharacterized protein YthA => putative protein YthA
[17:30:25] Modify product: Probable RNA polymerase sigma factor FecI => putative RNA polymerase sigma factor FecI
[17:30:25] Modify product: Probable 2-dehydro-3-deoxy-D-pentonate aldolase YjhH => putative 2-dehydro-3-deoxy-D-pentonate aldolase YjhH
[17:30:25] Modify product: Uncharacterized protein YjhP => putative protein YjhP
[17:30:25] Modify product: Probable 9-O-acetyl-N-acetylneuraminic acid deacetylase => putative 9-O-acetyl-N-acetylneuraminic acid deacetylase
[17:30:25] Modify product: Probable N-acetylneuraminic acid outer membrane channel protein NanC => putative N-acetylneuraminic acid outer membrane channel protein NanC
[17:30:25] Modify product: Probable major fimbrial subunit LpfA => putative major fimbrial subunit LpfA
[17:30:25] Modify product: Probable RNA 2'-phosphotransferase => putative RNA 2'-phosphotransferase
[17:30:25] Modify product: Uncharacterized protein YjiK => putative protein YjiK
[17:30:25] Modify product: Probable L-galactonate transporter => putative L-galactonate transporter
[17:30:25] Modify product: Probable HTH-type transcriptional regulator LgoR => putative HTH-type transcriptional regulator LgoR
[17:30:25] Modify product: UPF0442 protein YjjB => hypothetical protein
[17:30:25] Modify product: Uncharacterized metal-dependent hydrolase YjjV => putative metal-dependent hydrolase YjjV
[17:30:25] Modify product: Uncharacterized protein YjjI => putative protein YjjI
[17:30:25] Modify product: Probable inner membrane protein Smp => putative inner membrane protein Smp
[17:30:25] Cleaned 375 /product names
[17:30:25] Deleting unwanted file: /mnt/c/Users/migue/OneDrive/Ambiente de Trabalho/Prokka_GCF_000005845/Prokka_GCF_000005845.sprot.tmp.5632.faa
[17:30:25] Deleting unwanted file: /mnt/c/Users/migue/OneDrive/Ambiente de Trabalho/Prokka_GCF_000005845/Prokka_GCF_000005845.sprot.tmp.5632.blast
[17:30:25] There are still 736 unannotated CDS left (started with 4305)
[17:30:25] Will use hmmer3 to search against /home/miguelbalexandre/miniconda3/envs/prokka_env/db/hmm/HAMAP.hmm with 8 CPUs
[17:30:25] Running: cat \/mnt\/c\/Users\/migue\/OneDrive\/Ambiente\ de\ Trabalho\/Prokka_GCF_000005845\/Prokka_GCF_000005845\.HAMAP\.hmm\.tmp\.5632\.faa | parallel --gnu --plain -j 8 --block 11331 --recstart '>' --pipe hmmscan --noali --notextw --acc -E 1e-09 --cpu 1 /home/miguelbalexandre/miniconda3/envs/prokka_env/db/hmm/HAMAP.hmm /dev/stdin > \/mnt\/c\/Users\/migue\/OneDrive\/Ambiente\ de\ Trabalho\/Prokka_GCF_000005845\/Prokka_GCF_000005845\.HAMAP\.hmm\.tmp\.5632\.hmmer3 2> /dev/null
[17:30:30] Modify product: Uncharacterized Nudix hydrolase NudL => putative Nudix hydrolase NudL
[17:30:30] Cleaned 1 /product names
[17:30:30] Deleting unwanted file: /mnt/c/Users/migue/OneDrive/Ambiente de Trabalho/Prokka_GCF_000005845/Prokka_GCF_000005845.HAMAP.hmm.tmp.5632.faa
[17:30:30] Deleting unwanted file: /mnt/c/Users/migue/OneDrive/Ambiente de Trabalho/Prokka_GCF_000005845/Prokka_GCF_000005845.HAMAP.hmm.tmp.5632.hmmer3
[17:30:30] Labelling remaining 670 proteins as 'hypothetical protein'
[17:30:30] Possible /pseudo 'IS1 family transposase IS1A' at NC_000913.3 position 20233
[17:30:30] Possible /pseudo 'IS1 family transposase IS1A' at NC_000913.3 position 258345
[17:30:30] Possible /pseudo 'Deaminated glutathione amidase' at NC_000913.3 position 658255
[17:30:30] Possible /pseudo 'ISAs1 family transposase ISEc1' at NC_000913.3 position 736918
[17:30:30] Possible /pseudo 'IS1 family transposase IS1D' at NC_000913.3 position 1050153
[17:30:30] Possible /pseudo 'Ferrous iron permease EfeU' at NC_000913.3 position 1081466
[17:30:30] Possible /pseudo 'Small toxic polypeptide LdrA' at NC_000913.3 position 1269703
[17:30:30] Possible /pseudo 'Small toxic polypeptide LdrA' at NC_000913.3 position 1270238
[17:30:30] Possible /pseudo 'Formate dehydrogenase, nitrate-inducible, major subunit' at NC_000913.3 position 1548037
[17:30:30] Possible /pseudo 'IS1 family transposase IS1A' at NC_000913.3 position 1978940
[17:30:30] Possible /pseudo 'PTS system galactitol-specific EIIC component' at NC_000913.3 position 2173343
[17:30:30] Possible /pseudo 'Outer membrane usher protein PapC' at NC_000913.3 position 2453265
[17:30:30] Possible /pseudo 'Arsenical pump membrane protein' at NC_000913.3 position 2772836
[17:30:30] Possible /pseudo 'putative transporter' at NC_000913.3 position 2808576
[17:30:30] Possible /pseudo 'IS1 family transposase IS1A' at NC_000913.3 position 3583803
[17:30:30] Possible /pseudo '6-phospho-alpha-glucosidase' at NC_000913.3 position 3861349
[17:30:30] Possible /pseudo 'Acetolactate synthase isozyme 2 large subunit' at NC_000913.3 position 3951668
[17:30:30] Possible /pseudo 'Putative 2,3-dihydroxypropane-1-sulfonate exporter' at NC_000913.3 position 4065809
[17:30:30] Possible /pseudo 'Formate dehydrogenase-O major subunit' at NC_000913.3 position 4085235
[17:30:30] Possible /pseudo 'Formate dehydrogenase H' at NC_000913.3 position 4298947
[17:30:30] Possible /pseudo 'ISKra4 family transposase ISCep1' at NC_000913.3 position 4542037
[17:30:30] Found 3222 unique /gene codes.
[17:30:30] Fixed 2 duplicate /gene - ygcS_1 ygcS_2
[17:30:30] Fixed 2 duplicate /gene - ompN_1 ompN_2
[17:30:30] Fixed 2 duplicate /gene - aspT_1 aspT_2
[17:30:30] Fixed 2 duplicate /gene - yihP_1 yihP_2
[17:30:30] Fixed 2 duplicate /gene - caiA_1 caiA_2
[17:30:30] Fixed 2 duplicate /gene - nlpD_1 nlpD_2
[17:30:30] Fixed 2 duplicate /gene - srmB_1 srmB_2
[17:30:30] Fixed 2 duplicate /gene - yahB_1 yahB_2
[17:30:30] Fixed 2 duplicate /gene - xdhA_1 xdhA_2
[17:30:30] Fixed 2 duplicate /gene - pdhR_1 pdhR_2
[17:30:30] Fixed 2 duplicate /gene - rbsC_1 rbsC_2
[17:30:30] Fixed 2 duplicate /gene - fimF_1 fimF_2
[17:30:30] Fixed 2 duplicate /gene - fruA_1 fruA_2
[17:30:30] Fixed 3 duplicate /gene - ldrA_1 ldrA_2 ldrA_3
[17:30:30] Fixed 2 duplicate /gene - trmH_1 trmH_2
[17:30:30] Fixed 2 duplicate /gene - yhcH_1 yhcH_2
[17:30:30] Fixed 2 duplicate /gene - pitA_1 pitA_2
[17:30:30] Fixed 2 duplicate /gene - deoB_1 deoB_2
[17:30:30] Fixed 2 duplicate /gene - artM_1 artM_2
[17:30:30] Fixed 2 duplicate /gene - melR_1 melR_2
[17:30:30] Fixed 4 duplicate /gene - papC_1 papC_2 papC_3 papC_4
[17:30:30] Fixed 2 duplicate /gene - kdgK_1 kdgK_2
[17:30:30] Fixed 2 duplicate /gene - ydjE_1 ydjE_2
[17:30:30] Fixed 2 duplicate /gene - dadA_1 dadA_2
[17:30:30] Fixed 3 duplicate /gene - rhsC_1 rhsC_2 rhsC_3
[17:30:30] Fixed 2 duplicate /gene - purR_1 purR_2
[17:30:30] Fixed 2 duplicate /gene - fixA_1 fixA_2
[17:30:30] Fixed 2 duplicate /gene - argE_1 argE_2
[17:30:30] Fixed 2 duplicate /gene - mepS_1 mepS_2
[17:30:30] Fixed 2 duplicate /gene - dmsB_1 dmsB_2
[17:30:30] Fixed 2 duplicate /gene - yiaW_1 yiaW_2
[17:30:30] Fixed 2 duplicate /gene - ysdC_1 ysdC_2
[17:30:30] Fixed 2 duplicate /gene - leuC_1 leuC_2
[17:30:30] Fixed 3 duplicate /gene - fixB_1 fixB_2 fixB_3
[17:30:30] Fixed 2 duplicate /gene - gadX_1 gadX_2
[17:30:30] Fixed 5 duplicate /gene - rhaR_1 rhaR_2 rhaR_3 rhaR_4 rhaR_5
[17:30:30] Fixed 3 duplicate /gene - gatC_1 gatC_2 gatC_3
[17:30:30] Fixed 2 duplicate /gene - ulaE_1 ulaE_2
[17:30:30] Fixed 2 duplicate /gene - bioD1_1 bioD1_2
[17:30:30] Fixed 3 duplicate /gene - cynR_1 cynR_2 cynR_3
[17:30:30] Fixed 2 duplicate /gene - acrR_1 acrR_2
[17:30:30] Fixed 2 duplicate /gene - rrrD_1 rrrD_2
[17:30:30] Fixed 5 duplicate /gene - hyfA_1 hyfA_2 hyfA_3 hyfA_4 hyfA_5
[17:30:30] Fixed 2 duplicate /gene - azoR_1 azoR_2
[17:30:30] Fixed 2 duplicate /gene - cspG_1 cspG_2
[17:30:30] Fixed 2 duplicate /gene - kdgR_1 kdgR_2
[17:30:30] Fixed 3 duplicate /gene - bhsA_1 bhsA_2 bhsA_3
[17:30:30] Fixed 2 duplicate /gene - papD_1 papD_2
[17:30:30] Fixed 2 duplicate /gene - ubiJ_1 ubiJ_2
[17:30:30] Fixed 2 duplicate /gene - prfB_1 prfB_2
[17:30:30] Fixed 2 duplicate /gene - gltC_1 gltC_2
[17:30:30] Fixed 2 duplicate /gene - tsaR_1 tsaR_2
[17:30:30] Fixed 2 duplicate /gene - fimG_1 fimG_2
[17:30:30] Fixed 2 duplicate /gene - rhsD_1 rhsD_2
[17:30:30] Fixed 3 duplicate /gene - btuD_1 btuD_2 btuD_3
[17:30:30] Fixed 2 duplicate /gene - ybeM_1 ybeM_2
[17:30:30] Fixed 2 duplicate /gene - por_1 por_2
[17:30:30] Fixed 2 duplicate /gene - proA_1 proA_2
[17:30:30] Fixed 2 duplicate /gene - lpxD_1 lpxD_2
[17:30:30] Fixed 5 duplicate /gene - srlR_1 srlR_2 srlR_3 srlR_4 srlR_5
[17:30:30] Fixed 2 duplicate /gene - murR_1 murR_2
[17:30:30] Fixed 2 duplicate /gene - fdoG_1 fdoG_2
[17:30:30] Fixed 5 duplicate /gene - rhaS_1 rhaS_2 rhaS_3 rhaS_4 rhaS_5
[17:30:30] Fixed 2 duplicate /gene - aglB_1 aglB_2
[17:30:30] Fixed 2 duplicate /gene - intA_1 intA_2
[17:30:30] Fixed 2 duplicate /gene - chuR_1 chuR_2
[17:30:30] Fixed 2 duplicate /gene - opgE_1 opgE_2
[17:30:30] Fixed 2 duplicate /gene - ydgA_1 ydgA_2
[17:30:30] Fixed 2 duplicate /gene - lapB_1 lapB_2
[17:30:30] Fixed 2 duplicate /gene - nanR_1 nanR_2
[17:30:30] Fixed 2 duplicate /gene - ndhI_1 ndhI_2
[17:30:30] Fixed 2 duplicate /gene - icsA_1 icsA_2
[17:30:30] Fixed 2 duplicate /gene - yfjZ_1 yfjZ_2
[17:30:30] Fixed 2 duplicate /gene - msbA_1 msbA_2
[17:30:30] Fixed 2 duplicate /gene - fimH_1 fimH_2
[17:30:30] Fixed 2 duplicate /gene - nohA_1 nohA_2
[17:30:30] Fixed 2 duplicate /gene - lolD_1 lolD_2
[17:30:30] Fixed 2 duplicate /gene - lldR_1 lldR_2
[17:30:30] Fixed 3 duplicate /gene - era_1 era_2 era_3
[17:30:30] Fixed 3 duplicate /gene - arnC_1 arnC_2 arnC_3
[17:30:30] Fixed 2 duplicate /gene - topA_1 topA_2
[17:30:30] Fixed 2 duplicate /gene - hdfR_1 hdfR_2
[17:30:30] Fixed 2 duplicate /gene - mglA_1 mglA_2
[17:30:30] Fixed 2 duplicate /gene - cutC_1 cutC_2
[17:30:30] Fixed 2 duplicate /gene - nuoL_1 nuoL_2
[17:30:30] Fixed 2 duplicate /gene - cysE_1 cysE_2
[17:30:30] Fixed 2 duplicate /gene - ydjF_1 ydjF_2
[17:30:30] Fixed 2 duplicate /gene - lexA_1 lexA_2
[17:30:30] Fixed 2 duplicate /gene - kefC_1 kefC_2
[17:30:30] Fixed 2 duplicate /gene - ssuC_1 ssuC_2
[17:30:30] Fixed 2 duplicate /gene - icd_1 icd_2
[17:30:30] Fixed 2 duplicate /gene - mdh_1 mdh_2
[17:30:30] Fixed 2 duplicate /gene - tdh_1 tdh_2
[17:30:30] Fixed 2 duplicate /gene - rbsA_1 rbsA_2
[17:30:30] Fixed 2 duplicate /gene - fdhF_1 fdhF_2
[17:30:30] Fixed 2 duplicate /gene - ilvG_1 ilvG_2
[17:30:30] Fixed 2 duplicate /gene - ftsA_1 ftsA_2
[17:30:30] Fixed 2 duplicate /gene - cusC_1 cusC_2
[17:30:30] Fixed 2 duplicate /gene - btuB_1 btuB_2
[17:30:30] Fixed 2 duplicate /gene - yraJ_1 yraJ_2
[17:30:30] Fixed 2 duplicate /gene - dcuD_1 dcuD_2
[17:30:30] Fixed 2 duplicate /gene - sgrR_1 sgrR_2
[17:30:30] Fixed 2 duplicate /gene - mlc_1 mlc_2
[17:30:30] Fixed 2 duplicate /gene - mngR_1 mngR_2
[17:30:30] Fixed 2 duplicate /gene - gntK_1 gntK_2
[17:30:30] Fixed 2 duplicate /gene - slp_1 slp_2
[17:30:30] Fixed 3 duplicate /gene - norR_1 norR_2 norR_3
[17:30:30] Fixed 2 duplicate /gene - rlhA_1 rlhA_2
[17:30:30] Fixed 3 duplicate /gene - pncC_1 pncC_2 pncC_3
[17:30:30] Fixed 2 duplicate /gene - arcC2_1 arcC2_2
[17:30:30] Fixed 2 duplicate /gene - bglF_1 bglF_2
[17:30:30] Fixed 2 duplicate /gene - ompC_1 ompC_2
[17:30:30] Fixed 2 duplicate /gene - fdnH_1 fdnH_2
[17:30:30] Fixed 2 duplicate /gene - dapH_1 dapH_2
[17:30:30] Fixed 2 duplicate /gene - dnaK_1 dnaK_2
[17:30:30] Fixed 3 duplicate /gene - potA_1 potA_2 potA_3
[17:30:30] Fixed 2 duplicate /gene - osmY_1 osmY_2
[17:30:30] Fixed 2 duplicate /gene - caiT_1 caiT_2
[17:30:30] Fixed 2 duplicate /gene - ccmF_1 ccmF_2
[17:30:30] Fixed 2 duplicate /gene - gfcB_1 gfcB_2
[17:30:30] Fixed 2 duplicate /gene - hokC_1 hokC_2
[17:30:30] Fixed 3 duplicate /gene - fixX_1 fixX_2 fixX_3
[17:30:30] Fixed 2 duplicate /gene - xerD_1 xerD_2
[17:30:30] Fixed 2 duplicate /gene - gatB_1 gatB_2
[17:30:30] Fixed 2 duplicate /gene - fryA_1 fryA_2
[17:30:30] Fixed 2 duplicate /gene - lptB_1 lptB_2
[17:30:30] Fixed 2 duplicate /gene - flhA_1 flhA_2
[17:30:30] Fixed 2 duplicate /gene - ttdT_1 ttdT_2
[17:30:30] Fixed 2 duplicate /gene - agaC_1 agaC_2
[17:30:30] Fixed 2 duplicate /gene - fryB_1 fryB_2
[17:30:30] Fixed 3 duplicate /gene - arsB_1 arsB_2 arsB_3
[17:30:30] Fixed 3 duplicate /gene - malP_1 malP_2 malP_3
[17:30:30] Fixed 2 duplicate /gene - fdnG_1 fdnG_2
[17:30:30] Fixed 2 duplicate /gene - nagB_1 nagB_2
[17:30:30] Fixed 2 duplicate /gene - fimD_1 fimD_2
[17:30:30] Fixed 2 duplicate /gene - yibA_1 yibA_2
[17:30:30] Fixed 2 duplicate /gene - gltF_1 gltF_2
[17:30:30] Fixed 2 duplicate /gene - ygiW_1 ygiW_2
[17:30:30] Fixed 4 duplicate /gene - tfaE_1 tfaE_2 tfaE_3 tfaE_4
[17:30:30] Fixed 2 duplicate /gene - efeU_1 efeU_2
[17:30:30] Fixed 2 duplicate /gene - dmsC_1 dmsC_2
[17:30:30] Fixed 2 duplicate /gene - dnaC_1 dnaC_2
[17:30:30] Fixed 2 duplicate /gene - ydhX_1 ydhX_2
[17:30:30] Fixed 2 duplicate /gene - aaeB_1 aaeB_2
[17:30:30] Fixed 2 duplicate /gene - lon_1 lon_2
[17:30:30] Fixed 2 duplicate /gene - hycG_1 hycG_2
[17:30:30] Fixed 2 duplicate /gene - ugpC_1 ugpC_2
[17:30:30] Fixed 2 duplicate /gene - ybgD_1 ybgD_2
[17:30:30] Fixed 2 duplicate /gene - ompD_1 ompD_2
[17:30:30] Fixed 2 duplicate /gene - yrdA_1 yrdA_2
[17:30:30] Fixed 2 duplicate /gene - aaeA_1 aaeA_2
[17:30:30] Fixed 2 duplicate /gene - ydjZ_1 ydjZ_2
[17:30:30] Fixed 2 duplicate /gene - sbmC_1 sbmC_2
[17:30:30] Fixed 2 duplicate /gene - gntR_1 gntR_2
[17:30:30] Fixed 2 duplicate /gene - intS_1 intS_2
[17:30:30] Fixed 2 duplicate /gene - oxyR_1 oxyR_2
[17:30:30] Fixed 2 duplicate /gene - manP_1 manP_2
[17:30:30] Fixed 2 duplicate /gene - intQ_1 intQ_2
[17:30:30] Fixed 2 duplicate /gene - ftnA_1 ftnA_2
[17:30:30] Fixed 2 duplicate /gene - psuK_1 psuK_2
[17:30:30] Fixed 2 duplicate /gene - gstB_1 gstB_2
[17:30:30] Fixed 2 duplicate /gene - gnsA_1 gnsA_2
[17:30:30] Fixed 2 duplicate /gene - ccmH_1 ccmH_2
[17:30:30] Fixed 2 duplicate /gene - ybdO_1 ybdO_2
[17:30:30] Fixed 2 duplicate /gene - acrB_1 acrB_2
[17:30:30] Fixed 2 duplicate /gene - ndhB_1 ndhB_2
[17:30:30] Fixed 2 duplicate /gene - coaA_1 coaA_2
[17:30:30] Fixed 2 duplicate /gene - pal_1 pal_2
[17:30:30] Fixed 2 duplicate /gene - yhaJ_1 yhaJ_2
[17:30:30] Fixed 2 duplicate /gene - mtlA_1 mtlA_2
[17:30:30] Fixed 2 duplicate /gene - bglH_1 bglH_2
[17:30:30] Fixed 3 duplicate /gene - glnQ_1 glnQ_2 glnQ_3
[17:30:30] Fixed 2 duplicate /gene - idnT_1 idnT_2
[17:30:30] Fixed 2 duplicate /gene - pgrR_1 pgrR_2
[17:30:30] Fixed 3 duplicate /gene - ydcV_1 ydcV_2 ydcV_3
[17:30:30] Fixed 2 duplicate /gene - acs_1 acs_2
[17:30:30] Fixed 2 duplicate /gene - rpe_1 rpe_2
[17:30:30] Fixed 5 duplicate /gene - dmlR_1 dmlR_2 dmlR_3 dmlR_4 dmlR_5
[17:30:30] Fixed 2 duplicate /gene - klcA_1 klcA_2
[17:30:30] Fixed 2 duplicate /gene - narL_1 narL_2
[17:30:30] Fixed 2 duplicate /gene - manZ_1 manZ_2
[17:30:30] Fixed 2 duplicate /gene - rhtC_1 rhtC_2
[17:30:30] Fixed 2 duplicate /gene - lsrK_1 lsrK_2
[17:30:30] Fixed 2 duplicate /gene - ygdR_1 ygdR_2
[17:30:30] Fixed 3 duplicate /gene - ydfO_1 ydfO_2 ydfO_3
[17:30:30] Fixed 3 duplicate /gene - hcaR_1 hcaR_2 hcaR_3
[17:30:30] Fixed 2 duplicate /gene - yhhT_1 yhhT_2
[17:30:30] Fixed 2 duplicate /gene - mipA_1 mipA_2
[17:30:30] Fixed 2 duplicate /gene - sapB_1 sapB_2
[17:30:30] Fixed 2 duplicate /gene - wbbL_1 wbbL_2
[17:30:30] Fixed 2 duplicate /gene - tmk_1 tmk_2
[17:30:30] Fixed 2 duplicate /gene - fdrA_1 fdrA_2
[17:30:30] Fixed 2 duplicate /gene - prs_1 prs_2
[17:30:30] Fixed 2 duplicate /gene - pspB_1 pspB_2
[17:30:30] Fixed 2 duplicate /gene - deoR_1 deoR_2
[17:30:30] Fixed 2 duplicate /gene - lutA_1 lutA_2
[17:30:30] Fixed 2 duplicate /gene - xerC_1 xerC_2
[17:30:30] Fixed 2 duplicate /gene - kduD_1 kduD_2
[17:30:30] Fixed 198 colliding /gene names.
[17:30:30] Adding /locus_tag identifiers
[17:30:30] Assigned 4416 locus_tags to CDS and RNA features.
[17:30:30] Writing outputs to /mnt/c/Users/migue/OneDrive/Ambiente de Trabalho/Prokka_GCF_000005845/
[17:30:38] Generating annotation statistics file
[17:30:38] Generating Genbank and Sequin files
[17:30:38] Running: tbl2asn -V b -a r10k -l paired-ends -M n -N 1 -y 'Annotated using prokka 1.14.6 from https://github.com/tseemann/prokka' -Z \/mnt\/c\/Users\/migue\/OneDrive\/Ambiente\ de\ Trabalho\/Prokka_GCF_000005845\/Prokka_GCF_000005845\.err -i \/mnt\/c\/Users\/migue\/OneDrive\/Ambiente\ de\ Trabalho\/Prokka_GCF_000005845\/Prokka_GCF_000005845\.fsa 2> /dev/null
[17:30:44] Deleting unwanted file: /mnt/c/Users/migue/OneDrive/Ambiente de Trabalho/Prokka_GCF_000005845/errorsummary.val
[17:30:44] Deleting unwanted file: /mnt/c/Users/migue/OneDrive/Ambiente de Trabalho/Prokka_GCF_000005845/Prokka_GCF_000005845.dr
[17:30:44] Deleting unwanted file: /mnt/c/Users/migue/OneDrive/Ambiente de Trabalho/Prokka_GCF_000005845/Prokka_GCF_000005845.fixedproducts
[17:30:44] Deleting unwanted file: /mnt/c/Users/migue/OneDrive/Ambiente de Trabalho/Prokka_GCF_000005845/Prokka_GCF_000005845.ecn
[17:30:44] Deleting unwanted file: /mnt/c/Users/migue/OneDrive/Ambiente de Trabalho/Prokka_GCF_000005845/Prokka_GCF_000005845.val
[17:30:44] Repairing broken .GBK output that tbl2asn produces...
[17:30:44] Running: sed 's/COORDINATES: profile/COORDINATES:profile/' < \/mnt\/c\/Users\/migue\/OneDrive\/Ambiente\ de\ Trabalho\/Prokka_GCF_000005845\/Prokka_GCF_000005845\.gbf > \/mnt\/c\/Users\/migue\/OneDrive\/Ambiente\ de\ Trabalho\/Prokka_GCF_000005845\/Prokka_GCF_000005845\.gbk
[17:30:45] Deleting unwanted file: /mnt/c/Users/migue/OneDrive/Ambiente de Trabalho/Prokka_GCF_000005845/Prokka_GCF_000005845.gbf
[17:30:45] Output files:
[17:30:45] /mnt/c/Users/migue/OneDrive/Ambiente de Trabalho/Prokka_GCF_000005845/Prokka_GCF_000005845.err
[17:30:45] /mnt/c/Users/migue/OneDrive/Ambiente de Trabalho/Prokka_GCF_000005845/Prokka_GCF_000005845.faa
[17:30:45] /mnt/c/Users/migue/OneDrive/Ambiente de Trabalho/Prokka_GCF_000005845/Prokka_GCF_000005845.ffn
[17:30:45] /mnt/c/Users/migue/OneDrive/Ambiente de Trabalho/Prokka_GCF_000005845/Prokka_GCF_000005845.fna
[17:30:45] /mnt/c/Users/migue/OneDrive/Ambiente de Trabalho/Prokka_GCF_000005845/Prokka_GCF_000005845.fsa
[17:30:45] /mnt/c/Users/migue/OneDrive/Ambiente de Trabalho/Prokka_GCF_000005845/Prokka_GCF_000005845.gbk
[17:30:45] /mnt/c/Users/migue/OneDrive/Ambiente de Trabalho/Prokka_GCF_000005845/Prokka_GCF_000005845.gff
[17:30:45] /mnt/c/Users/migue/OneDrive/Ambiente de Trabalho/Prokka_GCF_000005845/Prokka_GCF_000005845.log
[17:30:45] /mnt/c/Users/migue/OneDrive/Ambiente de Trabalho/Prokka_GCF_000005845/Prokka_GCF_000005845.sqn
[17:30:45] /mnt/c/Users/migue/OneDrive/Ambiente de Trabalho/Prokka_GCF_000005845/Prokka_GCF_000005845.tbl
[17:30:45] /mnt/c/Users/migue/OneDrive/Ambiente de Trabalho/Prokka_GCF_000005845/Prokka_GCF_000005845.tsv
[17:30:45] /mnt/c/Users/migue/OneDrive/Ambiente de Trabalho/Prokka_GCF_000005845/Prokka_GCF_000005845.txt
[17:30:45] Annotation finished successfully.
[17:30:45] Walltime used: 1.53 minutes
[17:30:45] If you use this result please cite the Prokka paper:
[17:30:45] Seemann T (2014) Prokka: rapid prokaryotic genome annotation. Bioinformatics. 30(14):2068-9.
[17:30:45] Type 'prokka --citation' for more details.
[17:30:45] Thank you, come again.
