[19:59:34] This is prokka 1.14.6
[19:59:34] Written by Torsten Seemann <torsten.seemann@gmail.com>
[19:59:34] Homepage is https://github.com/tseemann/prokka
[19:59:34] Local time is Sun Jan  5 19:59:34 2025
[19:59:34] You are miguelbalexandre
[19:59:34] Operating system is linux
[19:59:34] You have BioPerl 1.7.8
[19:59:34] System has 16 cores.
[19:59:34] Will use maximum of 8 cores.
[19:59:34] Annotating as >>> Bacteria <<<
[19:59:34] Generating locus_tag from '/mnt/c/Users/migue/Downloads/Dados_Prokka/GCF_000017985.fasta' contents.
[19:59:34] Setting --locustag FCNMIJMK from MD5 fc762364726082ba3644e0fa0352aa36
[19:59:34] Creating new output folder: /mnt/c/Users/migue/OneDrive/Ambiente de Trabalho/Prokka_GCF_000017985
[19:59:34] Running: mkdir -p \/mnt\/c\/Users\/migue\/OneDrive\/Ambiente\ de\ Trabalho\/Prokka_GCF_000017985
[19:59:34] Using filename prefix: Prokka_GCF_000017985.XXX
[19:59:34] Setting HMMER_NCPU=1
[19:59:34] Writing log to: /mnt/c/Users/migue/OneDrive/Ambiente de Trabalho/Prokka_GCF_000017985/Prokka_GCF_000017985.log
[19:59:34] Command: /home/miguelbalexandre/miniconda3/envs/prokka_env/bin/prokka --outdir /mnt/c/Users/migue/OneDrive/Ambiente de Trabalho/Prokka_GCF_000017985 --prefix Prokka_GCF_000017985 /mnt/c/Users/migue/Downloads/Dados_Prokka/GCF_000017985.fasta
[19:59:34] Appending to PATH: /home/miguelbalexandre/miniconda3/envs/prokka_env/bin
[19:59:34] Looking for 'aragorn' - found /home/miguelbalexandre/miniconda3/envs/prokka_env/bin/aragorn
[19:59:34] Determined aragorn version is 001002 from 'ARAGORN v1.2.41 Dean Laslett'
[19:59:34] Looking for 'barrnap' - found /home/miguelbalexandre/miniconda3/envs/prokka_env/bin/barrnap
[19:59:34] Determined barrnap version is 000009 from 'barrnap 0.9'
[19:59:34] Looking for 'blastp' - found /home/miguelbalexandre/miniconda3/envs/prokka_env/bin/blastp
[19:59:34] Determined blastp version is 002016 from 'blastp: 2.16.0+'
[19:59:34] Looking for 'cmpress' - found /home/miguelbalexandre/miniconda3/envs/prokka_env/bin/cmpress
[19:59:34] Determined cmpress version is 001001 from '# INFERNAL 1.1.5 (Sep 2023)'
[19:59:34] Looking for 'cmscan' - found /home/miguelbalexandre/miniconda3/envs/prokka_env/bin/cmscan
[19:59:34] Determined cmscan version is 001001 from '# INFERNAL 1.1.5 (Sep 2023)'
[19:59:34] Looking for 'egrep' - found /usr/bin/egrep
[19:59:34] Looking for 'find' - found /usr/bin/find
[19:59:34] Looking for 'grep' - found /usr/bin/grep
[19:59:34] Looking for 'hmmpress' - found /home/miguelbalexandre/miniconda3/envs/prokka_env/bin/hmmpress
[19:59:34] Determined hmmpress version is 003004 from '# HMMER 3.4 (Aug 2023); http://hmmer.org/'
[19:59:34] Looking for 'hmmscan' - found /home/miguelbalexandre/miniconda3/envs/prokka_env/bin/hmmscan
[19:59:34] Determined hmmscan version is 003004 from '# HMMER 3.4 (Aug 2023); http://hmmer.org/'
[19:59:34] Looking for 'java' - found /home/miguelbalexandre/miniconda3/envs/prokka_env/bin/java
[19:59:34] Looking for 'makeblastdb' - found /home/miguelbalexandre/miniconda3/envs/prokka_env/bin/makeblastdb
[19:59:34] Determined makeblastdb version is 002016 from 'makeblastdb: 2.16.0+'
[19:59:34] Looking for 'minced' - found /home/miguelbalexandre/miniconda3/envs/prokka_env/bin/minced
[19:59:34] Determined minced version is 004002 from 'minced 0.4.2'
[19:59:34] Looking for 'parallel' - found /home/miguelbalexandre/miniconda3/envs/prokka_env/bin/parallel
[19:59:34] Determined parallel version is 20241122 from 'GNU parallel 20241122'
[19:59:34] Looking for 'prodigal' - found /home/miguelbalexandre/miniconda3/envs/prokka_env/bin/prodigal
[19:59:34] Determined prodigal version is 002006 from 'Prodigal V2.6.3: February, 2016'
[19:59:34] Looking for 'prokka-genbank_to_fasta_db' - found /home/miguelbalexandre/miniconda3/envs/prokka_env/bin/prokka-genbank_to_fasta_db
[19:59:34] Looking for 'sed' - found /usr/bin/sed
[19:59:34] Looking for 'tbl2asn' - found /home/miguelbalexandre/miniconda3/envs/prokka_env/bin/tbl2asn
[19:59:34] Determined tbl2asn version is 025007 from 'tbl2asn 25.7   arguments:'
[19:59:34] Using genetic code table 11.
[19:59:34] Loading and checking input file: /mnt/c/Users/migue/Downloads/Dados_Prokka/GCF_000017985.fasta
[19:59:35] Wrote 1 contigs totalling 4629812 bp.
[19:59:35] Predicting tRNAs and tmRNAs
[19:59:35] Running: aragorn -l -gc11  -w \/mnt\/c\/Users\/migue\/OneDrive\/Ambiente\ de\ Trabalho\/Prokka_GCF_000017985\/Prokka_GCF_000017985\.fna
[19:59:36] 1 tRNA-Ile [228219,228295] 35 (gat)
[19:59:36] 2 tRNA-Ala [228338,228413] 34 (tgc)
[19:59:36] 3 tRNA-Asp [231852,231928] 35 (gtc)
[19:59:36] 4 tRNA-Asp [239855,239931] 35 (gtc)
[19:59:36] 5 tRNA-Thr [267363,267438] 34 (cgt)
[19:59:36] 6 tRNA-Ser [317984,318064] 38 (gga)
[19:59:36] 7 tRNA-Arg [536837,536913] 35 (tct)
[19:59:36] 8 tRNA-Gln c[678525,678599] 33 (ctg)
[19:59:36] 9 tRNA-Gln c[678637,678711] 33 (ctg)
[19:59:36] 10 tRNA-Met c[678759,678835] 35 (cat)
[19:59:36] 11 tRNA-Gln c[678851,678925] 33 (ttg)
[19:59:36] 12 tRNA-Gln c[678960,679034] 33 (ttg)
[19:59:36] 13 tRNA-Leu c[679058,679142] 35 (tag)
[19:59:36] 14 tRNA-Met c[679151,679227] 35 (cat)
[19:59:36] 15 tRNA-Lys [761436,761511] 34 (ttt)
[19:59:36] 16 tRNA-Val [761647,761722] 34 (tac)
[19:59:36] 17 tRNA-Lys [761725,761800] 34 (ttt)
[19:59:36] 18 tRNA-Val [761852,761927] 34 (tac)
[19:59:36] 19 tRNA-Lys [761931,762006] 34 (ttt)
[19:59:36] 20 tRNA-Lys [762153,762228] 34 (ttt)
[19:59:36] 21 tRNA-Lys [762361,762436] 34 (ttt)
[19:59:36] 22 tRNA-Ser c[942943,943030] 35 (gga)
[19:59:36] 23 tRNA-Ser c[1048716,1048803] 35 (tga)
[19:59:36] 24 tRNA-Ser c[1112133,1112220] 35 (gga)
[19:59:36] 25 tRNA-Tyr c[1287038,1287122] 35 (gta)
[19:59:36] 26 tRNA-Tyr c[1287332,1287416] 35 (gta)
[19:59:36] 27 tRNA-Val [1723702,1723778] 35 (gac)
[19:59:36] 28 tRNA-Val [1723783,1723859] 35 (gac)
[19:59:36] 29 tRNA-Leu c[1969809,1969895] 35 (taa)
[19:59:36] 30 tRNA-Cys c[1969908,1969981] 33 (gca)
[19:59:36] 31 tRNA-Gly c[1970035,1970110] 34 (gcc)
[19:59:36] 32 tRNA-Ser c[1981467,1981556] 35 (cga)
[19:59:36] 33 tRNA-Asn [1982548,1982623] 34 (gtt)
[19:59:36] 34 tRNA-Asn c[1996027,1996102] 34 (gtt)
[19:59:36] 35 tRNA-Asn [1997851,1997926] 34 (gtt)
[19:59:36] 36 tRNA-Asn [2000260,2000335] 34 (gtt)
[19:59:36] 37 tRNA-Pro [2237399,2237475] 35 (ggg)
[19:59:36] 38 tRNA-Arg [2410751,2410825] 34 (cct)
[19:59:36] 39 tRNA-Ala c[2450917,2450992] 34 (ggc)
[19:59:36] 40 tRNA-Ala c[2451032,2451107] 34 (ggc)
[19:59:36] 41 tRNA-Val [2453807,2453882] 34 (tac)
[19:59:36] 42 tRNA-Val [2453927,2454002] 34 (tac)
[19:59:36] 43 tRNA-Val [2454049,2454124] 34 (tac)
[19:59:36] 44 tRNA-Lys [2454129,2454204] 34 (ttt)
[19:59:36] 45 tRNA-Glu c[2650862,2650937] 35 (ttc)
[19:59:36] 46 tmRNA [2676888,2677250] 90,125 ANDENYALAA**
[19:59:36] 47 tRNA-Arg c[2712643,2712719] 35 (acg)
[19:59:36] 48 tRNA-Arg c[2712918,2712994] 35 (acg)
[19:59:36] 49 tRNA-Arg c[2713057,2713133] 35 (acg)
[19:59:36] 50 tRNA-Arg [2713317,2713388] 34 (tcg)
[19:59:36] 51 tRNA-Arg c[2713332,2713408] 35 (acg)
[19:59:36] 52 tRNA-Ser c[2713412,2713504] 35 (gct)
[19:59:36] 53 tRNA-Met [2842006,2842082] 35 (cat)
[19:59:36] 54 tRNA-Met [2842116,2842192] 35 (cat)
[19:59:36] 55 tRNA-Met [2842226,2842302] 35 (cat)
[19:59:36] 56 tRNA-Gly c[2884739,2884812] 33 (ccc)
[19:59:36] 57 tRNA-Phe [2996021,2996096] 34 (gaa)
[19:59:36] 58 tRNA-Met [3148415,3148490] 34 (cat)
[19:59:36] 59 tRNA-Met c[3253447,3253523] 35 (cat)
[19:59:36] 60 tRNA-Leu c[3257306,3257392] 35 (gag)
[19:59:36] 61 tRNA-Thr c[3351472,3351547] 34 (ggt)
[19:59:36] 62 tRNA-Ala c[3354863,3354938] 34 (tgc)
[19:59:36] 63 tRNA-Ile c[3354981,3355057] 35 (gat)
[19:59:36] 64 tRNA-Pro c[3639074,3639150] 35 (cgg)
[19:59:36] 65 tRNA-SeC [3775264,3775358] 35 (tca)
[19:59:36] 66 tRNA-Glu [3905242,3905317] 35 (ttc)
[19:59:36] 67 tRNA-Asp [3908672,3908748] 35 (gtc)
[19:59:36] 68 tRNA-Trp [3908757,3908832] 34 (cca)
[19:59:36] 69 tRNA-Arg [3944175,3944251] 35 (ccg)
[19:59:36] 70 tRNA-His [3944310,3944385] 34 (gtg)
[19:59:36] 71 tRNA-Leu [3944406,3944492] 35 (cag)
[19:59:36] 72 tRNA-Pro [3944535,3944611] 35 (tgg)
[19:59:36] 73 tRNA-Ile [4015514,4015590] 35 (gat)
[19:59:36] 74 tRNA-Ala [4015633,4015708] 34 (tgc)
[19:59:36] 75 tRNA-Glu [4148147,4148222] 35 (ttc)
[19:59:36] 76 tRNA-Thr [4154999,4155074] 34 (tgt)
[19:59:36] 77 tRNA-Tyr [4155083,4155167] 35 (gta)
[19:59:36] 78 tRNA-Gly [4155284,4155358] 34 (tcc)
[19:59:36] 79 tRNA-Thr [4155365,4155440] 34 (ggt)
[19:59:36] 80 tRNA-Glu [4189361,4189436] 35 (ttc)
[19:59:36] 81 tRNA-Phe c[4341272,4341347] 34 (gaa)
[19:59:36] 82 tRNA-Gly [4370515,4370590] 34 (gcc)
[19:59:36] 83 tRNA-Gly [4370627,4370702] 34 (gcc)
[19:59:36] 84 tRNA-Gly [4370738,4370813] 34 (gcc)
[19:59:36] 85 tRNA-Leu [4479633,4479717] 35 (caa)
[19:59:36] 86 tRNA-Leu c[4595313,4595399] 35 (cag)
[19:59:36] 87 tRNA-Leu c[4595434,4595520] 35 (cag)
[19:59:36] 88 tRNA-Leu c[4595549,4595635] 35 (cag)
[19:59:36] Found 88 tRNAs
[19:59:36] Predicting Ribosomal RNAs
[19:59:36] Running Barrnap with 8 threads
[19:59:38] 1 NC_012967.1 226612 16S ribosomal RNA
[19:59:38] 2 NC_012967.1 228590 23S ribosomal RNA
[19:59:38] 3 NC_012967.1 231684 5S ribosomal RNA
[19:59:38] 4 NC_012967.1 2647565 5S ribosomal RNA
[19:59:38] 5 NC_012967.1 2647773 23S ribosomal RNA
[19:59:38] 6 NC_012967.1 2651024 16S ribosomal RNA
[19:59:38] 7 NC_012967.1 3351320 5S ribosomal RNA
[19:59:38] 8 NC_012967.1 3351565 5S ribosomal RNA
[19:59:38] 9 NC_012967.1 3351773 23S ribosomal RNA
[19:59:38] 10 NC_012967.1 3355127 16S ribosomal RNA
[19:59:38] 11 NC_012967.1 3903618 16S ribosomal RNA
[19:59:38] 12 NC_012967.1 3905504 23S ribosomal RNA
[19:59:38] 13 NC_012967.1 3908504 5S ribosomal RNA
[19:59:38] 14 NC_012967.1 4013907 16S ribosomal RNA
[19:59:38] 15 NC_012967.1 4015894 23S ribosomal RNA
[19:59:38] 16 NC_012967.1 4018986 5S ribosomal RNA
[19:59:38] 17 NC_012967.1 4146523 16S ribosomal RNA
[19:59:38] 18 NC_012967.1 4148418 23S ribosomal RNA
[19:59:38] 19 NC_012967.1 4151420 5S ribosomal RNA
[19:59:38] 20 NC_012967.1 4187737 16S ribosomal RNA
[19:59:38] 21 NC_012967.1 4189623 23S ribosomal RNA
[19:59:38] 22 NC_012967.1 4192717 5S ribosomal RNA
[19:59:38] Found 22 rRNAs
[19:59:38] Skipping ncRNA search, enable with --rfam if desired.
[19:59:38] Total of 109 tRNA + rRNA features
[19:59:38] Searching for CRISPR repeats
[19:59:39] CRISPR1 NC_012967.1 2772561 with 5 spacers
[19:59:39] CRISPR2 NC_012967.1 2792513 with 14 spacers
[19:59:39] Found 2 CRISPRs
[19:59:39] Predicting coding sequences
[19:59:39] Contigs total 4629812 bp, so using single mode
[19:59:39] Running: prodigal -i \/mnt\/c\/Users\/migue\/OneDrive\/Ambiente\ de\ Trabalho\/Prokka_GCF_000017985\/Prokka_GCF_000017985\.fna -c -m -g 11 -p single -f sco -q
[19:59:44] Excluding CDS which overlaps existing RNA (rRNA) at NC_012967.1:227796..228050 on + strand
[19:59:44] Excluding CDS which overlaps existing RNA (tRNA) at NC_012967.1:942515..943141 on + strand
[19:59:44] Excluding CDS which overlaps existing RNA (tRNA) at NC_012967.1:1111787..1112272 on + strand
[19:59:45] Excluding CDS which overlaps existing RNA (tRNA) at NC_012967.1:1286859..1287425 on + strand
[19:59:46] Excluding CDS which overlaps existing RNA (rRNA) at NC_012967.1:2651123..2651377 on - strand
[19:59:46] Excluding CDS which overlaps existing RNA (tRNA) at NC_012967.1:2712782..2713252 on + strand
[19:59:46] Excluding CDS which overlaps existing RNA (repeat_region) at NC_012967.1:2792509..2793357 on + strand
[19:59:46] Excluding CDS which overlaps existing RNA (tRNA) at NC_012967.1:3351395..3351667 on + strand
[19:59:46] Excluding CDS which overlaps existing RNA (rRNA) at NC_012967.1:3355226..3355480 on - strand
[19:59:47] Excluding CDS which overlaps existing RNA (rRNA) at NC_012967.1:3904802..3905056 on + strand
[19:59:47] Excluding CDS which overlaps existing RNA (rRNA) at NC_012967.1:4015091..4015345 on + strand
[19:59:47] Excluding CDS which overlaps existing RNA (rRNA) at NC_012967.1:4147707..4147961 on + strand
[19:59:47] Excluding CDS which overlaps existing RNA (rRNA) at NC_012967.1:4150152..4150271 on + strand
[19:59:47] Excluding CDS which overlaps existing RNA (rRNA) at NC_012967.1:4188921..4189175 on + strand
[19:59:47] Excluding CDS which overlaps existing RNA (rRNA) at NC_012967.1:4192563..4193138 on - strand
[19:59:47] Found 4306 CDS
[19:59:47] Connecting features back to sequences
[19:59:47] Not using genus-specific database. Try --usegenus to enable it.
[19:59:47] Annotating CDS, please be patient.
[19:59:47] Will use 8 CPUs for similarity searching.
[19:59:50] There are still 4306 unannotated CDS left (started with 4306)
[19:59:50] Will use blast to search against /home/miguelbalexandre/miniconda3/envs/prokka_env/db/kingdom/Bacteria/IS with 8 CPUs
[19:59:50] Running: cat \/mnt\/c\/Users\/migue\/OneDrive\/Ambiente\ de\ Trabalho\/Prokka_GCF_000017985\/Prokka_GCF_000017985\.IS\.tmp\.27506\.faa | parallel --gnu --plain -j 8 --block 86189 --recstart '>' --pipe blastp -query - -db /home/miguelbalexandre/miniconda3/envs/prokka_env/db/kingdom/Bacteria/IS -evalue 1e-30 -qcov_hsp_perc 90 -num_threads 1 -num_descriptions 1 -num_alignments 1 -seg no > \/mnt\/c\/Users\/migue\/OneDrive\/Ambiente\ de\ Trabalho\/Prokka_GCF_000017985\/Prokka_GCF_000017985\.IS\.tmp\.27506\.blast 2> /dev/null
[20:00:03] Deleting unwanted file: /mnt/c/Users/migue/OneDrive/Ambiente de Trabalho/Prokka_GCF_000017985/Prokka_GCF_000017985.IS.tmp.27506.faa
[20:00:03] Deleting unwanted file: /mnt/c/Users/migue/OneDrive/Ambiente de Trabalho/Prokka_GCF_000017985/Prokka_GCF_000017985.IS.tmp.27506.blast
[20:00:06] There are still 4199 unannotated CDS left (started with 4306)
[20:00:06] Will use blast to search against /home/miguelbalexandre/miniconda3/envs/prokka_env/db/kingdom/Bacteria/AMR with 8 CPUs
[20:00:06] Running: cat \/mnt\/c\/Users\/migue\/OneDrive\/Ambiente\ de\ Trabalho\/Prokka_GCF_000017985\/Prokka_GCF_000017985\.AMR\.tmp\.27506\.faa | parallel --gnu --plain -j 8 --block 85008 --recstart '>' --pipe blastp -query - -db /home/miguelbalexandre/miniconda3/envs/prokka_env/db/kingdom/Bacteria/AMR -evalue 1e-300 -qcov_hsp_perc 90 -num_threads 1 -num_descriptions 1 -num_alignments 1 -seg no > \/mnt\/c\/Users\/migue\/OneDrive\/Ambiente\ de\ Trabalho\/Prokka_GCF_000017985\/Prokka_GCF_000017985\.AMR\.tmp\.27506\.blast 2> /dev/null
[20:00:14] Deleting unwanted file: /mnt/c/Users/migue/OneDrive/Ambiente de Trabalho/Prokka_GCF_000017985/Prokka_GCF_000017985.AMR.tmp.27506.faa
[20:00:14] Deleting unwanted file: /mnt/c/Users/migue/OneDrive/Ambiente de Trabalho/Prokka_GCF_000017985/Prokka_GCF_000017985.AMR.tmp.27506.blast
[20:00:16] There are still 4199 unannotated CDS left (started with 4306)
[20:00:16] Will use blast to search against /home/miguelbalexandre/miniconda3/envs/prokka_env/db/kingdom/Bacteria/sprot with 8 CPUs
[20:00:16] Running: cat \/mnt\/c\/Users\/migue\/OneDrive\/Ambiente\ de\ Trabalho\/Prokka_GCF_000017985\/Prokka_GCF_000017985\.sprot\.tmp\.27506\.faa | parallel --gnu --plain -j 8 --block 85008 --recstart '>' --pipe blastp -query - -db /home/miguelbalexandre/miniconda3/envs/prokka_env/db/kingdom/Bacteria/sprot -evalue 1e-09 -qcov_hsp_perc 80 -num_threads 1 -num_descriptions 1 -num_alignments 1 -seg no > \/mnt\/c\/Users\/migue\/OneDrive\/Ambiente\ de\ Trabalho\/Prokka_GCF_000017985\/Prokka_GCF_000017985\.sprot\.tmp\.27506\.blast 2> /dev/null
[20:01:02] Modify product: Probable ATP-dependent transporter SufC => putative ATP-dependent transporter SufC
[20:01:02] Modify product: Uncharacterized protein HI_1163 => putative protein
[20:01:02] Modify product: Uncharacterized protein YdiE => putative protein YdiE
[20:01:03] Modify product: Uncharacterized protein YniD => putative protein YniD
[20:01:03] Modify product: Probable ketoamine kinase lp_1983 => putative ketoamine kinase
[20:01:03] Modify product: Uncharacterized HTH-type transcriptional regulator YdjF => putative HTH-type transcriptional regulator YdjF
[20:01:03] Modify product: Uncharacterized sugar kinase YdjH => putative sugar kinase YdjH
[20:01:03] Modify product: Uncharacterized protein YdjI => putative protein YdjI
[20:01:03] Modify product: Uncharacterized zinc-type alcohol dehydrogenase-like protein YdjJ => putative zinc-type alcohol dehydrogenase-like protein YdjJ
[20:01:03] Modify product: Stress response UPF0229 protein YhbH => hypothetical protein
[20:01:03] Modify product: Probable diguanylate cyclase CdgI => putative diguanylate cyclase CdgI
[20:01:03] Modify product: Probable diguanylate cyclase DgcJ => putative diguanylate cyclase DgcJ
[20:01:03] Modify product: Uncharacterized protein YeaR => putative protein YeaR
[20:01:03] Modify product: Probable ATP-dependent DNA helicase YoaA => putative ATP-dependent DNA helicase YoaA
[20:01:03] Modify product: Probable cyclic di-GMP phosphodiesterase PdeD => putative cyclic di-GMP phosphodiesterase PdeD
[20:01:03] Modify product: UPF0053 inner membrane protein YoaE => hypothetical protein
[20:01:03] Modify product: UPF0266 membrane protein YobD => hypothetical protein
[20:01:03] Modify product: Probable manganese efflux pump MntP => putative manganese efflux pump MntP
[20:01:03] Modify product: Uncharacterized protein YebV => putative protein YebV
[20:01:03] Modify product: Probable transcriptional regulatory protein YebC => putative transcriptional regulatory protein YebC
[20:01:03] Modify product: Cytochrome b561 homolog 1 => Cytochrome b561 
[20:01:03] Modify product: Probable transcriptional regulatory protein YeeN => putative transcriptional regulatory protein YeeN
[20:01:03] Modify product: Probable FMN/FAD exporter YeeO => putative FMN/FAD exporter YeeO
[20:01:03] Modify product: Probable L,D-transpeptidase ErfK/SrfK => putative L,D-transpeptidase ErfK/SrfK
[20:01:03] Modify product: UPF0265 protein YeeX => hypothetical protein
[20:01:03] Modify product: UPF0394 inner membrane protein YeeE => hypothetical protein
[20:01:03] Modify product: Uncharacterized protein YnbC => putative protein YnbC
[20:01:03] Modify product: Uncharacterized protein YnbD => putative protein YnbD
[20:01:03] Modify product: Uncharacterized protein Rv3292 => putative protein
[20:01:03] Modify product: 23S rRNA 5-hydroxycytidine C2501 synthase => 23S rRNA 5-hydroxycytidine synthase
[20:01:03] Modify product: Probable mRNA interferase toxin HicA => putative mRNA interferase toxin HicA
[20:01:03] Modify product: Uncharacterized protein YdcY => putative protein YdcY
[20:01:03] Modify product: Uncharacterized protein YncE => putative protein YncE
[20:01:03] Modify product: Uncharacterized isomerase YddE => putative isomerase YddE
[20:01:03] Modify product: Uncharacterized isomerase YddE => putative isomerase YddE
[20:01:03] Modify product: Probable nitrate reductase molybdenum cofactor assembly chaperone NarW => putative nitrate reductase molybdenum cofactor assembly chaperone NarW
[20:01:03] Modify product: Uncharacterized HTH-type transcriptional regulator YddM => putative HTH-type transcriptional regulator YddM
[20:01:03] Modify product: Probable D,D-dipeptide transport ATP-binding protein DdpF => putative D,D-dipeptide transport ATP-binding protein DdpF
[20:01:03] Modify product: Probable D,D-dipeptide transport ATP-binding protein DdpD => putative D,D-dipeptide transport ATP-binding protein DdpD
[20:01:03] Modify product: Probable D,D-dipeptide transport system permease protein DdpC => putative D,D-dipeptide transport system permease protein DdpC
[20:01:03] Modify product: Probable D,D-dipeptide transport system permease protein DdpB => putative D,D-dipeptide transport system permease protein DdpB
[20:01:03] Modify product: Probable D,D-dipeptide-binding periplasmic protein DdpA => putative D,D-dipeptide-binding periplasmic protein DdpA
[20:01:03] Modify product: Probable glutamate/gamma-aminobutyrate antiporter => putative glutamate/gamma-aminobutyrate antiporter
[20:01:03] Modify product: UPF0056 inner membrane protein MarC => hypothetical protein
[20:01:03] Modify product: Probable amino-acid metabolite efflux pump => putative amino-acid metabolite efflux pump
[20:01:03] Modify product: UPF0060 membrane protein YnfA => hypothetical protein
[20:01:03] Modify product: UPF0482 protein YnfB => hypothetical protein
[20:01:03] Modify product: Uncharacterized protein YnfD => putative protein YnfD
[20:01:03] Modify product: Probable dimethyl sulfoxide reductase chain YnfF => putative dimethyl sulfoxide reductase chain YnfF
[20:01:03] Modify product: Uncharacterized oxidoreductase YdgJ => putative oxidoreductase YdgJ
[20:01:03] Modify product: Uncharacterized protein YnhF => putative protein YnhF
[20:01:03] Modify product: Uncharacterized HTH-type transcriptional regulator YahB => putative HTH-type transcriptional regulator YahB
[20:01:03] Modify product: Probable autotransporter ROD_p1121 => putative autotransporter
[20:01:03] Modify product: Uncharacterized protein YdhT => putative protein YdhT
[20:01:03] Modify product: Uncharacterized ferredoxin-like protein YdhX => putative ferredoxin-like protein YdhX
[20:01:03] Modify product: Uncharacterized protein YdhW => putative protein YdhW
[20:01:03] Modify product: Uncharacterized oxidoreductase YdhV => putative oxidoreductase YdhV
[20:01:03] Modify product: Uncharacterized ferredoxin-like protein YdhY => putative ferredoxin-like protein YdhY
[20:01:03] Modify product: Probable L,D-transpeptidase YnhG => putative L,D-transpeptidase YnhG
[20:01:03] Modify product: UPF0053 inner membrane protein YoaE => hypothetical protein
[20:01:03] Modify product: Probable diguanylate cyclase DgcE => putative diguanylate cyclase DgcE
[20:01:03] Modify product: UPF0339 protein YegP => hypothetical protein
[20:01:03] Modify product: 23S rRNA 5-hydroxycytidine C2501 synthase => 23S rRNA 5-hydroxycytidine synthase
[20:01:03] Modify product: Uncharacterized protein YehL => putative protein YehL
[20:01:03] Modify product: Uncharacterized lipoprotein YehR => putative lipoprotein YehR
[20:01:03] Modify product: UPF0387 membrane protein YohO => hypothetical protein
[20:01:03] Modify product: Uncharacterized oxidoreductase YohF => putative oxidoreductase YohF
[20:01:03] Modify product: UPF0299 membrane protein YohJ => hypothetical protein
[20:01:03] Modify product: UPF0324 inner membrane protein YeiH => hypothetical protein
[20:01:03] Modify product: UPF0153 protein YeiW => hypothetical protein
[20:01:03] Modify product: Probable cyclic di-GMP phosphodiesterase PdeN => putative cyclic di-GMP phosphodiesterase PdeN
[20:01:03] Modify product: Uncharacterized ABC transporter ATP-binding protein YejF => putative ABC transporter ATP-binding protein YejF
[20:01:03] Modify product: Uncharacterized protein YejG => putative protein YejG
[20:01:03] Modify product: UPF0352 protein YejL => hypothetical protein
[20:01:03] Modify product: Probable autotransporter ROD_p1121 => putative autotransporter
[20:01:03] Modify product: Probable autotransporter YfaL => putative autotransporter YfaL
[20:01:03] Modify product: Uncharacterized protein YbiI => putative protein YbiI
[20:01:03] Modify product: Prophage tail fiber assembly protein homolog TfaE => Prophage tail fiber assembly protein TfaE
[20:01:03] Modify product: Uncharacterized protein YbjN => putative protein YbjN
[20:01:03] Modify product: Uncharacterized lipoprotein YbjP => putative lipoprotein YbjP
[20:01:03] Modify product: UPF0145 protein YbjQ => hypothetical protein
[20:01:03] Modify product: Probable hydrolase YcaC => putative hydrolase YcaC
[20:01:03] Modify product: Uncharacterized MFS-type transporter YcaD => putative MFS-type transporter YcaD
[20:01:03] Modify product: Probable formate transporter 1 => putative formate transporter 1
[20:01:03] Modify product: UPF0434 protein YcaR => hypothetical protein
[20:01:03] Modify product: Probable L,D-transpeptidase YcbB => putative L,D-transpeptidase YcbB
[20:01:03] Modify product: Probable fimbrial chaperone protein ElfD => putative fimbrial chaperone protein ElfD
[20:01:03] Modify product: Probable outer membrane usher protein ElfC => putative outer membrane usher protein ElfC
[20:01:03] Modify product: Uncharacterized fimbrial-like protein ElfG => putative fimbrial-like protein ElfG
[20:01:03] Modify product: Uncharacterized fimbrial-like protein YcbU => putative fimbrial-like protein YcbU
[20:01:03] Modify product: Uncharacterized fimbrial-like protein YcbV => putative fimbrial-like protein YcbV
[20:01:03] Modify product: Uncharacterized fimbrial chaperone YcbF => putative fimbrial chaperone YcbF
[20:01:03] Modify product: Uncharacterized protein YcbX => putative protein YcbX
[20:01:03] Modify product: UPF0319 protein HI_1681 => hypothetical protein
[20:01:03] Modify product: Uncharacterized protein YccU => putative protein YccU
[20:01:03] Modify product: Probable Ni/Fe-hydrogenase 1 B-type cytochrome subunit => putative Ni/Fe-hydrogenase 1 B-type cytochrome subunit
[20:01:03] Modify product: Uncharacterized lipoprotein GfcB => putative lipoprotein GfcB
[20:01:03] Modify product: Uncharacterized protein YccJ => putative protein YccJ
[20:01:03] Modify product: Probable malonic semialdehyde reductase RutE => putative malonic semialdehyde reductase RutE
[20:01:03] Modify product: Probable diguanylate cyclase DgcT => putative diguanylate cyclase DgcT
[20:01:03] Modify product: Probable phosphatase YcdX => putative phosphatase YcdX
[20:01:03] Modify product: Uncharacterized protein YmdA => putative protein YmdA
[20:01:03] Modify product: UPF0176 protein YceA => hypothetical protein
[20:01:03] Modify product: Cytochrome b561 homolog 2 => Cytochrome b561 
[20:01:03] Modify product: Uncharacterized protein YceO => putative protein YceO
[20:01:03] Modify product: Uncharacterized lipoprotein YceB => putative lipoprotein YceB
[20:01:03] Modify product: UPF0502 protein YceH => hypothetical protein
[20:01:03] Modify product: Uncharacterized metal-dependent hydrolase YcfH => putative metal-dependent hydrolase YcfH
[20:01:03] Modify product: UPF0227 protein YcfP => hypothetical protein
[20:01:03] Modify product: Probable L,D-transpeptidase YcfS => putative L,D-transpeptidase YcfS
[20:01:03] Modify product: Uncharacterized protein YdfO => putative protein YdfO
[20:01:03] Modify product: Probable two-component-system connector protein YcgZ => putative two-component-system connector protein YcgZ
[20:01:03] Modify product: Probable two-component-system connector protein AriR => putative two-component-system connector protein AriR
[20:01:03] Modify product: Uncharacterized protein YmgC => putative protein YmgC
[20:01:03] Modify product: Probable cyclic di-GMP phosphodiesterase PdeG => putative cyclic di-GMP phosphodiesterase PdeG
[20:01:03] Modify product: Uncharacterized protein YmgD => putative protein YmgD
[20:01:03] Modify product: UPF0757 protein YmgG => hypothetical protein
[20:01:03] Modify product: Uncharacterized protein YcgM => putative protein YcgM
[20:01:03] Modify product: UPF0225 protein YchJ => hypothetical protein
[20:01:03] Modify product: Uncharacterized NTE family protein Rv1063c => putative NTE family protein
[20:01:03] Modify product: UPF0056 inner membrane protein MarC => hypothetical protein
[20:01:03] Modify product: UPF0263 protein YciU => hypothetical protein
[20:01:03] Modify product: Uncharacterized acyl-CoA thioester hydrolase HI_0827 => putative acyl-CoA thioester hydrolase
[20:01:03] Modify product: Probable intracellular septation protein A => putative intracellular septation protein A
[20:01:03] Modify product: UPF0259 membrane protein YciC => hypothetical protein
[20:01:03] Modify product: Uncharacterized protein YciO => putative protein YciO
[20:01:03] Modify product: Uncharacterized oxidoreductase YciK => putative oxidoreductase YciK
[20:01:03] Modify product: Probable protease SohB => putative protease SohB
[20:01:03] Modify product: Uncharacterized protein YciH => putative protein YciH
[20:01:03] Modify product: UPF0509 protein YciZ => hypothetical protein
[20:01:03] Modify product: Uncharacterized protein YcjX => putative protein YcjX
[20:01:03] Modify product: UPF0283 membrane protein YcjF => hypothetical protein
[20:01:03] Modify product: Uncharacterized protein YcjY => putative protein YcjY
[20:01:03] Modify product: Probable DNA endonuclease SmrA => putative DNA endonuclease SmrA
[20:01:03] Modify product: Uncharacterized protein YdaG => putative protein YdaG
[20:01:04] Modify product: Probable peptidoglycan glycosyltransferase FtsW => putative peptidoglycan glycosyltransferase FtsW
[20:01:04] Modify product: UPF0231 protein YacL => hypothetical protein
[20:01:04] Modify product: Uncharacterized ABC transporter ATP-binding protein YadG => putative ABC transporter ATP-binding protein YadG
[20:01:04] Modify product: Uncharacterized fimbrial-like protein YadC => putative fimbrial-like protein YadC
[20:01:04] Modify product: Uncharacterized fimbrial-like protein YadK => putative fimbrial-like protein YadK
[20:01:04] Modify product: Uncharacterized fimbrial-like protein YadL => putative fimbrial-like protein YadL
[20:01:04] Modify product: Uncharacterized fimbrial-like protein YadM => putative fimbrial-like protein YadM
[20:01:04] Modify product: Probable fimbrial chaperone YadV => putative fimbrial chaperone YadV
[20:01:04] Modify product: Uncharacterized fimbrial-like protein YadN => putative fimbrial-like protein YadN
[20:01:04] Modify product: UPF0126 inner membrane protein YadS => hypothetical protein
[20:01:04] Modify product: UPF0253 protein YaeP => hypothetical protein
[20:01:04] Modify product: Uncharacterized protein YaeQ => putative protein YaeQ
[20:01:04] Modify product: Uncharacterized methyltransferase YcgJ => putative methyltransferase YcgJ
[20:01:04] Modify product: Uncharacterized N-acetyltransferase YafP => putative N-acetyltransferase YafP
[20:01:04] Modify product: UPF0255 protein VV1_0328 => hypothetical protein
[20:01:04] Modify product: Probable fimbrial chaperone EcpE => putative fimbrial chaperone EcpE
[20:01:04] Modify product: Probable outer membrane usher protein EcpC => putative outer membrane usher protein EcpC
[20:01:04] Modify product: Probable fimbrial chaperone EcpB => putative fimbrial chaperone EcpB
[20:01:04] Modify product: Uncharacterized membrane protein YkgR => putative membrane protein YkgR
[20:01:04] Modify product: Probable pyridine nucleotide-disulfide oxidoreductase RclA => putative pyridine nucleotide-disulfide oxidoreductase RclA
[20:01:04] Modify product: Uncharacterized HTH-type transcriptional regulator YahB => putative HTH-type transcriptional regulator YahB
[20:01:04] Modify product: Uncharacterized transporter YycB => putative transporter YycB
[20:01:04] Modify product: Probable diguanylate cyclase DgcC => putative diguanylate cyclase DgcC
[20:01:04] Modify product: UPF0178 protein YaiI => hypothetical protein
[20:01:04] Modify product: Uncharacterized protein YaiA => putative protein YaiA
[20:01:04] Modify product: Uncharacterized lipoprotein YajI => putative lipoprotein YajI
[20:01:04] Modify product: UPF0234 protein YajQ => hypothetical protein
[20:01:04] Modify product: Uncharacterized protein HI_1008 => putative protein
[20:01:04] Modify product: Probable multidrug resistance ABC transporter ATP-binding/permease protein YheI => putative multidrug resistance ABC transporter ATP-binding/permease protein YheI
[20:01:04] Modify product: Uncharacterized lipoprotein YbaY => putative lipoprotein YbaY
[20:01:04] Modify product: Uncharacterized protein YbaA => putative protein YbaA
[20:01:04] Modify product: Probable cyclic di-GMP phosphodiesterase PdeB => putative cyclic di-GMP phosphodiesterase PdeB
[20:01:04] Modify product: Uncharacterized HTH-type transcriptional regulator YbaQ => putative HTH-type transcriptional regulator YbaQ
[20:01:04] Modify product: Probable iron export ATP-binding protein FetA => putative iron export ATP-binding protein FetA
[20:01:04] Modify product: Probable iron export permease protein FetB => putative iron export permease protein FetB
[20:01:04] Modify product: Uncharacterized protein YbbC => putative protein YbbC
[20:01:04] Modify product: Uncharacterized protein YbcJ => putative protein YbcJ
[20:01:04] Modify product: Bifunctional protein FolD => Bifunctional protein FolD protein
[20:01:04] Modify product: Uncharacterized fimbrial-like protein SfmA => putative fimbrial-like protein SfmA
[20:01:04] Modify product: Probable fimbrial chaperone SfmC => putative fimbrial chaperone SfmC
[20:01:04] Modify product: Uncharacterized fimbrial-like protein SfmH => putative fimbrial-like protein SfmH
[20:01:04] Modify product: Uncharacterized fimbrial-like protein SfmF => putative fimbrial-like protein SfmF
[20:01:04] Modify product: UPF0098 protein YbcL => hypothetical protein
[20:01:04] Modify product: Uncharacterized protein YlcG => putative protein YlcG
[20:01:04] Modify product: Probable deoxyribonuclease RhsA => putative deoxyribonuclease RhsA
[20:01:04] Modify product: Uncharacterized protein YbdM => putative protein YbdM
[20:01:04] Modify product: Probable zinc-binding alcohol dehydrogenase Rv1895 => putative zinc-binding alcohol dehydrogenase
[20:01:04] Modify product: Uncharacterized HTH-type transcriptional regulator YbdO => putative HTH-type transcriptional regulator YbdO
[20:01:04] Modify product: UPF0250 protein YbeD => hypothetical protein
[20:01:04] Modify product: Uncharacterized lipoprotein ChiQ => putative lipoprotein ChiQ
[20:01:04] Modify product: Uncharacterized protein YbfE => putative protein YbfE
[20:01:04] Modify product: GTP cyclohydrolase 1 type 2 homolog => GTP cyclohydrolase 1 type 2 
[20:01:04] Modify product: Uncharacterized fimbrial-like protein YbgD => putative fimbrial-like protein YbgD
[20:01:04] Modify product: UPF0098 protein YbhB => hypothetical protein
[20:01:04] Modify product: Probable multidrug ABC transporter permease YbhR => putative multidrug ABC transporter permease YbhR
[20:01:04] Modify product: Probable multidrug ABC transporter permease YbhS => putative multidrug ABC transporter permease YbhS
[20:01:04] Modify product: Probable multidrug ABC transporter ATP-binding protein YbhF => putative multidrug ABC transporter ATP-binding protein YbhF
[20:01:04] Modify product: UPF0194 membrane protein YbhG => hypothetical protein
[20:01:04] Modify product: Uncharacterized protein YbiB => putative protein YbiB
[20:01:04] Modify product: Uncharacterized protein YbiI => putative protein YbiI
[20:01:04] Modify product: PKHD-type hydroxylase Sbal_3634 => PKHD-type hydroxylase
[20:01:04] Modify product: Uncharacterized protein McbA => putative protein McbA
[20:01:04] Modify product: Probable L,D-transpeptidase YbiS => putative L,D-transpeptidase YbiS
[20:01:04] Modify product: Uncharacterized ABC transporter ATP-binding protein YbiT => putative ABC transporter ATP-binding protein YbiT
[20:01:04] Modify product: Uncharacterized protein YbiU => putative protein YbiU
[20:01:04] Modify product: Probable cyclic di-GMP phosphodiesterase PdeI => putative cyclic di-GMP phosphodiesterase PdeI
[20:01:04] Modify product: Uncharacterized protein YqfG => putative protein YqfG
[20:01:04] Modify product: UPF0073 inner membrane protein YqfA => hypothetical protein
[20:01:04] Modify product: UPF0267 protein YqfB => hypothetical protein
[20:01:04] Modify product: Uncharacterized oxidoreductase YgfF => putative oxidoreductase YgfF
[20:01:04] Modify product: UPF0149 protein HI_0817 => hypothetical protein
[20:01:04] Modify product: UPF0301 protein YqgE => hypothetical protein
[20:01:04] Modify product: Uncharacterized protein YggR => putative protein YggR
[20:01:04] Modify product: UPF0235 protein YggU => hypothetical protein
[20:01:04] Modify product: Uncharacterized protein HI_0341 => putative protein
[20:01:04] Modify product: Probable Fe(2+)-trafficking protein => putative Fe(2+)-trafficking protein
[20:01:04] Modify product: UPF0401 protein YkfF => hypothetical protein
[20:01:04] Modify product: UPF0758 protein CT0611 => hypothetical protein
[20:01:04] Modify product: Uncharacterized FAD-linked oxidoreductase Rv2280 => putative FAD-linked oxidoreductase
[20:01:04] Modify product: Uncharacterized protein YtfJ => putative protein YtfJ
[20:01:04] Modify product: Probable Ni/Fe-hydrogenase 2 b-type cytochrome subunit => putative Ni/Fe-hydrogenase 2 b-type cytochrome subunit
[20:01:04] Modify product: Uncharacterized oxidoreductase YghA => putative oxidoreductase YghA
[20:01:04] Modify product: Probable deoxycholate-binding periplasmic protein YgiS => putative deoxycholate-binding periplasmic protein YgiS
[20:01:04] Modify product: Probable quinol monooxygenase YgiN => putative quinol monooxygenase YgiN
[20:01:04] Modify product: Uncharacterized fimbrial-like protein YbgD => putative fimbrial-like protein YbgD
[20:01:04] Modify product: Probable glycerol-3-phosphate acyltransferase => putative glycerol-3-phosphate acyltransferase
[20:01:04] Modify product: Uncharacterized protein YqjD => putative protein YqjD
[20:01:04] Modify product: UPF0597 protein YhaM => hypothetical protein
[20:01:04] Modify product: Probable serine transporter => putative serine transporter
[20:01:04] Modify product: Probable galactarate transporter => putative galactarate transporter
[20:01:04] Modify product: Uncharacterized fimbrial-like protein YraH => putative fimbrial-like protein YraH
[20:01:04] Modify product: Probable fimbrial chaperone YraI => putative fimbrial chaperone YraI
[20:01:04] Modify product: Uncharacterized fimbrial-like protein YraK => putative fimbrial-like protein YraK
[20:01:04] Modify product: UPF0213 protein BH0048 => hypothetical protein
[20:01:04] Modify product: Uncharacterized protease YhbU => putative protease YhbU
[20:01:04] Modify product: Uncharacterized inner membrane transporter YhbE => putative inner membrane transporter YhbE
[20:01:04] Modify product: Uncharacterized protein YrbL => putative protein YrbL
[20:01:04] Modify product: Uncharacterized protein YhcH => putative protein YhcH
[20:01:04] Modify product: Uncharacterized protein YhcO => putative protein YhcO
[20:01:04] Modify product: Probable acrylyl-CoA reductase AcuI => putative acrylyl-CoA reductase AcuI
[20:01:04] Modify product: Uncharacterized membrane protein YhdT => putative membrane protein YhdT
[20:01:04] Modify product: Probable bifunctional chitinase/lysozyme => putative bifunctional chitinase/lysozyme
[20:01:04] Modify product: Protein SlyX homolog => Protein SlyX 
[20:01:04] Modify product: Uncharacterized ABC transporter ATP-binding protein YheS => putative ABC transporter ATP-binding protein YheS
[20:01:04] Modify product: UPF0270 protein PA3463 => hypothetical protein
[20:01:04] Modify product: Probable protein adenylyltransferase Fic => putative protein adenylyltransferase Fic
[20:01:04] Modify product: Uncharacterized protein YhfG => putative protein YhfG
[20:01:04] Modify product: Probable fructoselysine/psicoselysine transporter FrlA => putative fructoselysine/psicoselysine transporter FrlA
[20:01:04] Modify product: Probable fructoselysine utilization operon transcriptional repressor => putative fructoselysine utilization operon transcriptional repressor
[20:01:04] Modify product: Uncharacterized protein YhfS => putative protein YhfS
[20:01:04] Modify product: Uncharacterized protein YhfS => putative protein YhfS
[20:01:04] Modify product: Uncharacterized protein YhfX => putative protein YhfX
[20:01:04] Modify product: UPF0758 protein YsxA => hypothetical protein
[20:01:04] Modify product: UPF0701 protein YicC => hypothetical protein
[20:01:04] Modify product: UPF0126 inner membrane protein YicG => hypothetical protein
[20:01:04] Modify product: Uncharacterized inner membrane transporter YicL => putative inner membrane transporter YicL
[20:01:04] Modify product: Uncharacterized symporter YidK => putative symporter YidK
[20:01:04] Modify product: Probable 2-dehydro-3-deoxygalactonokinase DgoK1 => putative 2-dehydro-3-deoxygalactonokinase DgoK1
[20:01:04] Modify product: UPF0167 protein CbrC => hypothetical protein
[20:01:04] Modify product: Probable glucosamine-6-phosphate deaminase 2 => putative glucosamine-6-phosphate deaminase 2
[20:01:05] Modify product: Probable transport protein HsrA => putative transport protein HsrA
[20:01:05] Modify product: UPF0438 protein YifE => hypothetical protein
[20:01:05] Modify product: Probable ECA polymerase => putative ECA polymerase
[20:01:05] Modify product: Probable transport protein YifK => putative transport protein YifK
[20:01:05] Modify product: Uncharacterized HTH-type transcriptional regulator YahB => putative HTH-type transcriptional regulator YahB
[20:01:05] Modify product: Probable 2-dehydro-3-deoxygalactonokinase DgoK1 => putative 2-dehydro-3-deoxygalactonokinase DgoK1
[20:01:05] Modify product: Probable protein kinase UbiB => putative protein kinase UbiB
[20:01:05] Modify product: Probable acyltransferase YihG => putative acyltransferase YihG
[20:01:05] Modify product: Uncharacterized HTH-type transcriptional regulator RhmR => putative HTH-type transcriptional regulator RhmR
[20:01:05] Modify product: Probable 4-deoxy-4-formamido-L-arabinose-phosphoundecaprenol deformylase ArnD => putative 4-deoxy-4-formamido-L-arabinose-phosphoundecaprenol deformylase ArnD
[20:01:05] Modify product: Probable 4-amino-4-deoxy-L-arabinose-phosphoundecaprenol flippase subunit ArnE => putative 4-amino-4-deoxy-L-arabinose-phosphoundecaprenol flippase subunit ArnE
[20:01:05] Modify product: Probable 4-amino-4-deoxy-L-arabinose-phosphoundecaprenol flippase subunit ArnF => putative 4-amino-4-deoxy-L-arabinose-phosphoundecaprenol flippase subunit ArnF
[20:01:05] Modify product: UPF0304 protein YfbU => hypothetical protein
[20:01:05] Modify product: UPF0208 membrane protein YfbV => hypothetical protein
[20:01:05] Modify product: Uncharacterized Nudix hydrolase YfcD => putative Nudix hydrolase YfcD
[20:01:05] Modify product: Epimerase family protein SA0724 => Epimerase family protein
[20:01:05] Modify product: Uncharacterized MFS-type transporter YfcJ => putative MFS-type transporter YfcJ
[20:01:05] Modify product: Probable membrane transporter protein YfcA => putative membrane transporter protein YfcA
[20:01:05] Modify product: Uncharacterized protein YfcO => putative protein YfcO
[20:01:05] Modify product: Uncharacterized fimbrial-like protein YfcP => putative fimbrial-like protein YfcP
[20:01:05] Modify product: Uncharacterized fimbrial-like protein YfcQ => putative fimbrial-like protein YfcQ
[20:01:05] Modify product: Uncharacterized fimbrial-like protein YfcR => putative fimbrial-like protein YfcR
[20:01:05] Modify product: Probable fimbrial chaperone YfcS => putative fimbrial chaperone YfcS
[20:01:05] Modify product: Uncharacterized fimbrial-like protein YfcV => putative fimbrial-like protein YfcV
[20:01:05] Modify product: UPF0381 protein YiiS => hypothetical protein
[20:01:05] Modify product: Probable multidrug resistance protein EmrY => putative multidrug resistance protein EmrY
[20:01:05] Modify product: Probable multidrug resistance protein EmrK => putative multidrug resistance protein EmrK
[20:01:05] Modify product: Probable cyclic di-GMP phosphodiesterase PdeA => putative cyclic di-GMP phosphodiesterase PdeA
[20:01:05] Modify product: Uncharacterized protein YfeY => putative protein YfeY
[20:01:05] Modify product: Uncharacterized protein Rv2575 => putative protein
[20:01:05] Modify product: Probable formate transporter 2 => putative formate transporter 2
[20:01:05] Modify product: Uncharacterized protein YfgD => putative protein YfgD
[20:01:05] Modify product: Uncharacterized protein YfgJ => putative protein YfgJ
[20:01:05] Modify product: UPF0070 protein HI_0370 => hypothetical protein
[20:01:05] Modify product: Uncharacterized protein Rv2307c => putative protein
[20:01:05] Modify product: Probable 3-phenylpropionic acid transporter => putative 3-phenylpropionic acid transporter
[20:01:05] Modify product: Uncharacterized protein YphB => putative protein YphB
[20:01:05] Modify product: Uncharacterized tRNA/rRNA methyltransferase YfiF => putative tRNA/rRNA methyltransferase YfiF
[20:01:05] Modify product: UPF0053 inner membrane protein YfjD => hypothetical protein
[20:01:05] Modify product: UPF0125 protein RatB => hypothetical protein
[20:01:05] Modify product: Probable HTH-type transcriptional regulator YgaV => putative HTH-type transcriptional regulator YgaV
[20:01:05] Modify product: Uncharacterized protein YgaM => putative protein YgaM
[20:01:05] Modify product: Probable transporter SCO4007 => putative transporter
[20:01:05] Modify product: Uncharacterized protein YgcP => putative protein YgcP
[20:01:05] Modify product: Uncharacterized protein YqcG => putative protein YqcG
[20:01:05] Modify product: Probable glucarate transporter => putative glucarate transporter
[20:01:05] Modify product: Uncharacterized protein PA3435 => putative protein
[20:01:05] Modify product: Uncharacterized protein YqcC => putative protein YqcC
[20:01:05] Modify product: Uncharacterized HTH-type transcriptional regulator YdjF => putative HTH-type transcriptional regulator YdjF
[20:01:05] Modify product: UPF0382 inner membrane protein YgdD => hypothetical protein
[20:01:05] Modify product: Uncharacterized lipoprotein YgdR => putative lipoprotein YgdR
[20:01:05] Modify product: UPF0053 inner membrane protein YgdQ => hypothetical protein
[20:01:05] Modify product: Uncharacterized lipoprotein YgdR => putative lipoprotein YgdR
[20:01:05] Modify product: Probable GTP-binding protein EngB => putative GTP-binding protein EngB
[20:01:05] Modify product: Uncharacterized protein YshB => putative protein YshB
[20:01:05] Modify product: Uncharacterized protein YihR => putative protein YihR
[20:01:05] Modify product: UPF0761 membrane protein YihY => hypothetical protein
[20:01:05] Modify product: UPF0381 protein YiiS => hypothetical protein
[20:01:05] Modify product: Probable cystine transporter YijE => putative cystine transporter YijE
[20:01:05] Modify product: Uncharacterized protein HI_0431 => putative protein
[20:01:05] Modify product: Uncharacterized lipoprotein GfcB => putative lipoprotein GfcB
[20:01:05] Modify product: UPF0337 protein YjbJ => hypothetical protein
[20:01:05] Modify product: Uncharacterized protein YjbR => putative protein YjbR
[20:01:05] Modify product: Probable cyclic di-GMP phosphodiesterase PdeC => putative cyclic di-GMP phosphodiesterase PdeC
[20:01:05] Modify product: Probable cyclic di-GMP phosphodiesterase PdeC => putative cyclic di-GMP phosphodiesterase PdeC
[20:01:05] Modify product: Uncharacterized ferredoxin-like protein YdhX => putative ferredoxin-like protein YdhX
[20:01:05] Modify product: Probable transcriptional regulator PhnF => putative transcriptional regulator PhnF
[20:01:05] Modify product: Uncharacterized protein YjdJ => putative protein YjdJ
[20:01:05] Modify product: Probable cadaverine/lysine antiporter => putative cadaverine/lysine antiporter
[20:01:05] Modify product: UPF0716 protein FxsA => hypothetical protein
[20:01:05] Modify product: UPF0719 inner membrane protein YjfL => hypothetical protein
[20:01:05] Modify product: Probable L-ascorbate-6-phosphate lactonase UlaG => putative L-ascorbate-6-phosphate lactonase UlaG
[20:01:05] Modify product: Uncharacterized protein YtfJ => putative protein YtfJ
[20:01:05] Modify product: UPF0053 inner membrane protein YtfL => hypothetical protein
[20:01:05] Modify product: UPF0307 protein YjgA => hypothetical protein
[20:01:05] Modify product: Uncharacterized protein YjgL => putative protein YjgL
[20:01:05] Modify product: Uncharacterized oxidoreductase YjhC => putative oxidoreductase YjhC
[20:01:05] Modify product: Uncharacterized protein YthA => putative protein YthA
[20:01:05] Modify product: Probable RNA polymerase sigma factor FecI => putative RNA polymerase sigma factor FecI
[20:01:05] Modify product: Uncharacterized protein YjhP => putative protein YjhP
[20:01:05] Modify product: Probable 9-O-acetyl-N-acetylneuraminic acid deacetylase => putative 9-O-acetyl-N-acetylneuraminic acid deacetylase
[20:01:05] Modify product: Probable N-acetylneuraminic acid outer membrane channel protein NanC => putative N-acetylneuraminic acid outer membrane channel protein NanC
[20:01:05] Modify product: Probable major fimbrial subunit LpfA => putative major fimbrial subunit LpfA
[20:01:05] Modify product: Probable RNA 2'-phosphotransferase => putative RNA 2'-phosphotransferase
[20:01:05] Modify product: Uncharacterized protein YjiK => putative protein YjiK
[20:01:05] Modify product: Probable L-galactonate transporter => putative L-galactonate transporter
[20:01:05] Modify product: Probable HTH-type transcriptional regulator LgoR => putative HTH-type transcriptional regulator LgoR
[20:01:05] Modify product: Probable HTH-type transcriptional regulator LgoR => putative HTH-type transcriptional regulator LgoR
[20:01:05] Modify product: UPF0442 protein YjjB => hypothetical protein
[20:01:05] Modify product: Uncharacterized metal-dependent hydrolase YjjV => putative metal-dependent hydrolase YjjV
[20:01:05] Modify product: Uncharacterized protein YjjI => putative protein YjjI
[20:01:05] Modify product: Probable inner membrane protein Smp => putative inner membrane protein Smp
[20:01:05] Modify product: Putative membrane protein IgaA homolog => Putative membrane protein IgaA 
[20:01:05] Modify product: Probable [Fe-S]-dependent transcriptional repressor FeoC => putative [Fe-S]-dependent transcriptional repressor FeoC
[20:01:05] Modify product: UPF0056 inner membrane protein YhgN => hypothetical protein
[20:01:05] Modify product: Uncharacterized oxidoreductase YhhX => putative oxidoreductase YhhX
[20:01:05] Modify product: Uncharacterized protein YhhA => putative protein YhhA
[20:01:05] Modify product: Uncharacterized MFS-type transporter YhhS => putative MFS-type transporter YhhS
[20:01:05] Modify product: Uncharacterized protein HI_0933 => putative protein
[20:01:06] Modify product: Probable cyclic di-GMP phosphodiesterase PdeK => putative cyclic di-GMP phosphodiesterase PdeK
[20:01:06] Modify product: Uncharacterized MFS-type transporter YhjX => putative MFS-type transporter YhjX
[20:01:06] Modify product: Probable lipoprotein YiaD => putative lipoprotein YiaD
[20:01:06] Modify product: Uncharacterized protein YhcH => putative protein YhcH
[20:01:06] Modify product: Uncharacterized GST-like protein YibF => putative GST-like protein YibF
[20:01:06] Modify product: Uncharacterized protein YibL => putative protein YibL
[20:01:06] Modify product: Uncharacterized protein YibN => putative protein YibN
[20:01:06] Cleaned 361 /product names
[20:01:06] Deleting unwanted file: /mnt/c/Users/migue/OneDrive/Ambiente de Trabalho/Prokka_GCF_000017985/Prokka_GCF_000017985.sprot.tmp.27506.faa
[20:01:06] Deleting unwanted file: /mnt/c/Users/migue/OneDrive/Ambiente de Trabalho/Prokka_GCF_000017985/Prokka_GCF_000017985.sprot.tmp.27506.blast
[20:01:06] There are still 775 unannotated CDS left (started with 4306)
[20:01:06] Will use hmmer3 to search against /home/miguelbalexandre/miniconda3/envs/prokka_env/db/hmm/HAMAP.hmm with 8 CPUs
[20:01:06] Running: cat \/mnt\/c\/Users\/migue\/OneDrive\/Ambiente\ de\ Trabalho\/Prokka_GCF_000017985\/Prokka_GCF_000017985\.HAMAP\.hmm\.tmp\.27506\.faa | parallel --gnu --plain -j 8 --block 12415 --recstart '>' --pipe hmmscan --noali --notextw --acc -E 1e-09 --cpu 1 /home/miguelbalexandre/miniconda3/envs/prokka_env/db/hmm/HAMAP.hmm /dev/stdin > \/mnt\/c\/Users\/migue\/OneDrive\/Ambiente\ de\ Trabalho\/Prokka_GCF_000017985\/Prokka_GCF_000017985\.HAMAP\.hmm\.tmp\.27506\.hmmer3 2> /dev/null
[20:01:12] Modify product: Uncharacterized Nudix hydrolase NudL => putative Nudix hydrolase NudL
[20:01:12] Cleaned 1 /product names
[20:01:12] Deleting unwanted file: /mnt/c/Users/migue/OneDrive/Ambiente de Trabalho/Prokka_GCF_000017985/Prokka_GCF_000017985.HAMAP.hmm.tmp.27506.faa
[20:01:12] Deleting unwanted file: /mnt/c/Users/migue/OneDrive/Ambiente de Trabalho/Prokka_GCF_000017985/Prokka_GCF_000017985.HAMAP.hmm.tmp.27506.hmmer3
[20:01:12] Labelling remaining 706 proteins as 'hypothetical protein'
[20:01:12] Possible /pseudo 'L-carnitine CoA-transferase' at NC_012967.1 position 42889
[20:01:12] Possible /pseudo 'IS1 family transposase IS1A' at NC_012967.1 position 241632
[20:01:12] Possible /pseudo 'Peptide transporter CstA' at NC_012967.1 position 613648
[20:01:12] Possible /pseudo 'Protein RhsC' at NC_012967.1 position 712093
[20:01:12] Possible /pseudo 'ISAs1 family transposase ISEc1' at NC_012967.1 position 717997
[20:01:12] Possible /pseudo 'ISAs1 family transposase ISEc1' at NC_012967.1 position 718985
[20:01:12] Possible /pseudo 'IS1 family transposase IS1A' at NC_012967.1 position 1193990
[20:01:12] Possible /pseudo 'Hemolysin E, chromosomal' at NC_012967.1 position 1230029
[20:01:12] Possible /pseudo 'Small toxic polypeptide LdrA' at NC_012967.1 position 1269851
[20:01:12] Possible /pseudo 'Small toxic polypeptide LdrA' at NC_012967.1 position 1270386
[20:01:12] Possible /pseudo 'putative isomerase YddE' at NC_012967.1 position 1509443
[20:01:12] Possible /pseudo 'Formate dehydrogenase, nitrate-inducible, major subunit' at NC_012967.1 position 1522187
[20:01:12] Possible /pseudo 'Outer membrane usher protein FimD' at NC_012967.1 position 1564016
[20:01:12] Possible /pseudo 'Outer membrane usher protein FimD' at NC_012967.1 position 1565104
[20:01:12] Possible /pseudo 'Chaperone protein FocC' at NC_012967.1 position 1565832
[20:01:12] Possible /pseudo 'IS3 family transposase ISEc17' at NC_012967.1 position 1615832
[20:01:12] Possible /pseudo 'Inner membrane transport protein YdiM' at NC_012967.1 position 1748697
[20:01:12] Possible /pseudo 'Putative anti-FlhC(2)FlhD(4) factor YdiV' at NC_012967.1 position 1769030
[20:01:12] Possible /pseudo 'IS1 family transposase IS1A' at NC_012967.1 position 2143501
[20:01:12] Possible /pseudo 'IS3 family transposase ISEcB1' at NC_012967.1 position 2332665
[20:01:12] Possible /pseudo 'IS1 family transposase IS1A' at NC_012967.1 position 2407879
[20:01:12] Possible /pseudo 'IS1 family transposase IS1A' at NC_012967.1 position 2682983
[20:01:12] Possible /pseudo 'IS1 family transposase IS1A' at NC_012967.1 position 2822624
[20:01:12] Possible /pseudo 'IS3 family transposase ISEc17' at NC_012967.1 position 2883070
[20:01:12] Possible /pseudo 'IS1 family transposase IS1A' at NC_012967.1 position 3024382
[20:01:12] Possible /pseudo 'Hydrogenase-2 small chain' at NC_012967.1 position 3080236
[20:01:12] Possible /pseudo 'IS1 family transposase IS1A' at NC_012967.1 position 3433899
[20:01:12] Possible /pseudo 'Small toxic polypeptide LdrD' at NC_012967.1 position 3629955
[20:01:12] Possible /pseudo 'Xylose import ATP-binding protein XylG' at NC_012967.1 position 3663872
[20:01:12] Possible /pseudo 'IS1 family transposase IS1A' at NC_012967.1 position 3741635
[20:01:12] Possible /pseudo 'Ribosomal RNA small subunit methyltransferase G' at NC_012967.1 position 3883646
[20:01:12] Possible /pseudo 'Putative 2,3-dihydroxypropane-1-sulfonate exporter' at NC_012967.1 position 4044063
[20:01:12] Possible /pseudo 'Formate dehydrogenase-O major subunit' at NC_012967.1 position 4063382
[20:01:12] Possible /pseudo 'putative cyclic di-GMP phosphodiesterase PdeC' at NC_012967.1 position 4255349
[20:01:12] Possible /pseudo 'Formate dehydrogenase H' at NC_012967.1 position 4277769
[20:01:12] Possible /pseudo 'Sensor histidine kinase DcuS' at NC_012967.1 position 4329471
[20:01:12] Possible /pseudo 'IS1 family transposase IS1A' at NC_012967.1 position 4505779
[20:01:12] Possible /pseudo 'IS1 family transposase IS1A' at NC_012967.1 position 4522008
[20:01:12] Possible /pseudo 'IS1 family transposase IS1A' at NC_012967.1 position 4551054
[20:01:12] Possible /pseudo 'putative HTH-type transcriptional regulator LgoR' at NC_012967.1 position 4584792
[20:01:12] Possible /pseudo 'Inner membrane protein CreD' at NC_012967.1 position 4626932
[20:01:12] Found 3121 unique /gene codes.
[20:01:12] Fixed 2 duplicate /gene - yicJ_1 yicJ_2
[20:01:12] Fixed 2 duplicate /gene - gfcB_1 gfcB_2
[20:01:12] Fixed 2 duplicate /gene - dcuD_1 dcuD_2
[20:01:12] Fixed 2 duplicate /gene - topA_1 topA_2
[20:01:12] Fixed 2 duplicate /gene - nagB_1 nagB_2
[20:01:12] Fixed 2 duplicate /gene - slp_1 slp_2
[20:01:12] Fixed 2 duplicate /gene - fabG_1 fabG_2
[20:01:12] Fixed 3 duplicate /gene - exuT_1 exuT_2 exuT_3
[20:01:12] Fixed 2 duplicate /gene - deoB_1 deoB_2
[20:01:12] Fixed 2 duplicate /gene - acs_1 acs_2
[20:01:12] Fixed 2 duplicate /gene - ybgD_1 ybgD_2
[20:01:12] Fixed 2 duplicate /gene - fimG_1 fimG_2
[20:01:12] Fixed 3 duplicate /gene - ydcV_1 ydcV_2 ydcV_3
[20:01:12] Fixed 3 duplicate /gene - arnC_1 arnC_2 arnC_3
[20:01:12] Fixed 2 duplicate /gene - pdhR_1 pdhR_2
[20:01:12] Fixed 2 duplicate /gene - argE_1 argE_2
[20:01:12] Fixed 2 duplicate /gene - ydjZ_1 ydjZ_2
[20:01:12] Fixed 3 duplicate /gene - tdh_1 tdh_2 tdh_3
[20:01:12] Fixed 2 duplicate /gene - intQ_1 intQ_2
[20:01:12] Fixed 2 duplicate /gene - srmB_1 srmB_2
[20:01:12] Fixed 2 duplicate /gene - pgrR_1 pgrR_2
[20:01:12] Fixed 2 duplicate /gene - gadW_1 gadW_2
[20:01:12] Fixed 2 duplicate /gene - xylG_1 xylG_2
[20:01:12] Fixed 5 duplicate /gene - hyfA_1 hyfA_2 hyfA_3 hyfA_4 hyfA_5
[20:01:12] Fixed 2 duplicate /gene - lolD_1 lolD_2
[20:01:12] Fixed 2 duplicate /gene - yibA_1 yibA_2
[20:01:12] Fixed 2 duplicate /gene - cysE_1 cysE_2
[20:01:12] Fixed 2 duplicate /gene - hycG_1 hycG_2
[20:01:12] Fixed 2 duplicate /gene - oxyR_1 oxyR_2
[20:01:12] Fixed 2 duplicate /gene - melR_1 melR_2
[20:01:12] Fixed 2 duplicate /gene - fixA_1 fixA_2
[20:01:12] Fixed 2 duplicate /gene - nlpD_1 nlpD_2
[20:01:12] Fixed 2 duplicate /gene - tsaR_1 tsaR_2
[20:01:12] Fixed 2 duplicate /gene - betB_1 betB_2
[20:01:12] Fixed 2 duplicate /gene - yddE_1 yddE_2
[20:01:12] Fixed 3 duplicate /gene - ndhB_1 ndhB_2 ndhB_3
[20:01:12] Fixed 2 duplicate /gene - fdnH_1 fdnH_2
[20:01:12] Fixed 3 duplicate /gene - cynR_1 cynR_2 cynR_3
[20:01:12] Fixed 5 duplicate /gene - rhaS_1 rhaS_2 rhaS_3 rhaS_4 rhaS_5
[20:01:12] Fixed 2 duplicate /gene - ftsA_1 ftsA_2
[20:01:12] Fixed 2 duplicate /gene - gltC_1 gltC_2
[20:01:12] Fixed 2 duplicate /gene - xerD_1 xerD_2
[20:01:12] Fixed 2 duplicate /gene - prfB_1 prfB_2
[20:01:12] Fixed 2 duplicate /gene - rpe_1 rpe_2
[20:01:12] Fixed 2 duplicate /gene - dnaK_1 dnaK_2
[20:01:12] Fixed 2 duplicate /gene - epsF_1 epsF_2
[20:01:12] Fixed 2 duplicate /gene - manP_1 manP_2
[20:01:12] Fixed 2 duplicate /gene - por_1 por_2
[20:01:12] Fixed 2 duplicate /gene - lapB_1 lapB_2
[20:01:12] Fixed 2 duplicate /gene - fruA_1 fruA_2
[20:01:12] Fixed 2 duplicate /gene - ccmH_1 ccmH_2
[20:01:12] Fixed 2 duplicate /gene - gadX_1 gadX_2
[20:01:12] Fixed 2 duplicate /gene - lon_1 lon_2
[20:01:12] Fixed 2 duplicate /gene - malP_1 malP_2
[20:01:12] Fixed 2 duplicate /gene - bioF_1 bioF_2
[20:01:12] Fixed 3 duplicate /gene - rbsC_1 rbsC_2 rbsC_3
[20:01:12] Fixed 2 duplicate /gene - mlc_1 mlc_2
[20:01:12] Fixed 2 duplicate /gene - ulaE_1 ulaE_2
[20:01:12] Fixed 2 duplicate /gene - ydjF_1 ydjF_2
[20:01:12] Fixed 2 duplicate /gene - dmsC_1 dmsC_2
[20:01:12] Fixed 2 duplicate /gene - ygcS_1 ygcS_2
[20:01:12] Fixed 2 duplicate /gene - hlyE_1 hlyE_2
[20:01:12] Fixed 3 duplicate /gene - yahB_1 yahB_2 yahB_3
[20:01:12] Fixed 2 duplicate /gene - acpP_1 acpP_2
[20:01:12] Fixed 2 duplicate /gene - era_1 era_2
[20:01:12] Fixed 2 duplicate /gene - hybO_1 hybO_2
[20:01:12] Fixed 2 duplicate /gene - gatB_1 gatB_2
[20:01:12] Fixed 3 duplicate /gene - norR_1 norR_2 norR_3
[20:01:12] Fixed 3 duplicate /gene - papC_1 papC_2 papC_3
[20:01:12] Fixed 2 duplicate /gene - msbA_1 msbA_2
[20:01:12] Fixed 2 duplicate /gene - lldR_1 lldR_2
[20:01:12] Fixed 2 duplicate /gene - mipA_1 mipA_2
[20:01:12] Fixed 3 duplicate /gene - rbsA_1 rbsA_2 rbsA_3
[20:01:12] Fixed 2 duplicate /gene - bglF_1 bglF_2
[20:01:12] Fixed 2 duplicate /gene - pspB_1 pspB_2
[20:01:12] Fixed 2 duplicate /gene - pdeC_1 pdeC_2
[20:01:12] Fixed 2 duplicate /gene - ttdT_1 ttdT_2
[20:01:12] Fixed 3 duplicate /gene - fdrA_1 fdrA_2 fdrA_3
[20:01:12] Fixed 2 duplicate /gene - fucA_1 fucA_2
[20:01:12] Fixed 2 duplicate /gene - manX_1 manX_2
[20:01:12] Fixed 2 duplicate /gene - lptB_1 lptB_2
[20:01:12] Fixed 2 duplicate /gene - cra_1 cra_2
[20:01:12] Fixed 2 duplicate /gene - fdoG_1 fdoG_2
[20:01:12] Fixed 2 duplicate /gene - kefC_1 kefC_2
[20:01:12] Fixed 2 duplicate /gene - fimF_1 fimF_2
[20:01:12] Fixed 2 duplicate /gene - hdfR_1 hdfR_2
[20:01:12] Fixed 2 duplicate /gene - aaeB_1 aaeB_2
[20:01:12] Fixed 4 duplicate /gene - glnQ_1 glnQ_2 glnQ_3 glnQ_4
[20:01:12] Fixed 2 duplicate /gene - yrdA_1 yrdA_2
[20:01:12] Fixed 2 duplicate /gene - murR_1 murR_2
[20:01:12] Fixed 2 duplicate /gene - ydiV_1 ydiV_2
[20:01:12] Fixed 2 duplicate /gene - sbmC_1 sbmC_2
[20:01:12] Fixed 2 duplicate /gene - rob_1 rob_2
[20:01:12] Fixed 2 duplicate /gene - fryB_1 fryB_2
[20:01:12] Fixed 2 duplicate /gene - algC_1 algC_2
[20:01:12] Fixed 2 duplicate /gene - gntR_1 gntR_2
[20:01:12] Fixed 2 duplicate /gene - caiA_1 caiA_2
[20:01:12] Fixed 2 duplicate /gene - sgrR_1 sgrR_2
[20:01:12] Fixed 2 duplicate /gene - agaC_1 agaC_2
[20:01:12] Fixed 2 duplicate /gene - yhcH_1 yhcH_2
[20:01:12] Fixed 2 duplicate /gene - cusC_1 cusC_2
[20:01:12] Fixed 3 duplicate /gene - ldrD_1 ldrD_2 ldrD_3
[20:01:12] Fixed 4 duplicate /gene - rhsC_1 rhsC_2 rhsC_3 rhsC_4
[20:01:12] Fixed 2 duplicate /gene - azoR_1 azoR_2
[20:01:12] Fixed 2 duplicate /gene - ftnA_1 ftnA_2
[20:01:12] Fixed 2 duplicate /gene - tmk_1 tmk_2
[20:01:12] Fixed 2 duplicate /gene - pitA_1 pitA_2
[20:01:12] Fixed 2 duplicate /gene - trmH_1 trmH_2
[20:01:12] Fixed 2 duplicate /gene - rlhA_1 rlhA_2
[20:01:12] Fixed 2 duplicate /gene - gnsA_1 gnsA_2
[20:01:12] Fixed 2 duplicate /gene - aspT_1 aspT_2
[20:01:12] Fixed 2 duplicate /gene - rutB_1 rutB_2
[20:01:12] Fixed 2 duplicate /gene - dam_1 dam_2
[20:01:12] Fixed 2 duplicate /gene - bhsA_1 bhsA_2
[20:01:12] Fixed 3 duplicate /gene - potA_1 potA_2 potA_3
[20:01:12] Fixed 2 duplicate /gene - codB_1 codB_2
[20:01:12] Fixed 2 duplicate /gene - creD_1 creD_2
[20:01:12] Fixed 2 duplicate /gene - gspK_1 gspK_2
[20:01:12] Fixed 2 duplicate /gene - opgE_1 opgE_2
[20:01:12] Fixed 2 duplicate /gene - lptG_1 lptG_2
[20:01:12] Fixed 2 duplicate /gene - lutA_1 lutA_2
[20:01:12] Fixed 2 duplicate /gene - cstA_1 cstA_2
[20:01:12] Fixed 2 duplicate /gene - ygiW_1 ygiW_2
[20:01:12] Fixed 3 duplicate /gene - ldrA_1 ldrA_2 ldrA_3
[20:01:12] Fixed 2 duplicate /gene - mglA_1 mglA_2
[20:01:12] Fixed 2 duplicate /gene - hokE_1 hokE_2
[20:01:12] Fixed 2 duplicate /gene - yhfS_1 yhfS_2
[20:01:12] Fixed 2 duplicate /gene - yiaW_1 yiaW_2
[20:01:12] Fixed 3 duplicate /gene - fixX_1 fixX_2 fixX_3
[20:01:12] Fixed 2 duplicate /gene - tal_1 tal_2
[20:01:12] Fixed 2 duplicate /gene - rhsD_1 rhsD_2
[20:01:12] Fixed 2 duplicate /gene - epsE_1 epsE_2
[20:01:12] Fixed 2 duplicate /gene - gatZ_1 gatZ_2
[20:01:12] Fixed 2 duplicate /gene - blc_1 blc_2
[20:01:12] Fixed 2 duplicate /gene - rsmG_1 rsmG_2
[20:01:12] Fixed 2 duplicate /gene - pal_1 pal_2
[20:01:12] Fixed 2 duplicate /gene - manC1_1 manC1_2
[20:01:12] Fixed 2 duplicate /gene - ccmF_1 ccmF_2
[20:01:12] Fixed 2 duplicate /gene - yihP_1 yihP_2
[20:01:12] Fixed 2 duplicate /gene - cutC_1 cutC_2
[20:01:12] Fixed 2 duplicate /gene - acrR_1 acrR_2
[20:01:12] Fixed 3 duplicate /gene - btuD_1 btuD_2 btuD_3
[20:01:12] Fixed 2 duplicate /gene - papD_1 papD_2
[20:01:12] Fixed 2 duplicate /gene - oleD_1 oleD_2
[20:01:12] Fixed 3 duplicate /gene - manZ_1 manZ_2 manZ_3
[20:01:12] Fixed 2 duplicate /gene - kdgK_1 kdgK_2
[20:01:12] Fixed 3 duplicate /gene - ompD_1 ompD_2 ompD_3
[20:01:12] Fixed 2 duplicate /gene - lgoR_1 lgoR_2
[20:01:12] Fixed 2 duplicate /gene - ydiF_1 ydiF_2
[20:01:12] Fixed 2 duplicate /gene - xdhA_1 xdhA_2
[20:01:12] Fixed 2 duplicate /gene - cytR_1 cytR_2
[20:01:12] Fixed 3 duplicate /gene - pncC_1 pncC_2 pncC_3
[20:01:12] Fixed 2 duplicate /gene - caiT_1 caiT_2
[20:01:12] Fixed 2 duplicate /gene - ubiJ_1 ubiJ_2
[20:01:12] Fixed 2 duplicate /gene - sapB_1 sapB_2
[20:01:12] Fixed 2 duplicate /gene - araB_1 araB_2
[20:01:12] Fixed 2 duplicate /gene - ydhX_1 ydhX_2
[20:01:12] Fixed 2 duplicate /gene - narL_1 narL_2
[20:01:12] Fixed 2 duplicate /gene - mdh_1 mdh_2
[20:01:12] Fixed 4 duplicate /gene - fimD_1 fimD_2 fimD_3 fimD_4
[20:01:12] Fixed 2 duplicate /gene - focC_1 focC_2
[20:01:12] Fixed 2 duplicate /gene - bioD1_1 bioD1_2
[20:01:12] Fixed 3 duplicate /gene - fixB_1 fixB_2 fixB_3
[20:01:12] Fixed 2 duplicate /gene - rhtC_1 rhtC_2
[20:01:12] Fixed 5 duplicate /gene - srlR_1 srlR_2 srlR_3 srlR_4 srlR_5
[20:01:12] Fixed 2 duplicate /gene - fimH_1 fimH_2
[20:01:12] Fixed 2 duplicate /gene - gatC_1 gatC_2
[20:01:12] Fixed 2 duplicate /gene - gspA_1 gspA_2
[20:01:12] Fixed 2 duplicate /gene - btuB_1 btuB_2
[20:01:12] Fixed 6 duplicate /gene - rhaR_1 rhaR_2 rhaR_3 rhaR_4 rhaR_5 rhaR_6
[20:01:12] Fixed 2 duplicate /gene - icsA_1 icsA_2
[20:01:12] Fixed 2 duplicate /gene - intA_1 intA_2
[20:01:12] Fixed 2 duplicate /gene - rbsB_1 rbsB_2
[20:01:12] Fixed 2 duplicate /gene - bglH_1 bglH_2
[20:01:12] Fixed 2 duplicate /gene - ysdC_1 ysdC_2
[20:01:12] Fixed 2 duplicate /gene - purR_1 purR_2
[20:01:12] Fixed 2 duplicate /gene - dmsB_1 dmsB_2
[20:01:12] Fixed 2 duplicate /gene - osmY_1 osmY_2
[20:01:12] Fixed 2 duplicate /gene - dcuS_1 dcuS_2
[20:01:12] Fixed 2 duplicate /gene - mepS_1 mepS_2
[20:01:12] Fixed 2 duplicate /gene - ssuC_1 ssuC_2
[20:01:12] Fixed 2 duplicate /gene - ydfK_1 ydfK_2
[20:01:12] Fixed 2 duplicate /gene - proA_1 proA_2
[20:01:12] Fixed 5 duplicate /gene - dmlR_1 dmlR_2 dmlR_3 dmlR_4 dmlR_5
[20:01:12] Fixed 2 duplicate /gene - gstB_1 gstB_2
[20:01:12] Fixed 5 duplicate /gene - xerC_1 xerC_2 xerC_3 xerC_4 xerC_5
[20:01:12] Fixed 2 duplicate /gene - dgoK1_1 dgoK1_2
[20:01:12] Fixed 2 duplicate /gene - kduD_1 kduD_2
[20:01:12] Fixed 2 duplicate /gene - chuR_1 chuR_2
[20:01:12] Fixed 2 duplicate /gene - leuC_1 leuC_2
[20:01:12] Fixed 2 duplicate /gene - flhA_1 flhA_2
[20:01:12] Fixed 2 duplicate /gene - nagK_1 nagK_2
[20:01:12] Fixed 2 duplicate /gene - mtlA_1 mtlA_2
[20:01:12] Fixed 2 duplicate /gene - ompX_1 ompX_2
[20:01:12] Fixed 2 duplicate /gene - acrB_1 acrB_2
[20:01:12] Fixed 2 duplicate /gene - fdhF_1 fdhF_2
[20:01:12] Fixed 2 duplicate /gene - ytfJ_1 ytfJ_2
[20:01:12] Fixed 2 duplicate /gene - prs_1 prs_2
[20:01:12] Fixed 2 duplicate /gene - ndhI_1 ndhI_2
[20:01:12] Fixed 2 duplicate /gene - ydjE_1 ydjE_2
[20:01:12] Fixed 2 duplicate /gene - fdnG_1 fdnG_2
[20:01:12] Fixed 2 duplicate /gene - yhhT_1 yhhT_2
[20:01:12] Fixed 2 duplicate /gene - glpG_1 glpG_2
[20:01:12] Fixed 2 duplicate /gene - yhaJ_1 yhaJ_2
[20:01:12] Fixed 2 duplicate /gene - ybiI_1 ybiI_2
[20:01:12] Fixed 2 duplicate /gene - ydiM_1 ydiM_2
[20:01:12] Fixed 2 duplicate /gene - ygdR_1 ygdR_2
[20:01:12] Fixed 2 duplicate /gene - nanR_1 nanR_2
[20:01:12] Fixed 2 duplicate /gene - dadA_1 dadA_2
[20:01:12] Fixed 2 duplicate /gene - psuK_1 psuK_2
[20:01:12] Fixed 2 duplicate /gene - coaA_1 coaA_2
[20:01:12] Fixed 2 duplicate /gene - ydgA_1 ydgA_2
[20:01:12] Fixed 2 duplicate /gene - gntK_1 gntK_2
[20:01:12] Fixed 4 duplicate /gene - arcC1_1 arcC1_2 arcC1_3 arcC1_4
[20:01:12] Fixed 2 duplicate /gene - caiB_1 caiB_2
[20:01:12] Fixed 2 duplicate /gene - mngR_1 mngR_2
[20:01:12] Fixed 2 duplicate /gene - fryA_1 fryA_2
[20:01:12] Fixed 2 duplicate /gene - hcaR_1 hcaR_2
[20:01:12] Fixed 2 duplicate /gene - intS_1 intS_2
[20:01:12] Fixed 3 duplicate /gene - rrrD_1 rrrD_2 rrrD_3
[20:01:12] Fixed 2 duplicate /gene - dgoA_1 dgoA_2
[20:01:12] Fixed 2 duplicate /gene - aaeA_1 aaeA_2
[20:01:12] Fixed 222 colliding /gene names.
[20:01:12] Adding /locus_tag identifiers
[20:01:12] Assigned 4416 locus_tags to CDS and RNA features.
[20:01:12] Writing outputs to /mnt/c/Users/migue/OneDrive/Ambiente de Trabalho/Prokka_GCF_000017985/
[20:01:19] Generating annotation statistics file
[20:01:19] Generating Genbank and Sequin files
[20:01:19] Running: tbl2asn -V b -a r10k -l paired-ends -M n -N 1 -y 'Annotated using prokka 1.14.6 from https://github.com/tseemann/prokka' -Z \/mnt\/c\/Users\/migue\/OneDrive\/Ambiente\ de\ Trabalho\/Prokka_GCF_000017985\/Prokka_GCF_000017985\.err -i \/mnt\/c\/Users\/migue\/OneDrive\/Ambiente\ de\ Trabalho\/Prokka_GCF_000017985\/Prokka_GCF_000017985\.fsa 2> /dev/null
[20:01:26] Deleting unwanted file: /mnt/c/Users/migue/OneDrive/Ambiente de Trabalho/Prokka_GCF_000017985/errorsummary.val
[20:01:26] Deleting unwanted file: /mnt/c/Users/migue/OneDrive/Ambiente de Trabalho/Prokka_GCF_000017985/Prokka_GCF_000017985.dr
[20:01:26] Deleting unwanted file: /mnt/c/Users/migue/OneDrive/Ambiente de Trabalho/Prokka_GCF_000017985/Prokka_GCF_000017985.fixedproducts
[20:01:26] Deleting unwanted file: /mnt/c/Users/migue/OneDrive/Ambiente de Trabalho/Prokka_GCF_000017985/Prokka_GCF_000017985.ecn
[20:01:26] Deleting unwanted file: /mnt/c/Users/migue/OneDrive/Ambiente de Trabalho/Prokka_GCF_000017985/Prokka_GCF_000017985.val
[20:01:26] Repairing broken .GBK output that tbl2asn produces...
[20:01:26] Running: sed 's/COORDINATES: profile/COORDINATES:profile/' < \/mnt\/c\/Users\/migue\/OneDrive\/Ambiente\ de\ Trabalho\/Prokka_GCF_000017985\/Prokka_GCF_000017985\.gbf > \/mnt\/c\/Users\/migue\/OneDrive\/Ambiente\ de\ Trabalho\/Prokka_GCF_000017985\/Prokka_GCF_000017985\.gbk
[20:01:27] Deleting unwanted file: /mnt/c/Users/migue/OneDrive/Ambiente de Trabalho/Prokka_GCF_000017985/Prokka_GCF_000017985.gbf
[20:01:27] Output files:
[20:01:27] /mnt/c/Users/migue/OneDrive/Ambiente de Trabalho/Prokka_GCF_000017985/Prokka_GCF_000017985.err
[20:01:27] /mnt/c/Users/migue/OneDrive/Ambiente de Trabalho/Prokka_GCF_000017985/Prokka_GCF_000017985.faa
[20:01:27] /mnt/c/Users/migue/OneDrive/Ambiente de Trabalho/Prokka_GCF_000017985/Prokka_GCF_000017985.ffn
[20:01:27] /mnt/c/Users/migue/OneDrive/Ambiente de Trabalho/Prokka_GCF_000017985/Prokka_GCF_000017985.fna
[20:01:27] /mnt/c/Users/migue/OneDrive/Ambiente de Trabalho/Prokka_GCF_000017985/Prokka_GCF_000017985.fsa
[20:01:27] /mnt/c/Users/migue/OneDrive/Ambiente de Trabalho/Prokka_GCF_000017985/Prokka_GCF_000017985.gbk
[20:01:27] /mnt/c/Users/migue/OneDrive/Ambiente de Trabalho/Prokka_GCF_000017985/Prokka_GCF_000017985.gff
[20:01:27] /mnt/c/Users/migue/OneDrive/Ambiente de Trabalho/Prokka_GCF_000017985/Prokka_GCF_000017985.log
[20:01:27] /mnt/c/Users/migue/OneDrive/Ambiente de Trabalho/Prokka_GCF_000017985/Prokka_GCF_000017985.sqn
[20:01:27] /mnt/c/Users/migue/OneDrive/Ambiente de Trabalho/Prokka_GCF_000017985/Prokka_GCF_000017985.tbl
[20:01:27] /mnt/c/Users/migue/OneDrive/Ambiente de Trabalho/Prokka_GCF_000017985/Prokka_GCF_000017985.tsv
[20:01:27] /mnt/c/Users/migue/OneDrive/Ambiente de Trabalho/Prokka_GCF_000017985/Prokka_GCF_000017985.txt
[20:01:27] Annotation finished successfully.
[20:01:27] Walltime used: 1.88 minutes
[20:01:27] If you use this result please cite the Prokka paper:
[20:01:27] Seemann T (2014) Prokka: rapid prokaryotic genome annotation. Bioinformatics. 30(14):2068-9.
[20:01:27] Type 'prokka --citation' for more details.
[20:01:27] Share and enjoy!
