[19:42:23] This is prokka 1.14.6
[19:42:23] Written by Torsten Seemann <torsten.seemann@gmail.com>
[19:42:23] Homepage is https://github.com/tseemann/prokka
[19:42:23] Local time is Sun Jan  5 19:42:23 2025
[19:42:23] You are miguelbalexandre
[19:42:23] Operating system is linux
[19:42:23] You have BioPerl 1.7.8
[19:42:23] System has 16 cores.
[19:42:23] Will use maximum of 8 cores.
[19:42:23] Annotating as >>> Bacteria <<<
[19:42:23] Generating locus_tag from '/mnt/c/Users/migue/Downloads/Dados_Prokka/GCF_000332755.fasta' contents.
[19:42:23] Setting --locustag OLKCMBIJ from MD5 854c6b23a18f72fc9141ec39e7a9ef3c
[19:42:23] Creating new output folder: /mnt/c/Users/migue/OneDrive/Ambiente de Trabalho/Prokka_GCF_000332755
[19:42:23] Running: mkdir -p \/mnt\/c\/Users\/migue\/OneDrive\/Ambiente\ de\ Trabalho\/Prokka_GCF_000332755
[19:42:23] Using filename prefix: Prokka_GCF_000332755.XXX
[19:42:23] Setting HMMER_NCPU=1
[19:42:23] Writing log to: /mnt/c/Users/migue/OneDrive/Ambiente de Trabalho/Prokka_GCF_000332755/Prokka_GCF_000332755.log
[19:42:23] Command: /home/miguelbalexandre/miniconda3/envs/prokka_env/bin/prokka --outdir /mnt/c/Users/migue/OneDrive/Ambiente de Trabalho/Prokka_GCF_000332755 --prefix Prokka_GCF_000332755 /mnt/c/Users/migue/Downloads/Dados_Prokka/GCF_000332755.fasta
[19:42:23] Appending to PATH: /home/miguelbalexandre/miniconda3/envs/prokka_env/bin
[19:42:23] Looking for 'aragorn' - found /home/miguelbalexandre/miniconda3/envs/prokka_env/bin/aragorn
[19:42:23] Determined aragorn version is 001002 from 'ARAGORN v1.2.41 Dean Laslett'
[19:42:23] Looking for 'barrnap' - found /home/miguelbalexandre/miniconda3/envs/prokka_env/bin/barrnap
[19:42:23] Determined barrnap version is 000009 from 'barrnap 0.9'
[19:42:23] Looking for 'blastp' - found /home/miguelbalexandre/miniconda3/envs/prokka_env/bin/blastp
[19:42:23] Determined blastp version is 002016 from 'blastp: 2.16.0+'
[19:42:23] Looking for 'cmpress' - found /home/miguelbalexandre/miniconda3/envs/prokka_env/bin/cmpress
[19:42:23] Determined cmpress version is 001001 from '# INFERNAL 1.1.5 (Sep 2023)'
[19:42:23] Looking for 'cmscan' - found /home/miguelbalexandre/miniconda3/envs/prokka_env/bin/cmscan
[19:42:23] Determined cmscan version is 001001 from '# INFERNAL 1.1.5 (Sep 2023)'
[19:42:23] Looking for 'egrep' - found /usr/bin/egrep
[19:42:23] Looking for 'find' - found /usr/bin/find
[19:42:23] Looking for 'grep' - found /usr/bin/grep
[19:42:23] Looking for 'hmmpress' - found /home/miguelbalexandre/miniconda3/envs/prokka_env/bin/hmmpress
[19:42:23] Determined hmmpress version is 003004 from '# HMMER 3.4 (Aug 2023); http://hmmer.org/'
[19:42:23] Looking for 'hmmscan' - found /home/miguelbalexandre/miniconda3/envs/prokka_env/bin/hmmscan
[19:42:23] Determined hmmscan version is 003004 from '# HMMER 3.4 (Aug 2023); http://hmmer.org/'
[19:42:23] Looking for 'java' - found /home/miguelbalexandre/miniconda3/envs/prokka_env/bin/java
[19:42:23] Looking for 'makeblastdb' - found /home/miguelbalexandre/miniconda3/envs/prokka_env/bin/makeblastdb
[19:42:24] Determined makeblastdb version is 002016 from 'makeblastdb: 2.16.0+'
[19:42:24] Looking for 'minced' - found /home/miguelbalexandre/miniconda3/envs/prokka_env/bin/minced
[19:42:24] Determined minced version is 004002 from 'minced 0.4.2'
[19:42:24] Looking for 'parallel' - found /home/miguelbalexandre/miniconda3/envs/prokka_env/bin/parallel
[19:42:24] Determined parallel version is 20241122 from 'GNU parallel 20241122'
[19:42:24] Looking for 'prodigal' - found /home/miguelbalexandre/miniconda3/envs/prokka_env/bin/prodigal
[19:42:24] Determined prodigal version is 002006 from 'Prodigal V2.6.3: February, 2016'
[19:42:24] Looking for 'prokka-genbank_to_fasta_db' - found /home/miguelbalexandre/miniconda3/envs/prokka_env/bin/prokka-genbank_to_fasta_db
[19:42:24] Looking for 'sed' - found /usr/bin/sed
[19:42:24] Looking for 'tbl2asn' - found /home/miguelbalexandre/miniconda3/envs/prokka_env/bin/tbl2asn
[19:42:24] Determined tbl2asn version is 025007 from 'tbl2asn 25.7   arguments:'
[19:42:24] Using genetic code table 11.
[19:42:24] Loading and checking input file: /mnt/c/Users/migue/Downloads/Dados_Prokka/GCF_000332755.fasta
[19:42:24] Wrote 1 contigs totalling 4798435 bp.
[19:42:24] Predicting tRNAs and tmRNAs
[19:42:24] Running: aragorn -l -gc11  -w \/mnt\/c\/Users\/migue\/OneDrive\/Ambiente\ de\ Trabalho\/Prokka_GCF_000332755\/Prokka_GCF_000332755\.fna
[19:42:26] 1 tRNA-Ile [135261,135337] 35 (gat)
[19:42:26] 2 tRNA-Thr [142160,142235] 34 (tgt)
[19:42:26] 3 tRNA-Tyr [142244,142328] 35 (gta)
[19:42:26] 4 tRNA-Gly [142445,142519] 34 (tcc)
[19:42:26] 5 tRNA-Thr [142526,142601] 34 (ggt)
[19:42:26] 6 tRNA-Ile [176509,176585] 35 (gat)
[19:42:26] 7 tRNA-Ala [176628,176703] 34 (tgc)
[19:42:26] 8 tRNA-Phe c[352315,352390] 34 (gaa)
[19:42:26] 9 tRNA-Gly [381558,381633] 34 (gcc)
[19:42:26] 10 tRNA-Gly [381670,381745] 34 (gcc)
[19:42:26] 11 tRNA-Gly [381781,381856] 34 (gcc)
[19:42:26] 12 tRNA-Leu [494603,494687] 35 (caa)
[19:42:26] 13 tRNA-Leu c[625544,625630] 35 (cag)
[19:42:26] 14 tRNA-Leu c[625665,625751] 35 (cag)
[19:42:26] 15 tRNA-Leu c[625780,625866] 35 (cag)
[19:42:26] 16 tRNA-Ile [925918,925994] 35 (gat)
[19:42:26] 17 tRNA-Ala [926037,926112] 34 (tgc)
[19:42:26] 18 tRNA-Asp [929466,929542] 35 (gtc)
[19:42:26] 19 tRNA-Asp [937690,937766] 35 (gtc)
[19:42:26] 20 tRNA-Thr [967115,967190] 34 (cgt)
[19:42:26] 21 tRNA-Ser [1059650,1059730] 38 (gga)
[19:42:26] 22 tRNA-Arg [1269629,1269705] 35 (tct)
[19:42:26] 23 tRNA-Gln c[1416965,1417039] 33 (ctg)
[19:42:26] 24 tRNA-Gln c[1417077,1417151] 33 (ctg)
[19:42:26] 25 tRNA-Met c[1417200,1417276] 35 (cat)
[19:42:26] 26 tRNA-Gln c[1417292,1417366] 33 (ttg)
[19:42:26] 27 tRNA-Gln c[1417401,1417475] 33 (ttg)
[19:42:26] 28 tRNA-Leu c[1417499,1417583] 35 (tag)
[19:42:26] 29 tRNA-Met c[1417592,1417668] 35 (cat)
[19:42:26] 30 tRNA-Lys [1498662,1498737] 34 (ttt)
[19:42:26] 31 tRNA-Val [1498873,1498948] 34 (tac)
[19:42:26] 32 tRNA-Lys [1498951,1499026] 34 (ttt)
[19:42:26] 33 tRNA-Val [1499176,1499251] 34 (tac)
[19:42:26] 34 tRNA-Lys [1499255,1499330] 34 (ttt)
[19:42:26] 35 tRNA-Lys [1499477,1499552] 34 (ttt)
[19:42:26] 36 tRNA-Lys [1499586,1499661] 34 (ttt)
[19:42:26] 37 tRNA-Ser c[1681051,1681138] 35 (gga)
[19:42:26] 38 tRNA-Ser c[1818869,1818956] 35 (tga)
[19:42:26] 39 tRNA-Ser c[1883626,1883713] 35 (gga)
[19:42:26] 40 tRNA-Tyr c[2058554,2058638] 35 (gta)
[19:42:26] 41 tRNA-Tyr c[2058673,2058757] 35 (gta)
[19:42:26] 42 tRNA-Val [2504378,2504454] 35 (gac)
[19:42:26] 43 tRNA-Val [2504459,2504535] 35 (gac)
[19:42:26] 44 tRNA-Leu c[2739960,2740046] 35 (taa)
[19:42:26] 45 tRNA-Cys c[2740059,2740132] 33 (gca)
[19:42:26] 46 tRNA-Gly c[2740187,2740262] 34 (gcc)
[19:42:26] 47 tRNA-Ser c[2796075,2796164] 35 (cga)
[19:42:26] 48 tRNA-Asn [2797156,2797231] 34 (gtt)
[19:42:26] 49 tRNA-Asn c[2822216,2822291] 34 (gtt)
[19:42:26] 50 tRNA-Asn [2824040,2824115] 34 (gtt)
[19:42:26] 51 tRNA-Asn [2826449,2826524] 34 (gtt)
[19:42:26] 52 tRNA-Pro [3037935,3038011] 35 (ggg)
[19:42:26] 53 tRNA-Arg [3227421,3227495] 34 (cct)
[19:42:26] 54 tRNA-Ala c[3270787,3270862] 34 (ggc)
[19:42:26] 55 tRNA-Ala c[3270902,3270977] 34 (ggc)
[19:42:26] 56 tRNA-Val [3273677,3273752] 34 (tac)
[19:42:26] 57 tRNA-Val [3273797,3273872] 34 (tac)
[19:42:26] 58 tRNA-Val [3273919,3273994] 34 (tac)
[19:42:26] 59 tRNA-Lys [3273999,3274074] 34 (ttt)
[19:42:26] 60 tRNA-Ala c[3473886,3473961] 34 (tgc)
[19:42:26] 61 tRNA-Ile c[3474004,3474080] 35 (gat)
[19:42:26] 62 tmRNA [3500015,3500377] 90,125 ANDENYALAA**
[19:42:26] 63 tRNA-Arg c[3548076,3548152] 35 (acg)
[19:42:26] 64 tRNA-Arg c[3548351,3548427] 35 (acg)
[19:42:26] 65 tRNA-Arg c[3548491,3548567] 35 (acg)
[19:42:26] 66 tRNA-Arg [3548750,3548821] 34 (tcg)
[19:42:26] 67 tRNA-Arg c[3548765,3548841] 35 (acg)
[19:42:26] 68 tRNA-Ser c[3548845,3548937] 35 (gct)
[19:42:26] 69 tRNA-Met [3679581,3679657] 35 (cat)
[19:42:26] 70 tRNA-Met [3679691,3679767] 35 (cat)
[19:42:26] 71 tRNA-Met [3679801,3679877] 35 (cat)
[19:42:26] 72 tRNA-Gly c[3743241,3743314] 33 (ccc)
[19:42:26] 73 tRNA-Phe [3858714,3858789] 34 (gaa)
[19:42:26] 74 tRNA-Met [3975590,3975665] 34 (cat)
[19:42:26] 75 tRNA-Met c[4086957,4087033] 35 (cat)
[19:42:26] 76 tRNA-Leu c[4090816,4090902] 35 (gag)
[19:42:26] 77 tRNA-Thr c[4185017,4185092] 34 (ggt)
[19:42:26] 78 tRNA-Ala c[4188405,4188480] 34 (tgc)
[19:42:26] 79 tRNA-Ile c[4188523,4188599] 35 (gat)
[19:42:26] 80 tRNA-Pro c[4465165,4465241] 35 (cgg)
[19:42:26] 81 tRNA-SeC [4595913,4596007] 35 (tca)
[19:42:26] 82 tRNA-Ile [4708379,4708455] 35 (gat)
[19:42:26] 83 tRNA-Ala [4708498,4708573] 34 (tgc)
[19:42:26] 84 tRNA-Asp [4711927,4712003] 35 (gtc)
[19:42:26] 85 tRNA-Trp [4712012,4712087] 34 (cca)
[19:42:26] 86 tRNA-Arg [4747373,4747449] 35 (ccg)
[19:42:26] 87 tRNA-His [4747508,4747583] 34 (gtg)
[19:42:26] 88 tRNA-Leu [4747604,4747690] 35 (cag)
[19:42:26] 89 tRNA-Pro [4747733,4747809] 35 (tgg)
[19:42:26] Found 89 tRNAs
[19:42:26] Predicting Ribosomal RNAs
[19:42:26] Running Barrnap with 8 threads
[19:42:27] 1 NC_020163.1 133653 16S ribosomal RNA
[19:42:27] 2 NC_020163.1 135581 23S ribosomal RNA
[19:42:27] 3 NC_020163.1 138581 5S ribosomal RNA
[19:42:27] 4 NC_020163.1 174901 16S ribosomal RNA
[19:42:27] 5 NC_020163.1 176889 23S ribosomal RNA
[19:42:27] 6 NC_020163.1 179889 5S ribosomal RNA
[19:42:27] 7 NC_020163.1 924310 16S ribosomal RNA
[19:42:27] 8 NC_020163.1 926298 23S ribosomal RNA
[19:42:27] 9 NC_020163.1 929298 5S ribosomal RNA
[19:42:27] 10 NC_020163.1 3470591 5S ribosomal RNA
[19:42:27] 11 NC_020163.1 3470800 23S ribosomal RNA
[19:42:27] 12 NC_020163.1 3474150 16S ribosomal RNA
[19:42:27] 13 NC_020163.1 4184865 5S ribosomal RNA
[19:42:27] 14 NC_020163.1 4185110 5S ribosomal RNA
[19:42:27] 15 NC_020163.1 4185319 23S ribosomal RNA
[19:42:27] 16 NC_020163.1 4188669 16S ribosomal RNA
[19:42:27] 17 NC_020163.1 4706771 16S ribosomal RNA
[19:42:27] 18 NC_020163.1 4708759 23S ribosomal RNA
[19:42:27] 19 NC_020163.1 4711759 5S ribosomal RNA
[19:42:27] Found 19 rRNAs
[19:42:27] Skipping ncRNA search, enable with --rfam if desired.
[19:42:27] Total of 107 tRNA + rRNA features
[19:42:27] Searching for CRISPR repeats
[19:42:28] CRISPR1 NC_020163.1 3609809 with 10 spacers
[19:42:28] CRISPR2 NC_020163.1 3636085 with 9 spacers
[19:42:28] Found 2 CRISPRs
[19:42:28] Predicting coding sequences
[19:42:28] Contigs total 4798435 bp, so using single mode
[19:42:28] Running: prodigal -i \/mnt\/c\/Users\/migue\/OneDrive\/Ambiente\ de\ Trabalho\/Prokka_GCF_000332755\/Prokka_GCF_000332755\.fna -c -m -g 11 -p single -f sco -q
[19:42:33] Excluding CDS which overlaps existing RNA (rRNA) at NC_020163.1:134838..135092 on + strand
[19:42:33] Excluding CDS which overlaps existing RNA (rRNA) at NC_020163.1:176086..176340 on + strand
[19:42:33] Excluding CDS which overlaps existing RNA (rRNA) at NC_020163.1:925495..925749 on + strand
[19:42:34] Excluding CDS which overlaps existing RNA (tRNA) at NC_020163.1:2058375..2058821 on + strand
[19:42:35] Excluding CDS which overlaps existing RNA (rRNA) at NC_020163.1:3474249..3474503 on - strand
[19:42:36] Excluding CDS which overlaps existing RNA (repeat_region) at NC_020163.1:3636081..3636545 on + strand
[19:42:36] Excluding CDS which overlaps existing RNA (tRNA) at NC_020163.1:4184940..4185263 on + strand
[19:42:36] Excluding CDS which overlaps existing RNA (rRNA) at NC_020163.1:4188768..4189022 on - strand
[19:42:36] Excluding CDS which overlaps existing RNA (tRNA) at NC_020163.1:4464745..4465290 on + strand
[19:42:36] Excluding CDS which overlaps existing RNA (rRNA) at NC_020163.1:4707956..4708210 on + strand
[19:42:36] Found 4507 CDS
[19:42:36] Connecting features back to sequences
[19:42:36] Not using genus-specific database. Try --usegenus to enable it.
[19:42:36] Annotating CDS, please be patient.
[19:42:36] Will use 8 CPUs for similarity searching.
[19:42:39] There are still 4507 unannotated CDS left (started with 4507)
[19:42:39] Will use blast to search against /home/miguelbalexandre/miniconda3/envs/prokka_env/db/kingdom/Bacteria/IS with 8 CPUs
[19:42:39] Running: cat \/mnt\/c\/Users\/migue\/OneDrive\/Ambiente\ de\ Trabalho\/Prokka_GCF_000332755\/Prokka_GCF_000332755\.IS\.tmp\.17802\.faa | parallel --gnu --plain -j 8 --block 89629 --recstart '>' --pipe blastp -query - -db /home/miguelbalexandre/miniconda3/envs/prokka_env/db/kingdom/Bacteria/IS -evalue 1e-30 -qcov_hsp_perc 90 -num_threads 1 -num_descriptions 1 -num_alignments 1 -seg no > \/mnt\/c\/Users\/migue\/OneDrive\/Ambiente\ de\ Trabalho\/Prokka_GCF_000332755\/Prokka_GCF_000332755\.IS\.tmp\.17802\.blast 2> /dev/null
[19:42:53] Deleting unwanted file: /mnt/c/Users/migue/OneDrive/Ambiente de Trabalho/Prokka_GCF_000332755/Prokka_GCF_000332755.IS.tmp.17802.faa
[19:42:53] Deleting unwanted file: /mnt/c/Users/migue/OneDrive/Ambiente de Trabalho/Prokka_GCF_000332755/Prokka_GCF_000332755.IS.tmp.17802.blast
[19:42:55] There are still 4468 unannotated CDS left (started with 4507)
[19:42:55] Will use blast to search against /home/miguelbalexandre/miniconda3/envs/prokka_env/db/kingdom/Bacteria/AMR with 8 CPUs
[19:42:55] Running: cat \/mnt\/c\/Users\/migue\/OneDrive\/Ambiente\ de\ Trabalho\/Prokka_GCF_000332755\/Prokka_GCF_000332755\.AMR\.tmp\.17802\.faa | parallel --gnu --plain -j 8 --block 88976 --recstart '>' --pipe blastp -query - -db /home/miguelbalexandre/miniconda3/envs/prokka_env/db/kingdom/Bacteria/AMR -evalue 1e-300 -qcov_hsp_perc 90 -num_threads 1 -num_descriptions 1 -num_alignments 1 -seg no > \/mnt\/c\/Users\/migue\/OneDrive\/Ambiente\ de\ Trabalho\/Prokka_GCF_000332755\/Prokka_GCF_000332755\.AMR\.tmp\.17802\.blast 2> /dev/null
[19:43:03] Deleting unwanted file: /mnt/c/Users/migue/OneDrive/Ambiente de Trabalho/Prokka_GCF_000332755/Prokka_GCF_000332755.AMR.tmp.17802.faa
[19:43:03] Deleting unwanted file: /mnt/c/Users/migue/OneDrive/Ambiente de Trabalho/Prokka_GCF_000332755/Prokka_GCF_000332755.AMR.tmp.17802.blast
[19:43:06] There are still 4468 unannotated CDS left (started with 4507)
[19:43:06] Will use blast to search against /home/miguelbalexandre/miniconda3/envs/prokka_env/db/kingdom/Bacteria/sprot with 8 CPUs
[19:43:06] Running: cat \/mnt\/c\/Users\/migue\/OneDrive\/Ambiente\ de\ Trabalho\/Prokka_GCF_000332755\/Prokka_GCF_000332755\.sprot\.tmp\.17802\.faa | parallel --gnu --plain -j 8 --block 88976 --recstart '>' --pipe blastp -query - -db /home/miguelbalexandre/miniconda3/envs/prokka_env/db/kingdom/Bacteria/sprot -evalue 1e-09 -qcov_hsp_perc 80 -num_threads 1 -num_descriptions 1 -num_alignments 1 -seg no > \/mnt\/c\/Users\/migue\/OneDrive\/Ambiente\ de\ Trabalho\/Prokka_GCF_000332755\/Prokka_GCF_000332755\.sprot\.tmp\.17802\.blast 2> /dev/null
[19:43:55] Modify product: UPF0253 protein YaeP => hypothetical protein
[19:43:55] Modify product: Uncharacterized protein YaeQ => putative protein YaeQ
[19:43:55] Modify product: Uncharacterized methyltransferase YcgJ => putative methyltransferase YcgJ
[19:43:55] Modify product: Uncharacterized N-acetyltransferase YafP => putative N-acetyltransferase YafP
[19:43:55] Modify product: UPF0255 protein VV1_0328 => hypothetical protein
[19:43:55] Modify product: Uncharacterized HTH-type transcriptional regulator CBU_1416 => putative HTH-type transcriptional regulator
[19:43:55] Modify product: Prophage tail fiber assembly protein homolog TfaE => Prophage tail fiber assembly protein TfaE
[19:43:55] Modify product: Probable fimbrial chaperone EcpE => putative fimbrial chaperone EcpE
[19:43:55] Modify product: Probable outer membrane usher protein EcpC => putative outer membrane usher protein EcpC
[19:43:55] Modify product: Probable fimbrial chaperone EcpB => putative fimbrial chaperone EcpB
[19:43:55] Modify product: Uncharacterized membrane protein YkgR => putative membrane protein YkgR
[19:43:55] Modify product: Probable pyridine nucleotide-disulfide oxidoreductase RclA => putative pyridine nucleotide-disulfide oxidoreductase RclA
[19:43:55] Modify product: Uncharacterized HTH-type transcriptional regulator YahB => putative HTH-type transcriptional regulator YahB
[19:43:55] Modify product: Uncharacterized transporter YycB => putative transporter YycB
[19:43:55] Modify product: Probable diguanylate cyclase DgcC => putative diguanylate cyclase DgcC
[19:43:55] Modify product: UPF0178 protein YaiI => hypothetical protein
[19:43:55] Modify product: Uncharacterized protein YaiA => putative protein YaiA
[19:43:55] Modify product: Uncharacterized lipoprotein YajI => putative lipoprotein YajI
[19:43:55] Modify product: UPF0234 protein YajQ => hypothetical protein
[19:43:55] Modify product: Uncharacterized protein HI_1008 => putative protein
[19:43:55] Modify product: Probable multidrug resistance ABC transporter ATP-binding/permease protein YheI => putative multidrug resistance ABC transporter ATP-binding/permease protein YheI
[19:43:55] Modify product: Uncharacterized lipoprotein YbaY => putative lipoprotein YbaY
[19:43:55] Modify product: Uncharacterized protein YbaA => putative protein YbaA
[19:43:55] Modify product: Probable cyclic di-GMP phosphodiesterase PdeB => putative cyclic di-GMP phosphodiesterase PdeB
[19:43:55] Modify product: Probable transcriptional regulator PhnF => putative transcriptional regulator PhnF
[19:43:55] Modify product: Uncharacterized protein YjdJ => putative protein YjdJ
[19:43:55] Modify product: Probable cadaverine/lysine antiporter => putative cadaverine/lysine antiporter
[19:43:55] Modify product: UPF0716 protein FxsA => hypothetical protein
[19:43:55] Modify product: UPF0719 inner membrane protein YjfL => hypothetical protein
[19:43:55] Modify product: Probable L-ascorbate-6-phosphate lactonase UlaG => putative L-ascorbate-6-phosphate lactonase UlaG
[19:43:55] Modify product: Solute-binding protein Bamb_6123 => Solute-binding protein
[19:43:55] Modify product: Uncharacterized protein YtfJ => putative protein YtfJ
[19:43:55] Modify product: UPF0053 inner membrane protein YtfL => hypothetical protein
[19:43:55] Modify product: UPF0307 protein YjgA => hypothetical protein
[19:43:55] Modify product: Uncharacterized protein YjgL => putative protein YjgL
[19:43:55] Modify product: Uncharacterized protein YjgL => putative protein YjgL
[19:43:55] Modify product: Uncharacterized oxidoreductase YjhC => putative oxidoreductase YjhC
[19:43:55] Modify product: Uncharacterized protein YthA => putative protein YthA
[19:43:55] Modify product: Probable RNA polymerase sigma factor FecI => putative RNA polymerase sigma factor FecI
[19:43:55] Modify product: Probable 2-dehydro-3-deoxy-D-pentonate aldolase YjhH => putative 2-dehydro-3-deoxy-D-pentonate aldolase YjhH
[19:43:55] Modify product: Uncharacterized protein YjhP => putative protein YjhP
[19:43:55] Modify product: Probable 9-O-acetyl-N-acetylneuraminic acid deacetylase => putative 9-O-acetyl-N-acetylneuraminic acid deacetylase
[19:43:55] Modify product: Probable N-acetylneuraminic acid outer membrane channel protein NanC => putative N-acetylneuraminic acid outer membrane channel protein NanC
[19:43:55] Modify product: Probable major fimbrial subunit LpfA => putative major fimbrial subunit LpfA
[19:43:55] Modify product: Probable RNA 2'-phosphotransferase => putative RNA 2'-phosphotransferase
[19:43:55] Modify product: Uncharacterized protein YjiK => putative protein YjiK
[19:43:55] Modify product: Probable L-galactonate transporter => putative L-galactonate transporter
[19:43:55] Modify product: Probable HTH-type transcriptional regulator LgoR => putative HTH-type transcriptional regulator LgoR
[19:43:55] Modify product: UPF0319 protein HI_1681 => hypothetical protein
[19:43:55] Modify product: Uncharacterized protein YccU => putative protein YccU
[19:43:55] Modify product: Probable Ni/Fe-hydrogenase 1 B-type cytochrome subunit => putative Ni/Fe-hydrogenase 1 B-type cytochrome subunit
[19:43:55] Modify product: Uncharacterized lipoprotein GfcB => putative lipoprotein GfcB
[19:43:55] Modify product: Uncharacterized protein YccJ => putative protein YccJ
[19:43:55] Modify product: Probable malonic semialdehyde reductase RutE => putative malonic semialdehyde reductase RutE
[19:43:55] Modify product: Probable diguanylate cyclase DgcT => putative diguanylate cyclase DgcT
[19:43:55] Modify product: Probable phosphatase YcdX => putative phosphatase YcdX
[19:43:55] Modify product: Uncharacterized protein YmdA => putative protein YmdA
[19:43:55] Modify product: UPF0176 protein YceA => hypothetical protein
[19:43:55] Modify product: Cytochrome b561 homolog 2 => Cytochrome b561 
[19:43:55] Modify product: Uncharacterized protein YceO => putative protein YceO
[19:43:55] Modify product: Uncharacterized lipoprotein YceB => putative lipoprotein YceB
[19:43:55] Modify product: UPF0502 protein YceH => hypothetical protein
[19:43:55] Modify product: Uncharacterized metal-dependent hydrolase YcfH => putative metal-dependent hydrolase YcfH
[19:43:55] Modify product: UPF0227 protein YcfP => hypothetical protein
[19:43:55] Modify product: Probable L,D-transpeptidase YcfS => putative L,D-transpeptidase YcfS
[19:43:56] Modify product: Uncharacterized protein YdfO => putative protein YdfO
[19:43:56] Modify product: Probable two-component-system connector protein YcgZ => putative two-component-system connector protein YcgZ
[19:43:56] Modify product: Probable two-component-system connector protein AriR => putative two-component-system connector protein AriR
[19:43:56] Modify product: Uncharacterized protein YmgC => putative protein YmgC
[19:43:56] Modify product: Probable cyclic di-GMP phosphodiesterase PdeG => putative cyclic di-GMP phosphodiesterase PdeG
[19:43:56] Modify product: Uncharacterized protein YmgD => putative protein YmgD
[19:43:56] Modify product: UPF0757 protein YmgG => hypothetical protein
[19:43:56] Modify product: Probable autotransporter ROD_p1121 => putative autotransporter
[19:43:56] Modify product: Uncharacterized protein YcgM => putative protein YcgM
[19:43:56] Modify product: UPF0225 protein YchJ => hypothetical protein
[19:43:56] Modify product: Uncharacterized NTE family protein Rv1063c => putative NTE family protein
[19:43:56] Modify product: UPF0056 inner membrane protein MarC => hypothetical protein
[19:43:56] Modify product: UPF0263 protein YciU => hypothetical protein
[19:43:56] Modify product: Uncharacterized acyl-CoA thioester hydrolase HI_0827 => putative acyl-CoA thioester hydrolase
[19:43:56] Modify product: Probable intracellular septation protein A => putative intracellular septation protein A
[19:43:56] Modify product: UPF0259 membrane protein YciC => hypothetical protein
[19:43:56] Modify product: Uncharacterized protein YciO => putative protein YciO
[19:43:56] Modify product: Uncharacterized oxidoreductase YciK => putative oxidoreductase YciK
[19:43:56] Modify product: Probable protease SohB => putative protease SohB
[19:43:56] Modify product: Uncharacterized protein YciH => putative protein YciH
[19:43:56] Modify product: UPF0509 protein YciZ => hypothetical protein
[19:43:56] Modify product: UPF0442 protein YjjB => hypothetical protein
[19:43:56] Modify product: Prophage tail fiber assembly protein homolog TfaE => Prophage tail fiber assembly protein TfaE
[19:43:56] Modify product: Uncharacterized metal-dependent hydrolase YjjV => putative metal-dependent hydrolase YjjV
[19:43:56] Modify product: Uncharacterized protein YjjI => putative protein YjjI
[19:43:56] Modify product: Probable inner membrane protein Smp => putative inner membrane protein Smp
[19:43:56] Modify product: Probable peptidoglycan glycosyltransferase FtsW => putative peptidoglycan glycosyltransferase FtsW
[19:43:56] Modify product: UPF0231 protein YacL => hypothetical protein
[19:43:56] Modify product: Uncharacterized ABC transporter ATP-binding protein YadG => putative ABC transporter ATP-binding protein YadG
[19:43:56] Modify product: Uncharacterized fimbrial-like protein YadC => putative fimbrial-like protein YadC
[19:43:56] Modify product: Uncharacterized fimbrial-like protein YadK => putative fimbrial-like protein YadK
[19:43:56] Modify product: Uncharacterized fimbrial-like protein YadL => putative fimbrial-like protein YadL
[19:43:56] Modify product: Uncharacterized fimbrial-like protein YadM => putative fimbrial-like protein YadM
[19:43:56] Modify product: Probable fimbrial chaperone YadV => putative fimbrial chaperone YadV
[19:43:56] Modify product: Uncharacterized fimbrial-like protein YadN => putative fimbrial-like protein YadN
[19:43:56] Modify product: UPF0126 inner membrane protein YadS => hypothetical protein
[19:43:56] Modify product: Probable acyltransferase YihG => putative acyltransferase YihG
[19:43:56] Modify product: Probable GTP-binding protein EngB => putative GTP-binding protein EngB
[19:43:56] Modify product: Uncharacterized protein YshB => putative protein YshB
[19:43:56] Modify product: Uncharacterized protein YihR => putative protein YihR
[19:43:56] Modify product: UPF0761 membrane protein YihY => hypothetical protein
[19:43:56] Modify product: UPF0381 protein YiiS => hypothetical protein
[19:43:56] Modify product: Probable cystine transporter YijE => putative cystine transporter YijE
[19:43:56] Modify product: Probable L-galactonate transporter => putative L-galactonate transporter
[19:43:56] Modify product: Uncharacterized protein HI_0431 => putative protein
[19:43:56] Modify product: Uncharacterized lipoprotein GfcB => putative lipoprotein GfcB
[19:43:56] Modify product: UPF0337 protein YjbJ => hypothetical protein
[19:43:56] Modify product: Uncharacterized protein YjbR => putative protein YjbR
[19:43:56] Modify product: Probable cyclic di-GMP phosphodiesterase PdeC => putative cyclic di-GMP phosphodiesterase PdeC
[19:43:56] Modify product: Uncharacterized ferredoxin-like protein YdhX => putative ferredoxin-like protein YdhX
[19:43:56] Modify product: Uncharacterized protein YdfO => putative protein YdfO
[19:43:56] Modify product: UPF0098 protein YbhB => hypothetical protein
[19:43:56] Modify product: Probable multidrug ABC transporter permease YbhR => putative multidrug ABC transporter permease YbhR
[19:43:56] Modify product: Probable multidrug ABC transporter permease YbhS => putative multidrug ABC transporter permease YbhS
[19:43:56] Modify product: Probable multidrug ABC transporter ATP-binding protein YbhF => putative multidrug ABC transporter ATP-binding protein YbhF
[19:43:56] Modify product: UPF0194 membrane protein YbhG => hypothetical protein
[19:43:56] Modify product: Uncharacterized protein YbiB => putative protein YbiB
[19:43:56] Modify product: Uncharacterized protein YbiI => putative protein YbiI
[19:43:56] Modify product: PKHD-type hydroxylase Sbal_3634 => PKHD-type hydroxylase
[19:43:56] Modify product: Uncharacterized protein McbA => putative protein McbA
[19:43:56] Modify product: Probable L,D-transpeptidase YbiS => putative L,D-transpeptidase YbiS
[19:43:56] Modify product: Uncharacterized ABC transporter ATP-binding protein YbiT => putative ABC transporter ATP-binding protein YbiT
[19:43:56] Modify product: Uncharacterized protein YbiU => putative protein YbiU
[19:43:56] Modify product: Probable cyclic di-GMP phosphodiesterase PdeI => putative cyclic di-GMP phosphodiesterase PdeI
[19:43:56] Modify product: Uncharacterized protein YbiI => putative protein YbiI
[19:43:56] Modify product: Uncharacterized protein YbjN => putative protein YbjN
[19:43:56] Modify product: Uncharacterized lipoprotein YbjP => putative lipoprotein YbjP
[19:43:56] Modify product: UPF0145 protein YbjQ => hypothetical protein
[19:43:56] Modify product: Probable hydrolase YcaC => putative hydrolase YcaC
[19:43:56] Modify product: Uncharacterized MFS-type transporter YcaD => putative MFS-type transporter YcaD
[19:43:56] Modify product: Probable formate transporter 1 => putative formate transporter 1
[19:43:56] Modify product: UPF0434 protein YcaR => hypothetical protein
[19:43:56] Modify product: Probable L,D-transpeptidase YcbB => putative L,D-transpeptidase YcbB
[19:43:56] Modify product: Probable fimbrial chaperone protein ElfD => putative fimbrial chaperone protein ElfD
[19:43:56] Modify product: Probable outer membrane usher protein ElfC => putative outer membrane usher protein ElfC
[19:43:56] Modify product: Uncharacterized fimbrial-like protein ElfG => putative fimbrial-like protein ElfG
[19:43:56] Modify product: Uncharacterized fimbrial-like protein YcbU => putative fimbrial-like protein YcbU
[19:43:56] Modify product: Uncharacterized fimbrial-like protein YcbV => putative fimbrial-like protein YcbV
[19:43:56] Modify product: Uncharacterized fimbrial chaperone YcbF => putative fimbrial chaperone YcbF
[19:43:56] Modify product: Uncharacterized protein YcbX => putative protein YcbX
[19:43:56] Modify product: Uncharacterized protein HI_1162 => putative protein
[19:43:56] Modify product: Uncharacterized protein YcjX => putative protein YcjX
[19:43:56] Modify product: UPF0283 membrane protein YcjF => hypothetical protein
[19:43:56] Modify product: Uncharacterized protein YcjY => putative protein YcjY
[19:43:56] Modify product: Probable DNA endonuclease SmrA => putative DNA endonuclease SmrA
[19:43:56] Modify product: Uncharacterized protein YnbC => putative protein YnbC
[19:43:56] Modify product: Uncharacterized protein YnbD => putative protein YnbD
[19:43:56] Modify product: Uncharacterized protein YnbD => putative protein YnbD
[19:43:56] Modify product: Uncharacterized protein Rv3292 => putative protein
[19:43:56] Modify product: 23S rRNA 5-hydroxycytidine C2501 synthase => 23S rRNA 5-hydroxycytidine synthase
[19:43:56] Modify product: Uncharacterized protein YdcY => putative protein YdcY
[19:43:56] Modify product: Uncharacterized protein YncE => putative protein YncE
[19:43:56] Modify product: Uncharacterized isomerase YddE => putative isomerase YddE
[19:43:56] Modify product: Probable nitrate reductase molybdenum cofactor assembly chaperone NarW => putative nitrate reductase molybdenum cofactor assembly chaperone NarW
[19:43:56] Modify product: Uncharacterized HTH-type transcriptional regulator YddM => putative HTH-type transcriptional regulator YddM
[19:43:56] Modify product: Probable D,D-dipeptide transport ATP-binding protein DdpF => putative D,D-dipeptide transport ATP-binding protein DdpF
[19:43:56] Modify product: Probable D,D-dipeptide transport ATP-binding protein DdpD => putative D,D-dipeptide transport ATP-binding protein DdpD
[19:43:56] Modify product: Probable D,D-dipeptide transport system permease protein DdpC => putative D,D-dipeptide transport system permease protein DdpC
[19:43:56] Modify product: Probable D,D-dipeptide transport system permease protein DdpB => putative D,D-dipeptide transport system permease protein DdpB
[19:43:56] Modify product: Probable D,D-dipeptide-binding periplasmic protein DdpA => putative D,D-dipeptide-binding periplasmic protein DdpA
[19:43:56] Modify product: Probable glutamate/gamma-aminobutyrate antiporter => putative glutamate/gamma-aminobutyrate antiporter
[19:43:56] Modify product: UPF0056 inner membrane protein MarC => hypothetical protein
[19:43:56] Modify product: Probable amino-acid metabolite efflux pump => putative amino-acid metabolite efflux pump
[19:43:56] Modify product: Prophage tail fiber assembly protein homolog TfaE => Prophage tail fiber assembly protein TfaE
[19:43:56] Modify product: Uncharacterized protein YdfO => putative protein YdfO
[19:43:56] Modify product: Uncharacterized protein YdfR => putative protein YdfR
[19:43:56] Modify product: Uncharacterized protein YdfB => putative protein YdfB
[19:43:56] Modify product: UPF0060 membrane protein YnfA => hypothetical protein
[19:43:56] Modify product: Uncharacterized HTH-type transcriptional regulator YbaQ => putative HTH-type transcriptional regulator YbaQ
[19:43:56] Modify product: Probable iron export ATP-binding protein FetA => putative iron export ATP-binding protein FetA
[19:43:56] Modify product: Probable iron export permease protein FetB => putative iron export permease protein FetB
[19:43:56] Modify product: Uncharacterized protein YbcJ => putative protein YbcJ
[19:43:56] Modify product: Bifunctional protein FolD => Bifunctional protein FolD protein
[19:43:56] Modify product: Uncharacterized fimbrial-like protein SfmA => putative fimbrial-like protein SfmA
[19:43:56] Modify product: Probable fimbrial chaperone SfmC => putative fimbrial chaperone SfmC
[19:43:56] Modify product: Uncharacterized fimbrial-like protein SfmH => putative fimbrial-like protein SfmH
[19:43:56] Modify product: Uncharacterized fimbrial-like protein SfmF => putative fimbrial-like protein SfmF
[19:43:56] Modify product: Probable deoxyribonuclease RhsA => putative deoxyribonuclease RhsA
[19:43:56] Modify product: Uncharacterized protein YbdM => putative protein YbdM
[19:43:56] Modify product: Uncharacterized HTH-type transcriptional regulator YbdO => putative HTH-type transcriptional regulator YbdO
[19:43:56] Modify product: Probable zinc-binding alcohol dehydrogenase Rv1895 => putative zinc-binding alcohol dehydrogenase
[19:43:57] Modify product: Uncharacterized HTH-type transcriptional regulator YbdO => putative HTH-type transcriptional regulator YbdO
[19:43:57] Modify product: UPF0250 protein YbeD => hypothetical protein
[19:43:57] Modify product: Uncharacterized lipoprotein ChiQ => putative lipoprotein ChiQ
[19:43:57] Modify product: Uncharacterized protein YbfE => putative protein YbfE
[19:43:57] Modify product: GTP cyclohydrolase 1 type 2 homolog => GTP cyclohydrolase 1 type 2 
[19:43:57] Modify product: Uncharacterized fimbrial-like protein YbgD => putative fimbrial-like protein YbgD
[19:43:57] Modify product: UPF0394 inner membrane protein YedE => hypothetical protein
[19:43:57] Modify product: UPF0098 protein YbcL => hypothetical protein
[19:43:57] Modify product: Probable diguanylate cyclase DgcQ => putative diguanylate cyclase DgcQ
[19:43:57] Modify product: Uncharacterized inner membrane transporter YedA => putative inner membrane transporter YedA
[19:43:57] Modify product: Uncharacterized protein YedJ => putative protein YedJ
[19:43:57] Modify product: Cytochrome b561 homolog 1 => Cytochrome b561 
[19:43:57] Modify product: Probable transcriptional regulatory protein YeeN => putative transcriptional regulatory protein YeeN
[19:43:57] Modify product: Probable FMN/FAD exporter YeeO => putative FMN/FAD exporter YeeO
[19:43:57] Modify product: Probable L,D-transpeptidase ErfK/SrfK => putative L,D-transpeptidase ErfK/SrfK
[19:43:57] Modify product: UPF0265 protein YeeX => hypothetical protein
[19:43:57] Modify product: UPF0394 inner membrane protein YeeE => hypothetical protein
[19:43:57] Modify product: UPF0053 inner membrane protein YoaE => hypothetical protein
[19:43:57] Modify product: Probable diguanylate cyclase DgcE => putative diguanylate cyclase DgcE
[19:43:57] Modify product: UPF0339 protein YegP => hypothetical protein
[19:43:57] Modify product: 23S rRNA 5-hydroxycytidine C2501 synthase => 23S rRNA 5-hydroxycytidine synthase
[19:43:57] Modify product: Uncharacterized fimbrial-like protein YehA => putative fimbrial-like protein YehA
[19:43:57] Modify product: Probable fimbrial chaperone YehC => putative fimbrial chaperone YehC
[19:43:57] Modify product: Uncharacterized fimbrial-like protein YehD => putative fimbrial-like protein YehD
[19:43:57] Modify product: Uncharacterized protein YehL => putative protein YehL
[19:43:57] Modify product: Uncharacterized lipoprotein YehR => putative lipoprotein YehR
[19:43:57] Modify product: UPF0387 membrane protein YohO => hypothetical protein
[19:43:57] Modify product: Uncharacterized oxidoreductase YohF => putative oxidoreductase YohF
[19:43:57] Modify product: UPF0299 membrane protein YohJ => hypothetical protein
[19:43:57] Modify product: UPF0324 inner membrane protein YeiH => hypothetical protein
[19:43:57] Modify product: UPF0482 protein YnfB => hypothetical protein
[19:43:57] Modify product: Uncharacterized protein YnfD => putative protein YnfD
[19:43:57] Modify product: Probable dimethyl sulfoxide reductase chain YnfF => putative dimethyl sulfoxide reductase chain YnfF
[19:43:57] Modify product: Glucuronide carrier protein homolog => Glucuronide carrier protein 
[19:43:57] Modify product: Uncharacterized oxidoreductase YdgJ => putative oxidoreductase YdgJ
[19:43:57] Modify product: Uncharacterized protein YnhF => putative protein YnhF
[19:43:57] Modify product: Uncharacterized HTH-type transcriptional regulator YahB => putative HTH-type transcriptional regulator YahB
[19:43:57] Modify product: Probable autotransporter ROD_p1121 => putative autotransporter
[19:43:57] Modify product: Uncharacterized protein YdhT => putative protein YdhT
[19:43:57] Modify product: Uncharacterized ferredoxin-like protein YdhX => putative ferredoxin-like protein YdhX
[19:43:57] Modify product: Uncharacterized protein YdhW => putative protein YdhW
[19:43:57] Modify product: Uncharacterized oxidoreductase YdhV => putative oxidoreductase YdhV
[19:43:57] Modify product: Uncharacterized ferredoxin-like protein YdhY => putative ferredoxin-like protein YdhY
[19:43:57] Modify product: Probable L,D-transpeptidase YnhG => putative L,D-transpeptidase YnhG
[19:43:57] Modify product: Probable ATP-dependent transporter SufC => putative ATP-dependent transporter SufC
[19:43:57] Modify product: Uncharacterized protein HI_1163 => putative protein
[19:43:57] Modify product: Uncharacterized protein YdiE => putative protein YdiE
[19:43:57] Modify product: Uncharacterized protein YniD => putative protein YniD
[19:43:57] Modify product: Probable ketoamine kinase lp_1983 => putative ketoamine kinase
[19:43:57] Modify product: Stress response UPF0229 protein YhbH => hypothetical protein
[19:43:57] Modify product: Probable diguanylate cyclase CdgI => putative diguanylate cyclase CdgI
[19:43:57] Modify product: Probable diguanylate cyclase DgcJ => putative diguanylate cyclase DgcJ
[19:43:57] Modify product: Uncharacterized protein YeaR => putative protein YeaR
[19:43:57] Modify product: Probable ATP-dependent DNA helicase YoaA => putative ATP-dependent DNA helicase YoaA
[19:43:57] Modify product: Probable cyclic di-GMP phosphodiesterase PdeD => putative cyclic di-GMP phosphodiesterase PdeD
[19:43:57] Modify product: UPF0053 inner membrane protein YoaE => hypothetical protein
[19:43:57] Modify product: UPF0266 membrane protein YobD => hypothetical protein
[19:43:57] Modify product: Probable manganese efflux pump MntP => putative manganese efflux pump MntP
[19:43:57] Modify product: Uncharacterized protein YebV => putative protein YebV
[19:43:57] Modify product: Probable transcriptional regulatory protein YebC => putative transcriptional regulatory protein YebC
[19:43:57] Modify product: Uncharacterized protein YgcP => putative protein YgcP
[19:43:57] Modify product: Uncharacterized protein YqcG => putative protein YqcG
[19:43:57] Modify product: Probable glucarate transporter => putative glucarate transporter
[19:43:57] Modify product: Uncharacterized protein PA3435 => putative protein
[19:43:57] Modify product: Uncharacterized protein YqcC => putative protein YqcC
[19:43:57] Modify product: Uncharacterized HTH-type transcriptional regulator YdjF => putative HTH-type transcriptional regulator YdjF
[19:43:57] Modify product: UPF0382 inner membrane protein YgdD => hypothetical protein
[19:43:57] Modify product: Uncharacterized lipoprotein YgdR => putative lipoprotein YgdR
[19:43:57] Modify product: UPF0053 inner membrane protein YgdQ => hypothetical protein
[19:43:57] Modify product: Uncharacterized lipoprotein YgdR => putative lipoprotein YgdR
[19:43:57] Modify product: Uncharacterized response regulatory protein YgeK => putative response regulatory protein YgeK
[19:43:57] Modify product: Probable ATP synthase SpaL => putative ATP synthase SpaL
[19:43:57] Modify product: Probable ATP synthase SpaL => putative ATP synthase SpaL
[19:43:57] Modify product: Uncharacterized protein YqfG => putative protein YqfG
[19:43:57] Modify product: UPF0073 inner membrane protein YqfA => hypothetical protein
[19:43:57] Modify product: UPF0267 protein YqfB => hypothetical protein
[19:43:57] Modify product: Uncharacterized oxidoreductase YgfF => putative oxidoreductase YgfF
[19:43:57] Modify product: UPF0149 protein HI_0817 => hypothetical protein
[19:43:57] Modify product: UPF0301 protein YqgE => hypothetical protein
[19:43:57] Modify product: Uncharacterized protein YggR => putative protein YggR
[19:43:57] Modify product: UPF0235 protein YggU => hypothetical protein
[19:43:57] Modify product: Uncharacterized protein HI_0341 => putative protein
[19:43:57] Modify product: Probable Fe(2+)-trafficking protein => putative Fe(2+)-trafficking protein
[19:43:57] Modify product: Uncharacterized FAD-linked oxidoreductase Rv2280 => putative FAD-linked oxidoreductase
[19:43:57] Modify product: Uncharacterized protein YtfJ => putative protein YtfJ
[19:43:57] Modify product: Probable Ni/Fe-hydrogenase 2 b-type cytochrome subunit => putative Ni/Fe-hydrogenase 2 b-type cytochrome subunit
[19:43:57] Modify product: Uncharacterized protein Rv2575 => putative protein
[19:43:57] Modify product: Probable formate transporter 2 => putative formate transporter 2
[19:43:57] Modify product: Uncharacterized protein YfgD => putative protein YfgD
[19:43:57] Modify product: Uncharacterized protein YfgJ => putative protein YfgJ
[19:43:57] Modify product: UPF0070 protein HI_0370 => hypothetical protein
[19:43:57] Modify product: Uncharacterized protein Rv2307c => putative protein
[19:43:57] Modify product: Probable 3-phenylpropionic acid transporter => putative 3-phenylpropionic acid transporter
[19:43:57] Modify product: Uncharacterized protein YphB => putative protein YphB
[19:43:57] Modify product: Uncharacterized tRNA/rRNA methyltransferase YfiF => putative tRNA/rRNA methyltransferase YfiF
[19:43:57] Modify product: UPF0053 inner membrane protein YfjD => hypothetical protein
[19:43:57] Modify product: UPF0125 protein RatB => hypothetical protein
[19:43:57] Modify product: Probable HTH-type transcriptional regulator YgaV => putative HTH-type transcriptional regulator YgaV
[19:43:57] Modify product: Uncharacterized protein YgaM => putative protein YgaM
[19:43:57] Modify product: Probable transporter SCO4007 => putative transporter
[19:43:57] Modify product: UPF0153 protein YeiW => hypothetical protein
[19:43:57] Modify product: Probable cyclic di-GMP phosphodiesterase PdeN => putative cyclic di-GMP phosphodiesterase PdeN
[19:43:57] Modify product: Uncharacterized ABC transporter ATP-binding protein YejF => putative ABC transporter ATP-binding protein YejF
[19:43:57] Modify product: Uncharacterized protein YejG => putative protein YejG
[19:43:57] Modify product: UPF0352 protein YejL => hypothetical protein
[19:43:57] Modify product: Probable autotransporter ROD_p1121 => putative autotransporter
[19:43:57] Modify product: Probable autotransporter YfaL => putative autotransporter YfaL
[19:43:57] Modify product: Probable 4-deoxy-4-formamido-L-arabinose-phosphoundecaprenol deformylase ArnD => putative 4-deoxy-4-formamido-L-arabinose-phosphoundecaprenol deformylase ArnD
[19:43:57] Modify product: Probable 4-amino-4-deoxy-L-arabinose-phosphoundecaprenol flippase subunit ArnE => putative 4-amino-4-deoxy-L-arabinose-phosphoundecaprenol flippase subunit ArnE
[19:43:57] Modify product: Probable 4-amino-4-deoxy-L-arabinose-phosphoundecaprenol flippase subunit ArnF => putative 4-amino-4-deoxy-L-arabinose-phosphoundecaprenol flippase subunit ArnF
[19:43:58] Modify product: UPF0304 protein YfbU => hypothetical protein
[19:43:58] Modify product: UPF0208 membrane protein YfbV => hypothetical protein
[19:43:58] Modify product: Uncharacterized Nudix hydrolase YfcD => putative Nudix hydrolase YfcD
[19:43:58] Modify product: Epimerase family protein SA0724 => Epimerase family protein
[19:43:58] Modify product: Uncharacterized MFS-type transporter YfcJ => putative MFS-type transporter YfcJ
[19:43:58] Modify product: Probable membrane transporter protein YfcA => putative membrane transporter protein YfcA
[19:43:58] Modify product: Uncharacterized protein YfcO => putative protein YfcO
[19:43:58] Modify product: Uncharacterized fimbrial-like protein YfcP => putative fimbrial-like protein YfcP
[19:43:58] Modify product: Uncharacterized fimbrial-like protein YfcQ => putative fimbrial-like protein YfcQ
[19:43:58] Modify product: Uncharacterized fimbrial-like protein YfcR => putative fimbrial-like protein YfcR
[19:43:58] Modify product: Probable fimbrial chaperone YfcS => putative fimbrial chaperone YfcS
[19:43:58] Modify product: Uncharacterized fimbrial-like protein YfcV => putative fimbrial-like protein YfcV
[19:43:58] Modify product: UPF0381 protein YiiS => hypothetical protein
[19:43:58] Modify product: Probable multidrug resistance protein EmrY => putative multidrug resistance protein EmrY
[19:43:58] Modify product: Probable multidrug resistance protein EmrK => putative multidrug resistance protein EmrK
[19:43:58] Modify product: Probable cyclic di-GMP phosphodiesterase PdeA => putative cyclic di-GMP phosphodiesterase PdeA
[19:43:58] Modify product: Uncharacterized protein YfeY => putative protein YfeY
[19:43:58] Modify product: Uncharacterized oxidoreductase YghA => putative oxidoreductase YghA
[19:43:58] Modify product: Probable deoxycholate-binding periplasmic protein YgiS => putative deoxycholate-binding periplasmic protein YgiS
[19:43:58] Modify product: Probable quinol monooxygenase YgiN => putative quinol monooxygenase YgiN
[19:43:58] Modify product: Uncharacterized fimbrial-like protein YbgD => putative fimbrial-like protein YbgD
[19:43:58] Modify product: Probable glycerol-3-phosphate acyltransferase => putative glycerol-3-phosphate acyltransferase
[19:43:58] Modify product: Uncharacterized protein YqjD => putative protein YqjD
[19:43:58] Modify product: UPF0597 protein YhaM => hypothetical protein
[19:43:58] Modify product: Probable serine transporter => putative serine transporter
[19:43:58] Modify product: Probable galactarate transporter => putative galactarate transporter
[19:43:58] Modify product: Uncharacterized fimbrial-like protein YraH => putative fimbrial-like protein YraH
[19:43:58] Modify product: Probable fimbrial chaperone YraI => putative fimbrial chaperone YraI
[19:43:58] Modify product: Uncharacterized fimbrial-like protein YraK => putative fimbrial-like protein YraK
[19:43:58] Modify product: UPF0213 protein BH0048 => hypothetical protein
[19:43:58] Modify product: Uncharacterized protease YhbU => putative protease YhbU
[19:43:58] Modify product: Uncharacterized inner membrane transporter YhbE => putative inner membrane transporter YhbE
[19:43:58] Modify product: Uncharacterized protein YrbL => putative protein YrbL
[19:43:58] Modify product: Uncharacterized protein YhcH => putative protein YhcH
[19:43:58] Modify product: Uncharacterized protein YhcO => putative protein YhcO
[19:43:58] Modify product: Probable acrylyl-CoA reductase AcuI => putative acrylyl-CoA reductase AcuI
[19:43:58] Modify product: Uncharacterized membrane protein YhdT => putative membrane protein YhdT
[19:43:58] Modify product: Probable bifunctional chitinase/lysozyme => putative bifunctional chitinase/lysozyme
[19:43:58] Modify product: Uncharacterized ABC transporter ATP-binding protein YheS => putative ABC transporter ATP-binding protein YheS
[19:43:58] Modify product: UPF0270 protein PA3463 => hypothetical protein
[19:43:58] Modify product: Probable protein adenylyltransferase Fic => putative protein adenylyltransferase Fic
[19:43:58] Modify product: Uncharacterized protein YhfG => putative protein YhfG
[19:43:58] Modify product: Probable fructoselysine/psicoselysine transporter FrlA => putative fructoselysine/psicoselysine transporter FrlA
[19:43:58] Modify product: Probable fructoselysine utilization operon transcriptional repressor => putative fructoselysine utilization operon transcriptional repressor
[19:43:58] Modify product: Uncharacterized protein YhfS => putative protein YhfS
[19:43:58] Modify product: Uncharacterized protein YhfX => putative protein YhfX
[19:43:58] Modify product: Putative membrane protein IgaA homolog => Putative membrane protein IgaA 
[19:43:58] Modify product: Probable [Fe-S]-dependent transcriptional repressor FeoC => putative [Fe-S]-dependent transcriptional repressor FeoC
[19:43:58] Modify product: UPF0056 inner membrane protein YhgN => hypothetical protein
[19:43:58] Modify product: Uncharacterized oxidoreductase YhhX => putative oxidoreductase YhhX
[19:43:58] Modify product: Uncharacterized protein YhhA => putative protein YhhA
[19:43:58] Modify product: Uncharacterized MFS-type transporter YhhS => putative MFS-type transporter YhhS
[19:43:58] Modify product: Uncharacterized protein HI_0933 => putative protein
[19:43:58] Modify product: Probable cyclic di-GMP phosphodiesterase PdeK => putative cyclic di-GMP phosphodiesterase PdeK
[19:43:58] Modify product: Uncharacterized MFS-type transporter YhjX => putative MFS-type transporter YhjX
[19:43:58] Modify product: Probable lipoprotein YiaD => putative lipoprotein YiaD
[19:43:58] Modify product: Uncharacterized protein YhcH => putative protein YhcH
[19:43:58] Modify product: Uncharacterized GST-like protein YibF => putative GST-like protein YibF
[19:43:58] Modify product: Uncharacterized protein YibL => putative protein YibL
[19:43:58] Modify product: Uncharacterized protein YibN => putative protein YibN
[19:43:58] Modify product: UPF0758 protein SP_1088 => hypothetical protein
[19:43:58] Modify product: UPF0701 protein YicC => hypothetical protein
[19:43:58] Modify product: UPF0126 inner membrane protein YicG => hypothetical protein
[19:43:58] Modify product: Uncharacterized inner membrane transporter YicL => putative inner membrane transporter YicL
[19:43:58] Modify product: Uncharacterized symporter YidK => putative symporter YidK
[19:43:58] Modify product: Probable 2-dehydro-3-deoxygalactonokinase DgoK1 => putative 2-dehydro-3-deoxygalactonokinase DgoK1
[19:43:58] Modify product: UPF0167 protein CbrC => hypothetical protein
[19:43:58] Modify product: Probable glucosamine-6-phosphate deaminase 2 => putative glucosamine-6-phosphate deaminase 2
[19:43:58] Modify product: Uncharacterized fimbrial-like protein ElfG => putative fimbrial-like protein ElfG
[19:43:58] Modify product: Probable outer membrane usher protein ElfC => putative outer membrane usher protein ElfC
[19:43:58] Modify product: Probable transport protein HsrA => putative transport protein HsrA
[19:43:58] Modify product: UPF0438 protein YifE => hypothetical protein
[19:43:58] Modify product: Probable ECA polymerase => putative ECA polymerase
[19:43:58] Modify product: Probable transport protein YifK => putative transport protein YifK
[19:43:58] Modify product: Probable protein kinase UbiB => putative protein kinase UbiB
[19:43:58] Cleaned 371 /product names
[19:43:58] Deleting unwanted file: /mnt/c/Users/migue/OneDrive/Ambiente de Trabalho/Prokka_GCF_000332755/Prokka_GCF_000332755.sprot.tmp.17802.faa
[19:43:58] Deleting unwanted file: /mnt/c/Users/migue/OneDrive/Ambiente de Trabalho/Prokka_GCF_000332755/Prokka_GCF_000332755.sprot.tmp.17802.blast
[19:43:59] There are still 961 unannotated CDS left (started with 4507)
[19:43:59] Will use hmmer3 to search against /home/miguelbalexandre/miniconda3/envs/prokka_env/db/hmm/HAMAP.hmm with 8 CPUs
[19:43:59] Running: cat \/mnt\/c\/Users\/migue\/OneDrive\/Ambiente\ de\ Trabalho\/Prokka_GCF_000332755\/Prokka_GCF_000332755\.HAMAP\.hmm\.tmp\.17802\.faa | parallel --gnu --plain -j 8 --block 14977 --recstart '>' --pipe hmmscan --noali --notextw --acc -E 1e-09 --cpu 1 /home/miguelbalexandre/miniconda3/envs/prokka_env/db/hmm/HAMAP.hmm /dev/stdin > \/mnt\/c\/Users\/migue\/OneDrive\/Ambiente\ de\ Trabalho\/Prokka_GCF_000332755\/Prokka_GCF_000332755\.HAMAP\.hmm\.tmp\.17802\.hmmer3 2> /dev/null
[19:44:05] Modify product: Uncharacterized Nudix hydrolase NudL => putative Nudix hydrolase NudL
[19:44:05] Cleaned 1 /product names
[19:44:05] Deleting unwanted file: /mnt/c/Users/migue/OneDrive/Ambiente de Trabalho/Prokka_GCF_000332755/Prokka_GCF_000332755.HAMAP.hmm.tmp.17802.faa
[19:44:05] Deleting unwanted file: /mnt/c/Users/migue/OneDrive/Ambiente de Trabalho/Prokka_GCF_000332755/Prokka_GCF_000332755.HAMAP.hmm.tmp.17802.hmmer3
[19:44:05] Labelling remaining 887 proteins as 'hypothetical protein'
[19:44:05] Possible /pseudo 'Putative 2,3-dihydroxypropane-1-sulfonate exporter' at NC_020163.1 position 24930
[19:44:05] Possible /pseudo 'Formate dehydrogenase-O major subunit' at NC_020163.1 position 44360
[19:44:05] Possible /pseudo 'Protein RhsC' at NC_020163.1 position 86416
[19:44:05] Possible /pseudo 'Formate dehydrogenase H' at NC_020163.1 position 289192
[19:44:05] Possible /pseudo 'Transcriptional activator CadC' at NC_020163.1 position 351192
[19:44:05] Possible /pseudo 'putative protein YjgL' at NC_020163.1 position 474424
[19:44:05] Possible /pseudo 'ISKra4 family transposase ISCep1' at NC_020163.1 position 563191
[19:44:05] Possible /pseudo 'Thymidine phosphorylase' at NC_020163.1 position 679743
[19:44:05] Possible /pseudo 'Outer membrane usher protein YehB' at NC_020163.1 position 721092
[19:44:05] Possible /pseudo 'Cyclic di-GMP phosphodiesterase PdeL' at NC_020163.1 position 1047870
[19:44:05] Possible /pseudo 'Putative allantoin permease' at NC_020163.1 position 1243479
[19:44:05] Possible /pseudo 'Chaperone protein HscC' at NC_020163.1 position 1402002
[19:44:05] Possible /pseudo 'ISAs1 family transposase ISEc1' at NC_020163.1 position 1455922
[19:44:05] Possible /pseudo 'Hemolysin E, chromosomal' at NC_020163.1 position 2002118
[19:44:05] Possible /pseudo 'Small toxic polypeptide LdrA' at NC_020163.1 position 2042026
[19:44:05] Possible /pseudo 'putative protein YnbD' at NC_020163.1 position 2215194
[19:44:05] Possible /pseudo 'Bifunctional polyhydroxybutyrate synthase / ABC transporter periplasmic binding protein' at NC_020163.1 position 2245532
[19:44:05] Possible /pseudo 'Formate dehydrogenase, nitrate-inducible, major subunit' at NC_020163.1 position 2285543
[19:44:05] Possible /pseudo 'Protein YdeP' at NC_020163.1 position 2325117
[19:44:05] Possible /pseudo 'FeS cluster assembly protein SufD' at NC_020163.1 position 2519216
[19:44:05] Possible /pseudo 'Colicin I receptor' at NC_020163.1 position 2997853
[19:44:05] Possible /pseudo 'Sucrose permease' at NC_020163.1 position 3228888
[19:44:05] Possible /pseudo 'Multiphosphoryl transfer protein 1' at NC_020163.1 position 3257224
[19:44:05] Possible /pseudo 'Aminopeptidase YpdF' at NC_020163.1 position 3260576
[19:44:05] Possible /pseudo 'Ethanolamine utilization protein EutD' at NC_020163.1 position 3317889
[19:44:05] Possible /pseudo 'Hydrogenase-4 component B' at NC_020163.1 position 3347825
[19:44:05] Possible /pseudo 'Surface presentation of antigens protein SpaS' at NC_020163.1 position 3734113
[19:44:05] Possible /pseudo 'putative ATP synthase SpaL' at NC_020163.1 position 3739342
[19:44:05] Possible /pseudo 'Energy-coupling factor transporter ATP-binding protein EcfA1' at NC_020163.1 position 3820809
[19:44:05] Possible /pseudo 'Small toxic polypeptide LdrD' at NC_020163.1 position 4455560
[19:44:05] Possible /pseudo 'Small toxic polypeptide LdrD' at NC_020163.1 position 4456043
[19:44:05] Possible /pseudo 'Protein RhsC' at NC_020163.1 position 4517534
[19:44:05] Possible /pseudo 'DNA ligase B' at NC_020163.1 position 4579989
[19:44:05] Found 3187 unique /gene codes.
[19:44:05] Fixed 3 duplicate /gene - ndhB_1 ndhB_2 ndhB_3
[19:44:05] Fixed 2 duplicate /gene - ybiI_1 ybiI_2
[19:44:05] Fixed 2 duplicate /gene - mglA_1 mglA_2
[19:44:05] Fixed 2 duplicate /gene - por_1 por_2
[19:44:05] Fixed 3 duplicate /gene - cynR_1 cynR_2 cynR_3
[19:44:05] Fixed 2 duplicate /gene - betB_1 betB_2
[19:44:05] Fixed 2 duplicate /gene - bglA_1 bglA_2
[19:44:05] Fixed 2 duplicate /gene - algC_1 algC_2
[19:44:05] Fixed 3 duplicate /gene - mngR_1 mngR_2 mngR_3
[19:44:05] Fixed 2 duplicate /gene - ulaE_1 ulaE_2
[19:44:05] Fixed 2 duplicate /gene - kdgK_1 kdgK_2
[19:44:05] Fixed 6 duplicate /gene - rhsC_1 rhsC_2 rhsC_3 rhsC_4 rhsC_5 rhsC_6
[19:44:05] Fixed 2 duplicate /gene - manP_1 manP_2
[19:44:05] Fixed 2 duplicate /gene - ompD_1 ompD_2
[19:44:05] Fixed 2 duplicate /gene - ssuC_1 ssuC_2
[19:44:05] Fixed 2 duplicate /gene - murR_1 murR_2
[19:44:05] Fixed 2 duplicate /gene - chuR_1 chuR_2
[19:44:05] Fixed 2 duplicate /gene - mipA_1 mipA_2
[19:44:05] Fixed 2 duplicate /gene - lapB_1 lapB_2
[19:44:05] Fixed 2 duplicate /gene - bhsA_1 bhsA_2
[19:44:05] Fixed 2 duplicate /gene - proA_1 proA_2
[19:44:05] Fixed 2 duplicate /gene - hdfR_1 hdfR_2
[19:44:05] Fixed 6 duplicate /gene - lexA_1 lexA_2 lexA_3 lexA_4 lexA_5 lexA_6
[19:44:05] Fixed 2 duplicate /gene - rbsA_1 rbsA_2
[19:44:05] Fixed 2 duplicate /gene - cysE_1 cysE_2
[19:44:05] Fixed 2 duplicate /gene - manC1_1 manC1_2
[19:44:05] Fixed 2 duplicate /gene - spaS_1 spaS_2
[19:44:05] Fixed 2 duplicate /gene - rspA_1 rspA_2
[19:44:05] Fixed 2 duplicate /gene - acpP_1 acpP_2
[19:44:05] Fixed 2 duplicate /gene - gatC_1 gatC_2
[19:44:05] Fixed 2 duplicate /gene - lutA_1 lutA_2
[19:44:05] Fixed 2 duplicate /gene - mepS_1 mepS_2
[19:44:05] Fixed 3 duplicate /gene - bglH_1 bglH_2 bglH_3
[19:44:05] Fixed 2 duplicate /gene - hscC_1 hscC_2
[19:44:05] Fixed 3 duplicate /gene - rrrD_1 rrrD_2 rrrD_3
[19:44:05] Fixed 2 duplicate /gene - osmY_1 osmY_2
[19:44:05] Fixed 2 duplicate /gene - flhA_1 flhA_2
[19:44:05] Fixed 2 duplicate /gene - bioD1_1 bioD1_2
[19:44:05] Fixed 2 duplicate /gene - coaA_1 coaA_2
[19:44:05] Fixed 2 duplicate /gene - ttdT_1 ttdT_2
[19:44:05] Fixed 2 duplicate /gene - fabG_1 fabG_2
[19:44:05] Fixed 3 duplicate /gene - glnQ_1 glnQ_2 glnQ_3
[19:44:05] Fixed 2 duplicate /gene - malP_1 malP_2
[19:44:05] Fixed 2 duplicate /gene - epsE_1 epsE_2
[19:44:05] Fixed 2 duplicate /gene - elfC_1 elfC_2
[19:44:05] Fixed 2 duplicate /gene - ccmH_1 ccmH_2
[19:44:05] Fixed 2 duplicate /gene - fruA_1 fruA_2
[19:44:05] Fixed 2 duplicate /gene - gstB_1 gstB_2
[19:44:05] Fixed 2 duplicate /gene - cutC_1 cutC_2
[19:44:05] Fixed 2 duplicate /gene - ybgD_1 ybgD_2
[19:44:05] Fixed 2 duplicate /gene - acrR_1 acrR_2
[19:44:05] Fixed 2 duplicate /gene - ecfA1_1 ecfA1_2
[19:44:05] Fixed 3 duplicate /gene - potA_1 potA_2 potA_3
[19:44:05] Fixed 2 duplicate /gene - idnT_1 idnT_2
[19:44:05] Fixed 2 duplicate /gene - deoR_1 deoR_2
[19:44:05] Fixed 2 duplicate /gene - topA_1 topA_2
[19:44:05] Fixed 3 duplicate /gene - manZ_1 manZ_2 manZ_3
[19:44:05] Fixed 2 duplicate /gene - purR_1 purR_2
[19:44:05] Fixed 2 duplicate /gene - rpe_1 rpe_2
[19:44:05] Fixed 2 duplicate /gene - cscB_1 cscB_2
[19:44:05] Fixed 2 duplicate /gene - ydeP_1 ydeP_2
[19:44:05] Fixed 2 duplicate /gene - bioF_1 bioF_2
[19:44:05] Fixed 2 duplicate /gene - gnsA_1 gnsA_2
[19:44:05] Fixed 2 duplicate /gene - deoA_1 deoA_2
[19:44:05] Fixed 2 duplicate /gene - fdrA_1 fdrA_2
[19:44:05] Fixed 2 duplicate /gene - fimH_1 fimH_2
[19:44:05] Fixed 2 duplicate /gene - ygiW_1 ygiW_2
[19:44:05] Fixed 2 duplicate /gene - yrdA_1 yrdA_2
[19:44:05] Fixed 2 duplicate /gene - leuC_1 leuC_2
[19:44:05] Fixed 2 duplicate /gene - aaeA_1 aaeA_2
[19:44:05] Fixed 2 duplicate /gene - aspT_1 aspT_2
[19:44:05] Fixed 3 duplicate /gene - fixB_1 fixB_2 fixB_3
[19:44:05] Fixed 2 duplicate /gene - menE_1 menE_2
[19:44:05] Fixed 3 duplicate /gene - btuD_1 btuD_2 btuD_3
[19:44:05] Fixed 2 duplicate /gene - rbsC_1 rbsC_2
[19:44:05] Fixed 2 duplicate /gene - sufD_1 sufD_2
[19:44:05] Fixed 2 duplicate /gene - artM_1 artM_2
[19:44:05] Fixed 2 duplicate /gene - fimD_1 fimD_2
[19:44:05] Fixed 2 duplicate /gene - cadC_1 cadC_2
[19:44:05] Fixed 2 duplicate /gene - manX_1 manX_2
[19:44:05] Fixed 2 duplicate /gene - ydfK_1 ydfK_2
[19:44:05] Fixed 2 duplicate /gene - dcuD_1 dcuD_2
[19:44:05] Fixed 3 duplicate /gene - fixX_1 fixX_2 fixX_3
[19:44:05] Fixed 5 duplicate /gene - hyfA_1 hyfA_2 hyfA_3 hyfA_4 hyfA_5
[19:44:05] Fixed 2 duplicate /gene - mtlA_1 mtlA_2
[19:44:05] Fixed 3 duplicate /gene - tdh_1 tdh_2 tdh_3
[19:44:05] Fixed 3 duplicate /gene - ydcV_1 ydcV_2 ydcV_3
[19:44:05] Fixed 3 duplicate /gene - fimA_1 fimA_2 fimA_3
[19:44:05] Fixed 2 duplicate /gene - yihP_1 yihP_2
[19:44:05] Fixed 3 duplicate /gene - rhsD_1 rhsD_2 rhsD_3
[19:44:05] Fixed 2 duplicate /gene - kefC_1 kefC_2
[19:44:05] Fixed 2 duplicate /gene - fdnG_1 fdnG_2
[19:44:05] Fixed 2 duplicate /gene - ydhX_1 ydhX_2
[19:44:05] Fixed 2 duplicate /gene - gntK_1 gntK_2
[19:44:05] Fixed 3 duplicate /gene - norR_1 norR_2 norR_3
[19:44:05] Fixed 2 duplicate /gene - rob_1 rob_2
[19:44:05] Fixed 2 duplicate /gene - gspA_1 gspA_2
[19:44:05] Fixed 2 duplicate /gene - dmsB_1 dmsB_2
[19:44:05] Fixed 2 duplicate /gene - nagB_1 nagB_2
[19:44:05] Fixed 3 duplicate /gene - yehB_1 yehB_2 yehB_3
[19:44:05] Fixed 2 duplicate /gene - nohA_1 nohA_2
[19:44:05] Fixed 2 duplicate /gene - nlpD_1 nlpD_2
[19:44:05] Fixed 2 duplicate /gene - lsrK_1 lsrK_2
[19:44:05] Fixed 2 duplicate /gene - melR_1 melR_2
[19:44:05] Fixed 2 duplicate /gene - pdeL_1 pdeL_2
[19:44:05] Fixed 2 duplicate /gene - sapB_1 sapB_2
[19:44:05] Fixed 2 duplicate /gene - ydgA_1 ydgA_2
[19:44:05] Fixed 2 duplicate /gene - tsaR_1 tsaR_2
[19:44:05] Fixed 3 duplicate /gene - fryA_1 fryA_2 fryA_3
[19:44:05] Fixed 2 duplicate /gene - sgrR_1 sgrR_2
[19:44:05] Fixed 2 duplicate /gene - chbA_1 chbA_2
[19:44:05] Fixed 2 duplicate /gene - oleD_1 oleD_2
[19:44:05] Fixed 2 duplicate /gene - hyfB_1 hyfB_2
[19:44:05] Fixed 2 duplicate /gene - ydjZ_1 ydjZ_2
[19:44:05] Fixed 2 duplicate /gene - ubiJ_1 ubiJ_2
[19:44:05] Fixed 3 duplicate /gene - tfaE_1 tfaE_2 tfaE_3
[19:44:05] Fixed 2 duplicate /gene - dadA_1 dadA_2
[19:44:05] Fixed 2 duplicate /gene - ldrA_1 ldrA_2
[19:44:05] Fixed 2 duplicate /gene - aaeB_1 aaeB_2
[19:44:05] Fixed 2 duplicate /gene - papD_1 papD_2
[19:44:05] Fixed 2 duplicate /gene - mlc_1 mlc_2
[19:44:05] Fixed 2 duplicate /gene - rlhA_1 rlhA_2
[19:44:05] Fixed 2 duplicate /gene - lldR_1 lldR_2
[19:44:05] Fixed 2 duplicate /gene - narL_1 narL_2
[19:44:05] Fixed 2 duplicate /gene - ftsA_1 ftsA_2
[19:44:05] Fixed 2 duplicate /gene - fixA_1 fixA_2
[19:44:05] Fixed 2 duplicate /gene - psuK_1 psuK_2
[19:44:05] Fixed 2 duplicate /gene - deoB_1 deoB_2
[19:44:05] Fixed 2 duplicate /gene - sorB_1 sorB_2
[19:44:05] Fixed 2 duplicate /gene - pgrR_1 pgrR_2
[19:44:05] Fixed 2 duplicate /gene - tmk_1 tmk_2
[19:44:05] Fixed 2 duplicate /gene - ybdO_1 ybdO_2
[19:44:05] Fixed 2 duplicate /gene - cirA_1 cirA_2
[19:44:05] Fixed 2 duplicate /gene - ydeO_1 ydeO_2
[19:44:05] Fixed 2 duplicate /gene - yiaW_1 yiaW_2
[19:44:05] Fixed 2 duplicate /gene - opgE_1 opgE_2
[19:44:05] Fixed 2 duplicate /gene - mdh_1 mdh_2
[19:44:05] Fixed 2 duplicate /gene - xdhA_1 xdhA_2
[19:44:05] Fixed 2 duplicate /gene - gltC_1 gltC_2
[19:44:05] Fixed 2 duplicate /gene - acrB_1 acrB_2
[19:44:05] Fixed 2 duplicate /gene - acs_1 acs_2
[19:44:05] Fixed 2 duplicate /gene - hlyE_1 hlyE_2
[19:44:05] Fixed 2 duplicate /gene - ybbW_1 ybbW_2
[19:44:05] Fixed 2 duplicate /gene - ftnA_1 ftnA_2
[19:44:05] Fixed 2 duplicate /gene - fdhF_1 fdhF_2
[19:44:05] Fixed 2 duplicate /gene - pal_1 pal_2
[19:44:05] Fixed 2 duplicate /gene - kdgR_1 kdgR_2
[19:44:05] Fixed 3 duplicate /gene - hcaR_1 hcaR_2 hcaR_3
[19:44:05] Fixed 2 duplicate /gene - srmB_1 srmB_2
[19:44:05] Fixed 3 duplicate /gene - hin_1 hin_2 hin_3
[19:44:05] Fixed 2 duplicate /gene - lolD_1 lolD_2
[19:44:05] Fixed 3 duplicate /gene - rusA_1 rusA_2 rusA_3
[19:44:05] Fixed 2 duplicate /gene - fryB_1 fryB_2
[19:44:05] Fixed 2 duplicate /gene - dnaK_1 dnaK_2
[19:44:05] Fixed 2 duplicate /gene - gadX_1 gadX_2
[19:44:05] Fixed 4 duplicate /gene - xerC_1 xerC_2 xerC_3 xerC_4
[19:44:05] Fixed 2 duplicate /gene - cspG_1 cspG_2
[19:44:05] Fixed 2 duplicate /gene - eutD_1 eutD_2
[19:44:05] Fixed 2 duplicate /gene - ndhI_1 ndhI_2
[19:44:05] Fixed 2 duplicate /gene - ccmF_1 ccmF_2
[19:44:05] Fixed 2 duplicate /gene - lptG_1 lptG_2
[19:44:05] Fixed 4 duplicate /gene - ldrD_1 ldrD_2 ldrD_3 ldrD_4
[19:44:05] Fixed 2 duplicate /gene - gspK_1 gspK_2
[19:44:05] Fixed 2 duplicate /gene - gatB_1 gatB_2
[19:44:05] Fixed 2 duplicate /gene - clpP_1 clpP_2
[19:44:05] Fixed 2 duplicate /gene - ydiF_1 ydiF_2
[19:44:05] Fixed 2 duplicate /gene - yhaJ_1 yhaJ_2
[19:44:05] Fixed 2 duplicate /gene - bglF_1 bglF_2
[19:44:05] Fixed 2 duplicate /gene - ligB_1 ligB_2
[19:44:05] Fixed 2 duplicate /gene - yhcH_1 yhcH_2
[19:44:05] Fixed 2 duplicate /gene - caiA_1 caiA_2
[19:44:05] Fixed 2 duplicate /gene - sbmC_1 sbmC_2
[19:44:05] Fixed 3 duplicate /gene - pncC_1 pncC_2 pncC_3
[19:44:05] Fixed 2 duplicate /gene - dam_1 dam_2
[19:44:05] Fixed 2 duplicate /gene - caiT_1 caiT_2
[19:44:05] Fixed 2 duplicate /gene - lptB_1 lptB_2
[19:44:05] Fixed 2 duplicate /gene - ygdR_1 ygdR_2
[19:44:05] Fixed 2 duplicate /gene - ydcS_1 ydcS_2
[19:44:05] Fixed 4 duplicate /gene - arnC_1 arnC_2 arnC_3 arnC_4
[19:44:05] Fixed 4 duplicate /gene - intA_1 intA_2 intA_3 intA_4
[19:44:05] Fixed 2 duplicate /gene - uidB_1 uidB_2
[19:44:05] Fixed 2 duplicate /gene - spaL_1 spaL_2
[19:44:05] Fixed 2 duplicate /gene - argE_1 argE_2
[19:44:05] Fixed 2 duplicate /gene - elfG_1 elfG_2
[19:44:05] Fixed 2 duplicate /gene - chbC_1 chbC_2
[19:44:05] Fixed 2 duplicate /gene - higA_1 higA_2
[19:44:05] Fixed 2 duplicate /gene - kduD_1 kduD_2
[19:44:05] Fixed 2 duplicate /gene - arcC1_1 arcC1_2
[19:44:05] Fixed 2 duplicate /gene - fimF_1 fimF_2
[19:44:05] Fixed 6 duplicate /gene - srlR_1 srlR_2 srlR_3 srlR_4 srlR_5 srlR_6
[19:44:05] Fixed 2 duplicate /gene - cusC_1 cusC_2
[19:44:05] Fixed 3 duplicate /gene - ydfO_1 ydfO_2 ydfO_3
[19:44:05] Fixed 2 duplicate /gene - yahB_1 yahB_2
[19:44:05] Fixed 2 duplicate /gene - fimG_1 fimG_2
[19:44:05] Fixed 2 duplicate /gene - hycG_1 hycG_2
[19:44:05] Fixed 2 duplicate /gene - ysdC_1 ysdC_2
[19:44:05] Fixed 2 duplicate /gene - ytfJ_1 ytfJ_2
[19:44:05] Fixed 2 duplicate /gene - ygcS_1 ygcS_2
[19:44:05] Fixed 2 duplicate /gene - gfcB_1 gfcB_2
[19:44:05] Fixed 2 duplicate /gene - trmH_1 trmH_2
[19:44:05] Fixed 2 duplicate /gene - focC_1 focC_2
[19:44:05] Fixed 2 duplicate /gene - yjgL_1 yjgL_2
[19:44:05] Fixed 2 duplicate /gene - pitA_1 pitA_2
[19:44:05] Fixed 2 duplicate /gene - prs_1 prs_2
[19:44:05] Fixed 2 duplicate /gene - gntR_1 gntR_2
[19:44:05] Fixed 2 duplicate /gene - rbsK_1 rbsK_2
[19:44:05] Fixed 3 duplicate /gene - xerD_1 xerD_2 xerD_3
[19:44:05] Fixed 3 duplicate /gene - dinI_1 dinI_2 dinI_3
[19:44:05] Fixed 2 duplicate /gene - dmsC_1 dmsC_2
[19:44:05] Fixed 2 duplicate /gene - lon_1 lon_2
[19:44:05] Fixed 5 duplicate /gene - rhaS_1 rhaS_2 rhaS_3 rhaS_4 rhaS_5
[19:44:05] Fixed 2 duplicate /gene - fdoG_1 fdoG_2
[19:44:05] Fixed 2 duplicate /gene - yicJ_1 yicJ_2
[19:44:05] Fixed 5 duplicate /gene - dmlR_1 dmlR_2 dmlR_3 dmlR_4 dmlR_5
[19:44:05] Fixed 2 duplicate /gene - agaC_1 agaC_2
[19:44:05] Fixed 2 duplicate /gene - nanR_1 nanR_2
[19:44:05] Fixed 2 duplicate /gene - ypdF_1 ypdF_2
[19:44:05] Fixed 2 duplicate /gene - pspB_1 pspB_2
[19:44:05] Fixed 2 duplicate /gene - pdhR_1 pdhR_2
[19:44:05] Fixed 2 duplicate /gene - fdnH_1 fdnH_2
[19:44:05] Fixed 2 duplicate /gene - lgoT_1 lgoT_2
[19:44:05] Fixed 2 duplicate /gene - rhtC_1 rhtC_2
[19:44:05] Fixed 2 duplicate /gene - ynbD_1 ynbD_2
[19:44:05] Fixed 5 duplicate /gene - rhaR_1 rhaR_2 rhaR_3 rhaR_4 rhaR_5
[19:44:05] Fixed 2 duplicate /gene - glpG_1 glpG_2
[19:44:05] Fixed 2 duplicate /gene - yhhT_1 yhhT_2
[19:44:05] Fixed 2 duplicate /gene - oxyR_1 oxyR_2
[19:44:05] Fixed 2 duplicate /gene - azoR_1 azoR_2
[19:44:05] Fixed 2 duplicate /gene - yggP_1 yggP_2
[19:44:05] Fixed 3 duplicate /gene - ompX_1 ompX_2 ompX_3
[19:44:05] Fixed 2 duplicate /gene - mshA_1 mshA_2
[19:44:05] Fixed 2 duplicate /gene - fucA_1 fucA_2
[19:44:05] Fixed 2 duplicate /gene - epsF_1 epsF_2
[19:44:05] Fixed 2 duplicate /gene - msbA_1 msbA_2
[19:44:05] Fixed 3 duplicate /gene - papC_1 papC_2 papC_3
[19:44:05] Fixed 235 colliding /gene names.
[19:44:05] Adding /locus_tag identifiers
[19:44:05] Assigned 4615 locus_tags to CDS and RNA features.
[19:44:05] Writing outputs to /mnt/c/Users/migue/OneDrive/Ambiente de Trabalho/Prokka_GCF_000332755/
[19:44:13] Generating annotation statistics file
[19:44:13] Generating Genbank and Sequin files
[19:44:13] Running: tbl2asn -V b -a r10k -l paired-ends -M n -N 1 -y 'Annotated using prokka 1.14.6 from https://github.com/tseemann/prokka' -Z \/mnt\/c\/Users\/migue\/OneDrive\/Ambiente\ de\ Trabalho\/Prokka_GCF_000332755\/Prokka_GCF_000332755\.err -i \/mnt\/c\/Users\/migue\/OneDrive\/Ambiente\ de\ Trabalho\/Prokka_GCF_000332755\/Prokka_GCF_000332755\.fsa 2> /dev/null
[19:44:21] Deleting unwanted file: /mnt/c/Users/migue/OneDrive/Ambiente de Trabalho/Prokka_GCF_000332755/errorsummary.val
[19:44:21] Deleting unwanted file: /mnt/c/Users/migue/OneDrive/Ambiente de Trabalho/Prokka_GCF_000332755/Prokka_GCF_000332755.dr
[19:44:21] Deleting unwanted file: /mnt/c/Users/migue/OneDrive/Ambiente de Trabalho/Prokka_GCF_000332755/Prokka_GCF_000332755.fixedproducts
[19:44:21] Deleting unwanted file: /mnt/c/Users/migue/OneDrive/Ambiente de Trabalho/Prokka_GCF_000332755/Prokka_GCF_000332755.ecn
[19:44:21] Deleting unwanted file: /mnt/c/Users/migue/OneDrive/Ambiente de Trabalho/Prokka_GCF_000332755/Prokka_GCF_000332755.val
[19:44:21] Repairing broken .GBK output that tbl2asn produces...
[19:44:21] Running: sed 's/COORDINATES: profile/COORDINATES:profile/' < \/mnt\/c\/Users\/migue\/OneDrive\/Ambiente\ de\ Trabalho\/Prokka_GCF_000332755\/Prokka_GCF_000332755\.gbf > \/mnt\/c\/Users\/migue\/OneDrive\/Ambiente\ de\ Trabalho\/Prokka_GCF_000332755\/Prokka_GCF_000332755\.gbk
[19:44:21] Deleting unwanted file: /mnt/c/Users/migue/OneDrive/Ambiente de Trabalho/Prokka_GCF_000332755/Prokka_GCF_000332755.gbf
[19:44:21] Output files:
[19:44:21] /mnt/c/Users/migue/OneDrive/Ambiente de Trabalho/Prokka_GCF_000332755/Prokka_GCF_000332755.err
[19:44:21] /mnt/c/Users/migue/OneDrive/Ambiente de Trabalho/Prokka_GCF_000332755/Prokka_GCF_000332755.faa
[19:44:21] /mnt/c/Users/migue/OneDrive/Ambiente de Trabalho/Prokka_GCF_000332755/Prokka_GCF_000332755.ffn
[19:44:21] /mnt/c/Users/migue/OneDrive/Ambiente de Trabalho/Prokka_GCF_000332755/Prokka_GCF_000332755.fna
[19:44:21] /mnt/c/Users/migue/OneDrive/Ambiente de Trabalho/Prokka_GCF_000332755/Prokka_GCF_000332755.fsa
[19:44:21] /mnt/c/Users/migue/OneDrive/Ambiente de Trabalho/Prokka_GCF_000332755/Prokka_GCF_000332755.gbk
[19:44:21] /mnt/c/Users/migue/OneDrive/Ambiente de Trabalho/Prokka_GCF_000332755/Prokka_GCF_000332755.gff
[19:44:21] /mnt/c/Users/migue/OneDrive/Ambiente de Trabalho/Prokka_GCF_000332755/Prokka_GCF_000332755.log
[19:44:21] /mnt/c/Users/migue/OneDrive/Ambiente de Trabalho/Prokka_GCF_000332755/Prokka_GCF_000332755.sqn
[19:44:21] /mnt/c/Users/migue/OneDrive/Ambiente de Trabalho/Prokka_GCF_000332755/Prokka_GCF_000332755.tbl
[19:44:21] /mnt/c/Users/migue/OneDrive/Ambiente de Trabalho/Prokka_GCF_000332755/Prokka_GCF_000332755.tsv
[19:44:21] /mnt/c/Users/migue/OneDrive/Ambiente de Trabalho/Prokka_GCF_000332755/Prokka_GCF_000332755.txt
[19:44:21] Annotation finished successfully.
[19:44:21] Walltime used: 1.97 minutes
[19:44:21] If you use this result please cite the Prokka paper:
[19:44:21] Seemann T (2014) Prokka: rapid prokaryotic genome annotation. Bioinformatics. 30(14):2068-9.
[19:44:21] Type 'prokka --citation' for more details.
[19:44:21] Thank you, come again.
